config file path : config.ini
[2026-01-23 06:58:48] Initializing...
FISCO-BCOS Version : 2.9.1
Build Time         : 20220922 08:57:35
Build Type         : Linux/g++/Release
Git Branch         : HEAD
Git Commit Hash    : 83a87ad749475c0edcc6d5ce2dabd328a36d3bae
[2026-01-23 06:58:48] The FISCO-BCOS is running...
config file path : config.ini
[2026-01-23 20:09:36] Initializing...
FISCO-BCOS Version : 2.9.1
Build Time         : 20220922 08:57:35
Build Type         : Linux/g++/Release
Git Branch         : HEAD
Git Commit Hash    : 83a87ad749475c0edcc6d5ce2dabd328a36d3bae
[2026-01-23 20:09:36] The FISCO-BCOS is running...
config file path : config.ini
[2026-01-24 05:56:50] Initializing...
FISCO-BCOS Version : 2.9.1
Build Time         : 20220922 08:57:35
Build Type         : Linux/g++/Release
Git Branch         : HEAD
Git Commit Hash    : 83a87ad749475c0edcc6d5ce2dabd328a36d3bae
[2026-01-24 05:56:50] The FISCO-BCOS is running...
config file path : config.ini
[2026-01-24 20:47:47] Initializing...
FISCO-BCOS Version : 2.9.1
Build Time         : 20220922 08:57:35
Build Type         : Linux/g++/Release
Git Branch         : HEAD
Git Commit Hash    : 83a87ad749475c0edcc6d5ce2dabd328a36d3bae
[2026-01-24 20:47:47] The FISCO-BCOS is running...
config file path : config.ini
[2026-03-01 22:59:53] Initializing...
FISCO-BCOS Version : 2.9.1
Build Time         : 20220922 08:57:35
Build Type         : Linux/g++/Release
Git Branch         : HEAD
Git Commit Hash    : 83a87ad749475c0edcc6d5ce2dabd328a36d3bae
[2026-03-01 22:59:53] The FISCO-BCOS is running...
config file path : config.ini
[2026-03-10 04:40:35] Initializing...
FISCO-BCOS Version : 2.9.1
Build Time         : 20220922 08:57:35
Build Type         : Linux/g++/Release
Git Branch         : HEAD
Git Commit Hash    : 83a87ad749475c0edcc6d5ce2dabd328a36d3bae
[2026-03-10 04:40:35] The FISCO-BCOS is running...
config file path : config.ini
[2026-03-10 07:56:00] Initializing...
FISCO-BCOS Version : 2.9.1
Build Time         : 20220922 08:57:35
Build Type         : Linux/g++/Release
Git Branch         : HEAD
Git Commit Hash    : 83a87ad749475c0edcc6d5ce2dabd328a36d3bae
[2026-03-10 07:56:01] The FISCO-BCOS is running...
config file path : config.ini
[2026-03-10 20:37:13] Initializing...
FISCO-BCOS Version : 2.9.1
Build Time         : 20220922 08:57:35
Build Type         : Linux/g++/Release
Git Branch         : HEAD
Git Commit Hash    : 83a87ad749475c0edcc6d5ce2dabd328a36d3bae
[2026-03-10 20:37:13] The FISCO-BCOS is running...
config file path : config.ini
[2026-03-17 19:52:21] Initializing...
FISCO-BCOS Version : 2.9.1
Build Time         : 20220922 08:57:35
Build Type         : Linux/g++/Release
Git Branch         : HEAD
Git Commit Hash    : 83a87ad749475c0edcc6d5ce2dabd328a36d3bae
[2026-03-17 19:52:21] The FISCO-BCOS is running...
config file path : config.ini
[2026-03-23 11:34:09] Initializing...
FISCO-BCOS Version : 2.9.1
Build Time         : 20220922 08:57:35
Build Type         : Linux/g++/Release
Git Branch         : HEAD
Git Commit Hash    : 83a87ad749475c0edcc6d5ce2dabd328a36d3bae
[2026-03-23 11:34:10] The FISCO-BCOS is running...
config file path : config.ini
[2026-03-23 14:47:55] Initializing...
FISCO-BCOS Version : 2.9.1
Build Time         : 20220922 08:57:35
Build Type         : Linux/g++/Release
Git Branch         : HEAD
Git Commit Hash    : 83a87ad749475c0edcc6d5ce2dabd328a36d3bae
[2026-03-23 14:47:55] The FISCO-BCOS is running...
