warning|2026-03-18 06:57:12.160183|[g:1][NodeTimeMaintenance]Invalid remote peer time:  too much difference from local time,peer=6b879aa0...,peerTime=1773837246114,localTime=1773842232160,medianTimeOffset=-2
info|2026-03-18 06:57:12.161078|[g:1][NodeTimeMaintenance]updateTimeInfo: update median time offset,updatedMedianTimeOffset=-3,peer=6b879aa0...,peerTime=1773837246114,peerOffset=-4986046,utcTime=1773842232161
warning|2026-03-18 06:57:12.161102|[g:1][NodeTimeMaintenance]Invalid remote peer time:  too much difference from local time,peer=146986ac...,peerTime=1773837246119,localTime=1773842232161,medianTimeOffset=-3
info|2026-03-18 06:57:12.161127|[g:1][NodeTimeMaintenance]updateTimeInfo: update median time offset,updatedMedianTimeOffset=-4986042,peer=146986ac...,peerTime=1773837246119,peerOffset=-4986042,utcTime=1773842232161
warning|2026-03-18 06:57:12.161135|[g:1][NodeTimeMaintenance]Invalid remote peer time:  too much difference from local time,peer=2dc926ce...,peerTime=1773837246105,localTime=1773842232161,medianTimeOffset=-4986042
warning|2026-03-18 06:57:12.161142|[g:1][NodeTimeMaintenance]Please check that your node's date and time are correct!,medianTimeOffset=-4986042,peersSize=3
info|2026-03-18 06:57:12.161147|[g:1][NodeTimeMaintenance]updateTimeInfo: update median time offset,updatedMedianTimeOffset=-4986046,peer=2dc926ce...,peerTime=1773837246105,peerOffset=-4986056,utcTime=1773842232161
info|2026-03-18 06:57:12.382600|[g:1][NodeTimeMaintenance]updateTimeInfo: update median time offset,updatedMedianTimeOffset=-4986042,peer=6b879aa0...,peerTime=1773842232377,peerOffset=-5,utcTime=1773842232382
info|2026-03-18 06:57:12.383925|[g:1][NodeTimeMaintenance]updateTimeInfo: update median time offset,updatedMedianTimeOffset=-10,peer=146986ac...,peerTime=1773842232373,peerOffset=-10,utcTime=1773842232383
info|2026-03-18 06:57:12.472595|[g:1][NodeTimeMaintenance]updateTimeInfo: update median time offset,updatedMedianTimeOffset=-10,peer=2dc926ce...,peerTime=1773842232434,peerOffset=-38,utcTime=1773842232472
info|2026-03-18 06:57:12.472948|[g:1][CONSENSUS]addRawPrepare,height=95,reqIdx=1,hash=9dbdfa57...,time=0
info|2026-03-18 06:57:12.535417|[g:1][CONSENSUS][PBFT]checkTimeout Succ,view=23975,toView=23976,nodeIdx=3,changeCycle=1,myNode=bd50e2d2...,timecost=62
info|2026-03-18 06:57:12.579854|[g:1][CONSENSUS][PBFT]checkAndChangeView: Reach consensus,org_view=23975,cur_changeCycle=1,curView=23975,view=23976
info|2026-03-18 06:57:13.635855|[g:1][CONSENSUS][PBFT]Trigger fast-viewchange,view=23976,toView=23976,minView=23977,INFO=,reqNum=94,curNum=94,GenIdx=1,Cview=23977,view=23976,fromIdx=1,fromNode=2dc926ce...,fromIp=127.0.0.1:30301,hash=8b3d6ebc...,nodeIdx=3,myNode=bd50e2d2...
info|2026-03-18 06:57:13.636292|[g:1][CONSENSUS][PBFT]checkAndChangeView: Reach consensus,org_view=23976,cur_changeCycle=2,curView=23976,view=23977
info|2026-03-18 06:57:13.636309|[g:1][CONSENSUS][PBFT]checkTimeout Succ,view=23977,toView=23977,nodeIdx=3,changeCycle=2,myNode=bd50e2d2...,timecost=1
info|2026-03-18 06:57:14.648522|[g:1][CONSENSUS][SEALER]++++++++++++++++ Generating seal on,blkNum=95,tx=0,nodeIdx=3,hash=8748e233...
info|2026-03-18 06:57:14.653908|[g:1][CONSENSUS][PBFT]checkTimeout Succ,view=23977,toView=23978,nodeIdx=3,changeCycle=1,myNode=bd50e2d2...,timecost=0
info|2026-03-18 06:57:14.664490|[g:1][CONSENSUS][PBFT]checkAndChangeView: Reach consensus,org_view=23977,cur_changeCycle=1,curView=23977,view=23978
info|2026-03-18 06:57:15.673637|[g:1][CONSENSUS]addRawPrepare,height=95,reqIdx=0,hash=fe3cea5d...,time=0
info|2026-03-18 06:57:15.673883|[g:1][CONSENSUS][PBFT]checkTimeout Succ,view=23978,toView=23979,nodeIdx=3,changeCycle=1,myNode=bd50e2d2...,timecost=0
info|2026-03-18 06:57:15.675921|[g:1][CONSENSUS][PBFT]checkAndChangeView: Reach consensus,org_view=23978,cur_changeCycle=1,curView=23978,view=23979
info|2026-03-18 06:57:16.410708|[P2P][Service] heartBeat,connected count=3
info|2026-03-18 06:57:16.680998|[g:1][CONSENSUS]addRawPrepare,height=95,reqIdx=1,hash=59f228b5...,time=1
info|2026-03-18 06:57:16.681663|[g:1][CONSENSUS][PBFT]checkTimeout Succ,view=23979,toView=23980,nodeIdx=3,changeCycle=1,myNode=bd50e2d2...,timecost=0
info|2026-03-18 06:57:16.682317|[g:1][CONSENSUS][PBFT]checkAndChangeView: Reach consensus,org_view=23979,cur_changeCycle=1,curView=23979,view=23980
info|2026-03-18 06:57:39.921767|[P2P][Service] heartBeat,connected count=3
warning|2026-03-18 06:57:40.121839|[g:1][CONSENSUS][PBFT]ViewChangeWarning: not caused by omit empty block ,v=23980,toV=23981,curNum=94,hash=8b3d6ebc...,nodeIdx=3,myNode=bd50e2d2...
info|2026-03-18 06:57:40.122015|[g:1][CONSENSUS][PBFT]checkTimeout Succ,view=23980,toView=23981,nodeIdx=3,changeCycle=2,myNode=bd50e2d2...,timecost=1
info|2026-03-18 06:57:40.125069|[g:1][CONSENSUS][PBFT]checkAndChangeView: Reach consensus,org_view=23980,cur_changeCycle=2,curView=23980,view=23981
