info|2026-01-24 05:56:50.301702|[INITIALIZER][initGlobalConfig],enableCompress=true,compatibilityVersion=2.9.1,versionNumber=34144512,enableStat=false,chainId=1,useSMCrypto=false
info|2026-01-24 05:56:50.302114|[INITIALIZER][SecureInitializer]loading privateKey
info|2026-01-24 05:56:50.318901|[INITIALIZER][SecureInitializer]get pub of node,nodeID=bd50e2d24fc6278279f9f166fb146d14c1245545c06275f5e5ee6dd02cbb04d034586c5503770b5186ed6bb320bcb987c3de9f128f63d696f8bbe8b91be492e2
info|2026-01-24 05:56:50.319324|[INITIALIZER][SecureInitializer]use user certificate,file=conf//node.crt
info|2026-01-24 05:56:50.319963|[INITIALIZER][SecureInitializer]use ca certificate,file=conf//ca.crt
info|2026-01-24 05:56:50.320030|[INITIALIZER][SecureInitializer]use ca,file=conf//
info|2026-01-24 05:56:50.320050|[INITIALIZER][SecureInitializer][initChannelCertConfig]enable rsa cert for channel ,conf//channel_cert/ certs will be used for channel ssl,dataPath=conf/
info|2026-01-24 05:56:50.323179|[NETWORK][Host]Connecting to node,endpoint=127.0.0.1:30300
info|2026-01-24 05:56:50.323321|[NETWORK][Host]P2P StartAccept,Host=0.0.0.0:30303
info|2026-01-24 05:56:50.323327|[NETWORK][Host]Connecting to node,endpoint=127.0.0.1:30301
info|2026-01-24 05:56:50.323419|[NETWORK][Host]Connecting to node,endpoint=127.0.0.1:30302
info|2026-01-24 05:56:50.323475|[NETWORK][Host]Connecting to node,endpoint=127.0.0.1:30303
info|2026-01-24 05:56:50.323523|[P2P][Service] heartBeat,connected count=0
info|2026-01-24 05:56:50.323567|[INITIALIZER][RPCInitializer],network_security.check_cert_issuer=true
info|2026-01-24 05:56:50.323609|[NETWORK][ASIO]asyncResolveConnect,endpoint=127.0.0.1:30300
info|2026-01-24 05:56:50.323768|[NETWORK][Host]P2P Recv Connect, From=127.0.0.1:47842
info|2026-01-24 05:56:50.323824|[NETWORK][Host]P2P StartAccept,Host=0.0.0.0:30303
info|2026-01-24 05:56:50.323968|[NETWORK][ASIO]asyncResolveConnect,endpoint=127.0.0.1:30301
info|2026-01-24 05:56:50.324212|[NETWORK][ASIO]asyncResolveConnect,endpoint=127.0.0.1:30302
info|2026-01-24 05:56:50.324448|[NETWORK][ASIO]asyncResolveConnect,endpoint=127.0.0.1:30303
info|2026-01-24 05:56:50.324554|[NETWORK][Host]P2P Recv Connect, From=127.0.0.1:47850
info|2026-01-24 05:56:50.324583|[NETWORK][Host]P2P StartAccept,Host=0.0.0.0:30303
info|2026-01-24 05:56:50.325137|[CHANNEL][ChannelServer::run],threadPoolSize=8
info|2026-01-24 05:56:50.325206|[CHANNEL]ChannelRPCServer started
info|2026-01-24 05:56:50.325210|[INITIALIZER][RPCInitializer: ChannelRPCHttpServer started.],disableDynamicGroup=false,threadSize=8
info|2026-01-24 05:56:50.325214|[INITIALIZER][LedgerInitializer]initConfig
info|2026-01-24 05:56:50.325227|[LedgerInitializer],groupConfigPath=conf/
info|2026-01-24 05:56:50.325821|[INITIALIZER][initSingleLedger] [GroupId], LedgerConstructor:  1,configFileName=conf/group.1.genesis,dataDir=data/
info|2026-01-24 05:56:50.325895|[g:1][LedgerParam][parseGenesisConfig]initConsensusConfig/initStorageConfig/initTxConfig,configFile=conf/group.1.genesis
info|2026-01-24 05:56:50.325905|[g:1][LedgerParam][initConsensusConfig],type=pbft,consensusTimeout=3,maxTxNum=1000,txGasLimit=300000000
info|2026-01-24 05:56:50.325920|[g:1][LedgerParam][parsePublicKeyListOfSection],sectionName=consensus,it.first=146986ac829a29604714ea4b5bc827bb367a3210558d1305e0da3904efa88bcb1539c365c540998fed6d737af591070850e3e78c500931f56630174f9b238d8d
info|2026-01-24 05:56:50.325934|[g:1][LedgerParam][parsePublicKeyListOfSection],sectionName=consensus,it.first=2dc926cefde7ed2521073e9846a13cf20292f157b12985af3a259b59a5c6a9496b38e0e142c5804820b05180cc021be78d09673e64aae07340948f930fd00200
info|2026-01-24 05:56:50.325941|[g:1][LedgerParam][parsePublicKeyListOfSection],sectionName=consensus,it.first=6b879aa09fc838c31872e875808f0019802be55f327c7e5da9788e02f6476b842bc3c169d7e97f2dad8051412f35820a6325eb2083796eeb5287fd37c4bf074a
info|2026-01-24 05:56:50.325948|[g:1][LedgerParam][parsePublicKeyListOfSection],sectionName=consensus,it.first=bd50e2d24fc6278279f9f166fb146d14c1245545c06275f5e5ee6dd02cbb04d034586c5503770b5186ed6bb320bcb987c3de9f128f63d696f8bbe8b91be492e2
info|2026-01-24 05:56:50.325952|[g:1][LedgerParam][parsePublicKeyListOfSection],totalPubKeySize=4
info|2026-01-24 05:56:50.325969|[g:1][LedgerParam][max_block_range],maxBlockRange=0,maxBlockPerProcess=3
info|2026-01-24 05:56:50.325973|[g:1][LedgerParam][parseGenesisConfig],timestamp=1769179416000
info|2026-01-24 05:56:50.325980|[g:1][LedgerParam]setEVMFlags,enableFreeStorageVMSchedule=false,evmFlags=0
info|2026-01-24 05:56:50.325989|[g:1][LedgerParam]store evmFlag,evmFlag=0
info|2026-01-24 05:56:50.325992|[g:1][LedgerParam]store consensus time,consensusTimeout=3
info|2026-01-24 05:56:50.325998|[g:1][LedgerParam][initMark],genesisMark=1-146986ac829a29604714ea4b5bc827bb367a3210558d1305e0da3904efa88bcb1539c365c540998fed6d737af591070850e3e78c500931f56630174f9b238d8d,2dc926cefde7ed2521073e9846a13cf20292f157b12985af3a259b59a5c6a9496b38e0e142c5804820b05180cc021be78d09673e64aae07340948f930fd00200,6b879aa09fc838c31872e875808f0019802be55f327c7e5da9788e02f6476b842bc3c169d7e97f2dad8051412f35820a6325eb2083796eeb5287fd37c4bf074a,bd50e2d24fc6278279f9f166fb146d14c1245545c06275f5e5ee6dd02cbb04d034586c5503770b5186ed6bb320bcb987c3de9f128f63d696f8bbe8b91be492e2,-pbft-storage-0-1000-300000000-3
info|2026-01-24 05:56:50.326003|[g:1][LedgerParam][initIniConfig]initTxPoolConfig/initSyncConfig/initTxExecuteConfig,configFile=conf/group.1.ini
info|2026-01-24 05:56:50.326561|[g:1][LedgerParam][initStorageConfig],stateType=storage,storageDB=rocksdb,storagePath=data//group1/block/RocksDB,baseDir=data//group1,dbtype=mysql,dbip=127.0.0.1,dbport=3306,dbcharset=utf8mb4,initconnections=15,maxconnections=50,scrollThreshold=2000
info|2026-01-24 05:56:50.326577|[g:1][LedgerParam][initTxPoolConfig],txPoolLimit=150000,memorySizeLimit(MB)=512,notifyWorkerNum=2,txsExpirationTime(ms)=600000
info|2026-01-24 05:56:50.326582|[g:1][LedgerParam][initSyncConfig],idleWaitMs=200
info|2026-01-24 05:56:50.326588|[g:1][LedgerParam][initSyncConfig],enableSendTxsByTree=true,enableSendBlockStatusByTree=true
info|2026-01-24 05:56:50.326592|[g:1][LedgerParam][initSyncConfig],gossipInterval=1000
info|2026-01-24 05:56:50.326599|[g:1][LedgerParam][initSyncConfig],enableSendBlockStatusByTree=true,gossipInterval=1000,gossipPeers=3,syncTreeWidth=3,maxQueueSizeForBlockSync=536870912,txsStatusGossipMaxPeers=5
info|2026-01-24 05:56:50.326603|[g:1][LedgerParam][InitTxExecuteConfig],enableParallel=true
info|2026-01-24 05:56:50.326614|[g:1][LedgerParam][initConsensusIniConfig],maxTTL=2,minBlockGenerationTime=500,enablDynamicBlockSize=true,blockSizeIncreaseRatio=0.5,enableTTLOptimize=true,enablePrepareWithTxsHash=true
info|2026-01-24 05:56:50.326627|[g:1][LedgerParam][initRPBFTConsensusIniConfig],broadcastPrepareByTree=true,prepareStatusBroadcastPercent=33,maxRequestMissedTxsWaitTime=100,maxRequestPrepareWaitTime=100
info|2026-01-24 05:56:50.326633|[g:1][LedgerParam][initFlowControlConfig],maxQPS=9223372036854775807,outGoingBandwidth(Bytes)=9223372036854775807
info|2026-01-24 05:56:50.326637|[g:1][LedgerParam]parseSDKAllowList,sdkAllowList=[],enableSDKAllowListControl=false
info|2026-01-24 05:56:50.326656|[g:1][LEDGER][initLedger][DBInitializer]
info|2026-01-24 05:56:50.326660|[g:1][LEDGER]setSDKAllowList,groupId=1,sdkAllowListSize=0
info|2026-01-24 05:56:50.326663|[g:1][CHANNEL]registerSDKAllowListByGroupId,groupId=1,size=0
info|2026-01-24 05:56:50.326668|[g:1][CHANNEL]Disable group-level sdk permission control for sdk allowlist is empty
info|2026-01-24 05:56:50.326675|[g:1][DBINITIALIZER] [initStorageDB]
info|2026-01-24 05:56:50.326678|[g:1][DBINITIALIZER] [initRocksDBStorage]
info|2026-01-24 05:56:50.326705|[g:1][ROCKSDB]open rocksDB handler,path=data//group1/block/RocksDB
error|2026-01-24 05:56:50.330595|[NETWORK][Host]Get ca basic failed
error|2026-01-24 05:56:50.334141|[NETWORK][Host]Get ca basic failed
error|2026-01-24 05:56:50.337602|[NETWORK][Host]Get ca basic failed
info|2026-01-24 05:56:50.340765|[NETWORK][Host]P2P Recv Connect, From=127.0.0.1:47852
info|2026-01-24 05:56:50.340839|[NETWORK][Host]P2P StartAccept,Host=0.0.0.0:30303
error|2026-01-24 05:56:50.341081|[NETWORK][Host]Get ca basic failed
error|2026-01-24 05:56:50.344406|[NETWORK][Host]Get ca basic failed
error|2026-01-24 05:56:50.346811|[NETWORK][Host]Get ca basic failed
info|2026-01-24 05:56:50.349776|[NETWORK][Host]handshakeServer succ,remote endpoint=127.0.0.1:47850
info|2026-01-24 05:56:50.349855|[NETWORK][Host]startPeerSession, Remote=127.0.0.1:47850,local endpoint=127.0.0.1:30303,nodeID=bd50e2d2...
info|2026-01-24 05:56:50.350077|[NETWORK][Host]handshakeClient succ,local endpoint=127.0.0.1:45982
info|2026-01-24 05:56:50.350145|[NETWORK][Host]startPeerSession, Remote=127.0.0.1:30302,local endpoint=127.0.0.1:45982,nodeID=6b879aa0...
info|2026-01-24 05:56:50.350217|[P2P][Service] Connection established,nodeID=6b879aa0...,endpoint=127.0.0.1:30302
info|2026-01-24 05:56:50.350261|[NETWORK][Host]handshakeClient succ,local endpoint=127.0.0.1:47850
info|2026-01-24 05:56:50.350335|[NETWORK][Host]startPeerSession, Remote=127.0.0.1:30303,local endpoint=127.0.0.1:47850,nodeID=bd50e2d2...
info|2026-01-24 05:56:50.350367|[NETWORK][Host]handshakeServer succ,remote endpoint=127.0.0.1:47842
info|2026-01-24 05:56:50.350425|[NETWORK][Host]startPeerSession, Remote=127.0.0.1:47842,local endpoint=127.0.0.1:30303,nodeID=2dc926ce...
info|2026-01-24 05:56:50.350481|[P2P][Service] Connection established,nodeID=2dc926ce...,endpoint=127.0.0.1:47842
info|2026-01-24 05:56:50.350493|[NETWORK][Host]handshakeClient succ,local endpoint=127.0.0.1:48390
info|2026-01-24 05:56:50.350572|[NETWORK][Host]startPeerSession, Remote=127.0.0.1:30301,local endpoint=127.0.0.1:48390,nodeID=2dc926ce...
info|2026-01-24 05:56:50.350894|[NETWORK][Host]P2P Recv Connect, From=127.0.0.1:47856
info|2026-01-24 05:56:50.351027|[NETWORK][Host]P2P StartAccept,Host=0.0.0.0:30303
warning|2026-01-24 05:56:50.351741|[NETWORK][Session]doRead error,endpoint=127.0.0.1:47842,message=short read
info|2026-01-24 05:56:50.353617|[NETWORK][Session]drop, call and erase all callbackFunc in this session!,endpoint=127.0.0.1:47842
info|2026-01-24 05:56:50.353663|[g:1][g:1][STORAGE][CachedStorage]Init flushStorage thread
warning|2026-01-24 05:56:50.353669|[NETWORK][Session][drop] closing remote 0.0.0.0:0,reason=Low-level TCP communication error.,endpoint=127.0.0.1:47842
warning|2026-01-24 05:56:50.353703|[P2P][Service] disconnect error P2PSession,nodeID=2dc926ce...,endpoint=127.0.0.1:47842,errorCode=3,what=Disconnect
warning|2026-01-24 05:56:50.353720|[P2P][Service] onDisconnect,errorCode=3,what=Dynamic exception type: dev::network::NetworkException
std::exception::what: Disconnect

error|2026-01-24 05:56:50.353740|[NETWORK][Session]Session inactived
warning|2026-01-24 05:56:50.353756|[NETWORK][Session][drop] shutdown failed ,errorValue=9,message=Bad file descriptor
info|2026-01-24 05:56:50.353951|[g:1][DBINITIALIZER] [init CachedStorage],maxCapacity=32,maxForwardBlock=10
info|2026-01-24 05:56:50.353960|[g:1][LEDGER][initLedger][initBlockChain]
info|2026-01-24 05:56:50.354458|[g:1][LEDGER]set enableHexBlock to be false,version=34144512
info|2026-01-24 05:56:50.354474|[g:1][BLOCKCHAIN][#checkAndBuildGenesisBlock],shouldBuild=false
info|2026-01-24 05:56:50.355109|[g:1][BLOCKCHAIN][#checkAndBuildGenesisBlock]Already have the 0th block, 0th groupMark is equal to file groupMark.
info|2026-01-24 05:56:50.355125|[g:1][LEDGER][initLedger]initBlockChain SUCC
info|2026-01-24 05:56:50.355196|[g:1][DBINITIALIZER] [createStateFactory],type=storage
info|2026-01-24 05:56:50.355204|[g:1][DBINITIALIZER] createStorageState SUCC
info|2026-01-24 05:56:50.355208|[g:1][DBINITIALIZER] [createStateFactory SUCC]
info|2026-01-24 05:56:50.355210|[g:1][DBINITIALIZER] createExecutiveContext...
info|2026-01-24 05:56:50.355252|[g:1][LEDGER]createGasMetric,vmFlagType=0
info|2026-01-24 05:56:50.355258|[g:1][LEDGER]createGasMetric
info|2026-01-24 05:56:50.355263|[g:1][DBINITIALIZER] create precompiledGasFactory and precompiledResultFactory
info|2026-01-24 05:56:50.355265|[g:1][DBINITIALIZER] createExecutiveContext SUCC
info|2026-01-24 05:56:50.355268|[g:1][DBINITIALIZER] [setSyncNumForCachedStorage],syncNum=0
info|2026-01-24 05:56:50.355271|[g:1][LEDGER][initNetworkBandWidthLimiter: outGoingBandwidthLimit has been disabled],groupId=1
info|2026-01-24 05:56:50.355274|[g:1][LEDGER][QPSLimit has been disabled],groupId=1
info|2026-01-24 05:56:50.355276|[g:1][LEDGER][initLedger][initBlockVerifier]
info|2026-01-24 05:56:50.355281|[g:1][LEDGER][initLedger][initBlockVerifier SUCC],evmFlags=0
info|2026-01-24 05:56:50.355285|[g:1][LEDGER][initLedger][initTxPool],txPoolLimit=150000
error|2026-01-24 05:56:50.355407|[NETWORK][Host]Get ca basic failed
info|2026-01-24 05:56:50.355991|[g:1][LEDGER][initLedger]initTxPool SUCC
info|2026-01-24 05:56:50.355996|[g:1][LEDGER][initLedger][initSync],idleWaitMs=200,gossipInterval=1000,gossipPeers=3
info|2026-01-24 05:56:50.356000|[g:1][LEDGER]Init sync master,enableSendBlockStatusByTree=true,enableSendTxsByTree=true
info|2026-01-24 05:56:50.356733|[g:1][LEDGER][initLedger]initSync SUCC
info|2026-01-24 05:56:50.356740|[g:1][LEDGER][initLedger][consensusInitFactory]
info|2026-01-24 05:56:50.356743|[g:1][LEDGER][initLedger][createPBFTSealer]
info|2026-01-24 05:56:50.356745|[g:1][LEDGER][initLedger][createPBFTSealer],baseDir=data//group1,Protocol=65544
info|2026-01-24 05:56:50.356800|[g:1][LEDGER][initLedger]createPBFTSealer for PBFT or rPBFT,consensusType=pbft
info|2026-01-24 05:56:50.356805|[g:1][LEDGER]createConsensusEngine: create PBFTEngine
info|2026-01-24 05:56:50.356811|[g:1][CONSENSUS][PBFT]Register handler for PBFTEngine
info|2026-01-24 05:56:50.357643|[NETWORK][Host]handshakeServer succ,remote endpoint=127.0.0.1:47856
info|2026-01-24 05:56:50.357670|[NETWORK][Host]startPeerSession, Remote=127.0.0.1:47856,local endpoint=127.0.0.1:30303,nodeID=6b879aa0...
info|2026-01-24 05:56:50.357734|[g:1][CONSENSUS][PBFT]setMinBlockGenerationTime,minBlockGenerationTime=500,consensusTime=1000
info|2026-01-24 05:56:50.357744|[g:1][LEDGER][initEventLogFilterManager]initEventLogFilterManager SUCC
info|2026-01-24 05:56:50.357747|[LedgerInitializer init group succ],groupID=1
info|2026-01-24 05:56:50.357896|[SafeHttpServer::StartListening]use default epoll
info|2026-01-24 05:56:50.358214|[NETWORK][Host]handshakeClient succ,local endpoint=127.0.0.1:54546
info|2026-01-24 05:56:50.358240|[NETWORK][Host]startPeerSession, Remote=127.0.0.1:30300,local endpoint=127.0.0.1:54546,nodeID=146986ac...
info|2026-01-24 05:56:50.358283|[P2P][Service] Connection established,nodeID=146986ac...,endpoint=127.0.0.1:30300
info|2026-01-24 05:56:50.361042|[INITIALIZER][RPCInitializer JsonrpcHttpServer started],jsonrpc_IP=127.0.0.1,jsonrpc_listen_port=8548,jsonrpc_thread_count=8,ipv6=false,disableDynamicGroup=false
info|2026-01-24 05:56:50.361058|[g:1][LEDGER]startAll...
error|2026-01-24 05:56:50.362226|[NETWORK][Host]Get ca basic failed
info|2026-01-24 05:56:50.362479|[g:1][GossipBlockStatus]start GossipBlockStatus succ
info|2026-01-24 05:56:50.362509|[g:1][CONSENSUS][ConsensusEngine][Start ConsensusEngineBase]
info|2026-01-24 05:56:50.363001|[g:1][CONSENSUS][PBFT]^^^^^^^^Report,num=0,sealerIdx=0,hash=0d8e5b5d...,next=1,tx=0,nodeIdx=3
info|2026-01-24 05:56:50.363032|[g:1][ROCKSDB]open rocksDB handler,path=data//group1/pbftMsgBackup/RocksDB
info|2026-01-24 05:56:50.364559|[NETWORK][Host]handshakeServer succ,remote endpoint=127.0.0.1:47852
info|2026-01-24 05:56:50.364589|[NETWORK][Host]startPeerSession, Remote=127.0.0.1:47852,local endpoint=127.0.0.1:30303,nodeID=146986ac...
info|2026-01-24 05:56:50.364990|[g:1][NodeTimeMaintenance]updateTimeInfo: update median time offset,updatedMedianTimeOffset=-5,peer=146986ac...,peerTime=1769263010359,peerOffset=-5,utcTime=1769263010365
info|2026-01-24 05:56:50.365061|[g:1][NodeTimeMaintenance]updateTimeInfo: update median time offset,updatedMedianTimeOffset=-4,peer=6b879aa0...,peerTime=1769263010362,peerOffset=-3,utcTime=1769263010365
info|2026-01-24 05:56:50.381431|[g:1][CONSENSUS][PBFT][PBFT init env successfully]
info|2026-01-24 05:56:50.381441|[g:1][CONSENSUS][PBFT][Start PBFTEngine...]
info|2026-01-24 05:56:50.381446|[g:1][CONSENSUS][SEALER][Start sealer module]
info|2026-01-24 05:56:50.381633|[g:1][CONSENSUS][PBFT]^^^^^^^^Report,num=0,sealerIdx=0,hash=0d8e5b5d...,next=1,tx=0,nodeIdx=3
info|2026-01-24 05:56:50.382215|[g:1][EVENT][EventLogFilterManager]start,m_maxBlockRange=0,m_maxBlockPerLoopFilter=3
info|2026-01-24 05:56:51.483506|[g:1][CONSENSUS]addRawPrepare,height=1,reqIdx=0,hash=c27a5602...,time=0
info|2026-01-24 05:56:51.484145|[g:1][CONSENSUS][PBFT]checkTimeout Succ,view=0,toView=1,nodeIdx=3,changeCycle=1,myNode=bd50e2d2...,timecost=1
info|2026-01-24 05:56:51.484818|[g:1][CONSENSUS][PBFT]checkAndChangeView: Reach consensus,org_view=0,cur_changeCycle=1,curView=0,view=1
info|2026-01-24 05:56:52.488876|[g:1][CONSENSUS]addRawPrepare,height=1,reqIdx=1,hash=6502b227...,time=0
info|2026-01-24 05:56:52.489186|[g:1][CONSENSUS][PBFT]checkTimeout Succ,view=1,toView=2,nodeIdx=3,changeCycle=1,myNode=bd50e2d2...,timecost=1
info|2026-01-24 05:56:52.489817|[g:1][CONSENSUS][PBFT]checkAndChangeView: Reach consensus,org_view=1,cur_changeCycle=1,curView=1,view=2
info|2026-01-24 05:56:53.491847|[g:1][CONSENSUS]addRawPrepare,height=1,reqIdx=2,hash=09ee798c...,time=0
info|2026-01-24 05:56:53.492145|[g:1][CONSENSUS][PBFT]checkTimeout Succ,view=2,toView=3,nodeIdx=3,changeCycle=1,myNode=bd50e2d2...,timecost=1
info|2026-01-24 05:56:53.493141|[g:1][CONSENSUS][PBFT]checkAndChangeView: Reach consensus,org_view=2,cur_changeCycle=1,curView=2,view=3
info|2026-01-24 05:56:54.492877|[g:1][CONSENSUS][SEALER]++++++++++++++++ Generating seal on,blkNum=1,tx=0,nodeIdx=3,hash=dd57761c...
info|2026-01-24 05:56:54.493676|[g:1][CONSENSUS][PBFT]checkTimeout Succ,view=3,toView=4,nodeIdx=3,changeCycle=1,myNode=bd50e2d2...,timecost=0
info|2026-01-24 05:56:54.495773|[g:1][CONSENSUS][PBFT]checkAndChangeView: Reach consensus,org_view=3,cur_changeCycle=1,curView=3,view=4
info|2026-01-24 05:56:55.499858|[g:1][CONSENSUS]addRawPrepare,height=1,reqIdx=0,hash=f9ae6dea...,time=0
info|2026-01-24 05:56:55.500177|[g:1][CONSENSUS][PBFT]checkTimeout Succ,view=4,toView=5,nodeIdx=3,changeCycle=1,myNode=bd50e2d2...,timecost=1
info|2026-01-24 05:56:55.501198|[g:1][CONSENSUS][PBFT]checkAndChangeView: Reach consensus,org_view=4,cur_changeCycle=1,curView=4,view=5
info|2026-01-24 05:56:56.504650|[g:1][CONSENSUS]addRawPrepare,height=1,reqIdx=1,hash=174e9778...,time=0
info|2026-01-24 05:56:56.504946|[g:1][CONSENSUS][PBFT]checkTimeout Succ,view=5,toView=6,nodeIdx=3,changeCycle=1,myNode=bd50e2d2...,timecost=0
info|2026-01-24 05:56:56.505667|[g:1][CONSENSUS][PBFT]checkAndChangeView: Reach consensus,org_view=5,cur_changeCycle=1,curView=5,view=6
info|2026-01-24 05:56:57.508571|[g:1][CONSENSUS]addRawPrepare,height=1,reqIdx=2,hash=f2ff5584...,time=0
info|2026-01-24 05:56:57.508886|[g:1][CONSENSUS][PBFT]checkTimeout Succ,view=6,toView=7,nodeIdx=3,changeCycle=1,myNode=bd50e2d2...,timecost=0
info|2026-01-24 05:56:57.509666|[g:1][CONSENSUS][PBFT]checkAndChangeView: Reach consensus,org_view=6,cur_changeCycle=1,curView=6,view=7
info|2026-01-24 05:56:58.510187|[g:1][CONSENSUS][SEALER]++++++++++++++++ Generating seal on,blkNum=1,tx=0,nodeIdx=3,hash=90851b63...
info|2026-01-24 05:56:58.513134|[g:1][CONSENSUS][PBFT]checkTimeout Succ,view=7,toView=8,nodeIdx=3,changeCycle=1,myNode=bd50e2d2...,timecost=1
info|2026-01-24 05:56:58.513442|[g:1][CONSENSUS][PBFT]checkAndChangeView: Reach consensus,org_view=7,cur_changeCycle=1,curView=7,view=8
info|2026-01-24 05:56:59.516434|[g:1][CONSENSUS]addRawPrepare,height=1,reqIdx=0,hash=5120371c...,time=0
info|2026-01-24 05:56:59.516720|[g:1][CONSENSUS][PBFT]checkTimeout Succ,view=8,toView=9,nodeIdx=3,changeCycle=1,myNode=bd50e2d2...,timecost=0
info|2026-01-24 05:56:59.518321|[g:1][CONSENSUS][PBFT]checkAndChangeView: Reach consensus,org_view=8,cur_changeCycle=1,curView=8,view=9
info|2026-01-24 05:57:00.323663|[NETWORK][Host]Connecting to node,endpoint=127.0.0.1:30301
info|2026-01-24 05:57:00.323891|[P2P][Service] heartBeat,connected count=2
info|2026-01-24 05:57:00.324083|[NETWORK][ASIO]asyncResolveConnect,endpoint=127.0.0.1:30301
info|2026-01-24 05:57:00.324138|[NETWORK][Host]P2P Recv Connect, From=127.0.0.1:56120
info|2026-01-24 05:57:00.324178|[NETWORK][Host]P2P StartAccept,Host=0.0.0.0:30303
error|2026-01-24 05:57:00.329051|[NETWORK][Host]Get ca basic failed
info|2026-01-24 05:57:00.331529|[NETWORK][Host]handshakeServer succ,remote endpoint=127.0.0.1:56120
info|2026-01-24 05:57:00.331616|[NETWORK][Host]startPeerSession, Remote=127.0.0.1:56120,local endpoint=127.0.0.1:30303,nodeID=2dc926ce...
info|2026-01-24 05:57:00.331715|[P2P][Service] Connection established,nodeID=2dc926ce...,endpoint=127.0.0.1:56120
error|2026-01-24 05:57:00.331797|[NETWORK][Host]Get ca basic failed
info|2026-01-24 05:57:00.337967|[NETWORK][Host]handshakeClient succ,local endpoint=127.0.0.1:51558
info|2026-01-24 05:57:00.338021|[NETWORK][Host]startPeerSession, Remote=127.0.0.1:30301,local endpoint=127.0.0.1:51558,nodeID=2dc926ce...
info|2026-01-24 05:57:00.518316|[g:1][NodeTimeMaintenance]updateTimeInfo: update median time offset,updatedMedianTimeOffset=-3,peer=2dc926ce...,peerTime=1769263020517,peerOffset=-1,utcTime=1769263020518
info|2026-01-24 05:57:00.522982|[g:1][CONSENSUS]addRawPrepare,height=1,reqIdx=1,hash=06479bf3...,time=0
info|2026-01-24 05:57:00.523205|[g:1][CONSENSUS][PBFT]checkTimeout Succ,view=9,toView=10,nodeIdx=3,changeCycle=1,myNode=bd50e2d2...,timecost=0
info|2026-01-24 05:57:00.523521|[g:1][CONSENSUS][PBFT]checkAndChangeView: Reach consensus,org_view=9,cur_changeCycle=1,curView=9,view=10
info|2026-01-24 05:57:01.522273|[g:1][CONSENSUS]addRawPrepare,height=1,reqIdx=2,hash=53a85b83...,time=0
info|2026-01-24 05:57:01.522584|[g:1][CONSENSUS][PBFT]checkTimeout Succ,view=10,toView=11,nodeIdx=3,changeCycle=1,myNode=bd50e2d2...,timecost=0
info|2026-01-24 05:57:01.523715|[g:1][CONSENSUS][PBFT]checkAndChangeView: Reach consensus,org_view=10,cur_changeCycle=1,curView=10,view=11
info|2026-01-24 05:57:02.525331|[g:1][CONSENSUS][SEALER]++++++++++++++++ Generating seal on,blkNum=1,tx=0,nodeIdx=3,hash=d3ffc67a...
info|2026-01-24 05:57:02.526126|[g:1][CONSENSUS][PBFT]checkTimeout Succ,view=11,toView=12,nodeIdx=3,changeCycle=1,myNode=bd50e2d2...,timecost=1
info|2026-01-24 05:57:02.528717|[g:1][CONSENSUS][PBFT]checkAndChangeView: Reach consensus,org_view=11,cur_changeCycle=1,curView=11,view=12
info|2026-01-24 05:57:03.530291|[g:1][CONSENSUS]addRawPrepare,height=1,reqIdx=0,hash=407b6026...,time=0
info|2026-01-24 05:57:03.530576|[g:1][CONSENSUS][PBFT]checkTimeout Succ,view=12,toView=13,nodeIdx=3,changeCycle=1,myNode=bd50e2d2...,timecost=0
info|2026-01-24 05:57:03.531449|[g:1][CONSENSUS][PBFT]checkAndChangeView: Reach consensus,org_view=12,cur_changeCycle=1,curView=12,view=13
info|2026-01-24 05:57:04.533465|[g:1][CONSENSUS]addRawPrepare,height=1,reqIdx=1,hash=31ccc5cb...,time=0
info|2026-01-24 05:57:04.533762|[g:1][CONSENSUS][PBFT]checkTimeout Succ,view=13,toView=14,nodeIdx=3,changeCycle=1,myNode=bd50e2d2...,timecost=0
info|2026-01-24 05:57:04.534884|[g:1][CONSENSUS][PBFT]checkAndChangeView: Reach consensus,org_view=13,cur_changeCycle=1,curView=13,view=14
info|2026-01-24 05:57:05.538800|[g:1][CONSENSUS]addRawPrepare,height=1,reqIdx=2,hash=64029d67...,time=0
info|2026-01-24 05:57:05.539100|[g:1][CONSENSUS][PBFT]checkTimeout Succ,view=14,toView=15,nodeIdx=3,changeCycle=1,myNode=bd50e2d2...,timecost=1
info|2026-01-24 05:57:05.540247|[g:1][CONSENSUS][PBFT]checkAndChangeView: Reach consensus,org_view=14,cur_changeCycle=1,curView=14,view=15
info|2026-01-24 05:57:06.540799|[g:1][CONSENSUS][SEALER]++++++++++++++++ Generating seal on,blkNum=1,tx=0,nodeIdx=3,hash=a38c19aa...
info|2026-01-24 05:57:06.541525|[g:1][CONSENSUS][PBFT]checkTimeout Succ,view=15,toView=16,nodeIdx=3,changeCycle=1,myNode=bd50e2d2...,timecost=0
info|2026-01-24 05:57:06.543717|[g:1][CONSENSUS][PBFT]checkAndChangeView: Reach consensus,org_view=15,cur_changeCycle=1,curView=15,view=16
info|2026-01-24 05:57:07.546155|[g:1][CONSENSUS]addRawPrepare,height=1,reqIdx=0,hash=c2fd001b...,time=0
info|2026-01-24 05:57:07.546796|[g:1][CONSENSUS][PBFT]checkTimeout Succ,view=16,toView=17,nodeIdx=3,changeCycle=1,myNode=bd50e2d2...,timecost=0
info|2026-01-24 05:57:07.548082|[g:1][CONSENSUS][PBFT]checkAndChangeView: Reach consensus,org_view=16,cur_changeCycle=1,curView=16,view=17
info|2026-01-24 05:57:08.550339|[g:1][CONSENSUS]addRawPrepare,height=1,reqIdx=1,hash=bd260420...,time=0
info|2026-01-24 05:57:08.550648|[g:1][CONSENSUS][PBFT]checkTimeout Succ,view=17,toView=18,nodeIdx=3,changeCycle=1,myNode=bd50e2d2...,timecost=0
info|2026-01-24 05:57:08.551257|[g:1][CONSENSUS][PBFT]checkAndChangeView: Reach consensus,org_view=17,cur_changeCycle=1,curView=17,view=18
info|2026-01-24 05:57:09.553963|[g:1][CONSENSUS]addRawPrepare,height=1,reqIdx=2,hash=b00d68ba...,time=0
info|2026-01-24 05:57:09.554608|[g:1][CONSENSUS][PBFT]checkTimeout Succ,view=18,toView=19,nodeIdx=3,changeCycle=1,myNode=bd50e2d2...,timecost=0
info|2026-01-24 05:57:09.555329|[g:1][CONSENSUS][PBFT]checkAndChangeView: Reach consensus,org_view=18,cur_changeCycle=1,curView=18,view=19
info|2026-01-24 05:57:10.324101|[P2P][Service] heartBeat,connected count=3
info|2026-01-24 05:57:10.557184|[g:1][CONSENSUS][SEALER]++++++++++++++++ Generating seal on,blkNum=1,tx=0,nodeIdx=3,hash=e82c3f19...
info|2026-01-24 05:57:10.557966|[g:1][CONSENSUS][PBFT]checkTimeout Succ,view=19,toView=20,nodeIdx=3,changeCycle=1,myNode=bd50e2d2...,timecost=0
info|2026-01-24 05:57:10.566097|[g:1][CONSENSUS][PBFT]checkAndChangeView: Reach consensus,org_view=19,cur_changeCycle=1,curView=19,view=20
info|2026-01-24 05:57:11.567075|[g:1][CONSENSUS]addRawPrepare,height=1,reqIdx=0,hash=00094577...,time=0
info|2026-01-24 05:57:11.567438|[g:1][CONSENSUS][PBFT]checkTimeout Succ,view=20,toView=21,nodeIdx=3,changeCycle=1,myNode=bd50e2d2...,timecost=0
info|2026-01-24 05:57:11.568479|[g:1][CONSENSUS][PBFT]checkAndChangeView: Reach consensus,org_view=20,cur_changeCycle=1,curView=20,view=21
info|2026-01-24 05:57:12.570612|[g:1][CONSENSUS]addRawPrepare,height=1,reqIdx=1,hash=6816b037...,time=0
info|2026-01-24 05:57:12.571085|[g:1][CONSENSUS][PBFT]checkTimeout Succ,view=21,toView=22,nodeIdx=3,changeCycle=1,myNode=bd50e2d2...,timecost=1
info|2026-01-24 05:57:12.572019|[g:1][CONSENSUS][PBFT]checkAndChangeView: Reach consensus,org_view=21,cur_changeCycle=1,curView=21,view=22
info|2026-01-24 05:57:13.573414|[g:1][CONSENSUS]addRawPrepare,height=1,reqIdx=2,hash=9be2c3d4...,time=0
info|2026-01-24 05:57:13.573923|[g:1][CONSENSUS][PBFT]checkTimeout Succ,view=22,toView=23,nodeIdx=3,changeCycle=1,myNode=bd50e2d2...,timecost=0
info|2026-01-24 05:57:13.575113|[g:1][CONSENSUS][PBFT]checkAndChangeView: Reach consensus,org_view=22,cur_changeCycle=1,curView=22,view=23
info|2026-01-24 05:57:14.575680|[g:1][CONSENSUS][SEALER]++++++++++++++++ Generating seal on,blkNum=1,tx=0,nodeIdx=3,hash=ef3d8065...
info|2026-01-24 05:57:14.576823|[g:1][CONSENSUS][PBFT]checkTimeout Succ,view=23,toView=24,nodeIdx=3,changeCycle=1,myNode=bd50e2d2...,timecost=0
info|2026-01-24 05:57:14.578378|[g:1][CONSENSUS][PBFT]checkAndChangeView: Reach consensus,org_view=23,cur_changeCycle=1,curView=23,view=24
info|2026-01-24 05:57:15.582560|[g:1][CONSENSUS]addRawPrepare,height=1,reqIdx=0,hash=7d50a62c...,time=0
info|2026-01-24 05:57:15.583133|[g:1][CONSENSUS][PBFT]checkTimeout Succ,view=24,toView=25,nodeIdx=3,changeCycle=1,myNode=bd50e2d2...,timecost=1
info|2026-01-24 05:57:15.584037|[g:1][CONSENSUS][PBFT]checkAndChangeView: Reach consensus,org_view=24,cur_changeCycle=1,curView=24,view=25
info|2026-01-24 05:57:16.586324|[g:1][CONSENSUS]addRawPrepare,height=1,reqIdx=1,hash=92d1992d...,time=0
info|2026-01-24 05:57:16.586710|[g:1][CONSENSUS][PBFT]checkTimeout Succ,view=25,toView=26,nodeIdx=3,changeCycle=1,myNode=bd50e2d2...,timecost=0
info|2026-01-24 05:57:16.587310|[g:1][CONSENSUS][PBFT]checkAndChangeView: Reach consensus,org_view=25,cur_changeCycle=1,curView=25,view=26
info|2026-01-24 05:57:17.590138|[g:1][CONSENSUS]addRawPrepare,height=1,reqIdx=2,hash=e2e00a07...,time=0
info|2026-01-24 05:57:17.590513|[g:1][CONSENSUS][PBFT]checkTimeout Succ,view=26,toView=27,nodeIdx=3,changeCycle=1,myNode=bd50e2d2...,timecost=0
info|2026-01-24 05:57:17.591304|[g:1][CONSENSUS][PBFT]checkAndChangeView: Reach consensus,org_view=26,cur_changeCycle=1,curView=26,view=27
info|2026-01-24 05:57:18.591573|[g:1][CONSENSUS][SEALER]++++++++++++++++ Generating seal on,blkNum=1,tx=0,nodeIdx=3,hash=923756cc...
info|2026-01-24 05:57:18.592394|[g:1][CONSENSUS][PBFT]checkTimeout Succ,view=27,toView=28,nodeIdx=3,changeCycle=1,myNode=bd50e2d2...,timecost=0
info|2026-01-24 05:57:18.593995|[g:1][CONSENSUS][PBFT]checkAndChangeView: Reach consensus,org_view=27,cur_changeCycle=1,curView=27,view=28
info|2026-01-24 05:57:19.595389|[g:1][CONSENSUS]addRawPrepare,height=1,reqIdx=0,hash=86032da3...,time=0
info|2026-01-24 05:57:19.595779|[g:1][CONSENSUS][PBFT]checkTimeout Succ,view=28,toView=29,nodeIdx=3,changeCycle=1,myNode=bd50e2d2...,timecost=0
info|2026-01-24 05:57:19.596857|[g:1][CONSENSUS][PBFT]checkAndChangeView: Reach consensus,org_view=28,cur_changeCycle=1,curView=28,view=29
info|2026-01-24 05:57:20.324278|[P2P][Service] heartBeat,connected count=3
info|2026-01-24 05:57:20.597724|[g:1][CONSENSUS]addRawPrepare,height=1,reqIdx=1,hash=859f3c55...,time=0
info|2026-01-24 05:57:20.598070|[g:1][CONSENSUS][PBFT]checkTimeout Succ,view=29,toView=30,nodeIdx=3,changeCycle=1,myNode=bd50e2d2...,timecost=1
info|2026-01-24 05:57:20.599016|[g:1][CONSENSUS][PBFT]checkAndChangeView: Reach consensus,org_view=29,cur_changeCycle=1,curView=29,view=30
info|2026-01-24 05:57:21.602866|[g:1][CONSENSUS]addRawPrepare,height=1,reqIdx=2,hash=e8ee7fb8...,time=0
info|2026-01-24 05:57:21.603159|[g:1][CONSENSUS][PBFT]checkTimeout Succ,view=30,toView=31,nodeIdx=3,changeCycle=1,myNode=bd50e2d2...,timecost=1
info|2026-01-24 05:57:21.604083|[g:1][CONSENSUS][PBFT]checkAndChangeView: Reach consensus,org_view=30,cur_changeCycle=1,curView=30,view=31
info|2026-01-24 05:57:22.603833|[g:1][CONSENSUS][SEALER]++++++++++++++++ Generating seal on,blkNum=1,tx=0,nodeIdx=3,hash=1cef1f3c...
info|2026-01-24 05:57:22.606363|[g:1][CONSENSUS][PBFT]checkTimeout Succ,view=31,toView=32,nodeIdx=3,changeCycle=1,myNode=bd50e2d2...,timecost=0
info|2026-01-24 05:57:22.606684|[g:1][CONSENSUS][PBFT]checkAndChangeView: Reach consensus,org_view=31,cur_changeCycle=1,curView=31,view=32
info|2026-01-24 05:57:23.608438|[g:1][CONSENSUS]addRawPrepare,height=1,reqIdx=0,hash=e3c9b67e...,time=0
info|2026-01-24 05:57:23.608845|[g:1][CONSENSUS][PBFT]checkTimeout Succ,view=32,toView=33,nodeIdx=3,changeCycle=1,myNode=bd50e2d2...,timecost=0
info|2026-01-24 05:57:23.609849|[g:1][CONSENSUS][PBFT]checkAndChangeView: Reach consensus,org_view=32,cur_changeCycle=1,curView=32,view=33
info|2026-01-24 05:57:24.611359|[g:1][CONSENSUS]addRawPrepare,height=1,reqIdx=1,hash=83f0be3c...,time=0
info|2026-01-24 05:57:24.611634|[g:1][CONSENSUS][PBFT]checkTimeout Succ,view=33,toView=34,nodeIdx=3,changeCycle=1,myNode=bd50e2d2...,timecost=0
info|2026-01-24 05:57:24.612765|[g:1][CONSENSUS][PBFT]checkAndChangeView: Reach consensus,org_view=33,cur_changeCycle=1,curView=33,view=34
info|2026-01-24 05:57:25.617798|[g:1][CONSENSUS]addRawPrepare,height=1,reqIdx=2,hash=a53e9de9...,time=0
info|2026-01-24 05:57:25.618118|[g:1][CONSENSUS][PBFT]checkTimeout Succ,view=34,toView=35,nodeIdx=3,changeCycle=1,myNode=bd50e2d2...,timecost=1
info|2026-01-24 05:57:25.618439|[g:1][CONSENSUS][PBFT]checkAndChangeView: Reach consensus,org_view=34,cur_changeCycle=1,curView=34,view=35
info|2026-01-24 05:57:26.618861|[g:1][CONSENSUS][SEALER]++++++++++++++++ Generating seal on,blkNum=1,tx=0,nodeIdx=3,hash=dc1f4dfb...
info|2026-01-24 05:57:26.619782|[g:1][CONSENSUS][PBFT]checkTimeout Succ,view=35,toView=36,nodeIdx=3,changeCycle=1,myNode=bd50e2d2...,timecost=0
info|2026-01-24 05:57:26.621884|[g:1][CONSENSUS][PBFT]checkAndChangeView: Reach consensus,org_view=35,cur_changeCycle=1,curView=35,view=36
info|2026-01-24 05:57:27.623664|[g:1][CONSENSUS]addRawPrepare,height=1,reqIdx=0,hash=a6551235...,time=0
info|2026-01-24 05:57:27.623965|[g:1][CONSENSUS][PBFT]checkTimeout Succ,view=36,toView=37,nodeIdx=3,changeCycle=1,myNode=bd50e2d2...,timecost=0
info|2026-01-24 05:57:27.625062|[g:1][CONSENSUS][PBFT]checkAndChangeView: Reach consensus,org_view=36,cur_changeCycle=1,curView=36,view=37
info|2026-01-24 05:57:28.626725|[g:1][CONSENSUS]addRawPrepare,height=1,reqIdx=1,hash=15707e7a...,time=0
info|2026-01-24 05:57:28.627261|[g:1][CONSENSUS][PBFT]checkTimeout Succ,view=37,toView=38,nodeIdx=3,changeCycle=1,myNode=bd50e2d2...,timecost=1
info|2026-01-24 05:57:28.628581|[g:1][CONSENSUS][PBFT]checkAndChangeView: Reach consensus,org_view=37,cur_changeCycle=1,curView=37,view=38
info|2026-01-24 05:57:29.630984|[g:1][CONSENSUS]addRawPrepare,height=1,reqIdx=2,hash=9740ba71...,time=0
info|2026-01-24 05:57:29.631577|[g:1][CONSENSUS][PBFT]checkTimeout Succ,view=38,toView=39,nodeIdx=3,changeCycle=1,myNode=bd50e2d2...,timecost=0
info|2026-01-24 05:57:29.632020|[g:1][CONSENSUS][PBFT]checkAndChangeView: Reach consensus,org_view=38,cur_changeCycle=1,curView=38,view=39
info|2026-01-24 05:57:30.324976|[P2P][Service] heartBeat,connected count=3
info|2026-01-24 05:57:30.632867|[g:1][CONSENSUS][SEALER]++++++++++++++++ Generating seal on,blkNum=1,tx=0,nodeIdx=3,hash=6337f0e8...
info|2026-01-24 05:57:30.635164|[g:1][CONSENSUS][PBFT]checkTimeout Succ,view=39,toView=40,nodeIdx=3,changeCycle=1,myNode=bd50e2d2...,timecost=1
info|2026-01-24 05:57:30.638373|[g:1][CONSENSUS][PBFT]checkAndChangeView: Reach consensus,org_view=39,cur_changeCycle=1,curView=39,view=40
info|2026-01-24 05:57:31.640397|[g:1][CONSENSUS]addRawPrepare,height=1,reqIdx=0,hash=dac9b30e...,time=0
info|2026-01-24 05:57:31.640710|[g:1][CONSENSUS][PBFT]checkTimeout Succ,view=40,toView=41,nodeIdx=3,changeCycle=1,myNode=bd50e2d2...,timecost=0
info|2026-01-24 05:57:31.642004|[g:1][CONSENSUS][PBFT]checkAndChangeView: Reach consensus,org_view=40,cur_changeCycle=1,curView=40,view=41
info|2026-01-24 05:57:32.642574|[g:1][CONSENSUS]addRawPrepare,height=1,reqIdx=1,hash=a6ef04e9...,time=0
info|2026-01-24 05:57:32.642879|[g:1][CONSENSUS][PBFT]checkTimeout Succ,view=41,toView=42,nodeIdx=3,changeCycle=1,myNode=bd50e2d2...,timecost=0
info|2026-01-24 05:57:32.644041|[g:1][CONSENSUS][PBFT]checkAndChangeView: Reach consensus,org_view=41,cur_changeCycle=1,curView=41,view=42
info|2026-01-24 05:57:33.646554|[g:1][CONSENSUS]addRawPrepare,height=1,reqIdx=2,hash=b0c6ab76...,time=0
info|2026-01-24 05:57:33.646947|[g:1][CONSENSUS][PBFT]checkTimeout Succ,view=42,toView=43,nodeIdx=3,changeCycle=1,myNode=bd50e2d2...,timecost=0
info|2026-01-24 05:57:33.647862|[g:1][CONSENSUS][PBFT]checkAndChangeView: Reach consensus,org_view=42,cur_changeCycle=1,curView=42,view=43
info|2026-01-24 05:57:34.649490|[g:1][CONSENSUS][SEALER]++++++++++++++++ Generating seal on,blkNum=1,tx=0,nodeIdx=3,hash=7360828e...
info|2026-01-24 05:57:34.652117|[g:1][CONSENSUS][PBFT]checkTimeout Succ,view=43,toView=44,nodeIdx=3,changeCycle=1,myNode=bd50e2d2...,timecost=1
info|2026-01-24 05:57:34.652684|[g:1][CONSENSUS][PBFT]checkAndChangeView: Reach consensus,org_view=43,cur_changeCycle=1,curView=43,view=44
info|2026-01-24 05:57:35.655576|[g:1][CONSENSUS]addRawPrepare,height=1,reqIdx=0,hash=ed5fed85...,time=0
info|2026-01-24 05:57:35.656079|[g:1][CONSENSUS][PBFT]checkTimeout Succ,view=44,toView=45,nodeIdx=3,changeCycle=1,myNode=bd50e2d2...,timecost=1
info|2026-01-24 05:57:35.656921|[g:1][CONSENSUS][PBFT]checkAndChangeView: Reach consensus,org_view=44,cur_changeCycle=1,curView=44,view=45
info|2026-01-24 05:57:36.658220|[g:1][CONSENSUS]addRawPrepare,height=1,reqIdx=1,hash=89411124...,time=0
info|2026-01-24 05:57:36.658649|[g:1][CONSENSUS][PBFT]checkTimeout Succ,view=45,toView=46,nodeIdx=3,changeCycle=1,myNode=bd50e2d2...,timecost=0
info|2026-01-24 05:57:36.660085|[g:1][CONSENSUS][PBFT]checkAndChangeView: Reach consensus,org_view=45,cur_changeCycle=1,curView=45,view=46
info|2026-01-24 05:57:37.662949|[g:1][CONSENSUS]addRawPrepare,height=1,reqIdx=2,hash=b816cbea...,time=0
info|2026-01-24 05:57:37.663325|[g:1][CONSENSUS][PBFT]checkTimeout Succ,view=46,toView=47,nodeIdx=3,changeCycle=1,myNode=bd50e2d2...,timecost=0
info|2026-01-24 05:57:37.664039|[g:1][CONSENSUS][PBFT]checkAndChangeView: Reach consensus,org_view=46,cur_changeCycle=1,curView=46,view=47
info|2026-01-24 05:57:38.664528|[g:1][CONSENSUS][SEALER]++++++++++++++++ Generating seal on,blkNum=1,tx=0,nodeIdx=3,hash=cacc1daa...
info|2026-01-24 05:57:38.668159|[g:1][CONSENSUS][PBFT]checkTimeout Succ,view=47,toView=48,nodeIdx=3,changeCycle=1,myNode=bd50e2d2...,timecost=1
info|2026-01-24 05:57:38.668517|[g:1][CONSENSUS][PBFT]checkAndChangeView: Reach consensus,org_view=47,cur_changeCycle=1,curView=47,view=48
info|2026-01-24 05:57:39.670324|[g:1][CONSENSUS]addRawPrepare,height=1,reqIdx=0,hash=ff948a4b...,time=0
info|2026-01-24 05:57:39.670819|[g:1][CONSENSUS][PBFT]checkTimeout Succ,view=48,toView=49,nodeIdx=3,changeCycle=1,myNode=bd50e2d2...,timecost=0
info|2026-01-24 05:57:39.671741|[g:1][CONSENSUS][PBFT]checkAndChangeView: Reach consensus,org_view=48,cur_changeCycle=1,curView=48,view=49
info|2026-01-24 05:57:40.326023|[P2P][Service] heartBeat,connected count=3
info|2026-01-24 05:57:40.674925|[g:1][CONSENSUS]addRawPrepare,height=1,reqIdx=1,hash=1e226418...,time=0
info|2026-01-24 05:57:40.675211|[g:1][CONSENSUS][PBFT]checkTimeout Succ,view=49,toView=50,nodeIdx=3,changeCycle=1,myNode=bd50e2d2...,timecost=1
info|2026-01-24 05:57:40.676006|[g:1][CONSENSUS][PBFT]checkAndChangeView: Reach consensus,org_view=49,cur_changeCycle=1,curView=49,view=50
info|2026-01-24 05:57:41.680243|[g:1][CONSENSUS]addRawPrepare,height=1,reqIdx=2,hash=9db25814...,time=0
info|2026-01-24 05:57:41.680509|[g:1][CONSENSUS][PBFT]checkTimeout Succ,view=50,toView=51,nodeIdx=3,changeCycle=1,myNode=bd50e2d2...,timecost=0
info|2026-01-24 05:57:41.681229|[g:1][CONSENSUS][PBFT]checkAndChangeView: Reach consensus,org_view=50,cur_changeCycle=1,curView=50,view=51
info|2026-01-24 05:57:42.682791|[g:1][CONSENSUS][SEALER]++++++++++++++++ Generating seal on,blkNum=1,tx=0,nodeIdx=3,hash=e8171739...
info|2026-01-24 05:57:42.685648|[g:1][CONSENSUS][PBFT]checkTimeout Succ,view=51,toView=52,nodeIdx=3,changeCycle=1,myNode=bd50e2d2...,timecost=0
info|2026-01-24 05:57:42.685995|[g:1][CONSENSUS][PBFT]checkAndChangeView: Reach consensus,org_view=51,cur_changeCycle=1,curView=51,view=52
info|2026-01-24 05:57:43.687876|[g:1][CONSENSUS]addRawPrepare,height=1,reqIdx=0,hash=8dbc3411...,time=0
info|2026-01-24 05:57:43.688185|[g:1][CONSENSUS][PBFT]checkTimeout Succ,view=52,toView=53,nodeIdx=3,changeCycle=1,myNode=bd50e2d2...,timecost=1
info|2026-01-24 05:57:43.689559|[g:1][CONSENSUS][PBFT]checkAndChangeView: Reach consensus,org_view=52,cur_changeCycle=1,curView=52,view=53
info|2026-01-24 05:57:44.691308|[g:1][CONSENSUS]addRawPrepare,height=1,reqIdx=1,hash=b4608734...,time=0
info|2026-01-24 05:57:44.691765|[g:1][CONSENSUS][PBFT]checkTimeout Succ,view=53,toView=54,nodeIdx=3,changeCycle=1,myNode=bd50e2d2...,timecost=0
info|2026-01-24 05:57:44.692362|[g:1][CONSENSUS][PBFT]checkAndChangeView: Reach consensus,org_view=53,cur_changeCycle=1,curView=53,view=54
info|2026-01-24 05:57:45.693952|[g:1][CONSENSUS]addRawPrepare,height=1,reqIdx=2,hash=a8f1a3b1...,time=0
info|2026-01-24 05:57:45.694296|[g:1][CONSENSUS][PBFT]checkTimeout Succ,view=54,toView=55,nodeIdx=3,changeCycle=1,myNode=bd50e2d2...,timecost=1
info|2026-01-24 05:57:45.694982|[g:1][CONSENSUS][PBFT]checkAndChangeView: Reach consensus,org_view=54,cur_changeCycle=1,curView=54,view=55
info|2026-01-24 05:57:46.695251|[g:1][CONSENSUS][SEALER]++++++++++++++++ Generating seal on,blkNum=1,tx=0,nodeIdx=3,hash=8b12cf66...
info|2026-01-24 05:57:46.696376|[g:1][CONSENSUS][PBFT]checkTimeout Succ,view=55,toView=56,nodeIdx=3,changeCycle=1,myNode=bd50e2d2...,timecost=0
info|2026-01-24 05:57:46.698412|[g:1][CONSENSUS][PBFT]checkAndChangeView: Reach consensus,org_view=55,cur_changeCycle=1,curView=55,view=56
info|2026-01-24 05:57:47.700634|[g:1][CONSENSUS]addRawPrepare,height=1,reqIdx=0,hash=dcd38297...,time=0
info|2026-01-24 05:57:47.701187|[g:1][CONSENSUS][PBFT]checkTimeout Succ,view=56,toView=57,nodeIdx=3,changeCycle=1,myNode=bd50e2d2...,timecost=1
info|2026-01-24 05:57:47.701967|[g:1][CONSENSUS][PBFT]checkAndChangeView: Reach consensus,org_view=56,cur_changeCycle=1,curView=56,view=57
info|2026-01-24 05:57:48.704599|[g:1][CONSENSUS]addRawPrepare,height=1,reqIdx=1,hash=ded40725...,time=0
info|2026-01-24 05:57:48.705217|[g:1][CONSENSUS][PBFT]checkTimeout Succ,view=57,toView=58,nodeIdx=3,changeCycle=1,myNode=bd50e2d2...,timecost=1
info|2026-01-24 05:57:48.706176|[g:1][CONSENSUS][PBFT]checkAndChangeView: Reach consensus,org_view=57,cur_changeCycle=1,curView=57,view=58
info|2026-01-24 05:57:49.710851|[g:1][CONSENSUS]addRawPrepare,height=1,reqIdx=2,hash=a359c7b4...,time=0
info|2026-01-24 05:57:49.711280|[g:1][CONSENSUS][PBFT]checkTimeout Succ,view=58,toView=59,nodeIdx=3,changeCycle=1,myNode=bd50e2d2...,timecost=1
info|2026-01-24 05:57:49.712318|[g:1][CONSENSUS][PBFT]checkAndChangeView: Reach consensus,org_view=58,cur_changeCycle=1,curView=58,view=59
info|2026-01-24 05:57:50.326606|[P2P][Service] heartBeat,connected count=3
info|2026-01-24 05:57:50.712491|[g:1][CONSENSUS][SEALER]++++++++++++++++ Generating seal on,blkNum=1,tx=0,nodeIdx=3,hash=0f0cbd30...
info|2026-01-24 05:57:50.713226|[g:1][CONSENSUS][PBFT]checkTimeout Succ,view=59,toView=60,nodeIdx=3,changeCycle=1,myNode=bd50e2d2...,timecost=1
info|2026-01-24 05:57:50.716914|[g:1][CONSENSUS][PBFT]checkAndChangeView: Reach consensus,org_view=59,cur_changeCycle=1,curView=59,view=60
info|2026-01-24 05:57:51.720505|[g:1][CONSENSUS]addRawPrepare,height=1,reqIdx=0,hash=bc694efe...,time=0
info|2026-01-24 05:57:51.720955|[g:1][CONSENSUS][PBFT]checkTimeout Succ,view=60,toView=61,nodeIdx=3,changeCycle=1,myNode=bd50e2d2...,timecost=0
info|2026-01-24 05:57:51.721921|[g:1][CONSENSUS][PBFT]checkAndChangeView: Reach consensus,org_view=60,cur_changeCycle=1,curView=60,view=61
info|2026-01-24 05:57:52.723519|[g:1][CONSENSUS]addRawPrepare,height=1,reqIdx=1,hash=a2372584...,time=0
info|2026-01-24 05:57:52.723845|[g:1][CONSENSUS][PBFT]checkTimeout Succ,view=61,toView=62,nodeIdx=3,changeCycle=1,myNode=bd50e2d2...,timecost=0
info|2026-01-24 05:57:52.725275|[g:1][CONSENSUS][PBFT]checkAndChangeView: Reach consensus,org_view=61,cur_changeCycle=1,curView=61,view=62
info|2026-01-24 05:57:53.726040|[g:1][CONSENSUS]addRawPrepare,height=1,reqIdx=2,hash=43e754ef...,time=0
info|2026-01-24 05:57:53.726314|[g:1][CONSENSUS][PBFT]checkTimeout Succ,view=62,toView=63,nodeIdx=3,changeCycle=1,myNode=bd50e2d2...,timecost=0
info|2026-01-24 05:57:53.727143|[g:1][CONSENSUS][PBFT]checkAndChangeView: Reach consensus,org_view=62,cur_changeCycle=1,curView=62,view=63
info|2026-01-24 05:57:54.729156|[g:1][CONSENSUS][SEALER]++++++++++++++++ Generating seal on,blkNum=1,tx=0,nodeIdx=3,hash=e4fe572b...
info|2026-01-24 05:57:54.729950|[g:1][CONSENSUS][PBFT]checkTimeout Succ,view=63,toView=64,nodeIdx=3,changeCycle=1,myNode=bd50e2d2...,timecost=0
info|2026-01-24 05:57:54.731991|[g:1][CONSENSUS][PBFT]checkAndChangeView: Reach consensus,org_view=63,cur_changeCycle=1,curView=63,view=64
info|2026-01-24 05:57:55.736144|[g:1][CONSENSUS]addRawPrepare,height=1,reqIdx=0,hash=5c12a94a...,time=0
info|2026-01-24 05:57:55.736422|[g:1][CONSENSUS][PBFT]checkTimeout Succ,view=64,toView=65,nodeIdx=3,changeCycle=1,myNode=bd50e2d2...,timecost=0
info|2026-01-24 05:57:55.737126|[g:1][CONSENSUS][PBFT]checkAndChangeView: Reach consensus,org_view=64,cur_changeCycle=1,curView=64,view=65
info|2026-01-24 05:57:56.740331|[g:1][CONSENSUS]addRawPrepare,height=1,reqIdx=1,hash=5f735941...,time=0
info|2026-01-24 05:57:56.740710|[g:1][CONSENSUS][PBFT]checkTimeout Succ,view=65,toView=66,nodeIdx=3,changeCycle=1,myNode=bd50e2d2...,timecost=0
info|2026-01-24 05:57:56.741695|[g:1][CONSENSUS][PBFT]checkAndChangeView: Reach consensus,org_view=65,cur_changeCycle=1,curView=65,view=66
info|2026-01-24 05:57:57.743729|[g:1][CONSENSUS]addRawPrepare,height=1,reqIdx=2,hash=0472e725...,time=0
info|2026-01-24 05:57:57.744034|[g:1][CONSENSUS][PBFT]checkTimeout Succ,view=66,toView=67,nodeIdx=3,changeCycle=1,myNode=bd50e2d2...,timecost=1
info|2026-01-24 05:57:57.745061|[g:1][CONSENSUS][PBFT]checkAndChangeView: Reach consensus,org_view=66,cur_changeCycle=1,curView=66,view=67
info|2026-01-24 05:57:58.746237|[g:1][CONSENSUS][SEALER]++++++++++++++++ Generating seal on,blkNum=1,tx=0,nodeIdx=3,hash=e1073fdb...
info|2026-01-24 05:57:58.748810|[g:1][CONSENSUS][PBFT]checkTimeout Succ,view=67,toView=68,nodeIdx=3,changeCycle=1,myNode=bd50e2d2...,timecost=0
info|2026-01-24 05:57:58.750198|[g:1][CONSENSUS][PBFT]checkAndChangeView: Reach consensus,org_view=67,cur_changeCycle=1,curView=67,view=68
info|2026-01-24 05:57:59.751888|[g:1][CONSENSUS]addRawPrepare,height=1,reqIdx=0,hash=dd059c93...,time=0
info|2026-01-24 05:57:59.752200|[g:1][CONSENSUS][PBFT]checkTimeout Succ,view=68,toView=69,nodeIdx=3,changeCycle=1,myNode=bd50e2d2...,timecost=1
info|2026-01-24 05:57:59.753422|[g:1][CONSENSUS][PBFT]checkAndChangeView: Reach consensus,org_view=68,cur_changeCycle=1,curView=68,view=69
info|2026-01-24 05:58:00.326936|[P2P][Service] heartBeat,connected count=3
info|2026-01-24 05:58:00.754900|[g:1][CONSENSUS]addRawPrepare,height=1,reqIdx=1,hash=206c2c35...,time=0
info|2026-01-24 05:58:00.755197|[g:1][CONSENSUS][PBFT]checkTimeout Succ,view=69,toView=70,nodeIdx=3,changeCycle=1,myNode=bd50e2d2...,timecost=1
info|2026-01-24 05:58:00.756359|[g:1][CONSENSUS][PBFT]checkAndChangeView: Reach consensus,org_view=69,cur_changeCycle=1,curView=69,view=70
info|2026-01-24 05:58:01.759472|[g:1][CONSENSUS]addRawPrepare,height=1,reqIdx=2,hash=e10cefd6...,time=0
info|2026-01-24 05:58:01.759872|[g:1][CONSENSUS][PBFT]checkTimeout Succ,view=70,toView=71,nodeIdx=3,changeCycle=1,myNode=bd50e2d2...,timecost=0
info|2026-01-24 05:58:01.760686|[g:1][CONSENSUS][PBFT]checkAndChangeView: Reach consensus,org_view=70,cur_changeCycle=1,curView=70,view=71
info|2026-01-24 05:58:02.762236|[g:1][CONSENSUS][SEALER]++++++++++++++++ Generating seal on,blkNum=1,tx=0,nodeIdx=3,hash=de85468b...
info|2026-01-24 05:58:02.763083|[g:1][CONSENSUS][PBFT]checkTimeout Succ,view=71,toView=72,nodeIdx=3,changeCycle=1,myNode=bd50e2d2...,timecost=1
info|2026-01-24 05:58:02.764807|[g:1][CONSENSUS][PBFT]checkAndChangeView: Reach consensus,org_view=71,cur_changeCycle=1,curView=71,view=72
info|2026-01-24 05:58:03.768069|[g:1][CONSENSUS]addRawPrepare,height=1,reqIdx=0,hash=c518ace5...,time=0
info|2026-01-24 05:58:03.768357|[g:1][CONSENSUS][PBFT]checkTimeout Succ,view=72,toView=73,nodeIdx=3,changeCycle=1,myNode=bd50e2d2...,timecost=0
info|2026-01-24 05:58:03.769413|[g:1][CONSENSUS][PBFT]checkAndChangeView: Reach consensus,org_view=72,cur_changeCycle=1,curView=72,view=73
info|2026-01-24 05:58:04.769818|[g:1][CONSENSUS]addRawPrepare,height=1,reqIdx=1,hash=a804e4b5...,time=0
info|2026-01-24 05:58:04.770132|[g:1][CONSENSUS][PBFT]checkTimeout Succ,view=73,toView=74,nodeIdx=3,changeCycle=1,myNode=bd50e2d2...,timecost=1
info|2026-01-24 05:58:04.771369|[g:1][CONSENSUS][PBFT]checkAndChangeView: Reach consensus,org_view=73,cur_changeCycle=1,curView=73,view=74
info|2026-01-24 05:58:05.773594|[g:1][CONSENSUS]addRawPrepare,height=1,reqIdx=2,hash=ce85d4c7...,time=0
info|2026-01-24 05:58:05.774021|[g:1][CONSENSUS][PBFT]checkTimeout Succ,view=74,toView=75,nodeIdx=3,changeCycle=1,myNode=bd50e2d2...,timecost=1
info|2026-01-24 05:58:05.775426|[g:1][CONSENSUS][PBFT]checkAndChangeView: Reach consensus,org_view=74,cur_changeCycle=1,curView=74,view=75
info|2026-01-24 05:58:06.776201|[g:1][CONSENSUS][SEALER]++++++++++++++++ Generating seal on,blkNum=1,tx=0,nodeIdx=3,hash=9b2622f2...
info|2026-01-24 05:58:06.777356|[g:1][CONSENSUS][PBFT]checkTimeout Succ,view=75,toView=76,nodeIdx=3,changeCycle=1,myNode=bd50e2d2...,timecost=1
info|2026-01-24 05:58:06.779042|[g:1][CONSENSUS][PBFT]checkAndChangeView: Reach consensus,org_view=75,cur_changeCycle=1,curView=75,view=76
info|2026-01-24 05:58:07.780005|[g:1][CONSENSUS]addRawPrepare,height=1,reqIdx=0,hash=31dbdc15...,time=1
info|2026-01-24 05:58:07.780647|[g:1][CONSENSUS][PBFT]checkTimeout Succ,view=76,toView=77,nodeIdx=3,changeCycle=1,myNode=bd50e2d2...,timecost=0
info|2026-01-24 05:58:07.782007|[g:1][CONSENSUS][PBFT]checkAndChangeView: Reach consensus,org_view=76,cur_changeCycle=1,curView=76,view=77
info|2026-01-24 05:58:08.783551|[g:1][CONSENSUS]addRawPrepare,height=1,reqIdx=1,hash=270ab4cb...,time=0
info|2026-01-24 05:58:08.783845|[g:1][CONSENSUS][PBFT]checkTimeout Succ,view=77,toView=78,nodeIdx=3,changeCycle=1,myNode=bd50e2d2...,timecost=0
info|2026-01-24 05:58:08.784938|[g:1][CONSENSUS][PBFT]checkAndChangeView: Reach consensus,org_view=77,cur_changeCycle=1,curView=77,view=78
info|2026-01-24 05:58:09.787580|[g:1][CONSENSUS]addRawPrepare,height=1,reqIdx=2,hash=fb5eb752...,time=0
info|2026-01-24 05:58:09.787874|[g:1][CONSENSUS][PBFT]checkTimeout Succ,view=78,toView=79,nodeIdx=3,changeCycle=1,myNode=bd50e2d2...,timecost=0
info|2026-01-24 05:58:09.788530|[g:1][CONSENSUS][PBFT]checkAndChangeView: Reach consensus,org_view=78,cur_changeCycle=1,curView=78,view=79
info|2026-01-24 05:58:10.327448|[P2P][Service] heartBeat,connected count=3
info|2026-01-24 05:58:10.788424|[g:1][CONSENSUS][SEALER]++++++++++++++++ Generating seal on,blkNum=1,tx=0,nodeIdx=3,hash=a154b602...
info|2026-01-24 05:58:10.790812|[g:1][CONSENSUS][PBFT]checkTimeout Succ,view=79,toView=80,nodeIdx=3,changeCycle=1,myNode=bd50e2d2...,timecost=0
info|2026-01-24 05:58:10.791512|[g:1][CONSENSUS][PBFT]checkAndChangeView: Reach consensus,org_view=79,cur_changeCycle=1,curView=79,view=80
info|2026-01-24 05:58:11.794162|[g:1][CONSENSUS]addRawPrepare,height=1,reqIdx=0,hash=96eed272...,time=0
info|2026-01-24 05:58:11.794451|[g:1][CONSENSUS][PBFT]checkTimeout Succ,view=80,toView=81,nodeIdx=3,changeCycle=1,myNode=bd50e2d2...,timecost=0
info|2026-01-24 05:58:11.796195|[g:1][CONSENSUS][PBFT]checkAndChangeView: Reach consensus,org_view=80,cur_changeCycle=1,curView=80,view=81
info|2026-01-24 05:58:12.797085|[g:1][CONSENSUS]addRawPrepare,height=1,reqIdx=1,hash=3a5e5e0f...,time=0
info|2026-01-24 05:58:12.797384|[g:1][CONSENSUS][PBFT]checkTimeout Succ,view=81,toView=82,nodeIdx=3,changeCycle=1,myNode=bd50e2d2...,timecost=0
info|2026-01-24 05:58:12.798459|[g:1][CONSENSUS][PBFT]checkAndChangeView: Reach consensus,org_view=81,cur_changeCycle=1,curView=81,view=82
info|2026-01-24 05:58:13.799910|[g:1][CONSENSUS]addRawPrepare,height=1,reqIdx=2,hash=0e2d4766...,time=0
info|2026-01-24 05:58:13.800202|[g:1][CONSENSUS][PBFT]checkTimeout Succ,view=82,toView=83,nodeIdx=3,changeCycle=1,myNode=bd50e2d2...,timecost=1
info|2026-01-24 05:58:13.801304|[g:1][CONSENSUS][PBFT]checkAndChangeView: Reach consensus,org_view=82,cur_changeCycle=1,curView=82,view=83
info|2026-01-24 05:58:14.801399|[g:1][CONSENSUS][SEALER]++++++++++++++++ Generating seal on,blkNum=1,tx=0,nodeIdx=3,hash=6c21bbc7...
info|2026-01-24 05:58:14.802138|[g:1][CONSENSUS][PBFT]checkTimeout Succ,view=83,toView=84,nodeIdx=3,changeCycle=1,myNode=bd50e2d2...,timecost=1
info|2026-01-24 05:58:14.804407|[g:1][CONSENSUS][PBFT]checkAndChangeView: Reach consensus,org_view=83,cur_changeCycle=1,curView=83,view=84
info|2026-01-24 05:58:15.808621|[g:1][CONSENSUS]addRawPrepare,height=1,reqIdx=0,hash=41e2d67c...,time=0
info|2026-01-24 05:58:15.808882|[g:1][CONSENSUS][PBFT]checkTimeout Succ,view=84,toView=85,nodeIdx=3,changeCycle=1,myNode=bd50e2d2...,timecost=0
info|2026-01-24 05:58:15.809644|[g:1][CONSENSUS][PBFT]checkAndChangeView: Reach consensus,org_view=84,cur_changeCycle=1,curView=84,view=85
info|2026-01-24 05:58:16.812749|[g:1][CONSENSUS]addRawPrepare,height=1,reqIdx=1,hash=060cbf9c...,time=0
info|2026-01-24 05:58:16.813101|[g:1][CONSENSUS][PBFT]checkTimeout Succ,view=85,toView=86,nodeIdx=3,changeCycle=1,myNode=bd50e2d2...,timecost=1
info|2026-01-24 05:58:16.814257|[g:1][CONSENSUS][PBFT]checkAndChangeView: Reach consensus,org_view=85,cur_changeCycle=1,curView=85,view=86
info|2026-01-24 05:58:17.816782|[g:1][CONSENSUS]addRawPrepare,height=1,reqIdx=2,hash=aab7f665...,time=0
info|2026-01-24 05:58:17.817187|[g:1][CONSENSUS][PBFT]checkTimeout Succ,view=86,toView=87,nodeIdx=3,changeCycle=1,myNode=bd50e2d2...,timecost=1
info|2026-01-24 05:58:17.818215|[g:1][CONSENSUS][PBFT]checkAndChangeView: Reach consensus,org_view=86,cur_changeCycle=1,curView=86,view=87
info|2026-01-24 05:58:18.818992|[g:1][CONSENSUS][SEALER]++++++++++++++++ Generating seal on,blkNum=1,tx=0,nodeIdx=3,hash=a66dae70...
info|2026-01-24 05:58:18.821539|[g:1][CONSENSUS][PBFT]checkTimeout Succ,view=87,toView=88,nodeIdx=3,changeCycle=1,myNode=bd50e2d2...,timecost=1
info|2026-01-24 05:58:18.822131|[g:1][CONSENSUS][PBFT]checkAndChangeView: Reach consensus,org_view=87,cur_changeCycle=1,curView=87,view=88
info|2026-01-24 05:58:19.824588|[g:1][CONSENSUS]addRawPrepare,height=1,reqIdx=0,hash=a72e64eb...,time=0
info|2026-01-24 05:58:19.824896|[g:1][CONSENSUS][PBFT]checkTimeout Succ,view=88,toView=89,nodeIdx=3,changeCycle=1,myNode=bd50e2d2...,timecost=0
info|2026-01-24 05:58:19.825664|[g:1][CONSENSUS][PBFT]checkAndChangeView: Reach consensus,org_view=88,cur_changeCycle=1,curView=88,view=89
info|2026-01-24 05:58:20.328182|[P2P][Service] heartBeat,connected count=3
info|2026-01-24 05:58:20.828328|[g:1][CONSENSUS]addRawPrepare,height=1,reqIdx=1,hash=ebf06cef...,time=0
info|2026-01-24 05:58:20.829035|[g:1][CONSENSUS][PBFT]checkTimeout Succ,view=89,toView=90,nodeIdx=3,changeCycle=1,myNode=bd50e2d2...,timecost=1
info|2026-01-24 05:58:20.829838|[g:1][CONSENSUS][PBFT]checkAndChangeView: Reach consensus,org_view=89,cur_changeCycle=1,curView=89,view=90
info|2026-01-24 05:58:21.832200|[g:1][CONSENSUS]addRawPrepare,height=1,reqIdx=2,hash=021f9797...,time=0
info|2026-01-24 05:58:21.832647|[g:1][CONSENSUS][PBFT]checkTimeout Succ,view=90,toView=91,nodeIdx=3,changeCycle=1,myNode=bd50e2d2...,timecost=0
info|2026-01-24 05:58:21.833448|[g:1][CONSENSUS][PBFT]checkAndChangeView: Reach consensus,org_view=90,cur_changeCycle=1,curView=90,view=91
info|2026-01-24 05:58:22.834694|[g:1][CONSENSUS][SEALER]++++++++++++++++ Generating seal on,blkNum=1,tx=0,nodeIdx=3,hash=391dd376...
info|2026-01-24 05:58:22.835404|[g:1][CONSENSUS][PBFT]checkTimeout Succ,view=91,toView=92,nodeIdx=3,changeCycle=1,myNode=bd50e2d2...,timecost=0
info|2026-01-24 05:58:22.837547|[g:1][CONSENSUS][PBFT]checkAndChangeView: Reach consensus,org_view=91,cur_changeCycle=1,curView=91,view=92
info|2026-01-24 05:58:23.838848|[g:1][CONSENSUS]addRawPrepare,height=1,reqIdx=0,hash=4ac8a972...,time=0
info|2026-01-24 05:58:23.839155|[g:1][CONSENSUS][PBFT]checkTimeout Succ,view=92,toView=93,nodeIdx=3,changeCycle=1,myNode=bd50e2d2...,timecost=1
info|2026-01-24 05:58:23.840009|[g:1][CONSENSUS][PBFT]checkAndChangeView: Reach consensus,org_view=92,cur_changeCycle=1,curView=92,view=93
info|2026-01-24 05:58:24.842486|[g:1][CONSENSUS]addRawPrepare,height=1,reqIdx=1,hash=c14506d3...,time=0
info|2026-01-24 05:58:24.842775|[g:1][CONSENSUS][PBFT]checkTimeout Succ,view=93,toView=94,nodeIdx=3,changeCycle=1,myNode=bd50e2d2...,timecost=0
info|2026-01-24 05:58:24.843480|[g:1][CONSENSUS][PBFT]checkAndChangeView: Reach consensus,org_view=93,cur_changeCycle=1,curView=93,view=94
info|2026-01-24 05:58:25.845090|[g:1][CONSENSUS]addRawPrepare,height=1,reqIdx=2,hash=785d6e3d...,time=0
info|2026-01-24 05:58:25.845410|[g:1][CONSENSUS][PBFT]checkTimeout Succ,view=94,toView=95,nodeIdx=3,changeCycle=1,myNode=bd50e2d2...,timecost=0
info|2026-01-24 05:58:25.849609|[g:1][CONSENSUS][PBFT]checkAndChangeView: Reach consensus,org_view=94,cur_changeCycle=1,curView=94,view=95
info|2026-01-24 05:58:26.850454|[g:1][CONSENSUS][SEALER]++++++++++++++++ Generating seal on,blkNum=1,tx=0,nodeIdx=3,hash=a63382c9...
info|2026-01-24 05:58:26.853168|[g:1][CONSENSUS][PBFT]checkTimeout Succ,view=95,toView=96,nodeIdx=3,changeCycle=1,myNode=bd50e2d2...,timecost=1
info|2026-01-24 05:58:26.853520|[g:1][CONSENSUS][PBFT]checkAndChangeView: Reach consensus,org_view=95,cur_changeCycle=1,curView=95,view=96
info|2026-01-24 05:58:27.855851|[g:1][CONSENSUS]addRawPrepare,height=1,reqIdx=0,hash=ebcedd04...,time=0
info|2026-01-24 05:58:27.856280|[g:1][CONSENSUS][PBFT]checkTimeout Succ,view=96,toView=97,nodeIdx=3,changeCycle=1,myNode=bd50e2d2...,timecost=1
info|2026-01-24 05:58:27.857222|[g:1][CONSENSUS][PBFT]checkAndChangeView: Reach consensus,org_view=96,cur_changeCycle=1,curView=96,view=97
info|2026-01-24 05:58:28.859377|[g:1][CONSENSUS]addRawPrepare,height=1,reqIdx=1,hash=f33f0365...,time=0
info|2026-01-24 05:58:28.859871|[g:1][CONSENSUS][PBFT]checkTimeout Succ,view=97,toView=98,nodeIdx=3,changeCycle=1,myNode=bd50e2d2...,timecost=0
info|2026-01-24 05:58:28.860653|[g:1][CONSENSUS][PBFT]checkAndChangeView: Reach consensus,org_view=97,cur_changeCycle=1,curView=97,view=98
info|2026-01-24 05:58:29.864261|[g:1][CONSENSUS]addRawPrepare,height=1,reqIdx=2,hash=039d9093...,time=0
info|2026-01-24 05:58:29.864595|[g:1][CONSENSUS][PBFT]checkTimeout Succ,view=98,toView=99,nodeIdx=3,changeCycle=1,myNode=bd50e2d2...,timecost=0
info|2026-01-24 05:58:29.865484|[g:1][CONSENSUS][PBFT]checkAndChangeView: Reach consensus,org_view=98,cur_changeCycle=1,curView=98,view=99
info|2026-01-24 05:58:30.329094|[P2P][Service] heartBeat,connected count=3
info|2026-01-24 05:58:30.865844|[g:1][CONSENSUS][SEALER]++++++++++++++++ Generating seal on,blkNum=1,tx=0,nodeIdx=3,hash=f740bbdc...
info|2026-01-24 05:58:30.866528|[g:1][CONSENSUS][PBFT]checkTimeout Succ,view=99,toView=100,nodeIdx=3,changeCycle=1,myNode=bd50e2d2...,timecost=0
info|2026-01-24 05:58:30.872252|[g:1][CONSENSUS][PBFT]checkAndChangeView: Reach consensus,org_view=99,cur_changeCycle=1,curView=99,view=100
info|2026-01-24 05:58:31.874284|[g:1][CONSENSUS]addRawPrepare,height=1,reqIdx=0,hash=67cd3faa...,time=0
info|2026-01-24 05:58:31.874595|[g:1][CONSENSUS][PBFT]checkTimeout Succ,view=100,toView=101,nodeIdx=3,changeCycle=1,myNode=bd50e2d2...,timecost=0
info|2026-01-24 05:58:31.875402|[g:1][CONSENSUS][PBFT]checkAndChangeView: Reach consensus,org_view=100,cur_changeCycle=1,curView=100,view=101
info|2026-01-24 05:58:32.878058|[g:1][CONSENSUS]addRawPrepare,height=1,reqIdx=1,hash=d9f158a6...,time=0
info|2026-01-24 05:58:32.878343|[g:1][CONSENSUS][PBFT]checkTimeout Succ,view=101,toView=102,nodeIdx=3,changeCycle=1,myNode=bd50e2d2...,timecost=0
info|2026-01-24 05:58:32.879352|[g:1][CONSENSUS][PBFT]checkAndChangeView: Reach consensus,org_view=101,cur_changeCycle=1,curView=101,view=102
info|2026-01-24 05:58:33.883040|[g:1][CONSENSUS]addRawPrepare,height=1,reqIdx=2,hash=b3518251...,time=0
info|2026-01-24 05:58:33.883430|[g:1][CONSENSUS][PBFT]checkTimeout Succ,view=102,toView=103,nodeIdx=3,changeCycle=1,myNode=bd50e2d2...,timecost=0
info|2026-01-24 05:58:33.885585|[g:1][CONSENSUS][PBFT]checkAndChangeView: Reach consensus,org_view=102,cur_changeCycle=1,curView=102,view=103
info|2026-01-24 05:58:34.886499|[g:1][CONSENSUS][SEALER]++++++++++++++++ Generating seal on,blkNum=1,tx=0,nodeIdx=3,hash=cdf20cde...
info|2026-01-24 05:58:34.888981|[g:1][CONSENSUS][PBFT]checkTimeout Succ,view=103,toView=104,nodeIdx=3,changeCycle=1,myNode=bd50e2d2...,timecost=0
info|2026-01-24 05:58:34.889620|[g:1][CONSENSUS][PBFT]checkAndChangeView: Reach consensus,org_view=103,cur_changeCycle=1,curView=103,view=104
info|2026-01-24 05:58:35.893451|[g:1][CONSENSUS]addRawPrepare,height=1,reqIdx=0,hash=991b6bcc...,time=0
info|2026-01-24 05:58:35.893757|[g:1][CONSENSUS][PBFT]checkTimeout Succ,view=104,toView=105,nodeIdx=3,changeCycle=1,myNode=bd50e2d2...,timecost=0
info|2026-01-24 05:58:35.894468|[g:1][CONSENSUS][PBFT]checkAndChangeView: Reach consensus,org_view=104,cur_changeCycle=1,curView=104,view=105
info|2026-01-24 05:58:36.895893|[g:1][CONSENSUS]addRawPrepare,height=1,reqIdx=1,hash=d9f683da...,time=0
info|2026-01-24 05:58:36.896440|[g:1][CONSENSUS][PBFT]checkTimeout Succ,view=105,toView=106,nodeIdx=3,changeCycle=1,myNode=bd50e2d2...,timecost=1
info|2026-01-24 05:58:36.897443|[g:1][CONSENSUS][PBFT]checkAndChangeView: Reach consensus,org_view=105,cur_changeCycle=1,curView=105,view=106
info|2026-01-24 05:58:37.900293|[g:1][CONSENSUS]addRawPrepare,height=1,reqIdx=2,hash=c2d84c55...,time=0
info|2026-01-24 05:58:37.900613|[g:1][CONSENSUS][PBFT]checkTimeout Succ,view=106,toView=107,nodeIdx=3,changeCycle=1,myNode=bd50e2d2...,timecost=0
info|2026-01-24 05:58:37.901340|[g:1][CONSENSUS][PBFT]checkAndChangeView: Reach consensus,org_view=106,cur_changeCycle=1,curView=106,view=107
info|2026-01-24 05:58:38.901948|[g:1][CONSENSUS][SEALER]++++++++++++++++ Generating seal on,blkNum=1,tx=0,nodeIdx=3,hash=413c8a4e...
info|2026-01-24 05:58:38.902723|[g:1][CONSENSUS][PBFT]checkTimeout Succ,view=107,toView=108,nodeIdx=3,changeCycle=1,myNode=bd50e2d2...,timecost=0
info|2026-01-24 05:58:38.904507|[g:1][CONSENSUS][PBFT]checkAndChangeView: Reach consensus,org_view=107,cur_changeCycle=1,curView=107,view=108
info|2026-01-24 05:58:39.905976|[g:1][CONSENSUS]addRawPrepare,height=1,reqIdx=0,hash=1b1d7739...,time=0
info|2026-01-24 05:58:39.906256|[g:1][CONSENSUS][PBFT]checkTimeout Succ,view=108,toView=109,nodeIdx=3,changeCycle=1,myNode=bd50e2d2...,timecost=0
info|2026-01-24 05:58:39.907342|[g:1][CONSENSUS][PBFT]checkAndChangeView: Reach consensus,org_view=108,cur_changeCycle=1,curView=108,view=109
info|2026-01-24 05:58:40.329875|[P2P][Service] heartBeat,connected count=3
info|2026-01-24 05:58:40.909719|[g:1][CONSENSUS]addRawPrepare,height=1,reqIdx=1,hash=b537514b...,time=0
info|2026-01-24 05:58:40.910218|[g:1][CONSENSUS][PBFT]checkTimeout Succ,view=109,toView=110,nodeIdx=3,changeCycle=1,myNode=bd50e2d2...,timecost=1
info|2026-01-24 05:58:40.911071|[g:1][CONSENSUS][PBFT]checkAndChangeView: Reach consensus,org_view=109,cur_changeCycle=1,curView=109,view=110
info|2026-01-24 05:58:41.913502|[g:1][CONSENSUS]addRawPrepare,height=1,reqIdx=2,hash=5c0c5479...,time=0
info|2026-01-24 05:58:41.913807|[g:1][CONSENSUS][PBFT]checkTimeout Succ,view=110,toView=111,nodeIdx=3,changeCycle=1,myNode=bd50e2d2...,timecost=0
info|2026-01-24 05:58:41.914867|[g:1][CONSENSUS][PBFT]checkAndChangeView: Reach consensus,org_view=110,cur_changeCycle=1,curView=110,view=111
info|2026-01-24 05:58:42.915614|[g:1][CONSENSUS][SEALER]++++++++++++++++ Generating seal on,blkNum=1,tx=0,nodeIdx=3,hash=a9851cd9...
info|2026-01-24 05:58:42.916291|[g:1][CONSENSUS][PBFT]checkTimeout Succ,view=111,toView=112,nodeIdx=3,changeCycle=1,myNode=bd50e2d2...,timecost=0
info|2026-01-24 05:58:42.918042|[g:1][CONSENSUS][PBFT]checkAndChangeView: Reach consensus,org_view=111,cur_changeCycle=1,curView=111,view=112
info|2026-01-24 05:58:43.920147|[g:1][CONSENSUS]addRawPrepare,height=1,reqIdx=0,hash=bce9305c...,time=0
info|2026-01-24 05:58:43.920441|[g:1][CONSENSUS][PBFT]checkTimeout Succ,view=112,toView=113,nodeIdx=3,changeCycle=1,myNode=bd50e2d2...,timecost=0
info|2026-01-24 05:58:43.921335|[g:1][CONSENSUS][PBFT]checkAndChangeView: Reach consensus,org_view=112,cur_changeCycle=1,curView=112,view=113
info|2026-01-24 05:58:44.924574|[g:1][CONSENSUS]addRawPrepare,height=1,reqIdx=1,hash=c1546720...,time=0
info|2026-01-24 05:58:44.925015|[g:1][CONSENSUS][PBFT]checkTimeout Succ,view=113,toView=114,nodeIdx=3,changeCycle=1,myNode=bd50e2d2...,timecost=1
info|2026-01-24 05:58:44.925672|[g:1][CONSENSUS][PBFT]checkAndChangeView: Reach consensus,org_view=113,cur_changeCycle=1,curView=113,view=114
info|2026-01-24 05:58:45.930618|[g:1][CONSENSUS][PBFT]Trigger fast-viewchange,view=114,toView=114,minView=115,INFO=,reqNum=0,curNum=0,GenIdx=2,Cview=115,view=114,fromIdx=2,fromNode=6b879aa0...,fromIp=127.0.0.1:30302,hash=0d8e5b5d...,nodeIdx=3,myNode=bd50e2d2...
info|2026-01-24 05:58:45.930894|[g:1][CONSENSUS][PBFT]checkAndChangeView: Reach consensus,org_view=114,cur_changeCycle=2,curView=114,view=115
info|2026-01-24 05:58:45.930939|[g:1][CONSENSUS][PBFT]checkTimeout Succ,view=115,toView=115,nodeIdx=3,changeCycle=2,myNode=bd50e2d2...,timecost=0
info|2026-01-24 05:58:46.930832|[g:1][CONSENSUS][SEALER]++++++++++++++++ Generating seal on,blkNum=1,tx=0,nodeIdx=3,hash=9793f708...
info|2026-01-24 05:58:46.931494|[g:1][CONSENSUS][PBFT]checkTimeout Succ,view=115,toView=116,nodeIdx=3,changeCycle=1,myNode=bd50e2d2...,timecost=0
info|2026-01-24 05:58:46.933315|[g:1][CONSENSUS][PBFT]checkAndChangeView: Reach consensus,org_view=115,cur_changeCycle=1,curView=115,view=116
info|2026-01-24 05:58:47.936716|[g:1][CONSENSUS]addRawPrepare,height=1,reqIdx=0,hash=849f5228...,time=0
info|2026-01-24 05:58:47.937024|[g:1][CONSENSUS][PBFT]checkTimeout Succ,view=116,toView=117,nodeIdx=3,changeCycle=1,myNode=bd50e2d2...,timecost=1
info|2026-01-24 05:58:47.938306|[g:1][CONSENSUS][PBFT]checkAndChangeView: Reach consensus,org_view=116,cur_changeCycle=1,curView=116,view=117
info|2026-01-24 05:58:48.940144|[g:1][CONSENSUS]addRawPrepare,height=1,reqIdx=1,hash=270cf2bb...,time=0
info|2026-01-24 05:58:48.940442|[g:1][CONSENSUS][PBFT]checkTimeout Succ,view=117,toView=118,nodeIdx=3,changeCycle=1,myNode=bd50e2d2...,timecost=0
info|2026-01-24 05:58:48.941521|[g:1][CONSENSUS][PBFT]checkAndChangeView: Reach consensus,org_view=117,cur_changeCycle=1,curView=117,view=118
info|2026-01-24 05:58:49.943479|[g:1][CONSENSUS]addRawPrepare,height=1,reqIdx=2,hash=9691ebfd...,time=0
info|2026-01-24 05:58:49.943794|[g:1][CONSENSUS][PBFT]checkTimeout Succ,view=118,toView=119,nodeIdx=3,changeCycle=1,myNode=bd50e2d2...,timecost=0
info|2026-01-24 05:58:49.946080|[g:1][CONSENSUS][PBFT]checkAndChangeView: Reach consensus,org_view=118,cur_changeCycle=1,curView=118,view=119
info|2026-01-24 05:58:50.330612|[P2P][Service] heartBeat,connected count=3
info|2026-01-24 05:58:50.946502|[g:1][CONSENSUS][SEALER]++++++++++++++++ Generating seal on,blkNum=1,tx=0,nodeIdx=3,hash=99d845de...
info|2026-01-24 05:58:50.947203|[g:1][CONSENSUS][PBFT]checkTimeout Succ,view=119,toView=120,nodeIdx=3,changeCycle=1,myNode=bd50e2d2...,timecost=1
info|2026-01-24 05:58:50.948783|[g:1][CONSENSUS][PBFT]checkAndChangeView: Reach consensus,org_view=119,cur_changeCycle=1,curView=119,view=120
info|2026-01-24 05:58:51.950150|[g:1][CONSENSUS]addRawPrepare,height=1,reqIdx=0,hash=e07bfeb5...,time=0
info|2026-01-24 05:58:51.950987|[g:1][CONSENSUS][PBFT]checkTimeout Succ,view=120,toView=121,nodeIdx=3,changeCycle=1,myNode=bd50e2d2...,timecost=0
info|2026-01-24 05:58:51.951613|[g:1][CONSENSUS][PBFT]checkAndChangeView: Reach consensus,org_view=120,cur_changeCycle=1,curView=120,view=121
info|2026-01-24 05:58:52.953574|[g:1][CONSENSUS]addRawPrepare,height=1,reqIdx=1,hash=e35f6315...,time=0
info|2026-01-24 05:58:52.953864|[g:1][CONSENSUS][PBFT]checkTimeout Succ,view=121,toView=122,nodeIdx=3,changeCycle=1,myNode=bd50e2d2...,timecost=0
info|2026-01-24 05:58:52.954904|[g:1][CONSENSUS][PBFT]checkAndChangeView: Reach consensus,org_view=121,cur_changeCycle=1,curView=121,view=122
info|2026-01-24 05:58:53.957878|[g:1][CONSENSUS]addRawPrepare,height=1,reqIdx=2,hash=6d4f5732...,time=0
info|2026-01-24 05:58:53.958175|[g:1][CONSENSUS][PBFT]checkTimeout Succ,view=122,toView=123,nodeIdx=3,changeCycle=1,myNode=bd50e2d2...,timecost=1
info|2026-01-24 05:58:53.959757|[g:1][CONSENSUS][PBFT]checkAndChangeView: Reach consensus,org_view=122,cur_changeCycle=1,curView=122,view=123
info|2026-01-24 05:58:54.960617|[g:1][CONSENSUS][SEALER]++++++++++++++++ Generating seal on,blkNum=1,tx=0,nodeIdx=3,hash=d0b6aa4e...
info|2026-01-24 05:58:54.963187|[g:1][CONSENSUS][PBFT]checkTimeout Succ,view=123,toView=124,nodeIdx=3,changeCycle=1,myNode=bd50e2d2...,timecost=1
info|2026-01-24 05:58:54.963523|[g:1][CONSENSUS][PBFT]checkAndChangeView: Reach consensus,org_view=123,cur_changeCycle=1,curView=123,view=124
info|2026-01-24 05:58:55.965600|[g:1][CONSENSUS]addRawPrepare,height=1,reqIdx=0,hash=8b3cfd62...,time=0
info|2026-01-24 05:58:55.965987|[g:1][CONSENSUS][PBFT]checkTimeout Succ,view=124,toView=125,nodeIdx=3,changeCycle=1,myNode=bd50e2d2...,timecost=0
info|2026-01-24 05:58:55.966849|[g:1][CONSENSUS][PBFT]checkAndChangeView: Reach consensus,org_view=124,cur_changeCycle=1,curView=124,view=125
info|2026-01-24 05:58:56.970115|[g:1][CONSENSUS]addRawPrepare,height=1,reqIdx=1,hash=65f01f55...,time=0
info|2026-01-24 05:58:56.970405|[g:1][CONSENSUS][PBFT]checkTimeout Succ,view=125,toView=126,nodeIdx=3,changeCycle=1,myNode=bd50e2d2...,timecost=0
info|2026-01-24 05:58:56.971360|[g:1][CONSENSUS][PBFT]checkAndChangeView: Reach consensus,org_view=125,cur_changeCycle=1,curView=125,view=126
info|2026-01-24 05:58:57.974613|[g:1][CONSENSUS]addRawPrepare,height=1,reqIdx=2,hash=6863e689...,time=0
info|2026-01-24 05:58:57.974884|[g:1][CONSENSUS][PBFT]checkTimeout Succ,view=126,toView=127,nodeIdx=3,changeCycle=1,myNode=bd50e2d2...,timecost=0
info|2026-01-24 05:58:57.975695|[g:1][CONSENSUS][PBFT]checkAndChangeView: Reach consensus,org_view=126,cur_changeCycle=1,curView=126,view=127
info|2026-01-24 05:58:58.977026|[g:1][CONSENSUS][SEALER]++++++++++++++++ Generating seal on,blkNum=1,tx=0,nodeIdx=3,hash=73bc7120...
info|2026-01-24 05:58:58.977672|[g:1][CONSENSUS][PBFT]checkTimeout Succ,view=127,toView=128,nodeIdx=3,changeCycle=1,myNode=bd50e2d2...,timecost=0
info|2026-01-24 05:58:58.979544|[g:1][CONSENSUS][PBFT]checkAndChangeView: Reach consensus,org_view=127,cur_changeCycle=1,curView=127,view=128
info|2026-01-24 05:58:59.982162|[g:1][CONSENSUS]addRawPrepare,height=1,reqIdx=0,hash=77bf9295...,time=0
info|2026-01-24 05:58:59.982618|[g:1][CONSENSUS][PBFT]checkTimeout Succ,view=128,toView=129,nodeIdx=3,changeCycle=1,myNode=bd50e2d2...,timecost=0
info|2026-01-24 05:58:59.983667|[g:1][CONSENSUS][PBFT]checkAndChangeView: Reach consensus,org_view=128,cur_changeCycle=1,curView=128,view=129
info|2026-01-24 05:59:00.331838|[P2P][Service] heartBeat,connected count=3
info|2026-01-24 05:59:00.986293|[g:1][CONSENSUS]addRawPrepare,height=1,reqIdx=1,hash=ac8c2b53...,time=0
info|2026-01-24 05:59:00.987200|[g:1][CONSENSUS][PBFT]checkTimeout Succ,view=129,toView=130,nodeIdx=3,changeCycle=1,myNode=bd50e2d2...,timecost=1
info|2026-01-24 05:59:00.987815|[g:1][CONSENSUS][PBFT]checkAndChangeView: Reach consensus,org_view=129,cur_changeCycle=1,curView=129,view=130
info|2026-01-24 05:59:01.989020|[g:1][CONSENSUS]addRawPrepare,height=1,reqIdx=2,hash=7b0d4ef9...,time=0
info|2026-01-24 05:59:01.989568|[g:1][CONSENSUS][PBFT]checkTimeout Succ,view=130,toView=131,nodeIdx=3,changeCycle=1,myNode=bd50e2d2...,timecost=0
info|2026-01-24 05:59:01.990289|[g:1][CONSENSUS][PBFT]checkAndChangeView: Reach consensus,org_view=130,cur_changeCycle=1,curView=130,view=131
info|2026-01-24 05:59:02.990883|[g:1][CONSENSUS][SEALER]++++++++++++++++ Generating seal on,blkNum=1,tx=0,nodeIdx=3,hash=41b801bc...
info|2026-01-24 05:59:02.991765|[g:1][CONSENSUS][PBFT]checkTimeout Succ,view=131,toView=132,nodeIdx=3,changeCycle=1,myNode=bd50e2d2...,timecost=0
info|2026-01-24 05:59:02.993605|[g:1][CONSENSUS][PBFT]checkAndChangeView: Reach consensus,org_view=131,cur_changeCycle=1,curView=131,view=132
info|2026-01-24 05:59:03.994875|[g:1][CONSENSUS]addRawPrepare,height=1,reqIdx=0,hash=a9b175ba...,time=0
info|2026-01-24 05:59:03.995290|[g:1][CONSENSUS][PBFT]checkTimeout Succ,view=132,toView=133,nodeIdx=3,changeCycle=1,myNode=bd50e2d2...,timecost=1
info|2026-01-24 05:59:03.995907|[g:1][CONSENSUS][PBFT]checkAndChangeView: Reach consensus,org_view=132,cur_changeCycle=1,curView=132,view=133
info|2026-01-24 05:59:04.997729|[g:1][CONSENSUS]addRawPrepare,height=1,reqIdx=1,hash=35e73bdb...,time=0
info|2026-01-24 05:59:04.998024|[g:1][CONSENSUS][PBFT]checkTimeout Succ,view=133,toView=134,nodeIdx=3,changeCycle=1,myNode=bd50e2d2...,timecost=1
info|2026-01-24 05:59:04.999395|[g:1][CONSENSUS][PBFT]checkAndChangeView: Reach consensus,org_view=133,cur_changeCycle=1,curView=133,view=134
info|2026-01-24 05:59:06.002836|[g:1][CONSENSUS]addRawPrepare,height=1,reqIdx=2,hash=85712836...,time=0
info|2026-01-24 05:59:06.003506|[g:1][CONSENSUS][PBFT]checkTimeout Succ,view=134,toView=135,nodeIdx=3,changeCycle=1,myNode=bd50e2d2...,timecost=1
info|2026-01-24 05:59:06.006240|[g:1][CONSENSUS][PBFT]checkAndChangeView: Reach consensus,org_view=134,cur_changeCycle=1,curView=134,view=135
info|2026-01-24 05:59:07.006513|[g:1][CONSENSUS][SEALER]++++++++++++++++ Generating seal on,blkNum=1,tx=0,nodeIdx=3,hash=6f11bbf0...
info|2026-01-24 05:59:07.009656|[g:1][CONSENSUS][PBFT]checkTimeout Succ,view=135,toView=136,nodeIdx=3,changeCycle=1,myNode=bd50e2d2...,timecost=0
info|2026-01-24 05:59:07.009947|[g:1][CONSENSUS][PBFT]checkAndChangeView: Reach consensus,org_view=135,cur_changeCycle=1,curView=135,view=136
info|2026-01-24 05:59:08.010841|[g:1][CONSENSUS]addRawPrepare,height=1,reqIdx=0,hash=b18fba31...,time=0
info|2026-01-24 05:59:08.011746|[g:1][CONSENSUS][PBFT]checkTimeout Succ,view=136,toView=137,nodeIdx=3,changeCycle=1,myNode=bd50e2d2...,timecost=1
info|2026-01-24 05:59:08.012377|[g:1][CONSENSUS][PBFT]checkAndChangeView: Reach consensus,org_view=136,cur_changeCycle=1,curView=136,view=137
info|2026-01-24 05:59:09.014475|[g:1][CONSENSUS]addRawPrepare,height=1,reqIdx=1,hash=4bcb2c82...,time=0
info|2026-01-24 05:59:09.014871|[g:1][CONSENSUS][PBFT]checkTimeout Succ,view=137,toView=138,nodeIdx=3,changeCycle=1,myNode=bd50e2d2...,timecost=0
info|2026-01-24 05:59:09.015819|[g:1][CONSENSUS][PBFT]checkAndChangeView: Reach consensus,org_view=137,cur_changeCycle=1,curView=137,view=138
info|2026-01-24 05:59:10.017918|[g:1][CONSENSUS]addRawPrepare,height=1,reqIdx=2,hash=0e6284e5...,time=0
info|2026-01-24 05:59:10.018344|[g:1][CONSENSUS][PBFT]checkTimeout Succ,view=138,toView=139,nodeIdx=3,changeCycle=1,myNode=bd50e2d2...,timecost=1
info|2026-01-24 05:59:10.019125|[g:1][CONSENSUS][PBFT]checkAndChangeView: Reach consensus,org_view=138,cur_changeCycle=1,curView=138,view=139
info|2026-01-24 05:59:10.332208|[P2P][Service] heartBeat,connected count=3
info|2026-01-24 05:59:11.019086|[g:1][CONSENSUS][SEALER]++++++++++++++++ Generating seal on,blkNum=1,tx=0,nodeIdx=3,hash=33793443...
info|2026-01-24 05:59:11.020091|[g:1][CONSENSUS][PBFT]checkTimeout Succ,view=139,toView=140,nodeIdx=3,changeCycle=1,myNode=bd50e2d2...,timecost=1
info|2026-01-24 05:59:11.025804|[g:1][CONSENSUS][PBFT]checkAndChangeView: Reach consensus,org_view=139,cur_changeCycle=1,curView=139,view=140
info|2026-01-24 05:59:12.027161|[g:1][CONSENSUS]addRawPrepare,height=1,reqIdx=0,hash=28c9349b...,time=0
info|2026-01-24 05:59:12.027556|[g:1][CONSENSUS][PBFT]checkTimeout Succ,view=140,toView=141,nodeIdx=3,changeCycle=1,myNode=bd50e2d2...,timecost=0
info|2026-01-24 05:59:12.028333|[g:1][CONSENSUS][PBFT]checkAndChangeView: Reach consensus,org_view=140,cur_changeCycle=1,curView=140,view=141
info|2026-01-24 05:59:13.030466|[g:1][CONSENSUS]addRawPrepare,height=1,reqIdx=1,hash=4ec49f45...,time=0
info|2026-01-24 05:59:13.030802|[g:1][CONSENSUS][PBFT]checkTimeout Succ,view=141,toView=142,nodeIdx=3,changeCycle=1,myNode=bd50e2d2...,timecost=0
info|2026-01-24 05:59:13.031803|[g:1][CONSENSUS][PBFT]checkAndChangeView: Reach consensus,org_view=141,cur_changeCycle=1,curView=141,view=142
info|2026-01-24 05:59:14.034406|[g:1][CONSENSUS]addRawPrepare,height=1,reqIdx=2,hash=fc885aee...,time=0
info|2026-01-24 05:59:14.035425|[g:1][CONSENSUS][PBFT]checkTimeout Succ,view=142,toView=143,nodeIdx=3,changeCycle=1,myNode=bd50e2d2...,timecost=1
info|2026-01-24 05:59:14.036102|[g:1][CONSENSUS][PBFT]checkAndChangeView: Reach consensus,org_view=142,cur_changeCycle=1,curView=142,view=143
info|2026-01-24 05:59:15.036656|[g:1][CONSENSUS][SEALER]++++++++++++++++ Generating seal on,blkNum=1,tx=0,nodeIdx=3,hash=f79e5a26...
info|2026-01-24 05:59:15.039404|[g:1][CONSENSUS][PBFT]checkTimeout Succ,view=143,toView=144,nodeIdx=3,changeCycle=1,myNode=bd50e2d2...,timecost=0
info|2026-01-24 05:59:15.039872|[g:1][CONSENSUS][PBFT]checkAndChangeView: Reach consensus,org_view=143,cur_changeCycle=1,curView=143,view=144
info|2026-01-24 05:59:16.041107|[g:1][CONSENSUS]addRawPrepare,height=1,reqIdx=0,hash=467fc706...,time=0
info|2026-01-24 05:59:16.041576|[g:1][CONSENSUS][PBFT]checkTimeout Succ,view=144,toView=145,nodeIdx=3,changeCycle=1,myNode=bd50e2d2...,timecost=0
info|2026-01-24 05:59:16.042217|[g:1][CONSENSUS][PBFT]checkAndChangeView: Reach consensus,org_view=144,cur_changeCycle=1,curView=144,view=145
info|2026-01-24 05:59:17.045340|[g:1][CONSENSUS]addRawPrepare,height=1,reqIdx=1,hash=15d62eda...,time=0
info|2026-01-24 05:59:17.045647|[g:1][CONSENSUS][PBFT]checkTimeout Succ,view=145,toView=146,nodeIdx=3,changeCycle=1,myNode=bd50e2d2...,timecost=0
info|2026-01-24 05:59:17.046867|[g:1][CONSENSUS][PBFT]checkAndChangeView: Reach consensus,org_view=145,cur_changeCycle=1,curView=145,view=146
info|2026-01-24 05:59:18.047786|[g:1][CONSENSUS]addRawPrepare,height=1,reqIdx=2,hash=05711d11...,time=0
info|2026-01-24 05:59:18.048581|[g:1][CONSENSUS][PBFT]checkTimeout Succ,view=146,toView=147,nodeIdx=3,changeCycle=1,myNode=bd50e2d2...,timecost=1
info|2026-01-24 05:59:18.049427|[g:1][CONSENSUS][PBFT]checkAndChangeView: Reach consensus,org_view=146,cur_changeCycle=1,curView=146,view=147
info|2026-01-24 05:59:19.051470|[g:1][CONSENSUS][SEALER]++++++++++++++++ Generating seal on,blkNum=1,tx=0,nodeIdx=3,hash=898fb74f...
info|2026-01-24 05:59:19.052234|[g:1][CONSENSUS][PBFT]checkTimeout Succ,view=147,toView=148,nodeIdx=3,changeCycle=1,myNode=bd50e2d2...,timecost=0
info|2026-01-24 05:59:19.054343|[g:1][CONSENSUS][PBFT]checkAndChangeView: Reach consensus,org_view=147,cur_changeCycle=1,curView=147,view=148
info|2026-01-24 05:59:20.056019|[g:1][CONSENSUS]addRawPrepare,height=1,reqIdx=0,hash=7327fe10...,time=0
info|2026-01-24 05:59:20.056348|[g:1][CONSENSUS][PBFT]checkTimeout Succ,view=148,toView=149,nodeIdx=3,changeCycle=1,myNode=bd50e2d2...,timecost=0
info|2026-01-24 05:59:20.057523|[g:1][CONSENSUS][PBFT]checkAndChangeView: Reach consensus,org_view=148,cur_changeCycle=1,curView=148,view=149
info|2026-01-24 05:59:20.332574|[P2P][Service] heartBeat,connected count=3
info|2026-01-24 05:59:21.060044|[g:1][CONSENSUS]addRawPrepare,height=1,reqIdx=1,hash=44ed2f19...,time=0
info|2026-01-24 05:59:21.060308|[g:1][CONSENSUS][PBFT]checkTimeout Succ,view=149,toView=150,nodeIdx=3,changeCycle=1,myNode=bd50e2d2...,timecost=0
info|2026-01-24 05:59:21.061190|[g:1][CONSENSUS][PBFT]checkAndChangeView: Reach consensus,org_view=149,cur_changeCycle=1,curView=149,view=150
info|2026-01-24 05:59:22.063600|[g:1][CONSENSUS]addRawPrepare,height=1,reqIdx=2,hash=523c13e9...,time=0
info|2026-01-24 05:59:22.063895|[g:1][CONSENSUS][PBFT]checkTimeout Succ,view=150,toView=151,nodeIdx=3,changeCycle=1,myNode=bd50e2d2...,timecost=0
info|2026-01-24 05:59:22.064821|[g:1][CONSENSUS][PBFT]checkAndChangeView: Reach consensus,org_view=150,cur_changeCycle=1,curView=150,view=151
info|2026-01-24 05:59:23.065165|[g:1][CONSENSUS][SEALER]++++++++++++++++ Generating seal on,blkNum=1,tx=0,nodeIdx=3,hash=61dfca4f...
info|2026-01-24 05:59:23.066066|[g:1][CONSENSUS][PBFT]checkTimeout Succ,view=151,toView=152,nodeIdx=3,changeCycle=1,myNode=bd50e2d2...,timecost=1
info|2026-01-24 05:59:23.068016|[g:1][CONSENSUS][PBFT]checkAndChangeView: Reach consensus,org_view=151,cur_changeCycle=1,curView=151,view=152
info|2026-01-24 05:59:24.070249|[g:1][CONSENSUS]addRawPrepare,height=1,reqIdx=0,hash=c98f4289...,time=0
info|2026-01-24 05:59:24.070571|[g:1][CONSENSUS][PBFT]checkTimeout Succ,view=152,toView=153,nodeIdx=3,changeCycle=1,myNode=bd50e2d2...,timecost=0
info|2026-01-24 05:59:24.071612|[g:1][CONSENSUS][PBFT]checkAndChangeView: Reach consensus,org_view=152,cur_changeCycle=1,curView=152,view=153
info|2026-01-24 05:59:25.073897|[g:1][CONSENSUS]addRawPrepare,height=1,reqIdx=1,hash=f220bf04...,time=0
info|2026-01-24 05:59:25.074187|[g:1][CONSENSUS][PBFT]checkTimeout Succ,view=153,toView=154,nodeIdx=3,changeCycle=1,myNode=bd50e2d2...,timecost=1
info|2026-01-24 05:59:25.075178|[g:1][CONSENSUS][PBFT]checkAndChangeView: Reach consensus,org_view=153,cur_changeCycle=1,curView=153,view=154
info|2026-01-24 05:59:26.078983|[g:1][CONSENSUS]addRawPrepare,height=1,reqIdx=2,hash=399fe57c...,time=0
info|2026-01-24 05:59:26.079584|[g:1][CONSENSUS][PBFT]checkTimeout Succ,view=154,toView=155,nodeIdx=3,changeCycle=1,myNode=bd50e2d2...,timecost=0
info|2026-01-24 05:59:26.080537|[g:1][CONSENSUS][PBFT]checkAndChangeView: Reach consensus,org_view=154,cur_changeCycle=1,curView=154,view=155
info|2026-01-24 05:59:27.082009|[g:1][CONSENSUS][SEALER]++++++++++++++++ Generating seal on,blkNum=1,tx=0,nodeIdx=3,hash=04d829bb...
info|2026-01-24 05:59:27.084281|[g:1][CONSENSUS][PBFT]checkTimeout Succ,view=155,toView=156,nodeIdx=3,changeCycle=1,myNode=bd50e2d2...,timecost=0
info|2026-01-24 05:59:27.084903|[g:1][CONSENSUS][PBFT]checkAndChangeView: Reach consensus,org_view=155,cur_changeCycle=1,curView=155,view=156
info|2026-01-24 05:59:28.085804|[g:1][CONSENSUS]addRawPrepare,height=1,reqIdx=0,hash=ffc40380...,time=0
info|2026-01-24 05:59:28.086198|[g:1][CONSENSUS][PBFT]checkTimeout Succ,view=156,toView=157,nodeIdx=3,changeCycle=1,myNode=bd50e2d2...,timecost=1
info|2026-01-24 05:59:28.086925|[g:1][CONSENSUS][PBFT]checkAndChangeView: Reach consensus,org_view=156,cur_changeCycle=1,curView=156,view=157
info|2026-01-24 05:59:29.090384|[g:1][CONSENSUS]addRawPrepare,height=1,reqIdx=1,hash=bba2474d...,time=0
info|2026-01-24 05:59:29.090698|[g:1][CONSENSUS][PBFT]checkTimeout Succ,view=157,toView=158,nodeIdx=3,changeCycle=1,myNode=bd50e2d2...,timecost=0
info|2026-01-24 05:59:29.091587|[g:1][CONSENSUS][PBFT]checkAndChangeView: Reach consensus,org_view=157,cur_changeCycle=1,curView=157,view=158
info|2026-01-24 05:59:30.093999|[g:1][CONSENSUS]addRawPrepare,height=1,reqIdx=2,hash=497f71ee...,time=1
info|2026-01-24 05:59:30.094433|[g:1][CONSENSUS][PBFT]checkTimeout Succ,view=158,toView=159,nodeIdx=3,changeCycle=1,myNode=bd50e2d2...,timecost=0
info|2026-01-24 05:59:30.095338|[g:1][CONSENSUS][PBFT]checkAndChangeView: Reach consensus,org_view=158,cur_changeCycle=1,curView=158,view=159
info|2026-01-24 05:59:30.333388|[P2P][Service] heartBeat,connected count=3
info|2026-01-24 05:59:31.097220|[g:1][CONSENSUS][SEALER]++++++++++++++++ Generating seal on,blkNum=1,tx=0,nodeIdx=3,hash=c4771def...
info|2026-01-24 05:59:31.099721|[g:1][CONSENSUS][PBFT]checkTimeout Succ,view=159,toView=160,nodeIdx=3,changeCycle=1,myNode=bd50e2d2...,timecost=0
info|2026-01-24 05:59:31.100493|[g:1][CONSENSUS][PBFT]checkAndChangeView: Reach consensus,org_view=159,cur_changeCycle=1,curView=159,view=160
info|2026-01-24 05:59:32.102502|[g:1][CONSENSUS]addRawPrepare,height=1,reqIdx=0,hash=3d3b6033...,time=0
info|2026-01-24 05:59:32.102793|[g:1][CONSENSUS][PBFT]checkTimeout Succ,view=160,toView=161,nodeIdx=3,changeCycle=1,myNode=bd50e2d2...,timecost=0
info|2026-01-24 05:59:32.103469|[g:1][CONSENSUS][PBFT]checkAndChangeView: Reach consensus,org_view=160,cur_changeCycle=1,curView=160,view=161
info|2026-01-24 05:59:33.106498|[g:1][CONSENSUS]addRawPrepare,height=1,reqIdx=1,hash=0bac28ba...,time=0
info|2026-01-24 05:59:33.107162|[g:1][CONSENSUS][PBFT]checkTimeout Succ,view=161,toView=162,nodeIdx=3,changeCycle=1,myNode=bd50e2d2...,timecost=1
info|2026-01-24 05:59:33.107989|[g:1][CONSENSUS][PBFT]checkAndChangeView: Reach consensus,org_view=161,cur_changeCycle=1,curView=161,view=162
info|2026-01-24 05:59:34.109770|[g:1][CONSENSUS]addRawPrepare,height=1,reqIdx=2,hash=b81babec...,time=0
info|2026-01-24 05:59:34.110341|[g:1][CONSENSUS][PBFT]checkTimeout Succ,view=162,toView=163,nodeIdx=3,changeCycle=1,myNode=bd50e2d2...,timecost=1
info|2026-01-24 05:59:34.110968|[g:1][CONSENSUS][PBFT]checkAndChangeView: Reach consensus,org_view=162,cur_changeCycle=1,curView=162,view=163
info|2026-01-24 05:59:35.111492|[g:1][CONSENSUS][SEALER]++++++++++++++++ Generating seal on,blkNum=1,tx=0,nodeIdx=3,hash=076e766e...
info|2026-01-24 05:59:35.112415|[g:1][CONSENSUS][PBFT]checkTimeout Succ,view=163,toView=164,nodeIdx=3,changeCycle=1,myNode=bd50e2d2...,timecost=0
info|2026-01-24 05:59:35.114088|[g:1][CONSENSUS][PBFT]checkAndChangeView: Reach consensus,org_view=163,cur_changeCycle=1,curView=163,view=164
info|2026-01-24 05:59:36.117823|[g:1][CONSENSUS][PBFT]Trigger fast-viewchange,view=164,toView=164,minView=165,INFO=,reqNum=0,curNum=0,GenIdx=0,Cview=165,view=164,fromIdx=0,fromNode=146986ac...,fromIp=127.0.0.1:30300,hash=0d8e5b5d...,nodeIdx=3,myNode=bd50e2d2...
info|2026-01-24 05:59:36.118089|[g:1][CONSENSUS][PBFT]checkAndChangeView: Reach consensus,org_view=164,cur_changeCycle=2,curView=164,view=165
info|2026-01-24 05:59:36.118109|[g:1][CONSENSUS][PBFT]checkTimeout Succ,view=165,toView=165,nodeIdx=3,changeCycle=2,myNode=bd50e2d2...,timecost=1
info|2026-01-24 05:59:37.119855|[g:1][CONSENSUS]addRawPrepare,height=1,reqIdx=1,hash=5ffaf3e2...,time=0
info|2026-01-24 05:59:37.120195|[g:1][CONSENSUS][PBFT]checkTimeout Succ,view=165,toView=166,nodeIdx=3,changeCycle=1,myNode=bd50e2d2...,timecost=1
info|2026-01-24 05:59:37.121333|[g:1][CONSENSUS][PBFT]checkAndChangeView: Reach consensus,org_view=165,cur_changeCycle=1,curView=165,view=166
info|2026-01-24 05:59:38.124007|[g:1][CONSENSUS]addRawPrepare,height=1,reqIdx=2,hash=c8111a5c...,time=0
info|2026-01-24 05:59:38.124558|[g:1][CONSENSUS][PBFT]checkTimeout Succ,view=166,toView=167,nodeIdx=3,changeCycle=1,myNode=bd50e2d2...,timecost=0
info|2026-01-24 05:59:38.125209|[g:1][CONSENSUS][PBFT]checkAndChangeView: Reach consensus,org_view=166,cur_changeCycle=1,curView=166,view=167
info|2026-01-24 05:59:39.127339|[g:1][CONSENSUS][SEALER]++++++++++++++++ Generating seal on,blkNum=1,tx=0,nodeIdx=3,hash=b8612e7c...
info|2026-01-24 05:59:39.129559|[g:1][CONSENSUS][PBFT]checkTimeout Succ,view=167,toView=168,nodeIdx=3,changeCycle=1,myNode=bd50e2d2...,timecost=0
info|2026-01-24 05:59:39.130293|[g:1][CONSENSUS][PBFT]checkAndChangeView: Reach consensus,org_view=167,cur_changeCycle=1,curView=167,view=168
info|2026-01-24 05:59:40.132258|[g:1][CONSENSUS]addRawPrepare,height=1,reqIdx=0,hash=6a20aa5b...,time=0
info|2026-01-24 05:59:40.132600|[g:1][CONSENSUS][PBFT]checkTimeout Succ,view=168,toView=169,nodeIdx=3,changeCycle=1,myNode=bd50e2d2...,timecost=0
info|2026-01-24 05:59:40.133546|[g:1][CONSENSUS][PBFT]checkAndChangeView: Reach consensus,org_view=168,cur_changeCycle=1,curView=168,view=169
info|2026-01-24 05:59:40.334377|[P2P][Service] heartBeat,connected count=3
info|2026-01-24 05:59:41.136067|[g:1][CONSENSUS]addRawPrepare,height=1,reqIdx=1,hash=e5bbb7a5...,time=0
info|2026-01-24 05:59:41.136660|[g:1][CONSENSUS][PBFT]checkTimeout Succ,view=169,toView=170,nodeIdx=3,changeCycle=1,myNode=bd50e2d2...,timecost=0
info|2026-01-24 05:59:41.137449|[g:1][CONSENSUS][PBFT]checkAndChangeView: Reach consensus,org_view=169,cur_changeCycle=1,curView=169,view=170
info|2026-01-24 05:59:42.137885|[g:1][CONSENSUS]addRawPrepare,height=1,reqIdx=2,hash=82000fed...,time=0
info|2026-01-24 05:59:42.138173|[g:1][CONSENSUS][PBFT]checkTimeout Succ,view=170,toView=171,nodeIdx=3,changeCycle=1,myNode=bd50e2d2...,timecost=1
info|2026-01-24 05:59:42.138951|[g:1][CONSENSUS][PBFT]checkAndChangeView: Reach consensus,org_view=170,cur_changeCycle=1,curView=170,view=171
info|2026-01-24 05:59:43.138864|[g:1][CONSENSUS][SEALER]++++++++++++++++ Generating seal on,blkNum=1,tx=0,nodeIdx=3,hash=6dd5f3e5...
info|2026-01-24 05:59:43.139524|[g:1][CONSENSUS][PBFT]checkTimeout Succ,view=171,toView=172,nodeIdx=3,changeCycle=1,myNode=bd50e2d2...,timecost=0
info|2026-01-24 05:59:43.141328|[g:1][CONSENSUS][PBFT]checkAndChangeView: Reach consensus,org_view=171,cur_changeCycle=1,curView=171,view=172
info|2026-01-24 05:59:44.144570|[g:1][CONSENSUS]addRawPrepare,height=1,reqIdx=0,hash=ec0ddc02...,time=0
info|2026-01-24 05:59:44.144841|[g:1][CONSENSUS][PBFT]checkTimeout Succ,view=172,toView=173,nodeIdx=3,changeCycle=1,myNode=bd50e2d2...,timecost=0
info|2026-01-24 05:59:44.146356|[g:1][CONSENSUS][PBFT]checkAndChangeView: Reach consensus,org_view=172,cur_changeCycle=1,curView=172,view=173
info|2026-01-24 05:59:45.148107|[g:1][CONSENSUS]addRawPrepare,height=1,reqIdx=1,hash=024a94f8...,time=0
info|2026-01-24 05:59:45.148697|[g:1][CONSENSUS][PBFT]checkTimeout Succ,view=173,toView=174,nodeIdx=3,changeCycle=1,myNode=bd50e2d2...,timecost=0
info|2026-01-24 05:59:45.149402|[g:1][CONSENSUS][PBFT]checkAndChangeView: Reach consensus,org_view=173,cur_changeCycle=1,curView=173,view=174
info|2026-01-24 05:59:46.152187|[g:1][CONSENSUS]addRawPrepare,height=1,reqIdx=2,hash=dbe481e3...,time=0
info|2026-01-24 05:59:46.152465|[g:1][CONSENSUS][PBFT]checkTimeout Succ,view=174,toView=175,nodeIdx=3,changeCycle=1,myNode=bd50e2d2...,timecost=0
info|2026-01-24 05:59:46.154356|[g:1][CONSENSUS][PBFT]checkAndChangeView: Reach consensus,org_view=174,cur_changeCycle=1,curView=174,view=175
info|2026-01-24 05:59:47.154738|[g:1][CONSENSUS][SEALER]++++++++++++++++ Generating seal on,blkNum=1,tx=0,nodeIdx=3,hash=91d5c791...
info|2026-01-24 05:59:47.157579|[g:1][CONSENSUS][PBFT]checkTimeout Succ,view=175,toView=176,nodeIdx=3,changeCycle=1,myNode=bd50e2d2...,timecost=0
info|2026-01-24 05:59:47.158066|[g:1][CONSENSUS][PBFT]checkAndChangeView: Reach consensus,org_view=175,cur_changeCycle=1,curView=175,view=176
info|2026-01-24 05:59:48.159500|[g:1][CONSENSUS]addRawPrepare,height=1,reqIdx=0,hash=7f164d20...,time=0
info|2026-01-24 05:59:48.159819|[g:1][CONSENSUS][PBFT]checkTimeout Succ,view=176,toView=177,nodeIdx=3,changeCycle=1,myNode=bd50e2d2...,timecost=0
info|2026-01-24 05:59:48.161038|[g:1][CONSENSUS][PBFT]checkAndChangeView: Reach consensus,org_view=176,cur_changeCycle=1,curView=176,view=177
info|2026-01-24 05:59:49.162618|[g:1][CONSENSUS]addRawPrepare,height=1,reqIdx=1,hash=211cfe6d...,time=0
info|2026-01-24 05:59:49.162940|[g:1][CONSENSUS][PBFT]checkTimeout Succ,view=177,toView=178,nodeIdx=3,changeCycle=1,myNode=bd50e2d2...,timecost=0
info|2026-01-24 05:59:49.164255|[g:1][CONSENSUS][PBFT]checkAndChangeView: Reach consensus,org_view=177,cur_changeCycle=1,curView=177,view=178
info|2026-01-24 05:59:50.166588|[g:1][CONSENSUS]addRawPrepare,height=1,reqIdx=2,hash=a6347f03...,time=0
info|2026-01-24 05:59:50.166949|[g:1][CONSENSUS][PBFT]checkTimeout Succ,view=178,toView=179,nodeIdx=3,changeCycle=1,myNode=bd50e2d2...,timecost=0
info|2026-01-24 05:59:50.167868|[g:1][CONSENSUS][PBFT]checkAndChangeView: Reach consensus,org_view=178,cur_changeCycle=1,curView=178,view=179
info|2026-01-24 05:59:50.335162|[P2P][Service] heartBeat,connected count=3
info|2026-01-24 05:59:51.169165|[g:1][CONSENSUS][SEALER]++++++++++++++++ Generating seal on,blkNum=1,tx=0,nodeIdx=3,hash=39e52ded...
info|2026-01-24 05:59:51.169924|[g:1][CONSENSUS][PBFT]checkTimeout Succ,view=179,toView=180,nodeIdx=3,changeCycle=1,myNode=bd50e2d2...,timecost=0
info|2026-01-24 05:59:51.173789|[g:1][CONSENSUS][PBFT]checkAndChangeView: Reach consensus,org_view=179,cur_changeCycle=1,curView=179,view=180
info|2026-01-24 05:59:52.176236|[g:1][CONSENSUS]addRawPrepare,height=1,reqIdx=0,hash=0e20562a...,time=0
info|2026-01-24 05:59:52.176515|[g:1][CONSENSUS][PBFT]checkTimeout Succ,view=180,toView=181,nodeIdx=3,changeCycle=1,myNode=bd50e2d2...,timecost=0
info|2026-01-24 05:59:52.176943|[g:1][CONSENSUS][PBFT]checkAndChangeView: Reach consensus,org_view=180,cur_changeCycle=1,curView=180,view=181
info|2026-01-24 05:59:53.180352|[g:1][CONSENSUS]addRawPrepare,height=1,reqIdx=1,hash=d23cd60c...,time=0
info|2026-01-24 05:59:53.180702|[g:1][CONSENSUS][PBFT]checkTimeout Succ,view=181,toView=182,nodeIdx=3,changeCycle=1,myNode=bd50e2d2...,timecost=0
info|2026-01-24 05:59:53.181406|[g:1][CONSENSUS][PBFT]checkAndChangeView: Reach consensus,org_view=181,cur_changeCycle=1,curView=181,view=182
info|2026-01-24 05:59:54.184254|[g:1][CONSENSUS]addRawPrepare,height=1,reqIdx=2,hash=19d700b0...,time=0
info|2026-01-24 05:59:54.184769|[g:1][CONSENSUS][PBFT]checkTimeout Succ,view=182,toView=183,nodeIdx=3,changeCycle=1,myNode=bd50e2d2...,timecost=0
info|2026-01-24 05:59:54.185609|[g:1][CONSENSUS][PBFT]checkAndChangeView: Reach consensus,org_view=182,cur_changeCycle=1,curView=182,view=183
info|2026-01-24 05:59:55.186456|[g:1][CONSENSUS][SEALER]++++++++++++++++ Generating seal on,blkNum=1,tx=0,nodeIdx=3,hash=1d41f51e...
info|2026-01-24 05:59:55.188970|[g:1][CONSENSUS][PBFT]checkTimeout Succ,view=183,toView=184,nodeIdx=3,changeCycle=1,myNode=bd50e2d2...,timecost=0
info|2026-01-24 05:59:55.189840|[g:1][CONSENSUS][PBFT]checkAndChangeView: Reach consensus,org_view=183,cur_changeCycle=1,curView=183,view=184
info|2026-01-24 05:59:56.190261|[g:1][CONSENSUS]addRawPrepare,height=1,reqIdx=0,hash=e4de5f62...,time=0
info|2026-01-24 05:59:56.190577|[g:1][CONSENSUS][PBFT]checkTimeout Succ,view=184,toView=185,nodeIdx=3,changeCycle=1,myNode=bd50e2d2...,timecost=0
info|2026-01-24 05:59:56.191493|[g:1][CONSENSUS][PBFT]checkAndChangeView: Reach consensus,org_view=184,cur_changeCycle=1,curView=184,view=185
info|2026-01-24 05:59:57.198001|[g:1][CONSENSUS]addRawPrepare,height=1,reqIdx=1,hash=e44e479f...,time=1
info|2026-01-24 05:59:57.198307|[g:1][CONSENSUS][PBFT]checkTimeout Succ,view=185,toView=186,nodeIdx=3,changeCycle=1,myNode=bd50e2d2...,timecost=0
info|2026-01-24 05:59:57.199245|[g:1][CONSENSUS][PBFT]checkAndChangeView: Reach consensus,org_view=185,cur_changeCycle=1,curView=185,view=186
info|2026-01-24 05:59:58.202138|[g:1][CONSENSUS]addRawPrepare,height=1,reqIdx=2,hash=b7e8a6b8...,time=0
info|2026-01-24 05:59:58.202883|[g:1][CONSENSUS][PBFT]checkTimeout Succ,view=186,toView=187,nodeIdx=3,changeCycle=1,myNode=bd50e2d2...,timecost=0
info|2026-01-24 05:59:58.204238|[g:1][CONSENSUS][PBFT]checkAndChangeView: Reach consensus,org_view=186,cur_changeCycle=1,curView=186,view=187
info|2026-01-24 05:59:59.205033|[g:1][CONSENSUS][SEALER]++++++++++++++++ Generating seal on,blkNum=1,tx=0,nodeIdx=3,hash=d2f857dd...
info|2026-01-24 05:59:59.208005|[g:1][CONSENSUS][PBFT]checkTimeout Succ,view=187,toView=188,nodeIdx=3,changeCycle=1,myNode=bd50e2d2...,timecost=1
info|2026-01-24 05:59:59.208481|[g:1][CONSENSUS][PBFT]checkAndChangeView: Reach consensus,org_view=187,cur_changeCycle=1,curView=187,view=188
