info|2026-01-24 05:56:50.301691|[INITIALIZER][initGlobalConfig],enableCompress=true,compatibilityVersion=2.9.1,versionNumber=34144512,enableStat=false,chainId=1,useSMCrypto=false
info|2026-01-24 05:56:50.302092|[INITIALIZER][SecureInitializer]loading privateKey
info|2026-01-24 05:56:50.318819|[INITIALIZER][SecureInitializer]get pub of node,nodeID=146986ac829a29604714ea4b5bc827bb367a3210558d1305e0da3904efa88bcb1539c365c540998fed6d737af591070850e3e78c500931f56630174f9b238d8d
info|2026-01-24 05:56:50.319306|[INITIALIZER][SecureInitializer]use user certificate,file=conf//node.crt
info|2026-01-24 05:56:50.319946|[INITIALIZER][SecureInitializer]use ca certificate,file=conf//ca.crt
info|2026-01-24 05:56:50.319998|[INITIALIZER][SecureInitializer]use ca,file=conf//
info|2026-01-24 05:56:50.320024|[INITIALIZER][SecureInitializer][initChannelCertConfig]enable rsa cert for channel ,conf//channel_cert/ certs will be used for channel ssl,dataPath=conf/
info|2026-01-24 05:56:50.322934|[NETWORK][Host]Connecting to node,endpoint=127.0.0.1:30300
info|2026-01-24 05:56:50.323117|[NETWORK][Host]P2P StartAccept,Host=0.0.0.0:30300
info|2026-01-24 05:56:50.323145|[NETWORK][Host]Connecting to node,endpoint=127.0.0.1:30301
info|2026-01-24 05:56:50.323180|[NETWORK][Host]Connecting to node,endpoint=127.0.0.1:30302
info|2026-01-24 05:56:50.323205|[NETWORK][Host]Connecting to node,endpoint=127.0.0.1:30303
info|2026-01-24 05:56:50.323255|[P2P][Service] heartBeat,connected count=0
info|2026-01-24 05:56:50.323285|[INITIALIZER][RPCInitializer],network_security.check_cert_issuer=true
info|2026-01-24 05:56:50.324388|[CHANNEL][ChannelServer::run],threadPoolSize=8
info|2026-01-24 05:56:50.324487|[CHANNEL]ChannelRPCServer started
info|2026-01-24 05:56:50.324516|[INITIALIZER][RPCInitializer: ChannelRPCHttpServer started.],disableDynamicGroup=false,threadSize=8
info|2026-01-24 05:56:50.324544|[INITIALIZER][LedgerInitializer]initConfig
info|2026-01-24 05:56:50.324571|[LedgerInitializer],groupConfigPath=conf/
info|2026-01-24 05:56:50.325231|[INITIALIZER][initSingleLedger] [GroupId], LedgerConstructor:  1,configFileName=conf/group.1.genesis,dataDir=data/
info|2026-01-24 05:56:50.325330|[g:1][LedgerParam][parseGenesisConfig]initConsensusConfig/initStorageConfig/initTxConfig,configFile=conf/group.1.genesis
info|2026-01-24 05:56:50.325342|[g:1][LedgerParam][initConsensusConfig],type=pbft,consensusTimeout=3,maxTxNum=1000,txGasLimit=300000000
info|2026-01-24 05:56:50.325367|[g:1][LedgerParam][parsePublicKeyListOfSection],sectionName=consensus,it.first=146986ac829a29604714ea4b5bc827bb367a3210558d1305e0da3904efa88bcb1539c365c540998fed6d737af591070850e3e78c500931f56630174f9b238d8d
info|2026-01-24 05:56:50.325376|[g:1][LedgerParam][parsePublicKeyListOfSection],sectionName=consensus,it.first=2dc926cefde7ed2521073e9846a13cf20292f157b12985af3a259b59a5c6a9496b38e0e142c5804820b05180cc021be78d09673e64aae07340948f930fd00200
info|2026-01-24 05:56:50.325383|[g:1][LedgerParam][parsePublicKeyListOfSection],sectionName=consensus,it.first=6b879aa09fc838c31872e875808f0019802be55f327c7e5da9788e02f6476b842bc3c169d7e97f2dad8051412f35820a6325eb2083796eeb5287fd37c4bf074a
info|2026-01-24 05:56:50.325391|[g:1][LedgerParam][parsePublicKeyListOfSection],sectionName=consensus,it.first=bd50e2d24fc6278279f9f166fb146d14c1245545c06275f5e5ee6dd02cbb04d034586c5503770b5186ed6bb320bcb987c3de9f128f63d696f8bbe8b91be492e2
info|2026-01-24 05:56:50.325394|[g:1][LedgerParam][parsePublicKeyListOfSection],totalPubKeySize=4
info|2026-01-24 05:56:50.325413|[g:1][LedgerParam][max_block_range],maxBlockRange=0,maxBlockPerProcess=3
info|2026-01-24 05:56:50.325418|[g:1][LedgerParam][parseGenesisConfig],timestamp=1769179416000
info|2026-01-24 05:56:50.325425|[g:1][LedgerParam]setEVMFlags,enableFreeStorageVMSchedule=false,evmFlags=0
info|2026-01-24 05:56:50.325434|[g:1][LedgerParam]store evmFlag,evmFlag=0
info|2026-01-24 05:56:50.325441|[g:1][LedgerParam]store consensus time,consensusTimeout=3
info|2026-01-24 05:56:50.325444|[g:1][LedgerParam][initMark],genesisMark=1-146986ac829a29604714ea4b5bc827bb367a3210558d1305e0da3904efa88bcb1539c365c540998fed6d737af591070850e3e78c500931f56630174f9b238d8d,2dc926cefde7ed2521073e9846a13cf20292f157b12985af3a259b59a5c6a9496b38e0e142c5804820b05180cc021be78d09673e64aae07340948f930fd00200,6b879aa09fc838c31872e875808f0019802be55f327c7e5da9788e02f6476b842bc3c169d7e97f2dad8051412f35820a6325eb2083796eeb5287fd37c4bf074a,bd50e2d24fc6278279f9f166fb146d14c1245545c06275f5e5ee6dd02cbb04d034586c5503770b5186ed6bb320bcb987c3de9f128f63d696f8bbe8b91be492e2,-pbft-storage-0-1000-300000000-3
info|2026-01-24 05:56:50.325448|[g:1][LedgerParam][initIniConfig]initTxPoolConfig/initSyncConfig/initTxExecuteConfig,configFile=conf/group.1.ini
info|2026-01-24 05:56:50.325839|[g:1][LedgerParam][initStorageConfig],stateType=storage,storageDB=rocksdb,storagePath=data//group1/block/RocksDB,baseDir=data//group1,dbtype=mysql,dbip=127.0.0.1,dbport=3306,dbcharset=utf8mb4,initconnections=15,maxconnections=50,scrollThreshold=2000
info|2026-01-24 05:56:50.325857|[g:1][LedgerParam][initTxPoolConfig],txPoolLimit=150000,memorySizeLimit(MB)=512,notifyWorkerNum=2,txsExpirationTime(ms)=600000
info|2026-01-24 05:56:50.325863|[g:1][LedgerParam][initSyncConfig],idleWaitMs=200
info|2026-01-24 05:56:50.325869|[g:1][LedgerParam][initSyncConfig],enableSendTxsByTree=true,enableSendBlockStatusByTree=true
info|2026-01-24 05:56:50.325873|[g:1][LedgerParam][initSyncConfig],gossipInterval=1000
info|2026-01-24 05:56:50.325879|[g:1][LedgerParam][initSyncConfig],enableSendBlockStatusByTree=true,gossipInterval=1000,gossipPeers=3,syncTreeWidth=3,maxQueueSizeForBlockSync=536870912,txsStatusGossipMaxPeers=5
info|2026-01-24 05:56:50.325884|[g:1][LedgerParam][InitTxExecuteConfig],enableParallel=true
info|2026-01-24 05:56:50.325895|[g:1][LedgerParam][initConsensusIniConfig],maxTTL=2,minBlockGenerationTime=500,enablDynamicBlockSize=true,blockSizeIncreaseRatio=0.5,enableTTLOptimize=true,enablePrepareWithTxsHash=true
info|2026-01-24 05:56:50.325913|[g:1][LedgerParam][initRPBFTConsensusIniConfig],broadcastPrepareByTree=true,prepareStatusBroadcastPercent=33,maxRequestMissedTxsWaitTime=100,maxRequestPrepareWaitTime=100
info|2026-01-24 05:56:50.325917|[g:1][LedgerParam][initFlowControlConfig],maxQPS=9223372036854775807,outGoingBandwidth(Bytes)=9223372036854775807
info|2026-01-24 05:56:50.325921|[g:1][LedgerParam]parseSDKAllowList,sdkAllowList=[],enableSDKAllowListControl=false
info|2026-01-24 05:56:50.325951|[g:1][LEDGER][initLedger][DBInitializer]
info|2026-01-24 05:56:50.325960|[g:1][LEDGER]setSDKAllowList,groupId=1,sdkAllowListSize=0
info|2026-01-24 05:56:50.325963|[g:1][CHANNEL]registerSDKAllowListByGroupId,groupId=1,size=0
info|2026-01-24 05:56:50.325966|[g:1][CHANNEL]Disable group-level sdk permission control for sdk allowlist is empty
info|2026-01-24 05:56:50.325983|[g:1][DBINITIALIZER] [initStorageDB]
info|2026-01-24 05:56:50.325987|[g:1][DBINITIALIZER] [initRocksDBStorage]
info|2026-01-24 05:56:50.326009|[g:1][ROCKSDB]open rocksDB handler,path=data//group1/block/RocksDB
info|2026-01-24 05:56:50.326313|[NETWORK][ASIO]asyncResolveConnect,endpoint=127.0.0.1:30300
info|2026-01-24 05:56:50.326423|[NETWORK][ASIO]asyncResolveConnect,endpoint=127.0.0.1:30301
info|2026-01-24 05:56:50.327365|[NETWORK][ASIO]asyncResolveConnect,endpoint=127.0.0.1:30302
info|2026-01-24 05:56:50.327576|[NETWORK][ASIO]asyncResolveConnect,endpoint=127.0.0.1:30303
info|2026-01-24 05:56:50.327639|[NETWORK][Host]P2P Recv Connect, From=127.0.0.1:54522
info|2026-01-24 05:56:50.327718|[NETWORK][Host]P2P StartAccept,Host=0.0.0.0:30300
info|2026-01-24 05:56:50.328585|[NETWORK][Host]P2P Recv Connect, From=127.0.0.1:54538
info|2026-01-24 05:56:50.328682|[NETWORK][Host]P2P StartAccept,Host=0.0.0.0:30300
info|2026-01-24 05:56:50.329706|[NETWORK][Host]P2P Recv Connect, From=127.0.0.1:54546
info|2026-01-24 05:56:50.329774|[NETWORK][Host]P2P StartAccept,Host=0.0.0.0:30300
info|2026-01-24 05:56:50.330504|[NETWORK][Host]P2P Recv Connect, From=127.0.0.1:54556
info|2026-01-24 05:56:50.330588|[NETWORK][Host]P2P StartAccept,Host=0.0.0.0:30300
error|2026-01-24 05:56:50.331619|[NETWORK][Host]Get ca basic failed
error|2026-01-24 05:56:50.337530|[NETWORK][Host]Get ca basic failed
error|2026-01-24 05:56:50.340660|[NETWORK][Host]Get ca basic failed
error|2026-01-24 05:56:50.344818|[NETWORK][Host]Get ca basic failed
info|2026-01-24 05:56:50.347290|[NETWORK][Host]handshakeServer succ,remote endpoint=127.0.0.1:54538
info|2026-01-24 05:56:50.347410|[P2P][Service] Connection established,nodeID=6b879aa0...,endpoint=127.0.0.1:54538
info|2026-01-24 05:56:50.347426|[NETWORK][Host]startPeerSession, Remote=127.0.0.1:54538,local endpoint=127.0.0.1:30300,nodeID=6b879aa0...
info|2026-01-24 05:56:50.347686|[NETWORK][Host]handshakeServer succ,remote endpoint=127.0.0.1:54556
info|2026-01-24 05:56:50.347749|[NETWORK][Host]startPeerSession, Remote=127.0.0.1:54556,local endpoint=127.0.0.1:30300,nodeID=146986ac...
error|2026-01-24 05:56:50.348143|[NETWORK][Host]Get ca basic failed
error|2026-01-24 05:56:50.350862|[NETWORK][Host]Get ca basic failed
info|2026-01-24 05:56:50.353445|[g:1][g:1][STORAGE][CachedStorage]Init flushStorage thread
info|2026-01-24 05:56:50.353860|[g:1][DBINITIALIZER] [init CachedStorage],maxCapacity=32,maxForwardBlock=10
info|2026-01-24 05:56:50.353890|[g:1][LEDGER][initLedger][initBlockChain]
info|2026-01-24 05:56:50.354825|[g:1][LEDGER]set enableHexBlock to be false,version=34144512
info|2026-01-24 05:56:50.354851|[g:1][BLOCKCHAIN][#checkAndBuildGenesisBlock],shouldBuild=false
info|2026-01-24 05:56:50.355128|[g:1][BLOCKCHAIN][#checkAndBuildGenesisBlock]Already have the 0th block, 0th groupMark is equal to file groupMark.
info|2026-01-24 05:56:50.355153|[g:1][LEDGER][initLedger]initBlockChain SUCC
info|2026-01-24 05:56:50.355202|[g:1][DBINITIALIZER] [createStateFactory],type=storage
info|2026-01-24 05:56:50.355206|[g:1][DBINITIALIZER] createStorageState SUCC
info|2026-01-24 05:56:50.355208|[g:1][DBINITIALIZER] [createStateFactory SUCC]
info|2026-01-24 05:56:50.355210|[g:1][DBINITIALIZER] createExecutiveContext...
info|2026-01-24 05:56:50.355252|[g:1][LEDGER]createGasMetric,vmFlagType=0
info|2026-01-24 05:56:50.355256|[g:1][LEDGER]createGasMetric
info|2026-01-24 05:56:50.355261|[g:1][DBINITIALIZER] create precompiledGasFactory and precompiledResultFactory
info|2026-01-24 05:56:50.355263|[g:1][DBINITIALIZER] createExecutiveContext SUCC
info|2026-01-24 05:56:50.355268|[g:1][DBINITIALIZER] [setSyncNumForCachedStorage],syncNum=0
info|2026-01-24 05:56:50.355272|[g:1][LEDGER][initNetworkBandWidthLimiter: outGoingBandwidthLimit has been disabled],groupId=1
info|2026-01-24 05:56:50.355275|[g:1][LEDGER][QPSLimit has been disabled],groupId=1
info|2026-01-24 05:56:50.355277|[g:1][LEDGER][initLedger][initBlockVerifier]
info|2026-01-24 05:56:50.355281|[g:1][LEDGER][initLedger][initBlockVerifier SUCC],evmFlags=0
info|2026-01-24 05:56:50.355284|[g:1][LEDGER][initLedger][initTxPool],txPoolLimit=150000
info|2026-01-24 05:56:50.355577|[g:1][LEDGER][initLedger]initTxPool SUCC
info|2026-01-24 05:56:50.355583|[g:1][LEDGER][initLedger][initSync],idleWaitMs=200,gossipInterval=1000,gossipPeers=3
info|2026-01-24 05:56:50.355592|[g:1][LEDGER]Init sync master,enableSendBlockStatusByTree=true,enableSendTxsByTree=true
error|2026-01-24 05:56:50.355854|[NETWORK][Host]Get ca basic failed
info|2026-01-24 05:56:50.356683|[g:1][LEDGER][initLedger]initSync SUCC
info|2026-01-24 05:56:50.356690|[g:1][LEDGER][initLedger][consensusInitFactory]
info|2026-01-24 05:56:50.356693|[g:1][LEDGER][initLedger][createPBFTSealer]
info|2026-01-24 05:56:50.356696|[g:1][LEDGER][initLedger][createPBFTSealer],baseDir=data//group1,Protocol=65544
info|2026-01-24 05:56:50.356880|[g:1][LEDGER][initLedger]createPBFTSealer for PBFT or rPBFT,consensusType=pbft
info|2026-01-24 05:56:50.356886|[g:1][LEDGER]createConsensusEngine: create PBFTEngine
info|2026-01-24 05:56:50.356892|[g:1][CONSENSUS][PBFT]Register handler for PBFTEngine
info|2026-01-24 05:56:50.358076|[g:1][CONSENSUS][PBFT]setMinBlockGenerationTime,minBlockGenerationTime=500,consensusTime=1000
info|2026-01-24 05:56:50.358108|[g:1][LEDGER][initEventLogFilterManager]initEventLogFilterManager SUCC
info|2026-01-24 05:56:50.358113|[LedgerInitializer init group succ],groupID=1
info|2026-01-24 05:56:50.358223|[NETWORK][Host]handshakeClient succ,local endpoint=127.0.0.1:54556
info|2026-01-24 05:56:50.358326|[NETWORK][Host]startPeerSession, Remote=127.0.0.1:30300,local endpoint=127.0.0.1:54556,nodeID=146986ac...
info|2026-01-24 05:56:50.358397|[NETWORK][Host]handshakeServer succ,remote endpoint=127.0.0.1:54522
info|2026-01-24 05:56:50.358456|[P2P][Service] Connection established,nodeID=2dc926ce...,endpoint=127.0.0.1:54522
info|2026-01-24 05:56:50.358471|[NETWORK][Host]startPeerSession, Remote=127.0.0.1:54522,local endpoint=127.0.0.1:30300,nodeID=2dc926ce...
info|2026-01-24 05:56:50.358501|[NETWORK][Host]handshakeServer succ,remote endpoint=127.0.0.1:54546
info|2026-01-24 05:56:50.358538|[P2P][Service] Connection established,nodeID=bd50e2d2...,endpoint=127.0.0.1:54546
info|2026-01-24 05:56:50.358549|[NETWORK][Host]startPeerSession, Remote=127.0.0.1:54546,local endpoint=127.0.0.1:30300,nodeID=bd50e2d2...
info|2026-01-24 05:56:50.358557|[SafeHttpServer::StartListening]use default epoll
info|2026-01-24 05:56:50.358667|[NETWORK][Host]handshakeClient succ,local endpoint=127.0.0.1:46000
info|2026-01-24 05:56:50.358698|[NETWORK][Host]startPeerSession, Remote=127.0.0.1:30302,local endpoint=127.0.0.1:46000,nodeID=6b879aa0...
error|2026-01-24 05:56:50.358894|[NETWORK][Host]Get ca basic failed
info|2026-01-24 05:56:50.359189|[INITIALIZER][RPCInitializer JsonrpcHttpServer started],jsonrpc_IP=127.0.0.1,jsonrpc_listen_port=8545,jsonrpc_thread_count=8,ipv6=false,disableDynamicGroup=false
info|2026-01-24 05:56:50.359200|[g:1][LEDGER]startAll...
info|2026-01-24 05:56:50.360001|[g:1][GossipBlockStatus]start GossipBlockStatus succ
info|2026-01-24 05:56:50.360021|[g:1][CONSENSUS][ConsensusEngine][Start ConsensusEngineBase]
info|2026-01-24 05:56:50.360334|[g:1][CONSENSUS][PBFT]^^^^^^^^Report,num=0,sealerIdx=0,hash=0d8e5b5d...,next=1,tx=0,nodeIdx=0
info|2026-01-24 05:56:50.360371|[g:1][ROCKSDB]open rocksDB handler,path=data//group1/pbftMsgBackup/RocksDB
info|2026-01-24 05:56:50.362189|[NETWORK][Host]handshakeClient succ,local endpoint=127.0.0.1:48400
info|2026-01-24 05:56:50.362234|[NETWORK][Host]startPeerSession, Remote=127.0.0.1:30301,local endpoint=127.0.0.1:48400,nodeID=2dc926ce...
info|2026-01-24 05:56:50.362706|[g:1][NodeTimeMaintenance]updateTimeInfo: update median time offset,updatedMedianTimeOffset=-1,peer=bd50e2d2...,peerTime=1769263010361,peerOffset=-1,utcTime=1769263010362
info|2026-01-24 05:56:50.362848|[g:1][NodeTimeMaintenance]updateTimeInfo: update median time offset,updatedMedianTimeOffset=0,peer=6b879aa0...,peerTime=1769263010362,peerOffset=0,utcTime=1769263010362
info|2026-01-24 05:56:50.363857|[g:1][NodeTimeMaintenance]updateTimeInfo: update median time offset,updatedMedianTimeOffset=0,peer=2dc926ce...,peerTime=1769263010363,peerOffset=0,utcTime=1769263010364
info|2026-01-24 05:56:50.364862|[NETWORK][Host]handshakeClient succ,local endpoint=127.0.0.1:47852
info|2026-01-24 05:56:50.364892|[NETWORK][Host]startPeerSession, Remote=127.0.0.1:30303,local endpoint=127.0.0.1:47852,nodeID=bd50e2d2...
info|2026-01-24 05:56:50.374020|[g:1][CONSENSUS][PBFT][PBFT init env successfully]
info|2026-01-24 05:56:50.374035|[g:1][CONSENSUS][PBFT][Start PBFTEngine...]
info|2026-01-24 05:56:50.374038|[g:1][CONSENSUS][SEALER][Start sealer module]
info|2026-01-24 05:56:50.374149|[g:1][CONSENSUS][PBFT]^^^^^^^^Report,num=0,sealerIdx=0,hash=0d8e5b5d...,next=1,tx=0,nodeIdx=0
info|2026-01-24 05:56:50.374647|[g:1][EVENT][EventLogFilterManager]start,m_maxBlockRange=0,m_maxBlockPerLoopFilter=3
info|2026-01-24 05:56:51.360989|[g:1][CONSENSUS][SEALER]++++++++++++++++ Generating seal on,blkNum=1,tx=0,nodeIdx=0,hash=603398b6...
info|2026-01-24 05:56:51.430031|[g:1][CONSENSUS][PBFT]checkTimeout Succ,view=0,toView=1,nodeIdx=0,changeCycle=1,myNode=146986ac...,timecost=1
info|2026-01-24 05:56:51.484930|[g:1][CONSENSUS][PBFT]checkAndChangeView: Reach consensus,org_view=0,cur_changeCycle=1,curView=0,view=1
info|2026-01-24 05:56:52.488129|[g:1][CONSENSUS]addRawPrepare,height=1,reqIdx=1,hash=6502b227...,time=0
info|2026-01-24 05:56:52.488487|[g:1][CONSENSUS][PBFT]checkTimeout Succ,view=1,toView=2,nodeIdx=0,changeCycle=1,myNode=146986ac...,timecost=0
info|2026-01-24 05:56:52.489819|[g:1][CONSENSUS][PBFT]checkAndChangeView: Reach consensus,org_view=1,cur_changeCycle=1,curView=1,view=2
info|2026-01-24 05:56:53.492294|[g:1][CONSENSUS]addRawPrepare,height=1,reqIdx=2,hash=09ee798c...,time=0
info|2026-01-24 05:56:53.492540|[g:1][CONSENSUS][PBFT]checkTimeout Succ,view=2,toView=3,nodeIdx=0,changeCycle=1,myNode=146986ac...,timecost=0
info|2026-01-24 05:56:53.492860|[g:1][CONSENSUS][PBFT]checkAndChangeView: Reach consensus,org_view=2,cur_changeCycle=1,curView=2,view=3
info|2026-01-24 05:56:54.494856|[g:1][CONSENSUS]addRawPrepare,height=1,reqIdx=3,hash=004c0e5e...,time=0
info|2026-01-24 05:56:54.495141|[g:1][CONSENSUS][PBFT]checkTimeout Succ,view=3,toView=4,nodeIdx=0,changeCycle=1,myNode=146986ac...,timecost=1
info|2026-01-24 05:56:54.495737|[g:1][CONSENSUS][PBFT]checkAndChangeView: Reach consensus,org_view=3,cur_changeCycle=1,curView=3,view=4
info|2026-01-24 05:56:55.497266|[g:1][CONSENSUS][SEALER]++++++++++++++++ Generating seal on,blkNum=1,tx=0,nodeIdx=0,hash=755b2799...
info|2026-01-24 05:56:55.498127|[g:1][CONSENSUS][PBFT]checkTimeout Succ,view=4,toView=5,nodeIdx=0,changeCycle=1,myNode=146986ac...,timecost=1
info|2026-01-24 05:56:55.501161|[g:1][CONSENSUS][PBFT]checkAndChangeView: Reach consensus,org_view=4,cur_changeCycle=1,curView=4,view=5
info|2026-01-24 05:56:56.503976|[g:1][CONSENSUS]addRawPrepare,height=1,reqIdx=1,hash=174e9778...,time=0
info|2026-01-24 05:56:56.504371|[g:1][CONSENSUS][PBFT]checkTimeout Succ,view=5,toView=6,nodeIdx=0,changeCycle=1,myNode=146986ac...,timecost=0
info|2026-01-24 05:56:56.505560|[g:1][CONSENSUS][PBFT]checkAndChangeView: Reach consensus,org_view=5,cur_changeCycle=1,curView=5,view=6
info|2026-01-24 05:56:57.508537|[g:1][CONSENSUS]addRawPrepare,height=1,reqIdx=2,hash=f2ff5584...,time=0
info|2026-01-24 05:56:57.508955|[g:1][CONSENSUS][PBFT]checkTimeout Succ,view=6,toView=7,nodeIdx=0,changeCycle=1,myNode=146986ac...,timecost=0
info|2026-01-24 05:56:57.509589|[g:1][CONSENSUS][PBFT]checkAndChangeView: Reach consensus,org_view=6,cur_changeCycle=1,curView=6,view=7
info|2026-01-24 05:56:58.511428|[g:1][CONSENSUS]addRawPrepare,height=1,reqIdx=3,hash=b8dc8e99...,time=0
info|2026-01-24 05:56:58.511777|[g:1][CONSENSUS][PBFT]checkTimeout Succ,view=7,toView=8,nodeIdx=0,changeCycle=1,myNode=146986ac...,timecost=0
info|2026-01-24 05:56:58.513212|[g:1][CONSENSUS][PBFT]checkAndChangeView: Reach consensus,org_view=7,cur_changeCycle=1,curView=7,view=8
info|2026-01-24 05:56:59.515195|[g:1][CONSENSUS][SEALER]++++++++++++++++ Generating seal on,blkNum=1,tx=0,nodeIdx=0,hash=aeabb8c0...
info|2026-01-24 05:56:59.517795|[g:1][CONSENSUS][PBFT]checkTimeout Succ,view=8,toView=9,nodeIdx=0,changeCycle=1,myNode=146986ac...,timecost=0
info|2026-01-24 05:56:59.518170|[g:1][CONSENSUS][PBFT]checkAndChangeView: Reach consensus,org_view=8,cur_changeCycle=1,curView=8,view=9
info|2026-01-24 05:57:00.323552|[P2P][Service] heartBeat,connected count=3
info|2026-01-24 05:57:00.518929|[g:1][CONSENSUS]addRawPrepare,height=1,reqIdx=1,hash=06479bf3...,time=0
info|2026-01-24 05:57:00.519209|[g:1][CONSENSUS][PBFT]checkTimeout Succ,view=9,toView=10,nodeIdx=0,changeCycle=1,myNode=146986ac...,timecost=1
info|2026-01-24 05:57:00.521294|[g:1][CONSENSUS][PBFT]checkAndChangeView: Reach consensus,org_view=9,cur_changeCycle=1,curView=9,view=10
info|2026-01-24 05:57:01.522347|[g:1][CONSENSUS]addRawPrepare,height=1,reqIdx=2,hash=53a85b83...,time=0
info|2026-01-24 05:57:01.522656|[g:1][CONSENSUS][PBFT]checkTimeout Succ,view=10,toView=11,nodeIdx=0,changeCycle=1,myNode=146986ac...,timecost=0
info|2026-01-24 05:57:01.523969|[g:1][CONSENSUS][PBFT]checkAndChangeView: Reach consensus,org_view=10,cur_changeCycle=1,curView=10,view=11
info|2026-01-24 05:57:02.527056|[g:1][CONSENSUS]addRawPrepare,height=1,reqIdx=3,hash=d925f112...,time=0
info|2026-01-24 05:57:02.527334|[g:1][CONSENSUS][PBFT]checkTimeout Succ,view=11,toView=12,nodeIdx=0,changeCycle=1,myNode=146986ac...,timecost=0
info|2026-01-24 05:57:02.528757|[g:1][CONSENSUS][PBFT]checkAndChangeView: Reach consensus,org_view=11,cur_changeCycle=1,curView=11,view=12
info|2026-01-24 05:57:03.529041|[g:1][CONSENSUS][SEALER]++++++++++++++++ Generating seal on,blkNum=1,tx=0,nodeIdx=0,hash=eb844a0a...
info|2026-01-24 05:57:03.529702|[g:1][CONSENSUS][PBFT]checkTimeout Succ,view=12,toView=13,nodeIdx=0,changeCycle=1,myNode=146986ac...,timecost=0
info|2026-01-24 05:57:03.531686|[g:1][CONSENSUS][PBFT]checkAndChangeView: Reach consensus,org_view=12,cur_changeCycle=1,curView=12,view=13
info|2026-01-24 05:57:04.533534|[g:1][CONSENSUS]addRawPrepare,height=1,reqIdx=1,hash=31ccc5cb...,time=0
info|2026-01-24 05:57:04.533824|[g:1][CONSENSUS][PBFT]checkTimeout Succ,view=13,toView=14,nodeIdx=0,changeCycle=1,myNode=146986ac...,timecost=0
info|2026-01-24 05:57:04.534808|[g:1][CONSENSUS][PBFT]checkAndChangeView: Reach consensus,org_view=13,cur_changeCycle=1,curView=13,view=14
info|2026-01-24 05:57:05.538798|[g:1][CONSENSUS]addRawPrepare,height=1,reqIdx=2,hash=64029d67...,time=0
info|2026-01-24 05:57:05.539055|[g:1][CONSENSUS][PBFT]checkTimeout Succ,view=14,toView=15,nodeIdx=0,changeCycle=1,myNode=146986ac...,timecost=1
info|2026-01-24 05:57:05.540406|[g:1][CONSENSUS][PBFT]checkAndChangeView: Reach consensus,org_view=14,cur_changeCycle=1,curView=14,view=15
info|2026-01-24 05:57:06.542778|[g:1][CONSENSUS]addRawPrepare,height=1,reqIdx=3,hash=7b3d8f11...,time=0
info|2026-01-24 05:57:06.543228|[g:1][CONSENSUS][PBFT]checkTimeout Succ,view=15,toView=16,nodeIdx=0,changeCycle=1,myNode=146986ac...,timecost=1
info|2026-01-24 05:57:06.543642|[g:1][CONSENSUS][PBFT]checkAndChangeView: Reach consensus,org_view=15,cur_changeCycle=1,curView=15,view=16
info|2026-01-24 05:57:07.544997|[g:1][CONSENSUS][SEALER]++++++++++++++++ Generating seal on,blkNum=1,tx=0,nodeIdx=0,hash=c0eb6027...
info|2026-01-24 05:57:07.545645|[g:1][CONSENSUS][PBFT]checkTimeout Succ,view=16,toView=17,nodeIdx=0,changeCycle=1,myNode=146986ac...,timecost=0
info|2026-01-24 05:57:07.547504|[g:1][CONSENSUS][PBFT]checkAndChangeView: Reach consensus,org_view=16,cur_changeCycle=1,curView=16,view=17
info|2026-01-24 05:57:08.550749|[g:1][CONSENSUS]addRawPrepare,height=1,reqIdx=1,hash=bd260420...,time=0
info|2026-01-24 05:57:08.551301|[g:1][CONSENSUS][PBFT]checkTimeout Succ,view=17,toView=18,nodeIdx=0,changeCycle=1,myNode=146986ac...,timecost=1
info|2026-01-24 05:57:08.551728|[g:1][CONSENSUS][PBFT]checkAndChangeView: Reach consensus,org_view=17,cur_changeCycle=1,curView=17,view=18
info|2026-01-24 05:57:09.554105|[g:1][CONSENSUS]addRawPrepare,height=1,reqIdx=2,hash=b00d68ba...,time=0
info|2026-01-24 05:57:09.554425|[g:1][CONSENSUS][PBFT]checkTimeout Succ,view=18,toView=19,nodeIdx=0,changeCycle=1,myNode=146986ac...,timecost=0
info|2026-01-24 05:57:09.555072|[g:1][CONSENSUS][PBFT]checkAndChangeView: Reach consensus,org_view=18,cur_changeCycle=1,curView=18,view=19
info|2026-01-24 05:57:10.324192|[P2P][Service] heartBeat,connected count=3
info|2026-01-24 05:57:10.564199|[g:1][CONSENSUS][PBFT]Trigger fast-viewchange,view=19,toView=19,minView=20,INFO=,reqNum=0,curNum=0,GenIdx=1,Cview=20,view=19,fromIdx=1,fromNode=2dc926ce...,fromIp=127.0.0.1:54522,hash=0d8e5b5d...,nodeIdx=0,myNode=146986ac...
info|2026-01-24 05:57:10.564880|[g:1][CONSENSUS][PBFT]checkAndChangeView: Reach consensus,org_view=19,cur_changeCycle=2,curView=19,view=20
info|2026-01-24 05:57:10.564953|[g:1][CONSENSUS][PBFT]checkTimeout Succ,view=20,toView=20,nodeIdx=0,changeCycle=2,myNode=146986ac...,timecost=0
info|2026-01-24 05:57:11.565747|[g:1][CONSENSUS][SEALER]++++++++++++++++ Generating seal on,blkNum=1,tx=0,nodeIdx=0,hash=4539c895...
info|2026-01-24 05:57:11.568058|[g:1][CONSENSUS][PBFT]checkTimeout Succ,view=20,toView=21,nodeIdx=0,changeCycle=1,myNode=146986ac...,timecost=1
info|2026-01-24 05:57:11.568708|[g:1][CONSENSUS][PBFT]checkAndChangeView: Reach consensus,org_view=20,cur_changeCycle=1,curView=20,view=21
info|2026-01-24 05:57:12.570721|[g:1][CONSENSUS]addRawPrepare,height=1,reqIdx=1,hash=6816b037...,time=0
info|2026-01-24 05:57:12.571179|[g:1][CONSENSUS][PBFT]checkTimeout Succ,view=21,toView=22,nodeIdx=0,changeCycle=1,myNode=146986ac...,timecost=1
info|2026-01-24 05:57:12.572077|[g:1][CONSENSUS][PBFT]checkAndChangeView: Reach consensus,org_view=21,cur_changeCycle=1,curView=21,view=22
info|2026-01-24 05:57:13.573265|[g:1][CONSENSUS]addRawPrepare,height=1,reqIdx=2,hash=9be2c3d4...,time=0
info|2026-01-24 05:57:13.573563|[g:1][CONSENSUS][PBFT]checkTimeout Succ,view=22,toView=23,nodeIdx=0,changeCycle=1,myNode=146986ac...,timecost=0
info|2026-01-24 05:57:13.574543|[g:1][CONSENSUS][PBFT]checkAndChangeView: Reach consensus,org_view=22,cur_changeCycle=1,curView=22,view=23
info|2026-01-24 05:57:14.576998|[g:1][CONSENSUS]addRawPrepare,height=1,reqIdx=3,hash=96539bf9...,time=1
info|2026-01-24 05:57:14.577273|[g:1][CONSENSUS][PBFT]checkTimeout Succ,view=23,toView=24,nodeIdx=0,changeCycle=1,myNode=146986ac...,timecost=0
info|2026-01-24 05:57:14.578028|[g:1][CONSENSUS][PBFT]checkAndChangeView: Reach consensus,org_view=23,cur_changeCycle=1,curView=23,view=24
info|2026-01-24 05:57:15.578001|[g:1][CONSENSUS][SEALER]++++++++++++++++ Generating seal on,blkNum=1,tx=0,nodeIdx=0,hash=267f408b...
info|2026-01-24 05:57:15.583816|[g:1][CONSENSUS][PBFT]checkTimeout Succ,view=24,toView=25,nodeIdx=0,changeCycle=1,myNode=146986ac...,timecost=0
info|2026-01-24 05:57:15.584267|[g:1][CONSENSUS][PBFT]checkAndChangeView: Reach consensus,org_view=24,cur_changeCycle=1,curView=24,view=25
info|2026-01-24 05:57:16.586368|[g:1][CONSENSUS]addRawPrepare,height=1,reqIdx=1,hash=92d1992d...,time=0
info|2026-01-24 05:57:16.586961|[g:1][CONSENSUS][PBFT]checkTimeout Succ,view=25,toView=26,nodeIdx=0,changeCycle=1,myNode=146986ac...,timecost=0
info|2026-01-24 05:57:16.588109|[g:1][CONSENSUS][PBFT]checkAndChangeView: Reach consensus,org_view=25,cur_changeCycle=1,curView=25,view=26
info|2026-01-24 05:57:17.590254|[g:1][CONSENSUS]addRawPrepare,height=1,reqIdx=2,hash=e2e00a07...,time=0
info|2026-01-24 05:57:17.590567|[g:1][CONSENSUS][PBFT]checkTimeout Succ,view=26,toView=27,nodeIdx=0,changeCycle=1,myNode=146986ac...,timecost=0
info|2026-01-24 05:57:17.591162|[g:1][CONSENSUS][PBFT]checkAndChangeView: Reach consensus,org_view=26,cur_changeCycle=1,curView=26,view=27
info|2026-01-24 05:57:18.593244|[g:1][CONSENSUS]addRawPrepare,height=1,reqIdx=3,hash=d02ae403...,time=0
info|2026-01-24 05:57:18.593537|[g:1][CONSENSUS][PBFT]checkTimeout Succ,view=27,toView=28,nodeIdx=0,changeCycle=1,myNode=146986ac...,timecost=0
info|2026-01-24 05:57:18.593996|[g:1][CONSENSUS][PBFT]checkAndChangeView: Reach consensus,org_view=27,cur_changeCycle=1,curView=27,view=28
info|2026-01-24 05:57:19.594116|[g:1][CONSENSUS][SEALER]++++++++++++++++ Generating seal on,blkNum=1,tx=0,nodeIdx=0,hash=7f252291...
info|2026-01-24 05:57:19.594857|[g:1][CONSENSUS][PBFT]checkTimeout Succ,view=28,toView=29,nodeIdx=0,changeCycle=1,myNode=146986ac...,timecost=0
info|2026-01-24 05:57:19.596992|[g:1][CONSENSUS][PBFT]checkAndChangeView: Reach consensus,org_view=28,cur_changeCycle=1,curView=28,view=29
info|2026-01-24 05:57:20.325124|[P2P][Service] heartBeat,connected count=3
info|2026-01-24 05:57:20.597677|[g:1][CONSENSUS]addRawPrepare,height=1,reqIdx=1,hash=859f3c55...,time=0
info|2026-01-24 05:57:20.598203|[g:1][CONSENSUS][PBFT]checkTimeout Succ,view=29,toView=30,nodeIdx=0,changeCycle=1,myNode=146986ac...,timecost=1
info|2026-01-24 05:57:20.599188|[g:1][CONSENSUS][PBFT]checkAndChangeView: Reach consensus,org_view=29,cur_changeCycle=1,curView=29,view=30
info|2026-01-24 05:57:21.603190|[g:1][CONSENSUS]addRawPrepare,height=1,reqIdx=2,hash=e8ee7fb8...,time=0
info|2026-01-24 05:57:21.603483|[g:1][CONSENSUS][PBFT]checkTimeout Succ,view=30,toView=31,nodeIdx=0,changeCycle=1,myNode=146986ac...,timecost=0
info|2026-01-24 05:57:21.604203|[g:1][CONSENSUS][PBFT]checkAndChangeView: Reach consensus,org_view=30,cur_changeCycle=1,curView=30,view=31
info|2026-01-24 05:57:22.605203|[g:1][CONSENSUS]addRawPrepare,height=1,reqIdx=3,hash=3ceeba65...,time=0
info|2026-01-24 05:57:22.605512|[g:1][CONSENSUS][PBFT]checkTimeout Succ,view=31,toView=32,nodeIdx=0,changeCycle=1,myNode=146986ac...,timecost=0
info|2026-01-24 05:57:22.606667|[g:1][CONSENSUS][PBFT]checkAndChangeView: Reach consensus,org_view=31,cur_changeCycle=1,curView=31,view=32
info|2026-01-24 05:57:23.607104|[g:1][CONSENSUS][SEALER]++++++++++++++++ Generating seal on,blkNum=1,tx=0,nodeIdx=0,hash=f615e80e...
info|2026-01-24 05:57:23.609748|[g:1][CONSENSUS][PBFT]checkTimeout Succ,view=32,toView=33,nodeIdx=0,changeCycle=1,myNode=146986ac...,timecost=0
info|2026-01-24 05:57:23.610085|[g:1][CONSENSUS][PBFT]checkAndChangeView: Reach consensus,org_view=32,cur_changeCycle=1,curView=32,view=33
info|2026-01-24 05:57:24.611470|[g:1][CONSENSUS]addRawPrepare,height=1,reqIdx=1,hash=83f0be3c...,time=0
info|2026-01-24 05:57:24.611999|[g:1][CONSENSUS][PBFT]checkTimeout Succ,view=33,toView=34,nodeIdx=0,changeCycle=1,myNode=146986ac...,timecost=1
info|2026-01-24 05:57:24.612873|[g:1][CONSENSUS][PBFT]checkAndChangeView: Reach consensus,org_view=33,cur_changeCycle=1,curView=33,view=34
info|2026-01-24 05:57:25.615158|[g:1][CONSENSUS]addRawPrepare,height=1,reqIdx=2,hash=a53e9de9...,time=0
info|2026-01-24 05:57:25.615605|[g:1][CONSENSUS][PBFT]checkTimeout Succ,view=34,toView=35,nodeIdx=0,changeCycle=1,myNode=146986ac...,timecost=0
info|2026-01-24 05:57:25.619366|[g:1][CONSENSUS][PBFT]checkAndChangeView: Reach consensus,org_view=34,cur_changeCycle=1,curView=34,view=35
info|2026-01-24 05:57:26.620968|[g:1][CONSENSUS]addRawPrepare,height=1,reqIdx=3,hash=698b419b...,time=0
info|2026-01-24 05:57:26.621376|[g:1][CONSENSUS][PBFT]checkTimeout Succ,view=35,toView=36,nodeIdx=0,changeCycle=1,myNode=146986ac...,timecost=0
info|2026-01-24 05:57:26.622330|[g:1][CONSENSUS][PBFT]checkAndChangeView: Reach consensus,org_view=35,cur_changeCycle=1,curView=35,view=36
info|2026-01-24 05:57:27.622430|[g:1][CONSENSUS][SEALER]++++++++++++++++ Generating seal on,blkNum=1,tx=0,nodeIdx=0,hash=64cf413a...
info|2026-01-24 05:57:27.623218|[g:1][CONSENSUS][PBFT]checkTimeout Succ,view=36,toView=37,nodeIdx=0,changeCycle=1,myNode=146986ac...,timecost=1
info|2026-01-24 05:57:27.625150|[g:1][CONSENSUS][PBFT]checkAndChangeView: Reach consensus,org_view=36,cur_changeCycle=1,curView=36,view=37
info|2026-01-24 05:57:28.626740|[g:1][CONSENSUS]addRawPrepare,height=1,reqIdx=1,hash=15707e7a...,time=0
info|2026-01-24 05:57:28.627271|[g:1][CONSENSUS][PBFT]checkTimeout Succ,view=37,toView=38,nodeIdx=0,changeCycle=1,myNode=146986ac...,timecost=1
info|2026-01-24 05:57:28.628993|[g:1][CONSENSUS][PBFT]checkAndChangeView: Reach consensus,org_view=37,cur_changeCycle=1,curView=37,view=38
info|2026-01-24 05:57:29.631008|[g:1][CONSENSUS]addRawPrepare,height=1,reqIdx=2,hash=9740ba71...,time=0
info|2026-01-24 05:57:29.631423|[g:1][CONSENSUS][PBFT]checkTimeout Succ,view=38,toView=39,nodeIdx=0,changeCycle=1,myNode=146986ac...,timecost=0
info|2026-01-24 05:57:29.631750|[g:1][CONSENSUS][PBFT]checkAndChangeView: Reach consensus,org_view=38,cur_changeCycle=1,curView=38,view=39
info|2026-01-24 05:57:30.325689|[P2P][Service] heartBeat,connected count=3
info|2026-01-24 05:57:30.637819|[g:1][CONSENSUS]addRawPrepare,height=1,reqIdx=3,hash=e0d07f0d...,time=0
info|2026-01-24 05:57:30.638097|[g:1][CONSENSUS][PBFT]checkTimeout Succ,view=39,toView=40,nodeIdx=0,changeCycle=1,myNode=146986ac...,timecost=1
info|2026-01-24 05:57:30.638488|[g:1][CONSENSUS][PBFT]checkAndChangeView: Reach consensus,org_view=39,cur_changeCycle=1,curView=39,view=40
info|2026-01-24 05:57:31.639181|[g:1][CONSENSUS][SEALER]++++++++++++++++ Generating seal on,blkNum=1,tx=0,nodeIdx=0,hash=0fb57fe5...
info|2026-01-24 05:57:31.639909|[g:1][CONSENSUS][PBFT]checkTimeout Succ,view=40,toView=41,nodeIdx=0,changeCycle=1,myNode=146986ac...,timecost=0
info|2026-01-24 05:57:31.642232|[g:1][CONSENSUS][PBFT]checkAndChangeView: Reach consensus,org_view=40,cur_changeCycle=1,curView=40,view=41
info|2026-01-24 05:57:32.642683|[g:1][CONSENSUS]addRawPrepare,height=1,reqIdx=1,hash=a6ef04e9...,time=0
info|2026-01-24 05:57:32.643011|[g:1][CONSENSUS][PBFT]checkTimeout Succ,view=41,toView=42,nodeIdx=0,changeCycle=1,myNode=146986ac...,timecost=1
info|2026-01-24 05:57:32.644027|[g:1][CONSENSUS][PBFT]checkAndChangeView: Reach consensus,org_view=41,cur_changeCycle=1,curView=41,view=42
info|2026-01-24 05:57:33.646750|[g:1][CONSENSUS]addRawPrepare,height=1,reqIdx=2,hash=b0c6ab76...,time=0
info|2026-01-24 05:57:33.647088|[g:1][CONSENSUS][PBFT]checkTimeout Succ,view=42,toView=43,nodeIdx=0,changeCycle=1,myNode=146986ac...,timecost=1
info|2026-01-24 05:57:33.647883|[g:1][CONSENSUS][PBFT]checkAndChangeView: Reach consensus,org_view=42,cur_changeCycle=1,curView=42,view=43
info|2026-01-24 05:57:34.651189|[g:1][CONSENSUS]addRawPrepare,height=1,reqIdx=3,hash=b1fada42...,time=0
info|2026-01-24 05:57:34.651677|[g:1][CONSENSUS][PBFT]checkTimeout Succ,view=43,toView=44,nodeIdx=0,changeCycle=1,myNode=146986ac...,timecost=0
info|2026-01-24 05:57:34.652302|[g:1][CONSENSUS][PBFT]checkAndChangeView: Reach consensus,org_view=43,cur_changeCycle=1,curView=43,view=44
info|2026-01-24 05:57:35.654047|[g:1][CONSENSUS][SEALER]++++++++++++++++ Generating seal on,blkNum=1,tx=0,nodeIdx=0,hash=f642f0aa...
info|2026-01-24 05:57:35.654821|[g:1][CONSENSUS][PBFT]checkTimeout Succ,view=44,toView=45,nodeIdx=0,changeCycle=1,myNode=146986ac...,timecost=0
info|2026-01-24 05:57:35.657342|[g:1][CONSENSUS][PBFT]checkAndChangeView: Reach consensus,org_view=44,cur_changeCycle=1,curView=44,view=45
info|2026-01-24 05:57:36.658469|[g:1][CONSENSUS]addRawPrepare,height=1,reqIdx=1,hash=89411124...,time=0
info|2026-01-24 05:57:36.658907|[g:1][CONSENSUS][PBFT]checkTimeout Succ,view=45,toView=46,nodeIdx=0,changeCycle=1,myNode=146986ac...,timecost=0
info|2026-01-24 05:57:36.660045|[g:1][CONSENSUS][PBFT]checkAndChangeView: Reach consensus,org_view=45,cur_changeCycle=1,curView=45,view=46
info|2026-01-24 05:57:37.662983|[g:1][CONSENSUS]addRawPrepare,height=1,reqIdx=2,hash=b816cbea...,time=0
info|2026-01-24 05:57:37.663477|[g:1][CONSENSUS][PBFT]checkTimeout Succ,view=46,toView=47,nodeIdx=0,changeCycle=1,myNode=146986ac...,timecost=0
info|2026-01-24 05:57:37.664313|[g:1][CONSENSUS][PBFT]checkAndChangeView: Reach consensus,org_view=46,cur_changeCycle=1,curView=46,view=47
info|2026-01-24 05:57:38.666277|[g:1][CONSENSUS]addRawPrepare,height=1,reqIdx=3,hash=eb95a6f8...,time=0
info|2026-01-24 05:57:38.666716|[g:1][CONSENSUS][PBFT]checkTimeout Succ,view=47,toView=48,nodeIdx=0,changeCycle=1,myNode=146986ac...,timecost=0
info|2026-01-24 05:57:38.667482|[g:1][CONSENSUS][PBFT]checkAndChangeView: Reach consensus,org_view=47,cur_changeCycle=1,curView=47,view=48
info|2026-01-24 05:57:39.669029|[g:1][CONSENSUS][SEALER]++++++++++++++++ Generating seal on,blkNum=1,tx=0,nodeIdx=0,hash=5eee6a99...
info|2026-01-24 05:57:39.669861|[g:1][CONSENSUS][PBFT]checkTimeout Succ,view=48,toView=49,nodeIdx=0,changeCycle=1,myNode=146986ac...,timecost=0
info|2026-01-24 05:57:39.671878|[g:1][CONSENSUS][PBFT]checkAndChangeView: Reach consensus,org_view=48,cur_changeCycle=1,curView=48,view=49
info|2026-01-24 05:57:40.326097|[P2P][Service] heartBeat,connected count=3
info|2026-01-24 05:57:40.674896|[g:1][CONSENSUS]addRawPrepare,height=1,reqIdx=1,hash=1e226418...,time=0
info|2026-01-24 05:57:40.675414|[g:1][CONSENSUS][PBFT]checkTimeout Succ,view=49,toView=50,nodeIdx=0,changeCycle=1,myNode=146986ac...,timecost=1
info|2026-01-24 05:57:40.676013|[g:1][CONSENSUS][PBFT]checkAndChangeView: Reach consensus,org_view=49,cur_changeCycle=1,curView=49,view=50
info|2026-01-24 05:57:41.679865|[g:1][CONSENSUS]addRawPrepare,height=1,reqIdx=2,hash=9db25814...,time=0
info|2026-01-24 05:57:41.680154|[g:1][CONSENSUS][PBFT]checkTimeout Succ,view=50,toView=51,nodeIdx=0,changeCycle=1,myNode=146986ac...,timecost=1
info|2026-01-24 05:57:41.680882|[g:1][CONSENSUS][PBFT]checkAndChangeView: Reach consensus,org_view=50,cur_changeCycle=1,curView=50,view=51
info|2026-01-24 05:57:42.684112|[g:1][CONSENSUS]addRawPrepare,height=1,reqIdx=3,hash=3d661c3d...,time=0
info|2026-01-24 05:57:42.684547|[g:1][CONSENSUS][PBFT]checkTimeout Succ,view=51,toView=52,nodeIdx=0,changeCycle=1,myNode=146986ac...,timecost=0
info|2026-01-24 05:57:42.685483|[g:1][CONSENSUS][PBFT]checkAndChangeView: Reach consensus,org_view=51,cur_changeCycle=1,curView=51,view=52
info|2026-01-24 05:57:43.686519|[g:1][CONSENSUS][SEALER]++++++++++++++++ Generating seal on,blkNum=1,tx=0,nodeIdx=0,hash=e0c4539b...
info|2026-01-24 05:57:43.689197|[g:1][CONSENSUS][PBFT]checkTimeout Succ,view=52,toView=53,nodeIdx=0,changeCycle=1,myNode=146986ac...,timecost=1
info|2026-01-24 05:57:43.689566|[g:1][CONSENSUS][PBFT]checkAndChangeView: Reach consensus,org_view=52,cur_changeCycle=1,curView=52,view=53
info|2026-01-24 05:57:44.691911|[g:1][CONSENSUS]addRawPrepare,height=1,reqIdx=1,hash=b4608734...,time=0
info|2026-01-24 05:57:44.692709|[g:1][CONSENSUS][PBFT]checkTimeout Succ,view=53,toView=54,nodeIdx=0,changeCycle=1,myNode=146986ac...,timecost=0
info|2026-01-24 05:57:44.693023|[g:1][CONSENSUS][PBFT]checkAndChangeView: Reach consensus,org_view=53,cur_changeCycle=1,curView=53,view=54
info|2026-01-24 05:57:45.693814|[g:1][CONSENSUS]addRawPrepare,height=1,reqIdx=2,hash=a8f1a3b1...,time=0
info|2026-01-24 05:57:45.694248|[g:1][CONSENSUS][PBFT]checkTimeout Succ,view=54,toView=55,nodeIdx=0,changeCycle=1,myNode=146986ac...,timecost=1
info|2026-01-24 05:57:45.695017|[g:1][CONSENSUS][PBFT]checkAndChangeView: Reach consensus,org_view=54,cur_changeCycle=1,curView=54,view=55
info|2026-01-24 05:57:46.697066|[g:1][CONSENSUS]addRawPrepare,height=1,reqIdx=3,hash=c6a70ac2...,time=0
info|2026-01-24 05:57:46.697339|[g:1][CONSENSUS][PBFT]checkTimeout Succ,view=55,toView=56,nodeIdx=0,changeCycle=1,myNode=146986ac...,timecost=0
info|2026-01-24 05:57:46.698054|[g:1][CONSENSUS][PBFT]checkAndChangeView: Reach consensus,org_view=55,cur_changeCycle=1,curView=55,view=56
info|2026-01-24 05:57:47.699365|[g:1][CONSENSUS][SEALER]++++++++++++++++ Generating seal on,blkNum=1,tx=0,nodeIdx=0,hash=552610f8...
info|2026-01-24 05:57:47.701750|[g:1][CONSENSUS][PBFT]checkTimeout Succ,view=56,toView=57,nodeIdx=0,changeCycle=1,myNode=146986ac...,timecost=0
info|2026-01-24 05:57:47.702354|[g:1][CONSENSUS][PBFT]checkAndChangeView: Reach consensus,org_view=56,cur_changeCycle=1,curView=56,view=57
info|2026-01-24 05:57:48.704621|[g:1][CONSENSUS]addRawPrepare,height=1,reqIdx=1,hash=ded40725...,time=0
info|2026-01-24 05:57:48.705022|[g:1][CONSENSUS][PBFT]checkTimeout Succ,view=57,toView=58,nodeIdx=0,changeCycle=1,myNode=146986ac...,timecost=1
info|2026-01-24 05:57:48.706364|[g:1][CONSENSUS][PBFT]checkAndChangeView: Reach consensus,org_view=57,cur_changeCycle=1,curView=57,view=58
info|2026-01-24 05:57:49.710959|[g:1][CONSENSUS]addRawPrepare,height=1,reqIdx=2,hash=a359c7b4...,time=0
info|2026-01-24 05:57:49.711293|[g:1][CONSENSUS][PBFT]checkTimeout Succ,view=58,toView=59,nodeIdx=0,changeCycle=1,myNode=146986ac...,timecost=0
info|2026-01-24 05:57:49.712371|[g:1][CONSENSUS][PBFT]checkAndChangeView: Reach consensus,org_view=58,cur_changeCycle=1,curView=58,view=59
info|2026-01-24 05:57:50.326546|[P2P][Service] heartBeat,connected count=3
info|2026-01-24 05:57:50.716803|[g:1][CONSENSUS]addRawPrepare,height=1,reqIdx=3,hash=9ba7a576...,time=0
info|2026-01-24 05:57:50.717072|[g:1][CONSENSUS][PBFT]checkTimeout Succ,view=59,toView=60,nodeIdx=0,changeCycle=1,myNode=146986ac...,timecost=1
info|2026-01-24 05:57:50.717719|[g:1][CONSENSUS][PBFT]checkAndChangeView: Reach consensus,org_view=59,cur_changeCycle=1,curView=59,view=60
info|2026-01-24 05:57:51.719150|[g:1][CONSENSUS][SEALER]++++++++++++++++ Generating seal on,blkNum=1,tx=0,nodeIdx=0,hash=be223ca4...
info|2026-01-24 05:57:51.721941|[g:1][CONSENSUS][PBFT]checkTimeout Succ,view=60,toView=61,nodeIdx=0,changeCycle=1,myNode=146986ac...,timecost=0
info|2026-01-24 05:57:51.722314|[g:1][CONSENSUS][PBFT]checkAndChangeView: Reach consensus,org_view=60,cur_changeCycle=1,curView=60,view=61
info|2026-01-24 05:57:52.723804|[g:1][CONSENSUS]addRawPrepare,height=1,reqIdx=1,hash=a2372584...,time=0
info|2026-01-24 05:57:52.724148|[g:1][CONSENSUS][PBFT]checkTimeout Succ,view=61,toView=62,nodeIdx=0,changeCycle=1,myNode=146986ac...,timecost=1
info|2026-01-24 05:57:52.724783|[g:1][CONSENSUS][PBFT]checkAndChangeView: Reach consensus,org_view=61,cur_changeCycle=1,curView=61,view=62
info|2026-01-24 05:57:53.726457|[g:1][CONSENSUS]addRawPrepare,height=1,reqIdx=2,hash=43e754ef...,time=0
info|2026-01-24 05:57:53.726767|[g:1][CONSENSUS][PBFT]checkTimeout Succ,view=62,toView=63,nodeIdx=0,changeCycle=1,myNode=146986ac...,timecost=0
info|2026-01-24 05:57:53.727138|[g:1][CONSENSUS][PBFT]checkAndChangeView: Reach consensus,org_view=62,cur_changeCycle=1,curView=62,view=63
info|2026-01-24 05:57:54.730541|[g:1][CONSENSUS]addRawPrepare,height=1,reqIdx=3,hash=541ed5e0...,time=0
info|2026-01-24 05:57:54.730919|[g:1][CONSENSUS][PBFT]checkTimeout Succ,view=63,toView=64,nodeIdx=0,changeCycle=1,myNode=146986ac...,timecost=0
info|2026-01-24 05:57:54.731617|[g:1][CONSENSUS][PBFT]checkAndChangeView: Reach consensus,org_view=63,cur_changeCycle=1,curView=63,view=64
info|2026-01-24 05:57:55.731428|[g:1][CONSENSUS][SEALER]++++++++++++++++ Generating seal on,blkNum=1,tx=0,nodeIdx=0,hash=aee2ae9b...
info|2026-01-24 05:57:55.732208|[g:1][CONSENSUS][PBFT]checkTimeout Succ,view=64,toView=65,nodeIdx=0,changeCycle=1,myNode=146986ac...,timecost=1
info|2026-01-24 05:57:55.737428|[g:1][CONSENSUS][PBFT]checkAndChangeView: Reach consensus,org_view=64,cur_changeCycle=1,curView=64,view=65
info|2026-01-24 05:57:56.740411|[g:1][CONSENSUS]addRawPrepare,height=1,reqIdx=1,hash=5f735941...,time=0
info|2026-01-24 05:57:56.740928|[g:1][CONSENSUS][PBFT]checkTimeout Succ,view=65,toView=66,nodeIdx=0,changeCycle=1,myNode=146986ac...,timecost=0
info|2026-01-24 05:57:56.741810|[g:1][CONSENSUS][PBFT]checkAndChangeView: Reach consensus,org_view=65,cur_changeCycle=1,curView=65,view=66
info|2026-01-24 05:57:57.743816|[g:1][CONSENSUS]addRawPrepare,height=1,reqIdx=2,hash=0472e725...,time=0
info|2026-01-24 05:57:57.744230|[g:1][CONSENSUS][PBFT]checkTimeout Succ,view=66,toView=67,nodeIdx=0,changeCycle=1,myNode=146986ac...,timecost=1
info|2026-01-24 05:57:57.745362|[g:1][CONSENSUS][PBFT]checkAndChangeView: Reach consensus,org_view=66,cur_changeCycle=1,curView=66,view=67
info|2026-01-24 05:57:58.747492|[g:1][CONSENSUS]addRawPrepare,height=1,reqIdx=3,hash=8d138b61...,time=0
info|2026-01-24 05:57:58.747804|[g:1][CONSENSUS][PBFT]checkTimeout Succ,view=67,toView=68,nodeIdx=0,changeCycle=1,myNode=146986ac...,timecost=0
info|2026-01-24 05:57:58.748907|[g:1][CONSENSUS][PBFT]checkAndChangeView: Reach consensus,org_view=67,cur_changeCycle=1,curView=67,view=68
info|2026-01-24 05:57:59.750466|[g:1][CONSENSUS][SEALER]++++++++++++++++ Generating seal on,blkNum=1,tx=0,nodeIdx=0,hash=79d3d518...
info|2026-01-24 05:57:59.752888|[g:1][CONSENSUS][PBFT]checkTimeout Succ,view=68,toView=69,nodeIdx=0,changeCycle=1,myNode=146986ac...,timecost=0
info|2026-01-24 05:57:59.753689|[g:1][CONSENSUS][PBFT]checkAndChangeView: Reach consensus,org_view=68,cur_changeCycle=1,curView=68,view=69
info|2026-01-24 05:58:00.326900|[P2P][Service] heartBeat,connected count=3
info|2026-01-24 05:58:00.755066|[g:1][CONSENSUS]addRawPrepare,height=1,reqIdx=1,hash=206c2c35...,time=0
info|2026-01-24 05:58:00.755335|[g:1][CONSENSUS][PBFT]checkTimeout Succ,view=69,toView=70,nodeIdx=0,changeCycle=1,myNode=146986ac...,timecost=0
info|2026-01-24 05:58:00.756422|[g:1][CONSENSUS][PBFT]checkAndChangeView: Reach consensus,org_view=69,cur_changeCycle=1,curView=69,view=70
info|2026-01-24 05:58:01.759452|[g:1][CONSENSUS]addRawPrepare,height=1,reqIdx=2,hash=e10cefd6...,time=0
info|2026-01-24 05:58:01.759752|[g:1][CONSENSUS][PBFT]checkTimeout Succ,view=70,toView=71,nodeIdx=0,changeCycle=1,myNode=146986ac...,timecost=0
info|2026-01-24 05:58:01.760976|[g:1][CONSENSUS][PBFT]checkAndChangeView: Reach consensus,org_view=70,cur_changeCycle=1,curView=70,view=71
info|2026-01-24 05:58:02.763830|[g:1][CONSENSUS]addRawPrepare,height=1,reqIdx=3,hash=1eb534e2...,time=0
info|2026-01-24 05:58:02.764143|[g:1][CONSENSUS][PBFT]checkTimeout Succ,view=71,toView=72,nodeIdx=0,changeCycle=1,myNode=146986ac...,timecost=1
info|2026-01-24 05:58:02.764607|[g:1][CONSENSUS][PBFT]checkAndChangeView: Reach consensus,org_view=71,cur_changeCycle=1,curView=71,view=72
info|2026-01-24 05:58:03.766239|[g:1][CONSENSUS][SEALER]++++++++++++++++ Generating seal on,blkNum=1,tx=0,nodeIdx=0,hash=0f8af800...
info|2026-01-24 05:58:03.767021|[g:1][CONSENSUS][PBFT]checkTimeout Succ,view=72,toView=73,nodeIdx=0,changeCycle=1,myNode=146986ac...,timecost=1
info|2026-01-24 05:58:03.769319|[g:1][CONSENSUS][PBFT]checkAndChangeView: Reach consensus,org_view=72,cur_changeCycle=1,curView=72,view=73
info|2026-01-24 05:58:04.769915|[g:1][CONSENSUS]addRawPrepare,height=1,reqIdx=1,hash=a804e4b5...,time=0
info|2026-01-24 05:58:04.770311|[g:1][CONSENSUS][PBFT]checkTimeout Succ,view=73,toView=74,nodeIdx=0,changeCycle=1,myNode=146986ac...,timecost=1
info|2026-01-24 05:58:04.771325|[g:1][CONSENSUS][PBFT]checkAndChangeView: Reach consensus,org_view=73,cur_changeCycle=1,curView=73,view=74
info|2026-01-24 05:58:05.773709|[g:1][CONSENSUS]addRawPrepare,height=1,reqIdx=2,hash=ce85d4c7...,time=0
info|2026-01-24 05:58:05.773973|[g:1][CONSENSUS][PBFT]checkTimeout Succ,view=74,toView=75,nodeIdx=0,changeCycle=1,myNode=146986ac...,timecost=0
info|2026-01-24 05:58:05.775576|[g:1][CONSENSUS][PBFT]checkAndChangeView: Reach consensus,org_view=74,cur_changeCycle=1,curView=74,view=75
info|2026-01-24 05:58:06.777659|[g:1][CONSENSUS]addRawPrepare,height=1,reqIdx=3,hash=2bb7deb4...,time=0
info|2026-01-24 05:58:06.777950|[g:1][CONSENSUS][PBFT]checkTimeout Succ,view=75,toView=76,nodeIdx=0,changeCycle=1,myNode=146986ac...,timecost=0
info|2026-01-24 05:58:06.778598|[g:1][CONSENSUS][PBFT]checkAndChangeView: Reach consensus,org_view=75,cur_changeCycle=1,curView=75,view=76
info|2026-01-24 05:58:07.778830|[g:1][CONSENSUS][SEALER]++++++++++++++++ Generating seal on,blkNum=1,tx=0,nodeIdx=0,hash=c1669fb9...
info|2026-01-24 05:58:07.781441|[g:1][CONSENSUS][PBFT]checkTimeout Succ,view=76,toView=77,nodeIdx=0,changeCycle=1,myNode=146986ac...,timecost=0
info|2026-01-24 05:58:07.781746|[g:1][CONSENSUS][PBFT]checkAndChangeView: Reach consensus,org_view=76,cur_changeCycle=1,curView=76,view=77
info|2026-01-24 05:58:08.783830|[g:1][CONSENSUS]addRawPrepare,height=1,reqIdx=1,hash=270ab4cb...,time=0
info|2026-01-24 05:58:08.784128|[g:1][CONSENSUS][PBFT]checkTimeout Succ,view=77,toView=78,nodeIdx=0,changeCycle=1,myNode=146986ac...,timecost=1
info|2026-01-24 05:58:08.784723|[g:1][CONSENSUS][PBFT]checkAndChangeView: Reach consensus,org_view=77,cur_changeCycle=1,curView=77,view=78
info|2026-01-24 05:58:09.787611|[g:1][CONSENSUS]addRawPrepare,height=1,reqIdx=2,hash=fb5eb752...,time=0
info|2026-01-24 05:58:09.788524|[g:1][CONSENSUS][PBFT]checkTimeout Succ,view=78,toView=79,nodeIdx=0,changeCycle=1,myNode=146986ac...,timecost=1
info|2026-01-24 05:58:09.789702|[g:1][CONSENSUS][PBFT]checkAndChangeView: Reach consensus,org_view=78,cur_changeCycle=1,curView=78,view=79
info|2026-01-24 05:58:10.327448|[P2P][Service] heartBeat,connected count=3
info|2026-01-24 05:58:10.789529|[g:1][CONSENSUS]addRawPrepare,height=1,reqIdx=3,hash=6f464ec4...,time=0
info|2026-01-24 05:58:10.789910|[g:1][CONSENSUS][PBFT]checkTimeout Succ,view=79,toView=80,nodeIdx=0,changeCycle=1,myNode=146986ac...,timecost=0
info|2026-01-24 05:58:10.791353|[g:1][CONSENSUS][PBFT]checkAndChangeView: Reach consensus,org_view=79,cur_changeCycle=1,curView=79,view=80
info|2026-01-24 05:58:11.792884|[g:1][CONSENSUS][SEALER]++++++++++++++++ Generating seal on,blkNum=1,tx=0,nodeIdx=0,hash=88ef858b...
info|2026-01-24 05:58:11.795629|[g:1][CONSENSUS][PBFT]checkTimeout Succ,view=80,toView=81,nodeIdx=0,changeCycle=1,myNode=146986ac...,timecost=0
info|2026-01-24 05:58:11.796024|[g:1][CONSENSUS][PBFT]checkAndChangeView: Reach consensus,org_view=80,cur_changeCycle=1,curView=80,view=81
info|2026-01-24 05:58:12.797173|[g:1][CONSENSUS]addRawPrepare,height=1,reqIdx=1,hash=3a5e5e0f...,time=0
info|2026-01-24 05:58:12.797771|[g:1][CONSENSUS][PBFT]checkTimeout Succ,view=81,toView=82,nodeIdx=0,changeCycle=1,myNode=146986ac...,timecost=0
info|2026-01-24 05:58:12.798375|[g:1][CONSENSUS][PBFT]checkAndChangeView: Reach consensus,org_view=81,cur_changeCycle=1,curView=81,view=82
info|2026-01-24 05:58:13.800115|[g:1][CONSENSUS]addRawPrepare,height=1,reqIdx=2,hash=0e2d4766...,time=0
info|2026-01-24 05:58:13.800396|[g:1][CONSENSUS][PBFT]checkTimeout Succ,view=82,toView=83,nodeIdx=0,changeCycle=1,myNode=146986ac...,timecost=0
info|2026-01-24 05:58:13.801140|[g:1][CONSENSUS][PBFT]checkAndChangeView: Reach consensus,org_view=82,cur_changeCycle=1,curView=82,view=83
info|2026-01-24 05:58:14.802653|[g:1][CONSENSUS]addRawPrepare,height=1,reqIdx=3,hash=cdf642cc...,time=0
info|2026-01-24 05:58:14.803127|[g:1][CONSENSUS][PBFT]checkTimeout Succ,view=83,toView=84,nodeIdx=0,changeCycle=1,myNode=146986ac...,timecost=1
info|2026-01-24 05:58:14.803756|[g:1][CONSENSUS][PBFT]checkAndChangeView: Reach consensus,org_view=83,cur_changeCycle=1,curView=83,view=84
info|2026-01-24 05:58:15.803826|[g:1][CONSENSUS][SEALER]++++++++++++++++ Generating seal on,blkNum=1,tx=0,nodeIdx=0,hash=1b80e692...
info|2026-01-24 05:58:15.804528|[g:1][CONSENSUS][PBFT]checkTimeout Succ,view=84,toView=85,nodeIdx=0,changeCycle=1,myNode=146986ac...,timecost=0
info|2026-01-24 05:58:15.809824|[g:1][CONSENSUS][PBFT]checkAndChangeView: Reach consensus,org_view=84,cur_changeCycle=1,curView=84,view=85
info|2026-01-24 05:58:16.812923|[g:1][CONSENSUS]addRawPrepare,height=1,reqIdx=1,hash=060cbf9c...,time=0
info|2026-01-24 05:58:16.813230|[g:1][CONSENSUS][PBFT]checkTimeout Succ,view=85,toView=86,nodeIdx=0,changeCycle=1,myNode=146986ac...,timecost=0
info|2026-01-24 05:58:16.814329|[g:1][CONSENSUS][PBFT]checkAndChangeView: Reach consensus,org_view=85,cur_changeCycle=1,curView=85,view=86
info|2026-01-24 05:58:17.816903|[g:1][CONSENSUS]addRawPrepare,height=1,reqIdx=2,hash=aab7f665...,time=0
info|2026-01-24 05:58:17.817541|[g:1][CONSENSUS][PBFT]checkTimeout Succ,view=86,toView=87,nodeIdx=0,changeCycle=1,myNode=146986ac...,timecost=0
info|2026-01-24 05:58:17.818842|[g:1][CONSENSUS][PBFT]checkAndChangeView: Reach consensus,org_view=86,cur_changeCycle=1,curView=86,view=87
info|2026-01-24 05:58:18.820298|[g:1][CONSENSUS]addRawPrepare,height=1,reqIdx=3,hash=bac6dd95...,time=0
info|2026-01-24 05:58:18.821103|[g:1][CONSENSUS][PBFT]checkTimeout Succ,view=87,toView=88,nodeIdx=0,changeCycle=1,myNode=146986ac...,timecost=1
info|2026-01-24 05:58:18.821815|[g:1][CONSENSUS][PBFT]checkAndChangeView: Reach consensus,org_view=87,cur_changeCycle=1,curView=87,view=88
info|2026-01-24 05:58:19.823438|[g:1][CONSENSUS][SEALER]++++++++++++++++ Generating seal on,blkNum=1,tx=0,nodeIdx=0,hash=19356ade...
info|2026-01-24 05:58:19.824090|[g:1][CONSENSUS][PBFT]checkTimeout Succ,view=88,toView=89,nodeIdx=0,changeCycle=1,myNode=146986ac...,timecost=1
info|2026-01-24 05:58:19.826309|[g:1][CONSENSUS][PBFT]checkAndChangeView: Reach consensus,org_view=88,cur_changeCycle=1,curView=88,view=89
info|2026-01-24 05:58:20.328184|[P2P][Service] heartBeat,connected count=3
info|2026-01-24 05:58:20.828315|[g:1][CONSENSUS]addRawPrepare,height=1,reqIdx=1,hash=ebf06cef...,time=0
info|2026-01-24 05:58:20.828746|[g:1][CONSENSUS][PBFT]checkTimeout Succ,view=89,toView=90,nodeIdx=0,changeCycle=1,myNode=146986ac...,timecost=0
info|2026-01-24 05:58:20.829962|[g:1][CONSENSUS][PBFT]checkAndChangeView: Reach consensus,org_view=89,cur_changeCycle=1,curView=89,view=90
info|2026-01-24 05:58:21.832266|[g:1][CONSENSUS]addRawPrepare,height=1,reqIdx=2,hash=021f9797...,time=0
info|2026-01-24 05:58:21.832911|[g:1][CONSENSUS][PBFT]checkTimeout Succ,view=90,toView=91,nodeIdx=0,changeCycle=1,myNode=146986ac...,timecost=0
info|2026-01-24 05:58:21.833714|[g:1][CONSENSUS][PBFT]checkAndChangeView: Reach consensus,org_view=90,cur_changeCycle=1,curView=90,view=91
info|2026-01-24 05:58:22.835864|[g:1][CONSENSUS]addRawPrepare,height=1,reqIdx=3,hash=cb2fdb23...,time=0
info|2026-01-24 05:58:22.836186|[g:1][CONSENSUS][PBFT]checkTimeout Succ,view=91,toView=92,nodeIdx=0,changeCycle=1,myNode=146986ac...,timecost=1
info|2026-01-24 05:58:22.837223|[g:1][CONSENSUS][PBFT]checkAndChangeView: Reach consensus,org_view=91,cur_changeCycle=1,curView=91,view=92
info|2026-01-24 05:58:23.837619|[g:1][CONSENSUS][SEALER]++++++++++++++++ Generating seal on,blkNum=1,tx=0,nodeIdx=0,hash=1535fd1e...
info|2026-01-24 05:58:23.838363|[g:1][CONSENSUS][PBFT]checkTimeout Succ,view=92,toView=93,nodeIdx=0,changeCycle=1,myNode=146986ac...,timecost=0
info|2026-01-24 05:58:23.840077|[g:1][CONSENSUS][PBFT]checkAndChangeView: Reach consensus,org_view=92,cur_changeCycle=1,curView=92,view=93
info|2026-01-24 05:58:24.842557|[g:1][CONSENSUS]addRawPrepare,height=1,reqIdx=1,hash=c14506d3...,time=0
info|2026-01-24 05:58:24.843142|[g:1][CONSENSUS][PBFT]checkTimeout Succ,view=93,toView=94,nodeIdx=0,changeCycle=1,myNode=146986ac...,timecost=1
info|2026-01-24 05:58:24.844432|[g:1][CONSENSUS][PBFT]checkAndChangeView: Reach consensus,org_view=93,cur_changeCycle=1,curView=93,view=94
info|2026-01-24 05:58:25.849341|[g:1][CONSENSUS][PBFT]Trigger fast-viewchange,view=94,toView=94,minView=95,INFO=,reqNum=0,curNum=0,GenIdx=2,Cview=95,view=94,fromIdx=2,fromNode=6b879aa0...,fromIp=127.0.0.1:54538,hash=0d8e5b5d...,nodeIdx=0,myNode=146986ac...
info|2026-01-24 05:58:25.849792|[g:1][CONSENSUS][PBFT]checkAndChangeView: Reach consensus,org_view=94,cur_changeCycle=2,curView=94,view=95
info|2026-01-24 05:58:25.849868|[g:1][CONSENSUS][PBFT]checkTimeout Succ,view=95,toView=95,nodeIdx=0,changeCycle=2,myNode=146986ac...,timecost=0
info|2026-01-24 05:58:26.852003|[g:1][CONSENSUS]addRawPrepare,height=1,reqIdx=3,hash=9752bdbd...,time=1
info|2026-01-24 05:58:26.852389|[g:1][CONSENSUS][PBFT]checkTimeout Succ,view=95,toView=96,nodeIdx=0,changeCycle=1,myNode=146986ac...,timecost=0
info|2026-01-24 05:58:26.853319|[g:1][CONSENSUS][PBFT]checkAndChangeView: Reach consensus,org_view=95,cur_changeCycle=1,curView=95,view=96
info|2026-01-24 05:58:27.854749|[g:1][CONSENSUS][SEALER]++++++++++++++++ Generating seal on,blkNum=1,tx=0,nodeIdx=0,hash=82911203...
info|2026-01-24 05:58:27.855413|[g:1][CONSENSUS][PBFT]checkTimeout Succ,view=96,toView=97,nodeIdx=0,changeCycle=1,myNode=146986ac...,timecost=0
info|2026-01-24 05:58:27.857435|[g:1][CONSENSUS][PBFT]checkAndChangeView: Reach consensus,org_view=96,cur_changeCycle=1,curView=96,view=97
info|2026-01-24 05:58:28.859537|[g:1][CONSENSUS]addRawPrepare,height=1,reqIdx=1,hash=f33f0365...,time=0
info|2026-01-24 05:58:28.860008|[g:1][CONSENSUS][PBFT]checkTimeout Succ,view=97,toView=98,nodeIdx=0,changeCycle=1,myNode=146986ac...,timecost=1
info|2026-01-24 05:58:28.860779|[g:1][CONSENSUS][PBFT]checkAndChangeView: Reach consensus,org_view=97,cur_changeCycle=1,curView=97,view=98
info|2026-01-24 05:58:29.864374|[g:1][CONSENSUS]addRawPrepare,height=1,reqIdx=2,hash=039d9093...,time=0
info|2026-01-24 05:58:29.864939|[g:1][CONSENSUS][PBFT]checkTimeout Succ,view=98,toView=99,nodeIdx=0,changeCycle=1,myNode=146986ac...,timecost=0
info|2026-01-24 05:58:29.865627|[g:1][CONSENSUS][PBFT]checkAndChangeView: Reach consensus,org_view=98,cur_changeCycle=1,curView=98,view=99
info|2026-01-24 05:58:30.328997|[P2P][Service] heartBeat,connected count=3
info|2026-01-24 05:58:30.871061|[g:1][CONSENSUS][PBFT]Trigger fast-viewchange,view=99,toView=99,minView=100,INFO=,reqNum=0,curNum=0,GenIdx=2,Cview=100,view=99,fromIdx=2,fromNode=6b879aa0...,fromIp=127.0.0.1:54538,hash=0d8e5b5d...,nodeIdx=0,myNode=146986ac...
info|2026-01-24 05:58:30.871489|[g:1][CONSENSUS][PBFT]checkAndChangeView: Reach consensus,org_view=99,cur_changeCycle=2,curView=99,view=100
info|2026-01-24 05:58:30.871500|[g:1][CONSENSUS][PBFT]checkTimeout Succ,view=100,toView=100,nodeIdx=0,changeCycle=2,myNode=146986ac...,timecost=0
info|2026-01-24 05:58:31.872876|[g:1][CONSENSUS][SEALER]++++++++++++++++ Generating seal on,blkNum=1,tx=0,nodeIdx=0,hash=7f85e961...
info|2026-01-24 05:58:31.873755|[g:1][CONSENSUS][PBFT]checkTimeout Succ,view=100,toView=101,nodeIdx=0,changeCycle=1,myNode=146986ac...,timecost=0
info|2026-01-24 05:58:31.875507|[g:1][CONSENSUS][PBFT]checkAndChangeView: Reach consensus,org_view=100,cur_changeCycle=1,curView=100,view=101
info|2026-01-24 05:58:32.878142|[g:1][CONSENSUS]addRawPrepare,height=1,reqIdx=1,hash=d9f158a6...,time=0
info|2026-01-24 05:58:32.878443|[g:1][CONSENSUS][PBFT]checkTimeout Succ,view=101,toView=102,nodeIdx=0,changeCycle=1,myNode=146986ac...,timecost=0
info|2026-01-24 05:58:32.879636|[g:1][CONSENSUS][PBFT]checkAndChangeView: Reach consensus,org_view=101,cur_changeCycle=1,curView=101,view=102
info|2026-01-24 05:58:33.882488|[g:1][CONSENSUS]addRawPrepare,height=1,reqIdx=2,hash=b3518251...,time=0
info|2026-01-24 05:58:33.882788|[g:1][CONSENSUS][PBFT]checkTimeout Succ,view=102,toView=103,nodeIdx=0,changeCycle=1,myNode=146986ac...,timecost=0
info|2026-01-24 05:58:33.883607|[g:1][CONSENSUS][PBFT]checkAndChangeView: Reach consensus,org_view=102,cur_changeCycle=1,curView=102,view=103
info|2026-01-24 05:58:34.887793|[g:1][CONSENSUS]addRawPrepare,height=1,reqIdx=3,hash=05b354fc...,time=0
info|2026-01-24 05:58:34.888059|[g:1][CONSENSUS][PBFT]checkTimeout Succ,view=103,toView=104,nodeIdx=0,changeCycle=1,myNode=146986ac...,timecost=1
info|2026-01-24 05:58:34.889153|[g:1][CONSENSUS][PBFT]checkAndChangeView: Reach consensus,org_view=103,cur_changeCycle=1,curView=103,view=104
info|2026-01-24 05:58:35.891307|[g:1][CONSENSUS][SEALER]++++++++++++++++ Generating seal on,blkNum=1,tx=0,nodeIdx=0,hash=253fd35f...
info|2026-01-24 05:58:35.892493|[g:1][CONSENSUS][PBFT]checkTimeout Succ,view=104,toView=105,nodeIdx=0,changeCycle=1,myNode=146986ac...,timecost=1
info|2026-01-24 05:58:35.894280|[g:1][CONSENSUS][PBFT]checkAndChangeView: Reach consensus,org_view=104,cur_changeCycle=1,curView=104,view=105
info|2026-01-24 05:58:36.895931|[g:1][CONSENSUS]addRawPrepare,height=1,reqIdx=1,hash=d9f683da...,time=0
info|2026-01-24 05:58:36.896464|[g:1][CONSENSUS][PBFT]checkTimeout Succ,view=105,toView=106,nodeIdx=0,changeCycle=1,myNode=146986ac...,timecost=0
info|2026-01-24 05:58:36.897718|[g:1][CONSENSUS][PBFT]checkAndChangeView: Reach consensus,org_view=105,cur_changeCycle=1,curView=105,view=106
info|2026-01-24 05:58:37.900348|[g:1][CONSENSUS]addRawPrepare,height=1,reqIdx=2,hash=c2d84c55...,time=0
info|2026-01-24 05:58:37.900672|[g:1][CONSENSUS][PBFT]checkTimeout Succ,view=106,toView=107,nodeIdx=0,changeCycle=1,myNode=146986ac...,timecost=0
info|2026-01-24 05:58:37.901744|[g:1][CONSENSUS][PBFT]checkAndChangeView: Reach consensus,org_view=106,cur_changeCycle=1,curView=106,view=107
info|2026-01-24 05:58:38.903632|[g:1][CONSENSUS]addRawPrepare,height=1,reqIdx=3,hash=0a95f0b8...,time=0
info|2026-01-24 05:58:38.904353|[g:1][CONSENSUS][PBFT]checkTimeout Succ,view=107,toView=108,nodeIdx=0,changeCycle=1,myNode=146986ac...,timecost=1
info|2026-01-24 05:58:38.904694|[g:1][CONSENSUS][PBFT]checkAndChangeView: Reach consensus,org_view=107,cur_changeCycle=1,curView=107,view=108
info|2026-01-24 05:58:39.904656|[g:1][CONSENSUS][SEALER]++++++++++++++++ Generating seal on,blkNum=1,tx=0,nodeIdx=0,hash=c42ebfaa...
info|2026-01-24 05:58:39.905363|[g:1][CONSENSUS][PBFT]checkTimeout Succ,view=108,toView=109,nodeIdx=0,changeCycle=1,myNode=146986ac...,timecost=0
info|2026-01-24 05:58:39.907550|[g:1][CONSENSUS][PBFT]checkAndChangeView: Reach consensus,org_view=108,cur_changeCycle=1,curView=108,view=109
info|2026-01-24 05:58:40.329977|[P2P][Service] heartBeat,connected count=3
info|2026-01-24 05:58:40.909693|[g:1][CONSENSUS]addRawPrepare,height=1,reqIdx=1,hash=b537514b...,time=0
info|2026-01-24 05:58:40.910576|[g:1][CONSENSUS][PBFT]checkTimeout Succ,view=109,toView=110,nodeIdx=0,changeCycle=1,myNode=146986ac...,timecost=1
info|2026-01-24 05:58:40.911865|[g:1][CONSENSUS][PBFT]checkAndChangeView: Reach consensus,org_view=109,cur_changeCycle=1,curView=109,view=110
info|2026-01-24 05:58:41.913503|[g:1][CONSENSUS]addRawPrepare,height=1,reqIdx=2,hash=5c0c5479...,time=0
info|2026-01-24 05:58:41.914125|[g:1][CONSENSUS][PBFT]checkTimeout Succ,view=110,toView=111,nodeIdx=0,changeCycle=1,myNode=146986ac...,timecost=1
info|2026-01-24 05:58:41.914768|[g:1][CONSENSUS][PBFT]checkAndChangeView: Reach consensus,org_view=110,cur_changeCycle=1,curView=110,view=111
info|2026-01-24 05:58:42.916813|[g:1][CONSENSUS]addRawPrepare,height=1,reqIdx=3,hash=12a5c61b...,time=0
info|2026-01-24 05:58:42.917124|[g:1][CONSENSUS][PBFT]checkTimeout Succ,view=111,toView=112,nodeIdx=0,changeCycle=1,myNode=146986ac...,timecost=1
info|2026-01-24 05:58:42.917926|[g:1][CONSENSUS][PBFT]checkAndChangeView: Reach consensus,org_view=111,cur_changeCycle=1,curView=111,view=112
info|2026-01-24 05:58:43.918921|[g:1][CONSENSUS][SEALER]++++++++++++++++ Generating seal on,blkNum=1,tx=0,nodeIdx=0,hash=9c24b7b6...
info|2026-01-24 05:58:43.919744|[g:1][CONSENSUS][PBFT]checkTimeout Succ,view=112,toView=113,nodeIdx=0,changeCycle=1,myNode=146986ac...,timecost=0
info|2026-01-24 05:58:43.921734|[g:1][CONSENSUS][PBFT]checkAndChangeView: Reach consensus,org_view=112,cur_changeCycle=1,curView=112,view=113
info|2026-01-24 05:58:44.925332|[g:1][CONSENSUS]addRawPrepare,height=1,reqIdx=1,hash=c1546720...,time=0
info|2026-01-24 05:58:44.925766|[g:1][CONSENSUS][PBFT]checkTimeout Succ,view=113,toView=114,nodeIdx=0,changeCycle=1,myNode=146986ac...,timecost=0
info|2026-01-24 05:58:44.926125|[g:1][CONSENSUS][PBFT]checkAndChangeView: Reach consensus,org_view=113,cur_changeCycle=1,curView=113,view=114
info|2026-01-24 05:58:45.928292|[g:1][CONSENSUS]addRawPrepare,height=1,reqIdx=2,hash=f6b5366c...,time=0
info|2026-01-24 05:58:45.928598|[g:1][CONSENSUS][PBFT]checkTimeout Succ,view=114,toView=115,nodeIdx=0,changeCycle=1,myNode=146986ac...,timecost=0
info|2026-01-24 05:58:45.931587|[g:1][CONSENSUS][PBFT]checkAndChangeView: Reach consensus,org_view=114,cur_changeCycle=1,curView=114,view=115
info|2026-01-24 05:58:46.932428|[g:1][CONSENSUS]addRawPrepare,height=1,reqIdx=3,hash=493b6619...,time=0
info|2026-01-24 05:58:46.933009|[g:1][CONSENSUS][PBFT]checkTimeout Succ,view=115,toView=116,nodeIdx=0,changeCycle=1,myNode=146986ac...,timecost=1
info|2026-01-24 05:58:46.933370|[g:1][CONSENSUS][PBFT]checkAndChangeView: Reach consensus,org_view=115,cur_changeCycle=1,curView=115,view=116
info|2026-01-24 05:58:47.935442|[g:1][CONSENSUS][SEALER]++++++++++++++++ Generating seal on,blkNum=1,tx=0,nodeIdx=0,hash=6ad47f85...
info|2026-01-24 05:58:47.937976|[g:1][CONSENSUS][PBFT]checkTimeout Succ,view=116,toView=117,nodeIdx=0,changeCycle=1,myNode=146986ac...,timecost=0
info|2026-01-24 05:58:47.938370|[g:1][CONSENSUS][PBFT]checkAndChangeView: Reach consensus,org_view=116,cur_changeCycle=1,curView=116,view=117
info|2026-01-24 05:58:48.940175|[g:1][CONSENSUS]addRawPrepare,height=1,reqIdx=1,hash=270cf2bb...,time=0
info|2026-01-24 05:58:48.940529|[g:1][CONSENSUS][PBFT]checkTimeout Succ,view=117,toView=118,nodeIdx=0,changeCycle=1,myNode=146986ac...,timecost=0
info|2026-01-24 05:58:48.941541|[g:1][CONSENSUS][PBFT]checkAndChangeView: Reach consensus,org_view=117,cur_changeCycle=1,curView=117,view=118
info|2026-01-24 05:58:49.944895|[g:1][CONSENSUS]addRawPrepare,height=1,reqIdx=2,hash=9691ebfd...,time=0
info|2026-01-24 05:58:49.945329|[g:1][CONSENSUS][PBFT]checkTimeout Succ,view=118,toView=119,nodeIdx=0,changeCycle=1,myNode=146986ac...,timecost=1
info|2026-01-24 05:58:49.945950|[g:1][CONSENSUS][PBFT]checkAndChangeView: Reach consensus,org_view=118,cur_changeCycle=1,curView=118,view=119
info|2026-01-24 05:58:50.330652|[P2P][Service] heartBeat,connected count=3
info|2026-01-24 05:58:50.947596|[g:1][CONSENSUS]addRawPrepare,height=1,reqIdx=3,hash=b7ef83d3...,time=0
info|2026-01-24 05:58:50.947927|[g:1][CONSENSUS][PBFT]checkTimeout Succ,view=119,toView=120,nodeIdx=0,changeCycle=1,myNode=146986ac...,timecost=0
info|2026-01-24 05:58:50.948726|[g:1][CONSENSUS][PBFT]checkAndChangeView: Reach consensus,org_view=119,cur_changeCycle=1,curView=119,view=120
info|2026-01-24 05:58:51.948980|[g:1][CONSENSUS][SEALER]++++++++++++++++ Generating seal on,blkNum=1,tx=0,nodeIdx=0,hash=a200cb68...
info|2026-01-24 05:58:51.951254|[g:1][CONSENSUS][PBFT]checkTimeout Succ,view=120,toView=121,nodeIdx=0,changeCycle=1,myNode=146986ac...,timecost=0
info|2026-01-24 05:58:51.951879|[g:1][CONSENSUS][PBFT]checkAndChangeView: Reach consensus,org_view=120,cur_changeCycle=1,curView=120,view=121
info|2026-01-24 05:58:52.953584|[g:1][CONSENSUS]addRawPrepare,height=1,reqIdx=1,hash=e35f6315...,time=0
info|2026-01-24 05:58:52.954026|[g:1][CONSENSUS][PBFT]checkTimeout Succ,view=121,toView=122,nodeIdx=0,changeCycle=1,myNode=146986ac...,timecost=1
info|2026-01-24 05:58:52.955174|[g:1][CONSENSUS][PBFT]checkAndChangeView: Reach consensus,org_view=121,cur_changeCycle=1,curView=121,view=122
info|2026-01-24 05:58:53.957799|[g:1][CONSENSUS]addRawPrepare,height=1,reqIdx=2,hash=6d4f5732...,time=0
info|2026-01-24 05:58:53.958663|[g:1][CONSENSUS][PBFT]checkTimeout Succ,view=122,toView=123,nodeIdx=0,changeCycle=1,myNode=146986ac...,timecost=0
info|2026-01-24 05:58:53.959788|[g:1][CONSENSUS][PBFT]checkAndChangeView: Reach consensus,org_view=122,cur_changeCycle=1,curView=122,view=123
info|2026-01-24 05:58:54.961972|[g:1][CONSENSUS]addRawPrepare,height=1,reqIdx=3,hash=7f833f01...,time=0
info|2026-01-24 05:58:54.962293|[g:1][CONSENSUS][PBFT]checkTimeout Succ,view=123,toView=124,nodeIdx=0,changeCycle=1,myNode=146986ac...,timecost=0
info|2026-01-24 05:58:54.963635|[g:1][CONSENSUS][PBFT]checkAndChangeView: Reach consensus,org_view=123,cur_changeCycle=1,curView=123,view=124
info|2026-01-24 05:58:55.964381|[g:1][CONSENSUS][SEALER]++++++++++++++++ Generating seal on,blkNum=1,tx=0,nodeIdx=0,hash=0c54c895...
info|2026-01-24 05:58:55.965164|[g:1][CONSENSUS][PBFT]checkTimeout Succ,view=124,toView=125,nodeIdx=0,changeCycle=1,myNode=146986ac...,timecost=1
info|2026-01-24 05:58:55.966774|[g:1][CONSENSUS][PBFT]checkAndChangeView: Reach consensus,org_view=124,cur_changeCycle=1,curView=124,view=125
info|2026-01-24 05:58:56.970195|[g:1][CONSENSUS]addRawPrepare,height=1,reqIdx=1,hash=65f01f55...,time=0
info|2026-01-24 05:58:56.970507|[g:1][CONSENSUS][PBFT]checkTimeout Succ,view=125,toView=126,nodeIdx=0,changeCycle=1,myNode=146986ac...,timecost=0
info|2026-01-24 05:58:56.971430|[g:1][CONSENSUS][PBFT]checkAndChangeView: Reach consensus,org_view=125,cur_changeCycle=1,curView=125,view=126
info|2026-01-24 05:58:57.974532|[g:1][CONSENSUS]addRawPrepare,height=1,reqIdx=2,hash=6863e689...,time=0
info|2026-01-24 05:58:57.975216|[g:1][CONSENSUS][PBFT]checkTimeout Succ,view=126,toView=127,nodeIdx=0,changeCycle=1,myNode=146986ac...,timecost=1
info|2026-01-24 05:58:57.975921|[g:1][CONSENSUS][PBFT]checkAndChangeView: Reach consensus,org_view=126,cur_changeCycle=1,curView=126,view=127
info|2026-01-24 05:58:58.978287|[g:1][CONSENSUS]addRawPrepare,height=1,reqIdx=3,hash=fd8bfac9...,time=0
info|2026-01-24 05:58:58.978589|[g:1][CONSENSUS][PBFT]checkTimeout Succ,view=127,toView=128,nodeIdx=0,changeCycle=1,myNode=146986ac...,timecost=0
info|2026-01-24 05:58:58.979493|[g:1][CONSENSUS][PBFT]checkAndChangeView: Reach consensus,org_view=127,cur_changeCycle=1,curView=127,view=128
info|2026-01-24 05:58:59.980941|[g:1][CONSENSUS][SEALER]++++++++++++++++ Generating seal on,blkNum=1,tx=0,nodeIdx=0,hash=a1f189cf...
info|2026-01-24 05:58:59.981628|[g:1][CONSENSUS][PBFT]checkTimeout Succ,view=128,toView=129,nodeIdx=0,changeCycle=1,myNode=146986ac...,timecost=0
info|2026-01-24 05:58:59.983844|[g:1][CONSENSUS][PBFT]checkAndChangeView: Reach consensus,org_view=128,cur_changeCycle=1,curView=128,view=129
info|2026-01-24 05:59:00.331813|[P2P][Service] heartBeat,connected count=3
info|2026-01-24 05:59:00.986352|[g:1][CONSENSUS]addRawPrepare,height=1,reqIdx=1,hash=ac8c2b53...,time=0
info|2026-01-24 05:59:00.986658|[g:1][CONSENSUS][PBFT]checkTimeout Succ,view=129,toView=130,nodeIdx=0,changeCycle=1,myNode=146986ac...,timecost=0
info|2026-01-24 05:59:00.987942|[g:1][CONSENSUS][PBFT]checkAndChangeView: Reach consensus,org_view=129,cur_changeCycle=1,curView=129,view=130
info|2026-01-24 05:59:01.988963|[g:1][CONSENSUS]addRawPrepare,height=1,reqIdx=2,hash=7b0d4ef9...,time=0
info|2026-01-24 05:59:01.989499|[g:1][CONSENSUS][PBFT]checkTimeout Succ,view=130,toView=131,nodeIdx=0,changeCycle=1,myNode=146986ac...,timecost=0
info|2026-01-24 05:59:01.990281|[g:1][CONSENSUS][PBFT]checkAndChangeView: Reach consensus,org_view=130,cur_changeCycle=1,curView=130,view=131
info|2026-01-24 05:59:02.992077|[g:1][CONSENSUS]addRawPrepare,height=1,reqIdx=3,hash=5e7b4b87...,time=0
info|2026-01-24 05:59:02.992556|[g:1][CONSENSUS][PBFT]checkTimeout Succ,view=131,toView=132,nodeIdx=0,changeCycle=1,myNode=146986ac...,timecost=0
info|2026-01-24 05:59:02.993333|[g:1][CONSENSUS][PBFT]checkAndChangeView: Reach consensus,org_view=131,cur_changeCycle=1,curView=131,view=132
info|2026-01-24 05:59:03.993511|[g:1][CONSENSUS][SEALER]++++++++++++++++ Generating seal on,blkNum=1,tx=0,nodeIdx=0,hash=a4f2712a...
info|2026-01-24 05:59:03.994299|[g:1][CONSENSUS][PBFT]checkTimeout Succ,view=132,toView=133,nodeIdx=0,changeCycle=1,myNode=146986ac...,timecost=0
info|2026-01-24 05:59:03.996174|[g:1][CONSENSUS][PBFT]checkAndChangeView: Reach consensus,org_view=132,cur_changeCycle=1,curView=132,view=133
info|2026-01-24 05:59:04.998362|[g:1][CONSENSUS]addRawPrepare,height=1,reqIdx=1,hash=35e73bdb...,time=0
info|2026-01-24 05:59:04.998619|[g:1][CONSENSUS][PBFT]checkTimeout Succ,view=133,toView=134,nodeIdx=0,changeCycle=1,myNode=146986ac...,timecost=0
info|2026-01-24 05:59:04.999298|[g:1][CONSENSUS][PBFT]checkAndChangeView: Reach consensus,org_view=133,cur_changeCycle=1,curView=133,view=134
info|2026-01-24 05:59:06.002749|[g:1][CONSENSUS]addRawPrepare,height=1,reqIdx=2,hash=85712836...,time=0
info|2026-01-24 05:59:06.003141|[g:1][CONSENSUS][PBFT]checkTimeout Succ,view=134,toView=135,nodeIdx=0,changeCycle=1,myNode=146986ac...,timecost=1
info|2026-01-24 05:59:06.006014|[g:1][CONSENSUS][PBFT]checkAndChangeView: Reach consensus,org_view=134,cur_changeCycle=1,curView=134,view=135
info|2026-01-24 05:59:07.007713|[g:1][CONSENSUS]addRawPrepare,height=1,reqIdx=3,hash=0b2bcc64...,time=0
info|2026-01-24 05:59:07.008253|[g:1][CONSENSUS][PBFT]checkTimeout Succ,view=135,toView=136,nodeIdx=0,changeCycle=1,myNode=146986ac...,timecost=1
info|2026-01-24 05:59:07.008907|[g:1][CONSENSUS][PBFT]checkAndChangeView: Reach consensus,org_view=135,cur_changeCycle=1,curView=135,view=136
info|2026-01-24 05:59:08.009629|[g:1][CONSENSUS][SEALER]++++++++++++++++ Generating seal on,blkNum=1,tx=0,nodeIdx=0,hash=7a7d40c2...
info|2026-01-24 05:59:08.012256|[g:1][CONSENSUS][PBFT]checkTimeout Succ,view=136,toView=137,nodeIdx=0,changeCycle=1,myNode=146986ac...,timecost=1
info|2026-01-24 05:59:08.013032|[g:1][CONSENSUS][PBFT]checkAndChangeView: Reach consensus,org_view=136,cur_changeCycle=1,curView=136,view=137
info|2026-01-24 05:59:09.014554|[g:1][CONSENSUS]addRawPrepare,height=1,reqIdx=1,hash=4bcb2c82...,time=0
info|2026-01-24 05:59:09.014861|[g:1][CONSENSUS][PBFT]checkTimeout Succ,view=137,toView=138,nodeIdx=0,changeCycle=1,myNode=146986ac...,timecost=0
info|2026-01-24 05:59:09.015681|[g:1][CONSENSUS][PBFT]checkAndChangeView: Reach consensus,org_view=137,cur_changeCycle=1,curView=137,view=138
info|2026-01-24 05:59:10.018023|[g:1][CONSENSUS]addRawPrepare,height=1,reqIdx=2,hash=0e6284e5...,time=0
info|2026-01-24 05:59:10.018461|[g:1][CONSENSUS][PBFT]checkTimeout Succ,view=138,toView=139,nodeIdx=0,changeCycle=1,myNode=146986ac...,timecost=0
info|2026-01-24 05:59:10.019795|[g:1][CONSENSUS][PBFT]checkAndChangeView: Reach consensus,org_view=138,cur_changeCycle=1,curView=138,view=139
info|2026-01-24 05:59:10.332299|[P2P][Service] heartBeat,connected count=3
info|2026-01-24 05:59:11.024489|[g:1][CONSENSUS]addRawPrepare,height=1,reqIdx=3,hash=8e949c69...,time=0
info|2026-01-24 05:59:11.024791|[g:1][CONSENSUS][PBFT]checkTimeout Succ,view=139,toView=140,nodeIdx=0,changeCycle=1,myNode=146986ac...,timecost=0
info|2026-01-24 05:59:11.025493|[g:1][CONSENSUS][PBFT]checkAndChangeView: Reach consensus,org_view=139,cur_changeCycle=1,curView=139,view=140
info|2026-01-24 05:59:12.025888|[g:1][CONSENSUS][SEALER]++++++++++++++++ Generating seal on,blkNum=1,tx=0,nodeIdx=0,hash=9b15504a...
info|2026-01-24 05:59:12.026724|[g:1][CONSENSUS][PBFT]checkTimeout Succ,view=140,toView=141,nodeIdx=0,changeCycle=1,myNode=146986ac...,timecost=0
info|2026-01-24 05:59:12.028586|[g:1][CONSENSUS][PBFT]checkAndChangeView: Reach consensus,org_view=140,cur_changeCycle=1,curView=140,view=141
info|2026-01-24 05:59:13.030534|[g:1][CONSENSUS]addRawPrepare,height=1,reqIdx=1,hash=4ec49f45...,time=0
info|2026-01-24 05:59:13.031001|[g:1][CONSENSUS][PBFT]checkTimeout Succ,view=141,toView=142,nodeIdx=0,changeCycle=1,myNode=146986ac...,timecost=1
info|2026-01-24 05:59:13.031979|[g:1][CONSENSUS][PBFT]checkAndChangeView: Reach consensus,org_view=141,cur_changeCycle=1,curView=141,view=142
info|2026-01-24 05:59:14.034553|[g:1][CONSENSUS]addRawPrepare,height=1,reqIdx=2,hash=fc885aee...,time=0
info|2026-01-24 05:59:14.034808|[g:1][CONSENSUS][PBFT]checkTimeout Succ,view=142,toView=143,nodeIdx=0,changeCycle=1,myNode=146986ac...,timecost=0
info|2026-01-24 05:59:14.036059|[g:1][CONSENSUS][PBFT]checkAndChangeView: Reach consensus,org_view=142,cur_changeCycle=1,curView=142,view=143
info|2026-01-24 05:59:15.038199|[g:1][CONSENSUS]addRawPrepare,height=1,reqIdx=3,hash=40ddc740...,time=0
info|2026-01-24 05:59:15.039009|[g:1][CONSENSUS][PBFT]checkTimeout Succ,view=143,toView=144,nodeIdx=0,changeCycle=1,myNode=146986ac...,timecost=1
info|2026-01-24 05:59:15.039761|[g:1][CONSENSUS][PBFT]checkAndChangeView: Reach consensus,org_view=143,cur_changeCycle=1,curView=143,view=144
info|2026-01-24 05:59:16.039936|[g:1][CONSENSUS][SEALER]++++++++++++++++ Generating seal on,blkNum=1,tx=0,nodeIdx=0,hash=7cf30246...
info|2026-01-24 05:59:16.040646|[g:1][CONSENSUS][PBFT]checkTimeout Succ,view=144,toView=145,nodeIdx=0,changeCycle=1,myNode=146986ac...,timecost=0
info|2026-01-24 05:59:16.043840|[g:1][CONSENSUS][PBFT]checkAndChangeView: Reach consensus,org_view=144,cur_changeCycle=1,curView=144,view=145
info|2026-01-24 05:59:17.045536|[g:1][CONSENSUS]addRawPrepare,height=1,reqIdx=1,hash=15d62eda...,time=0
info|2026-01-24 05:59:17.046132|[g:1][CONSENSUS][PBFT]checkTimeout Succ,view=145,toView=146,nodeIdx=0,changeCycle=1,myNode=146986ac...,timecost=1
info|2026-01-24 05:59:17.046629|[g:1][CONSENSUS][PBFT]checkAndChangeView: Reach consensus,org_view=145,cur_changeCycle=1,curView=145,view=146
info|2026-01-24 05:59:18.047792|[g:1][CONSENSUS]addRawPrepare,height=1,reqIdx=2,hash=05711d11...,time=0
info|2026-01-24 05:59:18.048129|[g:1][CONSENSUS][PBFT]checkTimeout Succ,view=146,toView=147,nodeIdx=0,changeCycle=1,myNode=146986ac...,timecost=1
info|2026-01-24 05:59:18.049120|[g:1][CONSENSUS][PBFT]checkAndChangeView: Reach consensus,org_view=146,cur_changeCycle=1,curView=146,view=147
info|2026-01-24 05:59:19.053176|[g:1][CONSENSUS]addRawPrepare,height=1,reqIdx=3,hash=08c8ed03...,time=0
info|2026-01-24 05:59:19.053509|[g:1][CONSENSUS][PBFT]checkTimeout Succ,view=147,toView=148,nodeIdx=0,changeCycle=1,myNode=146986ac...,timecost=0
info|2026-01-24 05:59:19.053968|[g:1][CONSENSUS][PBFT]checkAndChangeView: Reach consensus,org_view=147,cur_changeCycle=1,curView=147,view=148
info|2026-01-24 05:59:20.054757|[g:1][CONSENSUS][SEALER]++++++++++++++++ Generating seal on,blkNum=1,tx=0,nodeIdx=0,hash=cb3d900a...
info|2026-01-24 05:59:20.057532|[g:1][CONSENSUS][PBFT]checkTimeout Succ,view=148,toView=149,nodeIdx=0,changeCycle=1,myNode=146986ac...,timecost=0
info|2026-01-24 05:59:20.057937|[g:1][CONSENSUS][PBFT]checkAndChangeView: Reach consensus,org_view=148,cur_changeCycle=1,curView=148,view=149
info|2026-01-24 05:59:20.332537|[P2P][Service] heartBeat,connected count=3
info|2026-01-24 05:59:21.060126|[g:1][CONSENSUS]addRawPrepare,height=1,reqIdx=1,hash=44ed2f19...,time=0
info|2026-01-24 05:59:21.060464|[g:1][CONSENSUS][PBFT]checkTimeout Succ,view=149,toView=150,nodeIdx=0,changeCycle=1,myNode=146986ac...,timecost=0
info|2026-01-24 05:59:21.061517|[g:1][CONSENSUS][PBFT]checkAndChangeView: Reach consensus,org_view=149,cur_changeCycle=1,curView=149,view=150
info|2026-01-24 05:59:22.063695|[g:1][CONSENSUS]addRawPrepare,height=1,reqIdx=2,hash=523c13e9...,time=0
info|2026-01-24 05:59:22.064213|[g:1][CONSENSUS][PBFT]checkTimeout Succ,view=150,toView=151,nodeIdx=0,changeCycle=1,myNode=146986ac...,timecost=1
info|2026-01-24 05:59:22.064862|[g:1][CONSENSUS][PBFT]checkAndChangeView: Reach consensus,org_view=150,cur_changeCycle=1,curView=150,view=151
info|2026-01-24 05:59:23.066655|[g:1][CONSENSUS]addRawPrepare,height=1,reqIdx=3,hash=d128a1af...,time=0
info|2026-01-24 05:59:23.066957|[g:1][CONSENSUS][PBFT]checkTimeout Succ,view=151,toView=152,nodeIdx=0,changeCycle=1,myNode=146986ac...,timecost=0
info|2026-01-24 05:59:23.067861|[g:1][CONSENSUS][PBFT]checkAndChangeView: Reach consensus,org_view=151,cur_changeCycle=1,curView=151,view=152
info|2026-01-24 05:59:24.069047|[g:1][CONSENSUS][SEALER]++++++++++++++++ Generating seal on,blkNum=1,tx=0,nodeIdx=0,hash=063a94c9...
info|2026-01-24 05:59:24.071545|[g:1][CONSENSUS][PBFT]checkTimeout Succ,view=152,toView=153,nodeIdx=0,changeCycle=1,myNode=146986ac...,timecost=0
info|2026-01-24 05:59:24.071976|[g:1][CONSENSUS][PBFT]checkAndChangeView: Reach consensus,org_view=152,cur_changeCycle=1,curView=152,view=153
info|2026-01-24 05:59:25.073986|[g:1][CONSENSUS]addRawPrepare,height=1,reqIdx=1,hash=f220bf04...,time=0
info|2026-01-24 05:59:25.074422|[g:1][CONSENSUS][PBFT]checkTimeout Succ,view=153,toView=154,nodeIdx=0,changeCycle=1,myNode=146986ac...,timecost=0
info|2026-01-24 05:59:25.075303|[g:1][CONSENSUS][PBFT]checkAndChangeView: Reach consensus,org_view=153,cur_changeCycle=1,curView=153,view=154
info|2026-01-24 05:59:26.079265|[g:1][CONSENSUS]addRawPrepare,height=1,reqIdx=2,hash=399fe57c...,time=0
info|2026-01-24 05:59:26.079565|[g:1][CONSENSUS][PBFT]checkTimeout Succ,view=154,toView=155,nodeIdx=0,changeCycle=1,myNode=146986ac...,timecost=0
info|2026-01-24 05:59:26.080205|[g:1][CONSENSUS][PBFT]checkAndChangeView: Reach consensus,org_view=154,cur_changeCycle=1,curView=154,view=155
info|2026-01-24 05:59:27.083250|[g:1][CONSENSUS]addRawPrepare,height=1,reqIdx=3,hash=157be12c...,time=0
info|2026-01-24 05:59:27.083595|[g:1][CONSENSUS][PBFT]checkTimeout Succ,view=155,toView=156,nodeIdx=0,changeCycle=1,myNode=146986ac...,timecost=0
info|2026-01-24 05:59:27.084660|[g:1][CONSENSUS][PBFT]checkAndChangeView: Reach consensus,org_view=155,cur_changeCycle=1,curView=155,view=156
info|2026-01-24 05:59:28.084457|[g:1][CONSENSUS][SEALER]++++++++++++++++ Generating seal on,blkNum=1,tx=0,nodeIdx=0,hash=bbba2225...
info|2026-01-24 05:59:28.085537|[g:1][CONSENSUS][PBFT]checkTimeout Succ,view=156,toView=157,nodeIdx=0,changeCycle=1,myNode=146986ac...,timecost=1
info|2026-01-24 05:59:28.087231|[g:1][CONSENSUS][PBFT]checkAndChangeView: Reach consensus,org_view=156,cur_changeCycle=1,curView=156,view=157
info|2026-01-24 05:59:29.090437|[g:1][CONSENSUS]addRawPrepare,height=1,reqIdx=1,hash=bba2474d...,time=0
info|2026-01-24 05:59:29.090741|[g:1][CONSENSUS][PBFT]checkTimeout Succ,view=157,toView=158,nodeIdx=0,changeCycle=1,myNode=146986ac...,timecost=0
info|2026-01-24 05:59:29.091583|[g:1][CONSENSUS][PBFT]checkAndChangeView: Reach consensus,org_view=157,cur_changeCycle=1,curView=157,view=158
info|2026-01-24 05:59:30.093997|[g:1][CONSENSUS]addRawPrepare,height=1,reqIdx=2,hash=497f71ee...,time=1
info|2026-01-24 05:59:30.094323|[g:1][CONSENSUS][PBFT]checkTimeout Succ,view=158,toView=159,nodeIdx=0,changeCycle=1,myNode=146986ac...,timecost=0
info|2026-01-24 05:59:30.095494|[g:1][CONSENSUS][PBFT]checkAndChangeView: Reach consensus,org_view=158,cur_changeCycle=1,curView=158,view=159
info|2026-01-24 05:59:30.333425|[P2P][Service] heartBeat,connected count=3
info|2026-01-24 05:59:31.099044|[g:1][CONSENSUS]addRawPrepare,height=1,reqIdx=3,hash=a2dd1ca2...,time=0
info|2026-01-24 05:59:31.099667|[g:1][CONSENSUS][PBFT]checkTimeout Succ,view=159,toView=160,nodeIdx=0,changeCycle=1,myNode=146986ac...,timecost=0
info|2026-01-24 05:59:31.100810|[g:1][CONSENSUS][PBFT]checkAndChangeView: Reach consensus,org_view=159,cur_changeCycle=1,curView=159,view=160
info|2026-01-24 05:59:32.101172|[g:1][CONSENSUS][SEALER]++++++++++++++++ Generating seal on,blkNum=1,tx=0,nodeIdx=0,hash=ec5875c3...
info|2026-01-24 05:59:32.101988|[g:1][CONSENSUS][PBFT]checkTimeout Succ,view=160,toView=161,nodeIdx=0,changeCycle=1,myNode=146986ac...,timecost=0
info|2026-01-24 05:59:32.103672|[g:1][CONSENSUS][PBFT]checkAndChangeView: Reach consensus,org_view=160,cur_changeCycle=1,curView=160,view=161
info|2026-01-24 05:59:33.106643|[g:1][CONSENSUS]addRawPrepare,height=1,reqIdx=1,hash=0bac28ba...,time=0
info|2026-01-24 05:59:33.107085|[g:1][CONSENSUS][PBFT]checkTimeout Succ,view=161,toView=162,nodeIdx=0,changeCycle=1,myNode=146986ac...,timecost=1
info|2026-01-24 05:59:33.107859|[g:1][CONSENSUS][PBFT]checkAndChangeView: Reach consensus,org_view=161,cur_changeCycle=1,curView=161,view=162
info|2026-01-24 05:59:34.109821|[g:1][CONSENSUS]addRawPrepare,height=1,reqIdx=2,hash=b81babec...,time=0
info|2026-01-24 05:59:34.110412|[g:1][CONSENSUS][PBFT]checkTimeout Succ,view=162,toView=163,nodeIdx=0,changeCycle=1,myNode=146986ac...,timecost=1
info|2026-01-24 05:59:34.111064|[g:1][CONSENSUS][PBFT]checkAndChangeView: Reach consensus,org_view=162,cur_changeCycle=1,curView=162,view=163
info|2026-01-24 05:59:35.112776|[g:1][CONSENSUS]addRawPrepare,height=1,reqIdx=3,hash=a5888d1c...,time=0
info|2026-01-24 05:59:35.113122|[g:1][CONSENSUS][PBFT]checkTimeout Succ,view=163,toView=164,nodeIdx=0,changeCycle=1,myNode=146986ac...,timecost=1
info|2026-01-24 05:59:35.113922|[g:1][CONSENSUS][PBFT]checkAndChangeView: Reach consensus,org_view=163,cur_changeCycle=1,curView=163,view=164
info|2026-01-24 05:59:36.114464|[g:1][CONSENSUS][SEALER]++++++++++++++++ Generating seal on,blkNum=1,tx=0,nodeIdx=0,hash=bc5f2882...
info|2026-01-24 05:59:36.116722|[g:1][CONSENSUS][PBFT]checkTimeout Succ,view=164,toView=165,nodeIdx=0,changeCycle=1,myNode=146986ac...,timecost=0
info|2026-01-24 05:59:36.118699|[g:1][CONSENSUS][PBFT]checkAndChangeView: Reach consensus,org_view=164,cur_changeCycle=1,curView=164,view=165
info|2026-01-24 05:59:37.119909|[g:1][CONSENSUS]addRawPrepare,height=1,reqIdx=1,hash=5ffaf3e2...,time=0
info|2026-01-24 05:59:37.120496|[g:1][CONSENSUS][PBFT]checkTimeout Succ,view=165,toView=166,nodeIdx=0,changeCycle=1,myNode=146986ac...,timecost=1
info|2026-01-24 05:59:37.121534|[g:1][CONSENSUS][PBFT]checkAndChangeView: Reach consensus,org_view=165,cur_changeCycle=1,curView=165,view=166
info|2026-01-24 05:59:38.123877|[g:1][CONSENSUS]addRawPrepare,height=1,reqIdx=2,hash=c8111a5c...,time=0
info|2026-01-24 05:59:38.124171|[g:1][CONSENSUS][PBFT]checkTimeout Succ,view=166,toView=167,nodeIdx=0,changeCycle=1,myNode=146986ac...,timecost=1
info|2026-01-24 05:59:38.125512|[g:1][CONSENSUS][PBFT]checkAndChangeView: Reach consensus,org_view=166,cur_changeCycle=1,curView=166,view=167
info|2026-01-24 05:59:39.128951|[g:1][CONSENSUS]addRawPrepare,height=1,reqIdx=3,hash=2743a867...,time=0
info|2026-01-24 05:59:39.129531|[g:1][CONSENSUS][PBFT]checkTimeout Succ,view=167,toView=168,nodeIdx=0,changeCycle=1,myNode=146986ac...,timecost=1
info|2026-01-24 05:59:39.130147|[g:1][CONSENSUS][PBFT]checkAndChangeView: Reach consensus,org_view=167,cur_changeCycle=1,curView=167,view=168
info|2026-01-24 05:59:40.130937|[g:1][CONSENSUS][SEALER]++++++++++++++++ Generating seal on,blkNum=1,tx=0,nodeIdx=0,hash=fe71d5ce...
info|2026-01-24 05:59:40.133585|[g:1][CONSENSUS][PBFT]checkTimeout Succ,view=168,toView=169,nodeIdx=0,changeCycle=1,myNode=146986ac...,timecost=0
info|2026-01-24 05:59:40.133964|[g:1][CONSENSUS][PBFT]checkAndChangeView: Reach consensus,org_view=168,cur_changeCycle=1,curView=168,view=169
info|2026-01-24 05:59:40.334388|[P2P][Service] heartBeat,connected count=3
info|2026-01-24 05:59:41.135716|[g:1][CONSENSUS]addRawPrepare,height=1,reqIdx=1,hash=e5bbb7a5...,time=0
info|2026-01-24 05:59:41.136097|[g:1][CONSENSUS][PBFT]checkTimeout Succ,view=169,toView=170,nodeIdx=0,changeCycle=1,myNode=146986ac...,timecost=1
info|2026-01-24 05:59:41.137036|[g:1][CONSENSUS][PBFT]checkAndChangeView: Reach consensus,org_view=169,cur_changeCycle=1,curView=169,view=170
info|2026-01-24 05:59:42.138141|[g:1][CONSENSUS]addRawPrepare,height=1,reqIdx=2,hash=82000fed...,time=0
info|2026-01-24 05:59:42.138556|[g:1][CONSENSUS][PBFT]checkTimeout Succ,view=170,toView=171,nodeIdx=0,changeCycle=1,myNode=146986ac...,timecost=0
info|2026-01-24 05:59:42.139232|[g:1][CONSENSUS][PBFT]checkAndChangeView: Reach consensus,org_view=170,cur_changeCycle=1,curView=170,view=171
info|2026-01-24 05:59:43.140086|[g:1][CONSENSUS]addRawPrepare,height=1,reqIdx=3,hash=1453cc83...,time=0
info|2026-01-24 05:59:43.140406|[g:1][CONSENSUS][PBFT]checkTimeout Succ,view=171,toView=172,nodeIdx=0,changeCycle=1,myNode=146986ac...,timecost=0
info|2026-01-24 05:59:43.141324|[g:1][CONSENSUS][PBFT]checkAndChangeView: Reach consensus,org_view=171,cur_changeCycle=1,curView=171,view=172
info|2026-01-24 05:59:44.143017|[g:1][CONSENSUS][SEALER]++++++++++++++++ Generating seal on,blkNum=1,tx=0,nodeIdx=0,hash=50941d1c...
info|2026-01-24 05:59:44.143985|[g:1][CONSENSUS][PBFT]checkTimeout Succ,view=172,toView=173,nodeIdx=0,changeCycle=1,myNode=146986ac...,timecost=0
info|2026-01-24 05:59:44.145887|[g:1][CONSENSUS][PBFT]checkAndChangeView: Reach consensus,org_view=172,cur_changeCycle=1,curView=172,view=173
info|2026-01-24 05:59:45.148503|[g:1][CONSENSUS]addRawPrepare,height=1,reqIdx=1,hash=024a94f8...,time=0
info|2026-01-24 05:59:45.148930|[g:1][CONSENSUS][PBFT]checkTimeout Succ,view=173,toView=174,nodeIdx=0,changeCycle=1,myNode=146986ac...,timecost=0
info|2026-01-24 05:59:45.149394|[g:1][CONSENSUS][PBFT]checkAndChangeView: Reach consensus,org_view=173,cur_changeCycle=1,curView=173,view=174
info|2026-01-24 05:59:46.153650|[g:1][CONSENSUS]addRawPrepare,height=1,reqIdx=2,hash=dbe481e3...,time=0
info|2026-01-24 05:59:46.153926|[g:1][CONSENSUS][PBFT]checkTimeout Succ,view=174,toView=175,nodeIdx=0,changeCycle=1,myNode=146986ac...,timecost=0
info|2026-01-24 05:59:46.154341|[g:1][CONSENSUS][PBFT]checkAndChangeView: Reach consensus,org_view=174,cur_changeCycle=1,curView=174,view=175
info|2026-01-24 05:59:47.156357|[g:1][CONSENSUS]addRawPrepare,height=1,reqIdx=3,hash=32fb016e...,time=0
info|2026-01-24 05:59:47.156979|[g:1][CONSENSUS][PBFT]checkTimeout Succ,view=175,toView=176,nodeIdx=0,changeCycle=1,myNode=146986ac...,timecost=0
info|2026-01-24 05:59:47.158041|[g:1][CONSENSUS][PBFT]checkAndChangeView: Reach consensus,org_view=175,cur_changeCycle=1,curView=175,view=176
info|2026-01-24 05:59:48.158331|[g:1][CONSENSUS][SEALER]++++++++++++++++ Generating seal on,blkNum=1,tx=0,nodeIdx=0,hash=2dd93ae3...
info|2026-01-24 05:59:48.160830|[g:1][CONSENSUS][PBFT]checkTimeout Succ,view=176,toView=177,nodeIdx=0,changeCycle=1,myNode=146986ac...,timecost=0
info|2026-01-24 05:59:48.161347|[g:1][CONSENSUS][PBFT]checkAndChangeView: Reach consensus,org_view=176,cur_changeCycle=1,curView=176,view=177
info|2026-01-24 05:59:49.163120|[g:1][CONSENSUS]addRawPrepare,height=1,reqIdx=1,hash=211cfe6d...,time=0
info|2026-01-24 05:59:49.163475|[g:1][CONSENSUS][PBFT]checkTimeout Succ,view=177,toView=178,nodeIdx=0,changeCycle=1,myNode=146986ac...,timecost=0
info|2026-01-24 05:59:49.164195|[g:1][CONSENSUS][PBFT]checkAndChangeView: Reach consensus,org_view=177,cur_changeCycle=1,curView=177,view=178
info|2026-01-24 05:59:50.166625|[g:1][CONSENSUS]addRawPrepare,height=1,reqIdx=2,hash=a6347f03...,time=0
info|2026-01-24 05:59:50.166917|[g:1][CONSENSUS][PBFT]checkTimeout Succ,view=178,toView=179,nodeIdx=0,changeCycle=1,myNode=146986ac...,timecost=0
info|2026-01-24 05:59:50.167876|[g:1][CONSENSUS][PBFT]checkAndChangeView: Reach consensus,org_view=178,cur_changeCycle=1,curView=178,view=179
info|2026-01-24 05:59:50.335215|[P2P][Service] heartBeat,connected count=3
info|2026-01-24 05:59:51.173531|[g:1][CONSENSUS]addRawPrepare,height=1,reqIdx=3,hash=1bb8e360...,time=0
info|2026-01-24 05:59:51.173802|[g:1][CONSENSUS][PBFT]checkTimeout Succ,view=179,toView=180,nodeIdx=0,changeCycle=1,myNode=146986ac...,timecost=0
info|2026-01-24 05:59:51.174171|[g:1][CONSENSUS][PBFT]checkAndChangeView: Reach consensus,org_view=179,cur_changeCycle=1,curView=179,view=180
info|2026-01-24 05:59:52.174502|[g:1][CONSENSUS][SEALER]++++++++++++++++ Generating seal on,blkNum=1,tx=0,nodeIdx=0,hash=e78f98a8...
info|2026-01-24 05:59:52.175333|[g:1][CONSENSUS][PBFT]checkTimeout Succ,view=180,toView=181,nodeIdx=0,changeCycle=1,myNode=146986ac...,timecost=0
info|2026-01-24 05:59:52.177442|[g:1][CONSENSUS][PBFT]checkAndChangeView: Reach consensus,org_view=180,cur_changeCycle=1,curView=180,view=181
info|2026-01-24 05:59:53.181314|[g:1][CONSENSUS]addRawPrepare,height=1,reqIdx=1,hash=d23cd60c...,time=0
info|2026-01-24 05:59:53.181756|[g:1][CONSENSUS][PBFT]checkTimeout Succ,view=181,toView=182,nodeIdx=0,changeCycle=1,myNode=146986ac...,timecost=0
info|2026-01-24 05:59:53.182073|[g:1][CONSENSUS][PBFT]checkAndChangeView: Reach consensus,org_view=181,cur_changeCycle=1,curView=181,view=182
info|2026-01-24 05:59:54.184290|[g:1][CONSENSUS]addRawPrepare,height=1,reqIdx=2,hash=19d700b0...,time=0
info|2026-01-24 05:59:54.184923|[g:1][CONSENSUS][PBFT]checkTimeout Succ,view=182,toView=183,nodeIdx=0,changeCycle=1,myNode=146986ac...,timecost=0
info|2026-01-24 05:59:54.185826|[g:1][CONSENSUS][PBFT]checkAndChangeView: Reach consensus,org_view=182,cur_changeCycle=1,curView=182,view=183
info|2026-01-24 05:59:55.187752|[g:1][CONSENSUS]addRawPrepare,height=1,reqIdx=3,hash=04d72c70...,time=0
info|2026-01-24 05:59:55.188355|[g:1][CONSENSUS][PBFT]checkTimeout Succ,view=183,toView=184,nodeIdx=0,changeCycle=1,myNode=146986ac...,timecost=1
info|2026-01-24 05:59:55.189066|[g:1][CONSENSUS][PBFT]checkAndChangeView: Reach consensus,org_view=183,cur_changeCycle=1,curView=183,view=184
info|2026-01-24 05:59:56.189030|[g:1][CONSENSUS][SEALER]++++++++++++++++ Generating seal on,blkNum=1,tx=0,nodeIdx=0,hash=a94f8547...
info|2026-01-24 05:59:56.189763|[g:1][CONSENSUS][PBFT]checkTimeout Succ,view=184,toView=185,nodeIdx=0,changeCycle=1,myNode=146986ac...,timecost=0
info|2026-01-24 05:59:56.195772|[g:1][CONSENSUS][PBFT]checkAndChangeView: Reach consensus,org_view=184,cur_changeCycle=1,curView=184,view=185
info|2026-01-24 05:59:57.198066|[g:1][CONSENSUS]addRawPrepare,height=1,reqIdx=1,hash=e44e479f...,time=0
info|2026-01-24 05:59:57.198685|[g:1][CONSENSUS][PBFT]checkTimeout Succ,view=185,toView=186,nodeIdx=0,changeCycle=1,myNode=146986ac...,timecost=0
info|2026-01-24 05:59:57.199298|[g:1][CONSENSUS][PBFT]checkAndChangeView: Reach consensus,org_view=185,cur_changeCycle=1,curView=185,view=186
info|2026-01-24 05:59:58.202218|[g:1][CONSENSUS]addRawPrepare,height=1,reqIdx=2,hash=b7e8a6b8...,time=0
info|2026-01-24 05:59:58.202669|[g:1][CONSENSUS][PBFT]checkTimeout Succ,view=186,toView=187,nodeIdx=0,changeCycle=1,myNode=146986ac...,timecost=0
info|2026-01-24 05:59:58.203468|[g:1][CONSENSUS][PBFT]checkAndChangeView: Reach consensus,org_view=186,cur_changeCycle=1,curView=186,view=187
info|2026-01-24 05:59:59.206390|[g:1][CONSENSUS]addRawPrepare,height=1,reqIdx=3,hash=aefd515d...,time=0
info|2026-01-24 05:59:59.206776|[g:1][CONSENSUS][PBFT]checkTimeout Succ,view=187,toView=188,nodeIdx=0,changeCycle=1,myNode=146986ac...,timecost=0
info|2026-01-24 05:59:59.207638|[g:1][CONSENSUS][PBFT]checkAndChangeView: Reach consensus,org_view=187,cur_changeCycle=1,curView=187,view=188
