info|2026-03-18 06:57:12.529570|[g:1][CONSENSUS]addRawPrepare,height=95,reqIdx=1,hash=9dbdfa57...,time=0
info|2026-03-18 06:57:12.529839|[g:1][CONSENSUS][PBFT]checkTimeout Succ,view=23975,toView=23976,nodeIdx=0,changeCycle=1,myNode=146986ac...,timecost=0
info|2026-03-18 06:57:12.537422|[g:1][CONSENSUS][PBFT]checkAndChangeView: Reach consensus,org_view=23975,cur_changeCycle=1,curView=23975,view=23976
info|2026-03-18 06:57:13.639916|[g:1][CONSENSUS][PBFT]Trigger fast-viewchange,view=23976,toView=23976,minView=23977,INFO=,reqNum=94,curNum=94,GenIdx=1,Cview=23977,view=23976,fromIdx=1,fromNode=2dc926ce...,fromIp=127.0.0.1:52792,hash=8b3d6ebc...,nodeIdx=0,myNode=146986ac...
info|2026-03-18 06:57:13.640210|[g:1][CONSENSUS][PBFT]checkAndChangeView: Reach consensus,org_view=23976,cur_changeCycle=2,curView=23976,view=23977
info|2026-03-18 06:57:13.640220|[g:1][CONSENSUS][PBFT]checkTimeout Succ,view=23977,toView=23977,nodeIdx=0,changeCycle=2,myNode=146986ac...,timecost=1
info|2026-03-18 06:57:14.668229|[g:1][CONSENSUS]addRawPrepare,height=95,reqIdx=3,hash=d87a1096...,time=0
info|2026-03-18 06:57:14.668591|[g:1][CONSENSUS][PBFT]checkTimeout Succ,view=23977,toView=23978,nodeIdx=0,changeCycle=1,myNode=146986ac...,timecost=0
info|2026-03-18 06:57:14.668935|[g:1][CONSENSUS][PBFT]checkAndChangeView: Reach consensus,org_view=23977,cur_changeCycle=1,curView=23977,view=23978
info|2026-03-18 06:57:15.670939|[g:1][CONSENSUS][SEALER]++++++++++++++++ Generating seal on,blkNum=95,tx=0,nodeIdx=0,hash=bff48868...
info|2026-03-18 06:57:15.672512|[g:1][CONSENSUS][PBFT]checkTimeout Succ,view=23978,toView=23979,nodeIdx=0,changeCycle=1,myNode=146986ac...,timecost=0
info|2026-03-18 06:57:15.674881|[g:1][CONSENSUS][PBFT]checkAndChangeView: Reach consensus,org_view=23978,cur_changeCycle=1,curView=23978,view=23979
info|2026-03-18 06:57:16.395213|[P2P][Service] heartBeat,connected count=3
info|2026-03-18 06:57:16.679711|[g:1][CONSENSUS]addRawPrepare,height=95,reqIdx=1,hash=59f228b5...,time=0
info|2026-03-18 06:57:16.680315|[g:1][CONSENSUS][PBFT]checkTimeout Succ,view=23979,toView=23980,nodeIdx=0,changeCycle=1,myNode=146986ac...,timecost=1
info|2026-03-18 06:57:16.681378|[g:1][CONSENSUS][PBFT]checkAndChangeView: Reach consensus,org_view=23979,cur_changeCycle=1,curView=23979,view=23980
warning|2026-03-18 06:57:39.922002|[g:1][CONSENSUS][PBFT]ViewChangeWarning: not caused by omit empty block ,v=23980,toV=23981,curNum=94,hash=8b3d6ebc...,nodeIdx=0,myNode=146986ac...
info|2026-03-18 06:57:39.922082|[g:1][CONSENSUS][PBFT]checkTimeout Succ,view=23980,toView=23981,nodeIdx=0,changeCycle=2,myNode=146986ac...,timecost=1
info|2026-03-18 06:57:39.936029|[P2P][Service] heartBeat,connected count=3
info|2026-03-18 06:57:40.164043|[g:1][CONSENSUS][PBFT]checkAndChangeView: Reach consensus,org_view=23980,cur_changeCycle=2,curView=23980,view=23981
