info|2026-01-23 06:58:48.045654|[INITIALIZER][initGlobalConfig],enableCompress=true,compatibilityVersion=2.9.1,versionNumber=34144512,enableStat=false,chainId=1,useSMCrypto=false
info|2026-01-23 06:58:48.045773|[INITIALIZER][SecureInitializer]loading privateKey
info|2026-01-23 06:58:48.058703|[INITIALIZER][SecureInitializer]get pub of node,nodeID=146986ac829a29604714ea4b5bc827bb367a3210558d1305e0da3904efa88bcb1539c365c540998fed6d737af591070850e3e78c500931f56630174f9b238d8d
info|2026-01-23 06:58:48.058860|[INITIALIZER][SecureInitializer]use user certificate,file=conf//node.crt
info|2026-01-23 06:58:48.059121|[INITIALIZER][SecureInitializer]use ca certificate,file=conf//ca.crt
info|2026-01-23 06:58:48.059182|[INITIALIZER][SecureInitializer]use ca,file=conf//
info|2026-01-23 06:58:48.059207|[INITIALIZER][SecureInitializer][initChannelCertConfig]enable rsa cert for channel ,conf//channel_cert/ certs will be used for channel ssl,dataPath=conf/
info|2026-01-23 06:58:48.060011|[NETWORK][Host]Connecting to node,endpoint=127.0.0.1:30300
info|2026-01-23 06:58:48.060056|[NETWORK][Host]P2P StartAccept,Host=0.0.0.0:30300
info|2026-01-23 06:58:48.060194|[NETWORK][Host]Connecting to node,endpoint=127.0.0.1:30301
info|2026-01-23 06:58:48.060245|[NETWORK][Host]Connecting to node,endpoint=127.0.0.1:30302
info|2026-01-23 06:58:48.060294|[NETWORK][Host]Connecting to node,endpoint=127.0.0.1:30303
info|2026-01-23 06:58:48.060351|[P2P][Service] heartBeat,connected count=0
info|2026-01-23 06:58:48.060392|[INITIALIZER][RPCInitializer],network_security.check_cert_issuer=true
info|2026-01-23 06:58:48.060433|[NETWORK][ASIO]asyncResolveConnect,endpoint=127.0.0.1:30300
info|2026-01-23 06:58:48.060528|[NETWORK][ASIO]asyncResolveConnect,endpoint=127.0.0.1:30301
info|2026-01-23 06:58:48.060629|[NETWORK][ASIO]asyncResolveConnect,endpoint=127.0.0.1:30302
info|2026-01-23 06:58:48.060731|[NETWORK][ASIO]asyncResolveConnect,endpoint=127.0.0.1:30303
info|2026-01-23 06:58:48.060872|[NETWORK][Host]P2P Recv Connect, From=127.0.0.1:48786
info|2026-01-23 06:58:48.060935|[NETWORK][Host]P2P StartAccept,Host=0.0.0.0:30300
error|2026-01-23 06:58:48.060979|[NETWORK][Host]TCP Connection refused by node,endpoint=127.0.0.1:30301,message=Connection refused
warning|2026-01-23 06:58:48.061212|[P2P][Service] onConnect,errorCode=5,nodeID=00000000...,nodeName=,endpoint=unknown,what=Connect failed
info|2026-01-23 06:58:48.061883|[CHANNEL][ChannelServer::run],threadPoolSize=8
info|2026-01-23 06:58:48.061939|[CHANNEL]ChannelRPCServer started
info|2026-01-23 06:58:48.061942|[INITIALIZER][RPCInitializer: ChannelRPCHttpServer started.],disableDynamicGroup=false,threadSize=8
info|2026-01-23 06:58:48.061947|[INITIALIZER][LedgerInitializer]initConfig
info|2026-01-23 06:58:48.061954|[LedgerInitializer],groupConfigPath=conf/
info|2026-01-23 06:58:48.062032|[NETWORK][Host]P2P Recv Connect, From=127.0.0.1:48794
info|2026-01-23 06:58:48.062186|[INITIALIZER][initSingleLedger] [GroupId], LedgerConstructor:  1,configFileName=conf/group.1.genesis,dataDir=data/
info|2026-01-23 06:58:48.062282|[g:1][LedgerParam][parseGenesisConfig]initConsensusConfig/initStorageConfig/initTxConfig,configFile=conf/group.1.genesis
info|2026-01-23 06:58:48.062323|[g:1][LedgerParam][initConsensusConfig],type=pbft,consensusTimeout=3,maxTxNum=1000,txGasLimit=300000000
info|2026-01-23 06:58:48.062336|[g:1][LedgerParam][parsePublicKeyListOfSection],sectionName=consensus,it.first=146986ac829a29604714ea4b5bc827bb367a3210558d1305e0da3904efa88bcb1539c365c540998fed6d737af591070850e3e78c500931f56630174f9b238d8d
info|2026-01-23 06:58:48.062345|[g:1][LedgerParam][parsePublicKeyListOfSection],sectionName=consensus,it.first=2dc926cefde7ed2521073e9846a13cf20292f157b12985af3a259b59a5c6a9496b38e0e142c5804820b05180cc021be78d09673e64aae07340948f930fd00200
info|2026-01-23 06:58:48.062353|[g:1][LedgerParam][parsePublicKeyListOfSection],sectionName=consensus,it.first=6b879aa09fc838c31872e875808f0019802be55f327c7e5da9788e02f6476b842bc3c169d7e97f2dad8051412f35820a6325eb2083796eeb5287fd37c4bf074a
info|2026-01-23 06:58:48.062361|[g:1][LedgerParam][parsePublicKeyListOfSection],sectionName=consensus,it.first=bd50e2d24fc6278279f9f166fb146d14c1245545c06275f5e5ee6dd02cbb04d034586c5503770b5186ed6bb320bcb987c3de9f128f63d696f8bbe8b91be492e2
info|2026-01-23 06:58:48.062364|[g:1][LedgerParam][parsePublicKeyListOfSection],totalPubKeySize=4
info|2026-01-23 06:58:48.062391|[g:1][LedgerParam][max_block_range],maxBlockRange=0,maxBlockPerProcess=3
info|2026-01-23 06:58:48.062396|[g:1][LedgerParam][parseGenesisConfig],timestamp=1769179416000
info|2026-01-23 06:58:48.062403|[g:1][LedgerParam]setEVMFlags,enableFreeStorageVMSchedule=false,evmFlags=0
info|2026-01-23 06:58:48.062412|[g:1][LedgerParam]store evmFlag,evmFlag=0
info|2026-01-23 06:58:48.062416|[g:1][LedgerParam]store consensus time,consensusTimeout=3
info|2026-01-23 06:58:48.062419|[g:1][LedgerParam][initMark],genesisMark=1-146986ac829a29604714ea4b5bc827bb367a3210558d1305e0da3904efa88bcb1539c365c540998fed6d737af591070850e3e78c500931f56630174f9b238d8d,2dc926cefde7ed2521073e9846a13cf20292f157b12985af3a259b59a5c6a9496b38e0e142c5804820b05180cc021be78d09673e64aae07340948f930fd00200,6b879aa09fc838c31872e875808f0019802be55f327c7e5da9788e02f6476b842bc3c169d7e97f2dad8051412f35820a6325eb2083796eeb5287fd37c4bf074a,bd50e2d24fc6278279f9f166fb146d14c1245545c06275f5e5ee6dd02cbb04d034586c5503770b5186ed6bb320bcb987c3de9f128f63d696f8bbe8b91be492e2,-pbft-storage-0-1000-300000000-3
info|2026-01-23 06:58:48.062423|[g:1][LedgerParam][initIniConfig]initTxPoolConfig/initSyncConfig/initTxExecuteConfig,configFile=conf/group.1.ini
info|2026-01-23 06:58:48.062555|[g:1][LedgerParam][initStorageConfig],stateType=storage,storageDB=rocksdb,storagePath=data//group1/block/RocksDB,baseDir=data//group1,dbtype=mysql,dbip=127.0.0.1,dbport=3306,dbcharset=utf8mb4,initconnections=15,maxconnections=50,scrollThreshold=2000
info|2026-01-23 06:58:48.062574|[g:1][LedgerParam][initTxPoolConfig],txPoolLimit=150000,memorySizeLimit(MB)=512,notifyWorkerNum=2,txsExpirationTime(ms)=600000
info|2026-01-23 06:58:48.062579|[g:1][LedgerParam][initSyncConfig],idleWaitMs=200
info|2026-01-23 06:58:48.062585|[g:1][LedgerParam][initSyncConfig],enableSendTxsByTree=true,enableSendBlockStatusByTree=true
info|2026-01-23 06:58:48.062589|[g:1][LedgerParam][initSyncConfig],gossipInterval=1000
info|2026-01-23 06:58:48.062603|[g:1][LedgerParam][initSyncConfig],enableSendBlockStatusByTree=true,gossipInterval=1000,gossipPeers=3,syncTreeWidth=3,maxQueueSizeForBlockSync=536870912,txsStatusGossipMaxPeers=5
info|2026-01-23 06:58:48.062606|[g:1][LedgerParam][InitTxExecuteConfig],enableParallel=true
info|2026-01-23 06:58:48.062616|[g:1][LedgerParam][initConsensusIniConfig],maxTTL=2,minBlockGenerationTime=500,enablDynamicBlockSize=true,blockSizeIncreaseRatio=0.5,enableTTLOptimize=true,enablePrepareWithTxsHash=true
info|2026-01-23 06:58:48.062629|[g:1][LedgerParam][initRPBFTConsensusIniConfig],broadcastPrepareByTree=true,prepareStatusBroadcastPercent=33,maxRequestMissedTxsWaitTime=100,maxRequestPrepareWaitTime=100
info|2026-01-23 06:58:48.062633|[g:1][LedgerParam][initFlowControlConfig],maxQPS=9223372036854775807,outGoingBandwidth(Bytes)=9223372036854775807
info|2026-01-23 06:58:48.062636|[g:1][LedgerParam]parseSDKAllowList,sdkAllowList=[],enableSDKAllowListControl=false
info|2026-01-23 06:58:48.062651|[g:1][LEDGER][initLedger][DBInitializer]
info|2026-01-23 06:58:48.062653|[g:1][LEDGER]setSDKAllowList,groupId=1,sdkAllowListSize=0
info|2026-01-23 06:58:48.062656|[g:1][CHANNEL]registerSDKAllowListByGroupId,groupId=1,size=0
info|2026-01-23 06:58:48.062659|[g:1][CHANNEL]Disable group-level sdk permission control for sdk allowlist is empty
info|2026-01-23 06:58:48.062662|[g:1][DBINITIALIZER] [initStorageDB]
info|2026-01-23 06:58:48.062665|[g:1][DBINITIALIZER] [initRocksDBStorage]
info|2026-01-23 06:58:48.062887|[g:1][ROCKSDB]open rocksDB handler,path=data//group1/block/RocksDB
info|2026-01-23 06:58:48.064399|[NETWORK][Host]P2P StartAccept,Host=0.0.0.0:30300
info|2026-01-23 06:58:48.065248|[NETWORK][Host]P2P Recv Connect, From=127.0.0.1:48808
info|2026-01-23 06:58:48.065351|[NETWORK][Host]P2P StartAccept,Host=0.0.0.0:30300
error|2026-01-23 06:58:48.065618|[NETWORK][Host]Get ca basic failed
info|2026-01-23 06:58:48.069786|[NETWORK][Host]P2P Recv Connect, From=127.0.0.1:48814
info|2026-01-23 06:58:48.069847|[NETWORK][Host]P2P StartAccept,Host=0.0.0.0:30300
error|2026-01-23 06:58:48.070120|[NETWORK][Host]Get ca basic failed
error|2026-01-23 06:58:48.074253|[NETWORK][Host]Get ca basic failed
error|2026-01-23 06:58:48.077118|[NETWORK][Host]Get ca basic failed
error|2026-01-23 06:58:48.080859|[NETWORK][Host]Get ca basic failed
info|2026-01-23 06:58:48.083527|[NETWORK][Host]handshakeServer succ,remote endpoint=127.0.0.1:48786
info|2026-01-23 06:58:48.083655|[NETWORK][Host]startPeerSession, Remote=127.0.0.1:48786,local endpoint=127.0.0.1:30300,nodeID=bd50e2d2...
info|2026-01-23 06:58:48.083708|[P2P][Service] Connection established,nodeID=bd50e2d2...,endpoint=127.0.0.1:48786
info|2026-01-23 06:58:48.083769|[NETWORK][Host]handshakeServer succ,remote endpoint=127.0.0.1:48794
info|2026-01-23 06:58:48.083831|[NETWORK][Host]startPeerSession, Remote=127.0.0.1:48794,local endpoint=127.0.0.1:30300,nodeID=146986ac...
info|2026-01-23 06:58:48.083998|[NETWORK][Host]handshakeClient succ,local endpoint=127.0.0.1:58894
info|2026-01-23 06:58:48.084054|[g:1][g:1][STORAGE][CachedStorage]Init flushStorage thread
info|2026-01-23 06:58:48.084074|[P2P][Service] Connection established,nodeID=6b879aa0...,endpoint=127.0.0.1:30302
info|2026-01-23 06:58:48.084110|[NETWORK][Host]startPeerSession, Remote=127.0.0.1:30302,local endpoint=127.0.0.1:58894,nodeID=6b879aa0...
info|2026-01-23 06:58:48.084214|[g:1][DBINITIALIZER] [init CachedStorage],maxCapacity=32,maxForwardBlock=10
info|2026-01-23 06:58:48.084246|[g:1][LEDGER][initLedger][initBlockChain]
info|2026-01-23 06:58:48.084358|[g:1][LEDGER]set enableHexBlock to be false,version=34144512
error|2026-01-23 06:58:48.084365|[NETWORK][Host]Get ca basic failed
info|2026-01-23 06:58:48.084387|[g:1][BLOCKCHAIN][#checkAndBuildGenesisBlock],shouldBuild=true
warning|2026-01-23 06:58:48.084468|[g:1][BLOCKCHAIN][getBlock]Can't find block,number=0
info|2026-01-23 06:58:48.084575|[g:1][BLOCKCHAIN]init consensus timeout,consensus_timeout=3
info|2026-01-23 06:58:48.085006|[g:1][g:1][STORAGE][CachedStorage]commit: 5 num: 0
info|2026-01-23 06:58:48.085163|[g:1][g:1][STORAGE][CachedStorage]Submited block task: 0, current syncd block: 0
info|2026-01-23 06:58:48.085206|[g:1][BLOCKCHAIN][#checkAndBuildGenesisBlock]Insert the 0th block
info|2026-01-23 06:58:48.085224|[g:1][LEDGER][initLedger]initBlockChain SUCC
info|2026-01-23 06:58:48.085340|[g:1][DBINITIALIZER] [createStateFactory],type=storage
info|2026-01-23 06:58:48.085369|[g:1][DBINITIALIZER] createStorageState SUCC
info|2026-01-23 06:58:48.085372|[g:1][DBINITIALIZER] [createStateFactory SUCC]
info|2026-01-23 06:58:48.085376|[g:1][DBINITIALIZER] createExecutiveContext...
info|2026-01-23 06:58:48.085389|[g:1][LEDGER]createGasMetric,vmFlagType=0
info|2026-01-23 06:58:48.085396|[g:1][LEDGER]createGasMetric
info|2026-01-23 06:58:48.085408|[g:1][DBINITIALIZER] create precompiledGasFactory and precompiledResultFactory
info|2026-01-23 06:58:48.085512|[g:1][DBINITIALIZER] createExecutiveContext SUCC
info|2026-01-23 06:58:48.085517|[g:1][DBINITIALIZER] [setSyncNumForCachedStorage],syncNum=0
info|2026-01-23 06:58:48.085524|[g:1][LEDGER][initNetworkBandWidthLimiter: outGoingBandwidthLimit has been disabled],groupId=1
info|2026-01-23 06:58:48.085527|[g:1][LEDGER][QPSLimit has been disabled],groupId=1
info|2026-01-23 06:58:48.085529|[g:1][LEDGER][initLedger][initBlockVerifier]
info|2026-01-23 06:58:48.085533|[g:1][LEDGER][initLedger][initBlockVerifier SUCC],evmFlags=0
info|2026-01-23 06:58:48.085536|[g:1][LEDGER][initLedger][initTxPool],txPoolLimit=150000
info|2026-01-23 06:58:48.085786|[g:1][LEDGER][initLedger]initTxPool SUCC
info|2026-01-23 06:58:48.085814|[g:1][LEDGER][initLedger][initSync],idleWaitMs=200,gossipInterval=1000,gossipPeers=3
info|2026-01-23 06:58:48.085819|[g:1][LEDGER]Init sync master,enableSendBlockStatusByTree=true,enableSendTxsByTree=true
info|2026-01-23 06:58:48.086489|[g:1][LEDGER][initLedger]initSync SUCC
info|2026-01-23 06:58:48.086519|[g:1][LEDGER][initLedger][consensusInitFactory]
info|2026-01-23 06:58:48.086523|[g:1][LEDGER][initLedger][createPBFTSealer]
info|2026-01-23 06:58:48.086525|[g:1][LEDGER][initLedger][createPBFTSealer],baseDir=data//group1,Protocol=65544
info|2026-01-23 06:58:48.086728|[g:1][LEDGER][initLedger]createPBFTSealer for PBFT or rPBFT,consensusType=pbft
info|2026-01-23 06:58:48.086756|[g:1][LEDGER]createConsensusEngine: create PBFTEngine
info|2026-01-23 06:58:48.086764|[g:1][CONSENSUS][PBFT]Register handler for PBFTEngine
info|2026-01-23 06:58:48.087131|[g:1][CONSENSUS][PBFT]setMinBlockGenerationTime,minBlockGenerationTime=500,consensusTime=1000
info|2026-01-23 06:58:48.087164|[g:1][LEDGER][initEventLogFilterManager]initEventLogFilterManager SUCC
info|2026-01-23 06:58:48.087168|[LedgerInitializer init group succ],groupID=1
info|2026-01-23 06:58:48.087306|[SafeHttpServer::StartListening]use default epoll
info|2026-01-23 06:58:48.087399|[NETWORK][Host]handshakeClient succ,local endpoint=127.0.0.1:48794
info|2026-01-23 06:58:48.087482|[NETWORK][Host]startPeerSession, Remote=127.0.0.1:30300,local endpoint=127.0.0.1:48794,nodeID=146986ac...
info|2026-01-23 06:58:48.087669|[NETWORK][Host]handshakeClient succ,local endpoint=127.0.0.1:34680
info|2026-01-23 06:58:48.087733|[NETWORK][Host]startPeerSession, Remote=127.0.0.1:30303,local endpoint=127.0.0.1:34680,nodeID=bd50e2d2...
info|2026-01-23 06:58:48.087859|[NETWORK][Host]handshakeServer succ,remote endpoint=127.0.0.1:48808
info|2026-01-23 06:58:48.087910|[INITIALIZER][RPCInitializer JsonrpcHttpServer started],jsonrpc_IP=127.0.0.1,jsonrpc_listen_port=8545,jsonrpc_thread_count=8,ipv6=false,disableDynamicGroup=false
info|2026-01-23 06:58:48.087944|[g:1][LEDGER]startAll...
info|2026-01-23 06:58:48.087918|[NETWORK][Host]startPeerSession, Remote=127.0.0.1:48808,local endpoint=127.0.0.1:30300,nodeID=6b879aa0...
error|2026-01-23 06:58:48.088270|[NETWORK][Host]Get ca basic failed
info|2026-01-23 06:58:48.088481|[g:1][GossipBlockStatus]start GossipBlockStatus succ
info|2026-01-23 06:58:48.088520|[g:1][CONSENSUS][ConsensusEngine][Start ConsensusEngineBase]
info|2026-01-23 06:58:48.088741|[g:1][CONSENSUS][PBFT]^^^^^^^^Report,num=0,sealerIdx=0,hash=0d8e5b5d...,next=1,tx=0,nodeIdx=0
info|2026-01-23 06:58:48.088786|[g:1][g:1][STORAGE][CachedStorage]Start commit block: 0 to backend storage
info|2026-01-23 06:58:48.088884|[g:1][ROCKSDB]open rocksDB handler,path=data//group1/pbftMsgBackup/RocksDB
info|2026-01-23 06:58:48.091194|[NETWORK][Host]handshakeServer succ,remote endpoint=127.0.0.1:48814
info|2026-01-23 06:58:48.091272|[P2P][Service] Connection established,nodeID=2dc926ce...,endpoint=127.0.0.1:48814
info|2026-01-23 06:58:48.091300|[NETWORK][Host]startPeerSession, Remote=127.0.0.1:48814,local endpoint=127.0.0.1:30300,nodeID=2dc926ce...
info|2026-01-23 06:58:48.092534|[g:1][NodeTimeMaintenance]updateTimeInfo: update median time offset,updatedMedianTimeOffset=-6,peer=bd50e2d2...,peerTime=1769180328086,peerOffset=-6,utcTime=1769180328092
info|2026-01-23 06:58:48.092646|[g:1][NodeTimeMaintenance]updateTimeInfo: update median time offset,updatedMedianTimeOffset=-4,peer=6b879aa0...,peerTime=1769180328089,peerOffset=-3,utcTime=1769180328092
info|2026-01-23 06:58:48.104484|[g:1][CONSENSUS][PBFT][PBFT init env successfully]
info|2026-01-23 06:58:48.104512|[g:1][CONSENSUS][PBFT][Start PBFTEngine...]
info|2026-01-23 06:58:48.104517|[g:1][CONSENSUS][SEALER][Start sealer module]
info|2026-01-23 06:58:48.104690|[g:1][CONSENSUS][PBFT]^^^^^^^^Report,num=0,sealerIdx=0,hash=0d8e5b5d...,next=1,tx=0,nodeIdx=0
info|2026-01-23 06:58:48.105162|[g:1][EVENT][EventLogFilterManager]start,m_maxBlockRange=0,m_maxBlockPerLoopFilter=3
info|2026-01-23 06:58:48.110200|[g:1][g:1][STORAGE][CachedStorage]
---------------------------------------------------------------------
Commit block: 0 to backend storage finished, current cached block: 0
Flush elapsed time: 0.0214s
---------------------------------------------------------------------

info|2026-01-23 06:58:48.110364|[g:1][NodeTimeMaintenance]updateTimeInfo: update median time offset,updatedMedianTimeOffset=-3,peer=2dc926ce...,peerTime=1769180328109,peerOffset=-1,utcTime=1769180328110
info|2026-01-23 06:58:49.089416|[g:1][CONSENSUS][SEALER]++++++++++++++++ Generating seal on,blkNum=1,tx=0,nodeIdx=0,hash=497d1db9...
info|2026-01-23 06:58:49.112992|[g:1][CONSENSUS][PBFT]checkTimeout Succ,view=0,toView=1,nodeIdx=0,changeCycle=1,myNode=146986ac...,timecost=2
info|2026-01-23 06:58:49.118857|[g:1][CONSENSUS][PBFT]checkAndChangeView: Reach consensus,org_view=0,cur_changeCycle=1,curView=0,view=1
info|2026-01-23 06:58:50.139624|[g:1][CONSENSUS][PBFT]Trigger fast-viewchange,view=1,toView=1,minView=2,INFO=,reqNum=0,curNum=0,GenIdx=2,Cview=2,view=1,fromIdx=2,fromNode=6b879aa0...,fromIp=127.0.0.1:30302,hash=0d8e5b5d...,nodeIdx=0,myNode=146986ac...
info|2026-01-23 06:58:50.139969|[g:1][CONSENSUS][PBFT]checkAndChangeView: Reach consensus,org_view=1,cur_changeCycle=2,curView=1,view=2
info|2026-01-23 06:58:50.140015|[g:1][CONSENSUS][PBFT]checkTimeout Succ,view=2,toView=2,nodeIdx=0,changeCycle=2,myNode=146986ac...,timecost=1
info|2026-01-23 06:58:51.133137|[g:1][CONSENSUS][PBFT]Trigger fast-viewchange,view=2,toView=2,minView=3,INFO=,reqNum=0,curNum=0,GenIdx=3,Cview=3,view=2,fromIdx=3,fromNode=bd50e2d2...,fromIp=127.0.0.1:48786,hash=0d8e5b5d...,nodeIdx=0,myNode=146986ac...
info|2026-01-23 06:58:51.133441|[g:1][CONSENSUS][PBFT]checkAndChangeView: Reach consensus,org_view=2,cur_changeCycle=3,curView=2,view=3
info|2026-01-23 06:58:51.133478|[g:1][CONSENSUS][PBFT]checkTimeout Succ,view=3,toView=3,nodeIdx=0,changeCycle=3,myNode=146986ac...,timecost=0
info|2026-01-23 06:58:52.135113|[g:1][CONSENSUS]addRawPrepare,height=1,reqIdx=3,hash=d6abf8e3...,time=0
info|2026-01-23 06:58:52.135537|[g:1][CONSENSUS][PBFT]checkTimeout Succ,view=3,toView=4,nodeIdx=0,changeCycle=1,myNode=146986ac...,timecost=0
info|2026-01-23 06:58:52.136085|[g:1][CONSENSUS][PBFT]checkAndChangeView: Reach consensus,org_view=3,cur_changeCycle=1,curView=3,view=4
info|2026-01-23 06:58:53.137014|[g:1][CONSENSUS][SEALER]++++++++++++++++ Generating seal on,blkNum=1,tx=0,nodeIdx=0,hash=b4cb504a...
info|2026-01-23 06:58:53.141165|[g:1][CONSENSUS][PBFT]checkTimeout Succ,view=4,toView=5,nodeIdx=0,changeCycle=1,myNode=146986ac...,timecost=1
info|2026-01-23 06:58:53.141579|[g:1][CONSENSUS][PBFT]checkAndChangeView: Reach consensus,org_view=4,cur_changeCycle=1,curView=4,view=5
info|2026-01-23 06:58:54.159931|[g:1][CONSENSUS][PBFT]Trigger fast-viewchange,view=5,toView=5,minView=6,INFO=,reqNum=0,curNum=0,GenIdx=1,Cview=6,view=5,fromIdx=1,fromNode=2dc926ce...,fromIp=127.0.0.1:48814,hash=0d8e5b5d...,nodeIdx=0,myNode=146986ac...
info|2026-01-23 06:58:54.160154|[g:1][CONSENSUS][PBFT]checkAndChangeView: Reach consensus,org_view=5,cur_changeCycle=2,curView=5,view=6
info|2026-01-23 06:58:54.160235|[g:1][CONSENSUS][PBFT]checkTimeout Succ,view=6,toView=6,nodeIdx=0,changeCycle=2,myNode=146986ac...,timecost=1
info|2026-01-23 06:58:55.162414|[g:1][CONSENSUS]addRawPrepare,height=1,reqIdx=2,hash=dc0d6aa4...,time=0
info|2026-01-23 06:58:55.162786|[g:1][CONSENSUS][PBFT]checkTimeout Succ,view=6,toView=7,nodeIdx=0,changeCycle=1,myNode=146986ac...,timecost=0
info|2026-01-23 06:58:55.163610|[g:1][CONSENSUS][PBFT]checkAndChangeView: Reach consensus,org_view=6,cur_changeCycle=1,curView=6,view=7
info|2026-01-23 06:58:56.166766|[g:1][CONSENSUS]addRawPrepare,height=1,reqIdx=3,hash=7f7ed22a...,time=0
info|2026-01-23 06:58:56.167122|[g:1][CONSENSUS][PBFT]checkTimeout Succ,view=7,toView=8,nodeIdx=0,changeCycle=1,myNode=146986ac...,timecost=1
info|2026-01-23 06:58:56.167939|[g:1][CONSENSUS][PBFT]checkAndChangeView: Reach consensus,org_view=7,cur_changeCycle=1,curView=7,view=8
info|2026-01-23 06:58:57.169526|[g:1][CONSENSUS][SEALER]++++++++++++++++ Generating seal on,blkNum=1,tx=0,nodeIdx=0,hash=8290b947...
info|2026-01-23 06:58:57.170330|[g:1][CONSENSUS][PBFT]checkTimeout Succ,view=8,toView=9,nodeIdx=0,changeCycle=1,myNode=146986ac...,timecost=0
info|2026-01-23 06:58:57.171786|[g:1][CONSENSUS][PBFT]checkAndChangeView: Reach consensus,org_view=8,cur_changeCycle=1,curView=8,view=9
info|2026-01-23 06:58:58.060680|[NETWORK][Host]Connecting to node,endpoint=127.0.0.1:30301
info|2026-01-23 06:58:58.060853|[P2P][Service] heartBeat,connected count=3
info|2026-01-23 06:58:58.061127|[NETWORK][ASIO]asyncResolveConnect,endpoint=127.0.0.1:30301
error|2026-01-23 06:58:58.062444|[NETWORK][Host]Get ca basic failed
info|2026-01-23 06:58:58.068486|[NETWORK][Host]handshakeClient succ,local endpoint=127.0.0.1:54882
info|2026-01-23 06:58:58.068529|[NETWORK][Host]startPeerSession, Remote=127.0.0.1:30301,local endpoint=127.0.0.1:54882,nodeID=2dc926ce...
info|2026-01-23 06:58:58.174929|[g:1][CONSENSUS]addRawPrepare,height=1,reqIdx=1,hash=a2b20598...,time=0
info|2026-01-23 06:58:58.175171|[g:1][CONSENSUS][PBFT]checkTimeout Succ,view=9,toView=10,nodeIdx=0,changeCycle=1,myNode=146986ac...,timecost=1
info|2026-01-23 06:58:58.176529|[g:1][CONSENSUS][PBFT]checkAndChangeView: Reach consensus,org_view=9,cur_changeCycle=1,curView=9,view=10
info|2026-01-23 06:58:59.178641|[g:1][CONSENSUS]addRawPrepare,height=1,reqIdx=2,hash=a1b71699...,time=0
info|2026-01-23 06:58:59.178991|[g:1][CONSENSUS][PBFT]checkTimeout Succ,view=10,toView=11,nodeIdx=0,changeCycle=1,myNode=146986ac...,timecost=0
info|2026-01-23 06:58:59.179949|[g:1][CONSENSUS][PBFT]checkAndChangeView: Reach consensus,org_view=10,cur_changeCycle=1,curView=10,view=11
info|2026-01-23 06:59:00.182286|[g:1][CONSENSUS]addRawPrepare,height=1,reqIdx=3,hash=6e7c54ea...,time=0
info|2026-01-23 06:59:00.182607|[g:1][CONSENSUS][PBFT]checkTimeout Succ,view=11,toView=12,nodeIdx=0,changeCycle=1,myNode=146986ac...,timecost=0
info|2026-01-23 06:59:00.183613|[g:1][CONSENSUS][PBFT]checkAndChangeView: Reach consensus,org_view=11,cur_changeCycle=1,curView=11,view=12
info|2026-01-23 06:59:01.185381|[g:1][CONSENSUS][SEALER]++++++++++++++++ Generating seal on,blkNum=1,tx=0,nodeIdx=0,hash=ab58137f...
info|2026-01-23 06:59:01.187571|[g:1][CONSENSUS][PBFT]checkTimeout Succ,view=12,toView=13,nodeIdx=0,changeCycle=1,myNode=146986ac...,timecost=0
info|2026-01-23 06:59:01.188213|[g:1][CONSENSUS][PBFT]checkAndChangeView: Reach consensus,org_view=12,cur_changeCycle=1,curView=12,view=13
info|2026-01-23 06:59:02.190064|[g:1][CONSENSUS]addRawPrepare,height=1,reqIdx=1,hash=4d89519c...,time=0
info|2026-01-23 06:59:02.190365|[g:1][CONSENSUS][PBFT]checkTimeout Succ,view=13,toView=14,nodeIdx=0,changeCycle=1,myNode=146986ac...,timecost=0
info|2026-01-23 06:59:02.191195|[g:1][CONSENSUS][PBFT]checkAndChangeView: Reach consensus,org_view=13,cur_changeCycle=1,curView=13,view=14
info|2026-01-23 06:59:03.195416|[g:1][CONSENSUS]addRawPrepare,height=1,reqIdx=2,hash=582c8923...,time=0
info|2026-01-23 06:59:03.195666|[g:1][CONSENSUS][PBFT]checkTimeout Succ,view=14,toView=15,nodeIdx=0,changeCycle=1,myNode=146986ac...,timecost=0
info|2026-01-23 06:59:03.197065|[g:1][CONSENSUS][PBFT]checkAndChangeView: Reach consensus,org_view=14,cur_changeCycle=1,curView=14,view=15
info|2026-01-23 06:59:04.198541|[g:1][CONSENSUS]addRawPrepare,height=1,reqIdx=3,hash=34b112ab...,time=0
info|2026-01-23 06:59:04.198829|[g:1][CONSENSUS][PBFT]checkTimeout Succ,view=15,toView=16,nodeIdx=0,changeCycle=1,myNode=146986ac...,timecost=0
info|2026-01-23 06:59:04.199997|[g:1][CONSENSUS][PBFT]checkAndChangeView: Reach consensus,org_view=15,cur_changeCycle=1,curView=15,view=16
info|2026-01-23 06:59:05.201122|[g:1][CONSENSUS][SEALER]++++++++++++++++ Generating seal on,blkNum=1,tx=0,nodeIdx=0,hash=677ccb24...
info|2026-01-23 06:59:05.201964|[g:1][CONSENSUS][PBFT]checkTimeout Succ,view=16,toView=17,nodeIdx=0,changeCycle=1,myNode=146986ac...,timecost=0
info|2026-01-23 06:59:05.203502|[g:1][CONSENSUS][PBFT]checkAndChangeView: Reach consensus,org_view=16,cur_changeCycle=1,curView=16,view=17
info|2026-01-23 06:59:06.204965|[g:1][CONSENSUS]addRawPrepare,height=1,reqIdx=1,hash=b9377130...,time=0
info|2026-01-23 06:59:06.205299|[g:1][CONSENSUS][PBFT]checkTimeout Succ,view=17,toView=18,nodeIdx=0,changeCycle=1,myNode=146986ac...,timecost=0
info|2026-01-23 06:59:06.205976|[g:1][CONSENSUS][PBFT]checkAndChangeView: Reach consensus,org_view=17,cur_changeCycle=1,curView=17,view=18
info|2026-01-23 06:59:07.207892|[g:1][CONSENSUS]addRawPrepare,height=1,reqIdx=2,hash=6e506fc3...,time=0
info|2026-01-23 06:59:07.208299|[g:1][CONSENSUS][PBFT]checkTimeout Succ,view=18,toView=19,nodeIdx=0,changeCycle=1,myNode=146986ac...,timecost=1
info|2026-01-23 06:59:07.208748|[g:1][CONSENSUS][PBFT]checkAndChangeView: Reach consensus,org_view=18,cur_changeCycle=1,curView=18,view=19
info|2026-01-23 06:59:08.061851|[P2P][Service] heartBeat,connected count=3
info|2026-01-23 06:59:08.210671|[g:1][CONSENSUS]addRawPrepare,height=1,reqIdx=3,hash=6fc542f1...,time=0
info|2026-01-23 06:59:08.210998|[g:1][CONSENSUS][PBFT]checkTimeout Succ,view=19,toView=20,nodeIdx=0,changeCycle=1,myNode=146986ac...,timecost=1
info|2026-01-23 06:59:08.214652|[g:1][CONSENSUS][PBFT]checkAndChangeView: Reach consensus,org_view=19,cur_changeCycle=1,curView=19,view=20
info|2026-01-23 06:59:09.215107|[g:1][CONSENSUS][SEALER]++++++++++++++++ Generating seal on,blkNum=1,tx=0,nodeIdx=0,hash=fd0c06f8...
info|2026-01-23 06:59:09.217719|[g:1][CONSENSUS][PBFT]checkTimeout Succ,view=20,toView=21,nodeIdx=0,changeCycle=1,myNode=146986ac...,timecost=0
info|2026-01-23 06:59:09.218196|[g:1][CONSENSUS][PBFT]checkAndChangeView: Reach consensus,org_view=20,cur_changeCycle=1,curView=20,view=21
info|2026-01-23 06:59:10.220616|[g:1][CONSENSUS]addRawPrepare,height=1,reqIdx=1,hash=e4ef40a9...,time=0
info|2026-01-23 06:59:10.220942|[g:1][CONSENSUS][PBFT]checkTimeout Succ,view=21,toView=22,nodeIdx=0,changeCycle=1,myNode=146986ac...,timecost=0
info|2026-01-23 06:59:10.221369|[g:1][CONSENSUS][PBFT]checkAndChangeView: Reach consensus,org_view=21,cur_changeCycle=1,curView=21,view=22
info|2026-01-23 06:59:11.222934|[g:1][CONSENSUS]addRawPrepare,height=1,reqIdx=2,hash=539844d6...,time=0
info|2026-01-23 06:59:11.223233|[g:1][CONSENSUS][PBFT]checkTimeout Succ,view=22,toView=23,nodeIdx=0,changeCycle=1,myNode=146986ac...,timecost=1
info|2026-01-23 06:59:11.224414|[g:1][CONSENSUS][PBFT]checkAndChangeView: Reach consensus,org_view=22,cur_changeCycle=1,curView=22,view=23
info|2026-01-23 06:59:12.225486|[g:1][CONSENSUS]addRawPrepare,height=1,reqIdx=3,hash=2a6b16f3...,time=0
info|2026-01-23 06:59:12.225929|[g:1][CONSENSUS][PBFT]checkTimeout Succ,view=23,toView=24,nodeIdx=0,changeCycle=1,myNode=146986ac...,timecost=0
info|2026-01-23 06:59:12.226841|[g:1][CONSENSUS][PBFT]checkAndChangeView: Reach consensus,org_view=23,cur_changeCycle=1,curView=23,view=24
info|2026-01-23 06:59:13.227486|[g:1][CONSENSUS][SEALER]++++++++++++++++ Generating seal on,blkNum=1,tx=0,nodeIdx=0,hash=99619ffd...
info|2026-01-23 06:59:13.229700|[g:1][CONSENSUS][PBFT]checkTimeout Succ,view=24,toView=25,nodeIdx=0,changeCycle=1,myNode=146986ac...,timecost=0
info|2026-01-23 06:59:13.230476|[g:1][CONSENSUS][PBFT]checkAndChangeView: Reach consensus,org_view=24,cur_changeCycle=1,curView=24,view=25
info|2026-01-23 06:59:14.234924|[g:1][CONSENSUS]addRawPrepare,height=1,reqIdx=1,hash=191f76f6...,time=0
info|2026-01-23 06:59:14.235396|[g:1][CONSENSUS][PBFT]checkTimeout Succ,view=25,toView=26,nodeIdx=0,changeCycle=1,myNode=146986ac...,timecost=1
info|2026-01-23 06:59:14.236583|[g:1][CONSENSUS][PBFT]checkAndChangeView: Reach consensus,org_view=25,cur_changeCycle=1,curView=25,view=26
info|2026-01-23 06:59:15.240230|[g:1][CONSENSUS]addRawPrepare,height=1,reqIdx=2,hash=3273fd80...,time=0
info|2026-01-23 06:59:15.240632|[g:1][CONSENSUS][PBFT]checkTimeout Succ,view=26,toView=27,nodeIdx=0,changeCycle=1,myNode=146986ac...,timecost=0
info|2026-01-23 06:59:15.241430|[g:1][CONSENSUS][PBFT]checkAndChangeView: Reach consensus,org_view=26,cur_changeCycle=1,curView=26,view=27
info|2026-01-23 06:59:16.241904|[g:1][CONSENSUS]addRawPrepare,height=1,reqIdx=3,hash=2b99d6a8...,time=0
info|2026-01-23 06:59:16.242228|[g:1][CONSENSUS][PBFT]checkTimeout Succ,view=27,toView=28,nodeIdx=0,changeCycle=1,myNode=146986ac...,timecost=1
info|2026-01-23 06:59:16.243063|[g:1][CONSENSUS][PBFT]checkAndChangeView: Reach consensus,org_view=27,cur_changeCycle=1,curView=27,view=28
info|2026-01-23 06:59:17.244450|[g:1][CONSENSUS][SEALER]++++++++++++++++ Generating seal on,blkNum=1,tx=0,nodeIdx=0,hash=f9de13e9...
info|2026-01-23 06:59:17.246852|[g:1][CONSENSUS][PBFT]checkTimeout Succ,view=28,toView=29,nodeIdx=0,changeCycle=1,myNode=146986ac...,timecost=0
info|2026-01-23 06:59:17.247217|[g:1][CONSENSUS][PBFT]checkAndChangeView: Reach consensus,org_view=28,cur_changeCycle=1,curView=28,view=29
info|2026-01-23 06:59:18.062543|[P2P][Service] heartBeat,connected count=3
info|2026-01-23 06:59:18.249007|[g:1][CONSENSUS]addRawPrepare,height=1,reqIdx=1,hash=02716827...,time=0
info|2026-01-23 06:59:18.249379|[g:1][CONSENSUS][PBFT]checkTimeout Succ,view=29,toView=30,nodeIdx=0,changeCycle=1,myNode=146986ac...,timecost=0
info|2026-01-23 06:59:18.258760|[g:1][CONSENSUS][PBFT]checkAndChangeView: Reach consensus,org_view=29,cur_changeCycle=1,curView=29,view=30
info|2026-01-23 06:59:19.261124|[g:1][CONSENSUS]addRawPrepare,height=1,reqIdx=2,hash=197e2e3c...,time=0
info|2026-01-23 06:59:19.261410|[g:1][CONSENSUS][PBFT]checkTimeout Succ,view=30,toView=31,nodeIdx=0,changeCycle=1,myNode=146986ac...,timecost=0
info|2026-01-23 06:59:19.262066|[g:1][CONSENSUS][PBFT]checkAndChangeView: Reach consensus,org_view=30,cur_changeCycle=1,curView=30,view=31
info|2026-01-23 06:59:20.264906|[g:1][CONSENSUS]addRawPrepare,height=1,reqIdx=3,hash=603095b4...,time=0
info|2026-01-23 06:59:20.265245|[g:1][CONSENSUS][PBFT]checkTimeout Succ,view=31,toView=32,nodeIdx=0,changeCycle=1,myNode=146986ac...,timecost=1
info|2026-01-23 06:59:20.265709|[g:1][CONSENSUS][PBFT]checkAndChangeView: Reach consensus,org_view=31,cur_changeCycle=1,curView=31,view=32
info|2026-01-23 06:59:21.267167|[g:1][CONSENSUS][SEALER]++++++++++++++++ Generating seal on,blkNum=1,tx=0,nodeIdx=0,hash=22fa9ea4...
info|2026-01-23 06:59:21.268009|[g:1][CONSENSUS][PBFT]checkTimeout Succ,view=32,toView=33,nodeIdx=0,changeCycle=1,myNode=146986ac...,timecost=1
info|2026-01-23 06:59:21.269500|[g:1][CONSENSUS][PBFT]checkAndChangeView: Reach consensus,org_view=32,cur_changeCycle=1,curView=32,view=33
info|2026-01-23 06:59:22.271811|[g:1][CONSENSUS]addRawPrepare,height=1,reqIdx=1,hash=a9e5cbd3...,time=0
info|2026-01-23 06:59:22.272114|[g:1][CONSENSUS][PBFT]checkTimeout Succ,view=33,toView=34,nodeIdx=0,changeCycle=1,myNode=146986ac...,timecost=1
info|2026-01-23 06:59:22.272757|[g:1][CONSENSUS][PBFT]checkAndChangeView: Reach consensus,org_view=33,cur_changeCycle=1,curView=33,view=34
info|2026-01-23 06:59:23.274359|[g:1][CONSENSUS]addRawPrepare,height=1,reqIdx=2,hash=c6cfb73d...,time=0
info|2026-01-23 06:59:23.274732|[g:1][CONSENSUS][PBFT]checkTimeout Succ,view=34,toView=35,nodeIdx=0,changeCycle=1,myNode=146986ac...,timecost=0
info|2026-01-23 06:59:23.276218|[g:1][CONSENSUS][PBFT]checkAndChangeView: Reach consensus,org_view=34,cur_changeCycle=1,curView=34,view=35
info|2026-01-23 06:59:24.278463|[g:1][CONSENSUS]addRawPrepare,height=1,reqIdx=3,hash=6362df74...,time=0
info|2026-01-23 06:59:24.278765|[g:1][CONSENSUS][PBFT]checkTimeout Succ,view=35,toView=36,nodeIdx=0,changeCycle=1,myNode=146986ac...,timecost=0
info|2026-01-23 06:59:24.279619|[g:1][CONSENSUS][PBFT]checkAndChangeView: Reach consensus,org_view=35,cur_changeCycle=1,curView=35,view=36
info|2026-01-23 06:59:25.280590|[g:1][CONSENSUS][SEALER]++++++++++++++++ Generating seal on,blkNum=1,tx=0,nodeIdx=0,hash=eacde674...
info|2026-01-23 06:59:25.282882|[g:1][CONSENSUS][PBFT]checkTimeout Succ,view=36,toView=37,nodeIdx=0,changeCycle=1,myNode=146986ac...,timecost=0
info|2026-01-23 06:59:25.283241|[g:1][CONSENSUS][PBFT]checkAndChangeView: Reach consensus,org_view=36,cur_changeCycle=1,curView=36,view=37
info|2026-01-23 06:59:26.284513|[g:1][CONSENSUS]addRawPrepare,height=1,reqIdx=1,hash=4089806c...,time=0
info|2026-01-23 06:59:26.284781|[g:1][CONSENSUS][PBFT]checkTimeout Succ,view=37,toView=38,nodeIdx=0,changeCycle=1,myNode=146986ac...,timecost=0
info|2026-01-23 06:59:26.285647|[g:1][CONSENSUS][PBFT]checkAndChangeView: Reach consensus,org_view=37,cur_changeCycle=1,curView=37,view=38
info|2026-01-23 06:59:27.287985|[g:1][CONSENSUS]addRawPrepare,height=1,reqIdx=2,hash=70531fda...,time=0
info|2026-01-23 06:59:27.288379|[g:1][CONSENSUS][PBFT]checkTimeout Succ,view=38,toView=39,nodeIdx=0,changeCycle=1,myNode=146986ac...,timecost=0
info|2026-01-23 06:59:27.289375|[g:1][CONSENSUS][PBFT]checkAndChangeView: Reach consensus,org_view=38,cur_changeCycle=1,curView=38,view=39
info|2026-01-23 06:59:28.062906|[P2P][Service] heartBeat,connected count=3
info|2026-01-23 06:59:28.294638|[g:1][CONSENSUS]addRawPrepare,height=1,reqIdx=3,hash=5b22fdf8...,time=0
info|2026-01-23 06:59:28.295034|[g:1][CONSENSUS][PBFT]checkTimeout Succ,view=39,toView=40,nodeIdx=0,changeCycle=1,myNode=146986ac...,timecost=1
info|2026-01-23 06:59:28.295450|[g:1][CONSENSUS][PBFT]checkAndChangeView: Reach consensus,org_view=39,cur_changeCycle=1,curView=39,view=40
info|2026-01-23 06:59:29.296923|[g:1][CONSENSUS][SEALER]++++++++++++++++ Generating seal on,blkNum=1,tx=0,nodeIdx=0,hash=01496086...
info|2026-01-23 06:59:29.297679|[g:1][CONSENSUS][PBFT]checkTimeout Succ,view=40,toView=41,nodeIdx=0,changeCycle=1,myNode=146986ac...,timecost=0
info|2026-01-23 06:59:29.299760|[g:1][CONSENSUS][PBFT]checkAndChangeView: Reach consensus,org_view=40,cur_changeCycle=1,curView=40,view=41
info|2026-01-23 06:59:30.301913|[g:1][CONSENSUS]addRawPrepare,height=1,reqIdx=1,hash=28d6afda...,time=0
info|2026-01-23 06:59:30.302181|[g:1][CONSENSUS][PBFT]checkTimeout Succ,view=41,toView=42,nodeIdx=0,changeCycle=1,myNode=146986ac...,timecost=1
info|2026-01-23 06:59:30.303245|[g:1][CONSENSUS][PBFT]checkAndChangeView: Reach consensus,org_view=41,cur_changeCycle=1,curView=41,view=42
info|2026-01-23 06:59:31.304710|[g:1][CONSENSUS]addRawPrepare,height=1,reqIdx=2,hash=c953521f...,time=0
info|2026-01-23 06:59:31.304970|[g:1][CONSENSUS][PBFT]checkTimeout Succ,view=42,toView=43,nodeIdx=0,changeCycle=1,myNode=146986ac...,timecost=0
info|2026-01-23 06:59:31.305574|[g:1][CONSENSUS][PBFT]checkAndChangeView: Reach consensus,org_view=42,cur_changeCycle=1,curView=42,view=43
info|2026-01-23 06:59:32.307326|[g:1][CONSENSUS]addRawPrepare,height=1,reqIdx=3,hash=0b4ad790...,time=0
info|2026-01-23 06:59:32.307596|[g:1][CONSENSUS][PBFT]checkTimeout Succ,view=43,toView=44,nodeIdx=0,changeCycle=1,myNode=146986ac...,timecost=0
info|2026-01-23 06:59:32.308855|[g:1][CONSENSUS][PBFT]checkAndChangeView: Reach consensus,org_view=43,cur_changeCycle=1,curView=43,view=44
info|2026-01-23 06:59:33.308697|[g:1][CONSENSUS][SEALER]++++++++++++++++ Generating seal on,blkNum=1,tx=0,nodeIdx=0,hash=07f95184...
info|2026-01-23 06:59:33.309445|[g:1][CONSENSUS][PBFT]checkTimeout Succ,view=44,toView=45,nodeIdx=0,changeCycle=1,myNode=146986ac...,timecost=0
info|2026-01-23 06:59:33.314196|[g:1][CONSENSUS][PBFT]checkAndChangeView: Reach consensus,org_view=44,cur_changeCycle=1,curView=44,view=45
info|2026-01-23 06:59:34.316334|[g:1][CONSENSUS]addRawPrepare,height=1,reqIdx=1,hash=1638df35...,time=0
info|2026-01-23 06:59:34.316752|[g:1][CONSENSUS][PBFT]checkTimeout Succ,view=45,toView=46,nodeIdx=0,changeCycle=1,myNode=146986ac...,timecost=0
info|2026-01-23 06:59:34.317457|[g:1][CONSENSUS][PBFT]checkAndChangeView: Reach consensus,org_view=45,cur_changeCycle=1,curView=45,view=46
info|2026-01-23 06:59:35.320554|[g:1][CONSENSUS]addRawPrepare,height=1,reqIdx=2,hash=7dd3ddbe...,time=0
info|2026-01-23 06:59:35.320866|[g:1][CONSENSUS][PBFT]checkTimeout Succ,view=46,toView=47,nodeIdx=0,changeCycle=1,myNode=146986ac...,timecost=0
info|2026-01-23 06:59:35.321628|[g:1][CONSENSUS][PBFT]checkAndChangeView: Reach consensus,org_view=46,cur_changeCycle=1,curView=46,view=47
info|2026-01-23 06:59:36.324432|[g:1][CONSENSUS]addRawPrepare,height=1,reqIdx=3,hash=9947b683...,time=0
info|2026-01-23 06:59:36.324768|[g:1][CONSENSUS][PBFT]checkTimeout Succ,view=47,toView=48,nodeIdx=0,changeCycle=1,myNode=146986ac...,timecost=0
info|2026-01-23 06:59:36.325528|[g:1][CONSENSUS][PBFT]checkAndChangeView: Reach consensus,org_view=47,cur_changeCycle=1,curView=47,view=48
info|2026-01-23 06:59:37.327396|[g:1][CONSENSUS][SEALER]++++++++++++++++ Generating seal on,blkNum=1,tx=0,nodeIdx=0,hash=9c03c79c...
info|2026-01-23 06:59:37.329743|[g:1][CONSENSUS][PBFT]checkTimeout Succ,view=48,toView=49,nodeIdx=0,changeCycle=1,myNode=146986ac...,timecost=0
info|2026-01-23 06:59:37.330055|[g:1][CONSENSUS][PBFT]checkAndChangeView: Reach consensus,org_view=48,cur_changeCycle=1,curView=48,view=49
info|2026-01-23 06:59:38.063883|[P2P][Service] heartBeat,connected count=3
info|2026-01-23 06:59:38.331107|[g:1][CONSENSUS]addRawPrepare,height=1,reqIdx=1,hash=8b1e822b...,time=0
info|2026-01-23 06:59:38.331379|[g:1][CONSENSUS][PBFT]checkTimeout Succ,view=49,toView=50,nodeIdx=0,changeCycle=1,myNode=146986ac...,timecost=0
info|2026-01-23 06:59:38.332905|[g:1][CONSENSUS][PBFT]checkAndChangeView: Reach consensus,org_view=49,cur_changeCycle=1,curView=49,view=50
info|2026-01-23 06:59:39.335499|[g:1][CONSENSUS]addRawPrepare,height=1,reqIdx=2,hash=cf5b0eec...,time=0
info|2026-01-23 06:59:39.335766|[g:1][CONSENSUS][PBFT]checkTimeout Succ,view=50,toView=51,nodeIdx=0,changeCycle=1,myNode=146986ac...,timecost=0
info|2026-01-23 06:59:39.336117|[g:1][CONSENSUS][PBFT]checkAndChangeView: Reach consensus,org_view=50,cur_changeCycle=1,curView=50,view=51
info|2026-01-23 06:59:40.339075|[g:1][CONSENSUS]addRawPrepare,height=1,reqIdx=3,hash=c6a5503f...,time=0
info|2026-01-23 06:59:40.339347|[g:1][CONSENSUS][PBFT]checkTimeout Succ,view=51,toView=52,nodeIdx=0,changeCycle=1,myNode=146986ac...,timecost=0
info|2026-01-23 06:59:40.339646|[g:1][CONSENSUS][PBFT]checkAndChangeView: Reach consensus,org_view=51,cur_changeCycle=1,curView=51,view=52
info|2026-01-23 06:59:41.340408|[g:1][CONSENSUS][SEALER]++++++++++++++++ Generating seal on,blkNum=1,tx=0,nodeIdx=0,hash=1aa5234e...
info|2026-01-23 06:59:41.342725|[g:1][CONSENSUS][PBFT]checkTimeout Succ,view=52,toView=53,nodeIdx=0,changeCycle=1,myNode=146986ac...,timecost=0
info|2026-01-23 06:59:41.343369|[g:1][CONSENSUS][PBFT]checkAndChangeView: Reach consensus,org_view=52,cur_changeCycle=1,curView=52,view=53
info|2026-01-23 06:59:42.344487|[g:1][CONSENSUS]addRawPrepare,height=1,reqIdx=1,hash=152e3bee...,time=0
info|2026-01-23 06:59:42.344786|[g:1][CONSENSUS][PBFT]checkTimeout Succ,view=53,toView=54,nodeIdx=0,changeCycle=1,myNode=146986ac...,timecost=0
info|2026-01-23 06:59:42.345648|[g:1][CONSENSUS][PBFT]checkAndChangeView: Reach consensus,org_view=53,cur_changeCycle=1,curView=53,view=54
info|2026-01-23 06:59:43.347029|[g:1][CONSENSUS]addRawPrepare,height=1,reqIdx=2,hash=2be43a4e...,time=0
info|2026-01-23 06:59:43.347342|[g:1][CONSENSUS][PBFT]checkTimeout Succ,view=54,toView=55,nodeIdx=0,changeCycle=1,myNode=146986ac...,timecost=0
info|2026-01-23 06:59:43.349186|[g:1][CONSENSUS][PBFT]checkAndChangeView: Reach consensus,org_view=54,cur_changeCycle=1,curView=54,view=55
info|2026-01-23 06:59:44.351093|[g:1][CONSENSUS]addRawPrepare,height=1,reqIdx=3,hash=383d8341...,time=0
info|2026-01-23 06:59:44.351382|[g:1][CONSENSUS][PBFT]checkTimeout Succ,view=55,toView=56,nodeIdx=0,changeCycle=1,myNode=146986ac...,timecost=0
info|2026-01-23 06:59:44.352371|[g:1][CONSENSUS][PBFT]checkAndChangeView: Reach consensus,org_view=55,cur_changeCycle=1,curView=55,view=56
info|2026-01-23 06:59:45.352957|[g:1][CONSENSUS][SEALER]++++++++++++++++ Generating seal on,blkNum=1,tx=0,nodeIdx=0,hash=50c7426a...
info|2026-01-23 06:59:45.353645|[g:1][CONSENSUS][PBFT]checkTimeout Succ,view=56,toView=57,nodeIdx=0,changeCycle=1,myNode=146986ac...,timecost=0
info|2026-01-23 06:59:45.355353|[g:1][CONSENSUS][PBFT]checkAndChangeView: Reach consensus,org_view=56,cur_changeCycle=1,curView=56,view=57
info|2026-01-23 06:59:46.358043|[g:1][CONSENSUS]addRawPrepare,height=1,reqIdx=1,hash=9a08c235...,time=0
info|2026-01-23 06:59:46.358339|[g:1][CONSENSUS][PBFT]checkTimeout Succ,view=57,toView=58,nodeIdx=0,changeCycle=1,myNode=146986ac...,timecost=0
info|2026-01-23 06:59:46.359056|[g:1][CONSENSUS][PBFT]checkAndChangeView: Reach consensus,org_view=57,cur_changeCycle=1,curView=57,view=58
info|2026-01-23 06:59:47.362471|[g:1][CONSENSUS]addRawPrepare,height=1,reqIdx=2,hash=1cf1d4a8...,time=0
info|2026-01-23 06:59:47.362828|[g:1][CONSENSUS][PBFT]checkTimeout Succ,view=58,toView=59,nodeIdx=0,changeCycle=1,myNode=146986ac...,timecost=0
info|2026-01-23 06:59:47.363686|[g:1][CONSENSUS][PBFT]checkAndChangeView: Reach consensus,org_view=58,cur_changeCycle=1,curView=58,view=59
info|2026-01-23 06:59:48.064929|[P2P][Service] heartBeat,connected count=3
info|2026-01-23 06:59:48.368239|[g:1][CONSENSUS]addRawPrepare,height=1,reqIdx=3,hash=28790558...,time=0
info|2026-01-23 06:59:48.368534|[g:1][CONSENSUS][PBFT]checkTimeout Succ,view=59,toView=60,nodeIdx=0,changeCycle=1,myNode=146986ac...,timecost=0
info|2026-01-23 06:59:48.369502|[g:1][CONSENSUS][PBFT]checkAndChangeView: Reach consensus,org_view=59,cur_changeCycle=1,curView=59,view=60
info|2026-01-23 06:59:49.371356|[g:1][CONSENSUS][SEALER]++++++++++++++++ Generating seal on,blkNum=1,tx=0,nodeIdx=0,hash=bbe23e28...
info|2026-01-23 06:59:49.374093|[g:1][CONSENSUS][PBFT]checkTimeout Succ,view=60,toView=61,nodeIdx=0,changeCycle=1,myNode=146986ac...,timecost=1
info|2026-01-23 06:59:49.374847|[g:1][CONSENSUS][PBFT]checkAndChangeView: Reach consensus,org_view=60,cur_changeCycle=1,curView=60,view=61
info|2026-01-23 06:59:50.376754|[g:1][CONSENSUS]addRawPrepare,height=1,reqIdx=1,hash=c2758ed7...,time=0
info|2026-01-23 06:59:50.377057|[g:1][CONSENSUS][PBFT]checkTimeout Succ,view=61,toView=62,nodeIdx=0,changeCycle=1,myNode=146986ac...,timecost=1
info|2026-01-23 06:59:50.377958|[g:1][CONSENSUS][PBFT]checkAndChangeView: Reach consensus,org_view=61,cur_changeCycle=1,curView=61,view=62
info|2026-01-23 06:59:51.379156|[g:1][CONSENSUS]addRawPrepare,height=1,reqIdx=2,hash=b70d830e...,time=0
info|2026-01-23 06:59:51.379472|[g:1][CONSENSUS][PBFT]checkTimeout Succ,view=62,toView=63,nodeIdx=0,changeCycle=1,myNode=146986ac...,timecost=0
info|2026-01-23 06:59:51.380488|[g:1][CONSENSUS][PBFT]checkAndChangeView: Reach consensus,org_view=62,cur_changeCycle=1,curView=62,view=63
info|2026-01-23 06:59:52.382072|[g:1][CONSENSUS]addRawPrepare,height=1,reqIdx=3,hash=6464c447...,time=0
info|2026-01-23 06:59:52.382341|[g:1][CONSENSUS][PBFT]checkTimeout Succ,view=63,toView=64,nodeIdx=0,changeCycle=1,myNode=146986ac...,timecost=0
info|2026-01-23 06:59:52.383546|[g:1][CONSENSUS][PBFT]checkAndChangeView: Reach consensus,org_view=63,cur_changeCycle=1,curView=63,view=64
info|2026-01-23 06:59:53.385269|[g:1][CONSENSUS][SEALER]++++++++++++++++ Generating seal on,blkNum=1,tx=0,nodeIdx=0,hash=d9f9cdf5...
info|2026-01-23 06:59:53.387648|[g:1][CONSENSUS][PBFT]checkTimeout Succ,view=64,toView=65,nodeIdx=0,changeCycle=1,myNode=146986ac...,timecost=0
info|2026-01-23 06:59:53.388838|[g:1][CONSENSUS][PBFT]checkAndChangeView: Reach consensus,org_view=64,cur_changeCycle=1,curView=64,view=65
info|2026-01-23 06:59:54.390564|[g:1][CONSENSUS]addRawPrepare,height=1,reqIdx=1,hash=b9061006...,time=0
info|2026-01-23 06:59:54.390830|[g:1][CONSENSUS][PBFT]checkTimeout Succ,view=65,toView=66,nodeIdx=0,changeCycle=1,myNode=146986ac...,timecost=0
info|2026-01-23 06:59:54.391513|[g:1][CONSENSUS][PBFT]checkAndChangeView: Reach consensus,org_view=65,cur_changeCycle=1,curView=65,view=66
info|2026-01-23 06:59:55.395433|[g:1][CONSENSUS]addRawPrepare,height=1,reqIdx=2,hash=4be396c3...,time=0
info|2026-01-23 06:59:55.395710|[g:1][CONSENSUS][PBFT]checkTimeout Succ,view=66,toView=67,nodeIdx=0,changeCycle=1,myNode=146986ac...,timecost=0
info|2026-01-23 06:59:55.396030|[g:1][CONSENSUS][PBFT]checkAndChangeView: Reach consensus,org_view=66,cur_changeCycle=1,curView=66,view=67
info|2026-01-23 06:59:56.398471|[g:1][CONSENSUS]addRawPrepare,height=1,reqIdx=3,hash=58d4399a...,time=0
info|2026-01-23 06:59:56.398807|[g:1][CONSENSUS][PBFT]checkTimeout Succ,view=67,toView=68,nodeIdx=0,changeCycle=1,myNode=146986ac...,timecost=0
info|2026-01-23 06:59:56.399398|[g:1][CONSENSUS][PBFT]checkAndChangeView: Reach consensus,org_view=67,cur_changeCycle=1,curView=67,view=68
info|2026-01-23 06:59:57.400036|[g:1][CONSENSUS][SEALER]++++++++++++++++ Generating seal on,blkNum=1,tx=0,nodeIdx=0,hash=c7546f2f...
info|2026-01-23 06:59:57.400938|[g:1][CONSENSUS][PBFT]checkTimeout Succ,view=68,toView=69,nodeIdx=0,changeCycle=1,myNode=146986ac...,timecost=0
info|2026-01-23 06:59:57.402344|[g:1][CONSENSUS][PBFT]checkAndChangeView: Reach consensus,org_view=68,cur_changeCycle=1,curView=68,view=69
info|2026-01-23 06:59:58.065966|[P2P][Service] heartBeat,connected count=3
info|2026-01-23 06:59:58.404461|[g:1][CONSENSUS]addRawPrepare,height=1,reqIdx=1,hash=2639c035...,time=0
info|2026-01-23 06:59:58.404799|[g:1][CONSENSUS][PBFT]checkTimeout Succ,view=69,toView=70,nodeIdx=0,changeCycle=1,myNode=146986ac...,timecost=0
info|2026-01-23 06:59:58.405495|[g:1][CONSENSUS][PBFT]checkAndChangeView: Reach consensus,org_view=69,cur_changeCycle=1,curView=69,view=70
info|2026-01-23 06:59:59.407296|[g:1][CONSENSUS]addRawPrepare,height=1,reqIdx=2,hash=542fb35a...,time=0
info|2026-01-23 06:59:59.407958|[g:1][CONSENSUS][PBFT]checkTimeout Succ,view=70,toView=71,nodeIdx=0,changeCycle=1,myNode=146986ac...,timecost=0
info|2026-01-23 06:59:59.408787|[g:1][CONSENSUS][PBFT]checkAndChangeView: Reach consensus,org_view=70,cur_changeCycle=1,curView=70,view=71
