info|2026-03-18 06:57:12.415243|[g:1][CONSENSUS][SEALER]++++++++++++++++ Generating seal on,blkNum=95,tx=0,nodeIdx=1,hash=1c8804d0...
info|2026-03-18 06:57:12.436675|[g:1][CONSENSUS][PBFT]checkTimeout Succ,view=23975,toView=23976,nodeIdx=1,changeCycle=1,myNode=2dc926ce...,timecost=0
info|2026-03-18 06:57:12.536897|[g:1][CONSENSUS][PBFT]checkAndChangeView: Reach consensus,org_view=23975,cur_changeCycle=1,curView=23975,view=23976
info|2026-03-18 06:57:13.628165|[g:1][CONSENSUS]addRawPrepare,height=95,reqIdx=2,hash=7098a44d...,time=0
info|2026-03-18 06:57:13.628510|[g:1][CONSENSUS][PBFT]checkTimeout Succ,view=23976,toView=23977,nodeIdx=1,changeCycle=1,myNode=2dc926ce...,timecost=0
info|2026-03-18 06:57:13.637520|[g:1][CONSENSUS][PBFT]checkAndChangeView: Reach consensus,org_view=23976,cur_changeCycle=1,curView=23976,view=23977
info|2026-03-18 06:57:14.655972|[g:1][CONSENSUS]addRawPrepare,height=95,reqIdx=3,hash=d87a1096...,time=0
info|2026-03-18 06:57:14.656239|[g:1][CONSENSUS][PBFT]checkTimeout Succ,view=23977,toView=23978,nodeIdx=1,changeCycle=1,myNode=2dc926ce...,timecost=0
info|2026-03-18 06:57:14.664415|[g:1][CONSENSUS][PBFT]checkAndChangeView: Reach consensus,org_view=23977,cur_changeCycle=1,curView=23977,view=23978
info|2026-03-18 06:57:15.673519|[g:1][CONSENSUS]addRawPrepare,height=95,reqIdx=0,hash=fe3cea5d...,time=0
info|2026-03-18 06:57:15.673862|[g:1][CONSENSUS][PBFT]checkTimeout Succ,view=23978,toView=23979,nodeIdx=1,changeCycle=1,myNode=2dc926ce...,timecost=0
info|2026-03-18 06:57:15.675342|[g:1][CONSENSUS][PBFT]checkAndChangeView: Reach consensus,org_view=23978,cur_changeCycle=1,curView=23978,view=23979
info|2026-03-18 06:57:16.410372|[P2P][Service] heartBeat,connected count=3
info|2026-03-18 06:57:16.678016|[g:1][CONSENSUS][SEALER]++++++++++++++++ Generating seal on,blkNum=95,tx=0,nodeIdx=1,hash=87f2f59f...
info|2026-03-18 06:57:16.679240|[g:1][CONSENSUS][PBFT]checkTimeout Succ,view=23979,toView=23980,nodeIdx=1,changeCycle=1,myNode=2dc926ce...,timecost=1
info|2026-03-18 06:57:16.681140|[g:1][CONSENSUS][PBFT]checkAndChangeView: Reach consensus,org_view=23979,cur_changeCycle=1,curView=23979,view=23980
warning|2026-03-18 06:57:39.926597|[g:1][CONSENSUS][PBFT]ViewChangeWarning: not caused by omit empty block ,v=23980,toV=23981,curNum=94,hash=8b3d6ebc...,nodeIdx=1,myNode=2dc926ce...
info|2026-03-18 06:57:39.926664|[g:1][CONSENSUS][PBFT]checkTimeout Succ,view=23980,toView=23981,nodeIdx=1,changeCycle=2,myNode=2dc926ce...,timecost=0
info|2026-03-18 06:57:39.936478|[P2P][Service] heartBeat,connected count=3
info|2026-03-18 06:57:40.121888|[g:1][CONSENSUS][PBFT]checkAndChangeView: Reach consensus,org_view=23980,cur_changeCycle=2,curView=23980,view=23981
