info|2026-01-23 06:58:48.045654|[INITIALIZER][initGlobalConfig],enableCompress=true,compatibilityVersion=2.9.1,versionNumber=34144512,enableStat=false,chainId=1,useSMCrypto=false
info|2026-01-23 06:58:48.045726|[INITIALIZER][SecureInitializer]loading privateKey
info|2026-01-23 06:58:48.058824|[INITIALIZER][SecureInitializer]get pub of node,nodeID=6b879aa09fc838c31872e875808f0019802be55f327c7e5da9788e02f6476b842bc3c169d7e97f2dad8051412f35820a6325eb2083796eeb5287fd37c4bf074a
info|2026-01-23 06:58:48.058949|[INITIALIZER][SecureInitializer]use user certificate,file=conf//node.crt
info|2026-01-23 06:58:48.059224|[INITIALIZER][SecureInitializer]use ca certificate,file=conf//ca.crt
info|2026-01-23 06:58:48.059265|[INITIALIZER][SecureInitializer]use ca,file=conf//
info|2026-01-23 06:58:48.059283|[INITIALIZER][SecureInitializer][initChannelCertConfig]enable rsa cert for channel ,conf//channel_cert/ certs will be used for channel ssl,dataPath=conf/
info|2026-01-23 06:58:48.060044|[NETWORK][Host]Connecting to node,endpoint=127.0.0.1:30300
info|2026-01-23 06:58:48.060092|[NETWORK][Host]P2P StartAccept,Host=0.0.0.0:30302
info|2026-01-23 06:58:48.060288|[NETWORK][Host]Connecting to node,endpoint=127.0.0.1:30301
info|2026-01-23 06:58:48.060387|[NETWORK][Host]Connecting to node,endpoint=127.0.0.1:30302
info|2026-01-23 06:58:48.060471|[NETWORK][ASIO]asyncResolveConnect,endpoint=127.0.0.1:30300
info|2026-01-23 06:58:48.060503|[NETWORK][Host]Connecting to node,endpoint=127.0.0.1:30303
info|2026-01-23 06:58:48.060599|[P2P][Service] heartBeat,connected count=0
info|2026-01-23 06:58:48.060641|[INITIALIZER][RPCInitializer],network_security.check_cert_issuer=true
info|2026-01-23 06:58:48.060726|[NETWORK][Host]P2P Recv Connect, From=127.0.0.1:58890
info|2026-01-23 06:58:48.060783|[NETWORK][Host]P2P StartAccept,Host=0.0.0.0:30302
info|2026-01-23 06:58:48.060834|[NETWORK][Host]P2P Recv Connect, From=127.0.0.1:58894
info|2026-01-23 06:58:48.060895|[NETWORK][Host]P2P StartAccept,Host=0.0.0.0:30302
info|2026-01-23 06:58:48.061053|[NETWORK][ASIO]asyncResolveConnect,endpoint=127.0.0.1:30301
error|2026-01-23 06:58:48.061093|[NETWORK][Host]TCP Connection refused by node,endpoint=127.0.0.1:30301,message=Connection refused
warning|2026-01-23 06:58:48.061316|[P2P][Service] onConnect,errorCode=5,nodeID=00000000...,nodeName=,endpoint=unknown,what=Connect failed
info|2026-01-23 06:58:48.061951|[CHANNEL][ChannelServer::run],threadPoolSize=8
info|2026-01-23 06:58:48.062047|[CHANNEL]ChannelRPCServer started
info|2026-01-23 06:58:48.062078|[INITIALIZER][RPCInitializer: ChannelRPCHttpServer started.],disableDynamicGroup=false,threadSize=8
info|2026-01-23 06:58:48.062083|[INITIALIZER][LedgerInitializer]initConfig
info|2026-01-23 06:58:48.062091|[LedgerInitializer],groupConfigPath=conf/
info|2026-01-23 06:58:48.062216|[INITIALIZER][initSingleLedger] [GroupId], LedgerConstructor:  1,configFileName=conf/group.1.genesis,dataDir=data/
info|2026-01-23 06:58:48.062301|[g:1][LedgerParam][parseGenesisConfig]initConsensusConfig/initStorageConfig/initTxConfig,configFile=conf/group.1.genesis
info|2026-01-23 06:58:48.062335|[g:1][LedgerParam][initConsensusConfig],type=pbft,consensusTimeout=3,maxTxNum=1000,txGasLimit=300000000
info|2026-01-23 06:58:48.062365|[g:1][LedgerParam][parsePublicKeyListOfSection],sectionName=consensus,it.first=146986ac829a29604714ea4b5bc827bb367a3210558d1305e0da3904efa88bcb1539c365c540998fed6d737af591070850e3e78c500931f56630174f9b238d8d
info|2026-01-23 06:58:48.062421|[g:1][LedgerParam][parsePublicKeyListOfSection],sectionName=consensus,it.first=2dc926cefde7ed2521073e9846a13cf20292f157b12985af3a259b59a5c6a9496b38e0e142c5804820b05180cc021be78d09673e64aae07340948f930fd00200
info|2026-01-23 06:58:48.062449|[g:1][LedgerParam][parsePublicKeyListOfSection],sectionName=consensus,it.first=6b879aa09fc838c31872e875808f0019802be55f327c7e5da9788e02f6476b842bc3c169d7e97f2dad8051412f35820a6325eb2083796eeb5287fd37c4bf074a
info|2026-01-23 06:58:48.062477|[g:1][LedgerParam][parsePublicKeyListOfSection],sectionName=consensus,it.first=bd50e2d24fc6278279f9f166fb146d14c1245545c06275f5e5ee6dd02cbb04d034586c5503770b5186ed6bb320bcb987c3de9f128f63d696f8bbe8b91be492e2
info|2026-01-23 06:58:48.062513|[g:1][LedgerParam][parsePublicKeyListOfSection],totalPubKeySize=4
info|2026-01-23 06:58:48.062547|[g:1][LedgerParam][max_block_range],maxBlockRange=0,maxBlockPerProcess=3
info|2026-01-23 06:58:48.062572|[g:1][LedgerParam][parseGenesisConfig],timestamp=1769179416000
info|2026-01-23 06:58:48.062599|[g:1][LedgerParam]setEVMFlags,enableFreeStorageVMSchedule=false,evmFlags=0
info|2026-01-23 06:58:48.062606|[NETWORK][ASIO]asyncResolveConnect,endpoint=127.0.0.1:30302
info|2026-01-23 06:58:48.062688|[g:1][LedgerParam]store evmFlag,evmFlag=0
info|2026-01-23 06:58:48.062714|[g:1][LedgerParam]store consensus time,consensusTimeout=3
info|2026-01-23 06:58:48.062737|[NETWORK][Host]P2P Recv Connect, From=127.0.0.1:58898
info|2026-01-23 06:58:48.062776|[g:1][LedgerParam][initMark],genesisMark=1-146986ac829a29604714ea4b5bc827bb367a3210558d1305e0da3904efa88bcb1539c365c540998fed6d737af591070850e3e78c500931f56630174f9b238d8d,2dc926cefde7ed2521073e9846a13cf20292f157b12985af3a259b59a5c6a9496b38e0e142c5804820b05180cc021be78d09673e64aae07340948f930fd00200,6b879aa09fc838c31872e875808f0019802be55f327c7e5da9788e02f6476b842bc3c169d7e97f2dad8051412f35820a6325eb2083796eeb5287fd37c4bf074a,bd50e2d24fc6278279f9f166fb146d14c1245545c06275f5e5ee6dd02cbb04d034586c5503770b5186ed6bb320bcb987c3de9f128f63d696f8bbe8b91be492e2,-pbft-storage-0-1000-300000000-3
info|2026-01-23 06:58:48.062784|[g:1][LedgerParam][initIniConfig]initTxPoolConfig/initSyncConfig/initTxExecuteConfig,configFile=conf/group.1.ini
info|2026-01-23 06:58:48.062803|[NETWORK][Host]P2P StartAccept,Host=0.0.0.0:30302
info|2026-01-23 06:58:48.062919|[g:1][LedgerParam][initStorageConfig],stateType=storage,storageDB=rocksdb,storagePath=data//group1/block/RocksDB,baseDir=data//group1,dbtype=mysql,dbip=127.0.0.1,dbport=3306,dbcharset=utf8mb4,initconnections=15,maxconnections=50,scrollThreshold=2000
info|2026-01-23 06:58:48.062930|[g:1][LedgerParam][initTxPoolConfig],txPoolLimit=150000,memorySizeLimit(MB)=512,notifyWorkerNum=2,txsExpirationTime(ms)=600000
info|2026-01-23 06:58:48.062934|[g:1][LedgerParam][initSyncConfig],idleWaitMs=200
info|2026-01-23 06:58:48.062942|[g:1][LedgerParam][initSyncConfig],enableSendTxsByTree=true,enableSendBlockStatusByTree=true
info|2026-01-23 06:58:48.062947|[g:1][LedgerParam][initSyncConfig],gossipInterval=1000
info|2026-01-23 06:58:48.062953|[g:1][LedgerParam][initSyncConfig],enableSendBlockStatusByTree=true,gossipInterval=1000,gossipPeers=3,syncTreeWidth=3,maxQueueSizeForBlockSync=536870912,txsStatusGossipMaxPeers=5
info|2026-01-23 06:58:48.062957|[g:1][LedgerParam][InitTxExecuteConfig],enableParallel=true
info|2026-01-23 06:58:48.062967|[g:1][LedgerParam][initConsensusIniConfig],maxTTL=2,minBlockGenerationTime=500,enablDynamicBlockSize=true,blockSizeIncreaseRatio=0.5,enableTTLOptimize=true,enablePrepareWithTxsHash=true
info|2026-01-23 06:58:48.062980|[g:1][LedgerParam][initRPBFTConsensusIniConfig],broadcastPrepareByTree=true,prepareStatusBroadcastPercent=33,maxRequestMissedTxsWaitTime=100,maxRequestPrepareWaitTime=100
info|2026-01-23 06:58:48.062984|[g:1][LedgerParam][initFlowControlConfig],maxQPS=9223372036854775807,outGoingBandwidth(Bytes)=9223372036854775807
info|2026-01-23 06:58:48.062987|[g:1][LedgerParam]parseSDKAllowList,sdkAllowList=[],enableSDKAllowListControl=false
info|2026-01-23 06:58:48.063000|[g:1][LEDGER][initLedger][DBInitializer]
info|2026-01-23 06:58:48.063003|[g:1][LEDGER]setSDKAllowList,groupId=1,sdkAllowListSize=0
info|2026-01-23 06:58:48.063012|[g:1][CHANNEL]registerSDKAllowListByGroupId,groupId=1,size=0
info|2026-01-23 06:58:48.063015|[g:1][CHANNEL]Disable group-level sdk permission control for sdk allowlist is empty
info|2026-01-23 06:58:48.063018|[g:1][DBINITIALIZER] [initStorageDB]
info|2026-01-23 06:58:48.063025|[g:1][DBINITIALIZER] [initRocksDBStorage]
info|2026-01-23 06:58:48.063245|[g:1][ROCKSDB]open rocksDB handler,path=data//group1/block/RocksDB
error|2026-01-23 06:58:48.063603|[NETWORK][Host]Get ca basic failed
info|2026-01-23 06:58:48.066775|[NETWORK][Host]P2P Recv Connect, From=127.0.0.1:58902
info|2026-01-23 06:58:48.066808|[NETWORK][Host]P2P StartAccept,Host=0.0.0.0:30302
error|2026-01-23 06:58:48.066995|[NETWORK][Host]Get ca basic failed
info|2026-01-23 06:58:48.069872|[NETWORK][Host]handshakeServer succ,remote endpoint=127.0.0.1:58898
info|2026-01-23 06:58:48.069911|[NETWORK][Host]startPeerSession, Remote=127.0.0.1:58898,local endpoint=127.0.0.1:30302,nodeID=6b879aa0...
error|2026-01-23 06:58:48.070077|[NETWORK][Host]Get ca basic failed
error|2026-01-23 06:58:48.073243|[NETWORK][Host]Get ca basic failed
info|2026-01-23 06:58:48.075772|[NETWORK][Host]handshakeClient succ,local endpoint=127.0.0.1:58898
info|2026-01-23 06:58:48.075846|[NETWORK][Host]startPeerSession, Remote=127.0.0.1:30302,local endpoint=127.0.0.1:58898,nodeID=6b879aa0...
info|2026-01-23 06:58:48.075960|[NETWORK][Host]handshakeServer succ,remote endpoint=127.0.0.1:58890
info|2026-01-23 06:58:48.076017|[NETWORK][Host]startPeerSession, Remote=127.0.0.1:58890,local endpoint=127.0.0.1:30302,nodeID=bd50e2d2...
info|2026-01-23 06:58:48.076077|[P2P][Service] Connection established,nodeID=bd50e2d2...,endpoint=127.0.0.1:58890
info|2026-01-23 06:58:48.076173|[NETWORK][ASIO]asyncResolveConnect,endpoint=127.0.0.1:30303
info|2026-01-23 06:58:48.076214|[NETWORK][Host]handshakeServer succ,remote endpoint=127.0.0.1:58894
info|2026-01-23 06:58:48.076247|[NETWORK][Host]startPeerSession, Remote=127.0.0.1:58894,local endpoint=127.0.0.1:30302,nodeID=146986ac...
info|2026-01-23 06:58:48.076286|[P2P][Service] Connection established,nodeID=146986ac...,endpoint=127.0.0.1:58894
error|2026-01-23 06:58:48.076544|[NETWORK][Host]Get ca basic failed
error|2026-01-23 06:58:48.080334|[NETWORK][Host]Get ca basic failed
info|2026-01-23 06:58:48.082689|[NETWORK][Host]handshakeServer succ,remote endpoint=127.0.0.1:58902
info|2026-01-23 06:58:48.082758|[NETWORK][Host]startPeerSession, Remote=127.0.0.1:58902,local endpoint=127.0.0.1:30302,nodeID=2dc926ce...
info|2026-01-23 06:58:48.082796|[P2P][Service] Connection established,nodeID=2dc926ce...,endpoint=127.0.0.1:58902
error|2026-01-23 06:58:48.082993|[NETWORK][Host]Get ca basic failed
info|2026-01-23 06:58:48.085395|[g:1][g:1][STORAGE][CachedStorage]Init flushStorage thread
info|2026-01-23 06:58:48.085628|[g:1][DBINITIALIZER] [init CachedStorage],maxCapacity=32,maxForwardBlock=10
info|2026-01-23 06:58:48.085665|[g:1][LEDGER][initLedger][initBlockChain]
info|2026-01-23 06:58:48.085811|[g:1][LEDGER]set enableHexBlock to be false,version=34144512
info|2026-01-23 06:58:48.085839|[g:1][BLOCKCHAIN][#checkAndBuildGenesisBlock],shouldBuild=true
warning|2026-01-23 06:58:48.085936|[g:1][BLOCKCHAIN][getBlock]Can't find block,number=0
info|2026-01-23 06:58:48.086045|[g:1][BLOCKCHAIN]init consensus timeout,consensus_timeout=3
info|2026-01-23 06:58:48.086559|[g:1][g:1][STORAGE][CachedStorage]commit: 5 num: 0
info|2026-01-23 06:58:48.086770|[g:1][g:1][STORAGE][CachedStorage]Submited block task: 0, current syncd block: 0
info|2026-01-23 06:58:48.086788|[g:1][BLOCKCHAIN][#checkAndBuildGenesisBlock]Insert the 0th block
info|2026-01-23 06:58:48.086804|[g:1][LEDGER][initLedger]initBlockChain SUCC
info|2026-01-23 06:58:48.086994|[g:1][DBINITIALIZER] [createStateFactory],type=storage
info|2026-01-23 06:58:48.086999|[g:1][DBINITIALIZER] createStorageState SUCC
info|2026-01-23 06:58:48.087000|[g:1][DBINITIALIZER] [createStateFactory SUCC]
info|2026-01-23 06:58:48.087003|[g:1][DBINITIALIZER] createExecutiveContext...
info|2026-01-23 06:58:48.087015|[g:1][LEDGER]createGasMetric,vmFlagType=0
info|2026-01-23 06:58:48.087018|[g:1][LEDGER]createGasMetric
info|2026-01-23 06:58:48.087023|[g:1][DBINITIALIZER] create precompiledGasFactory and precompiledResultFactory
info|2026-01-23 06:58:48.087025|[g:1][DBINITIALIZER] createExecutiveContext SUCC
info|2026-01-23 06:58:48.087028|[g:1][DBINITIALIZER] [setSyncNumForCachedStorage],syncNum=0
info|2026-01-23 06:58:48.087038|[g:1][LEDGER][initNetworkBandWidthLimiter: outGoingBandwidthLimit has been disabled],groupId=1
info|2026-01-23 06:58:48.087041|[g:1][LEDGER][QPSLimit has been disabled],groupId=1
info|2026-01-23 06:58:48.087043|[g:1][LEDGER][initLedger][initBlockVerifier]
info|2026-01-23 06:58:48.087047|[g:1][LEDGER][initLedger][initBlockVerifier SUCC],evmFlags=0
info|2026-01-23 06:58:48.087049|[g:1][LEDGER][initLedger][initTxPool],txPoolLimit=150000
info|2026-01-23 06:58:48.087285|[g:1][LEDGER][initLedger]initTxPool SUCC
info|2026-01-23 06:58:48.087290|[g:1][LEDGER][initLedger][initSync],idleWaitMs=200,gossipInterval=1000,gossipPeers=3
info|2026-01-23 06:58:48.087293|[g:1][LEDGER]Init sync master,enableSendBlockStatusByTree=true,enableSendTxsByTree=true
info|2026-01-23 06:58:48.087977|[g:1][LEDGER][initLedger]initSync SUCC
info|2026-01-23 06:58:48.087982|[g:1][LEDGER][initLedger][consensusInitFactory]
info|2026-01-23 06:58:48.087985|[g:1][LEDGER][initLedger][createPBFTSealer]
info|2026-01-23 06:58:48.087987|[g:1][LEDGER][initLedger][createPBFTSealer],baseDir=data//group1,Protocol=65544
info|2026-01-23 06:58:48.088070|[g:1][LEDGER][initLedger]createPBFTSealer for PBFT or rPBFT,consensusType=pbft
info|2026-01-23 06:58:48.088077|[g:1][LEDGER]createConsensusEngine: create PBFTEngine
info|2026-01-23 06:58:48.088087|[g:1][CONSENSUS][PBFT]Register handler for PBFTEngine
info|2026-01-23 06:58:48.088681|[g:1][CONSENSUS][PBFT]setMinBlockGenerationTime,minBlockGenerationTime=500,consensusTime=1000
info|2026-01-23 06:58:48.088690|[g:1][LEDGER][initEventLogFilterManager]initEventLogFilterManager SUCC
info|2026-01-23 06:58:48.088694|[LedgerInitializer init group succ],groupID=1
info|2026-01-23 06:58:48.088850|[SafeHttpServer::StartListening]use default epoll
info|2026-01-23 06:58:48.089566|[INITIALIZER][RPCInitializer JsonrpcHttpServer started],jsonrpc_IP=127.0.0.1,jsonrpc_listen_port=8547,jsonrpc_thread_count=8,ipv6=false,disableDynamicGroup=false
info|2026-01-23 06:58:48.089584|[g:1][LEDGER]startAll...
info|2026-01-23 06:58:48.091654|[NETWORK][Host]handshakeClient succ,local endpoint=127.0.0.1:48808
info|2026-01-23 06:58:48.091691|[NETWORK][Host]startPeerSession, Remote=127.0.0.1:30300,local endpoint=127.0.0.1:48808,nodeID=146986ac...
info|2026-01-23 06:58:48.091852|[NETWORK][Host]handshakeClient succ,local endpoint=127.0.0.1:34692
info|2026-01-23 06:58:48.091888|[g:1][NodeTimeMaintenance]updateTimeInfo: update median time offset,updatedMedianTimeOffset=-5,peer=bd50e2d2...,peerTime=1769180328086,peerOffset=-5,utcTime=1769180328091
info|2026-01-23 06:58:48.091903|[NETWORK][Host]startPeerSession, Remote=127.0.0.1:30303,local endpoint=127.0.0.1:34692,nodeID=bd50e2d2...
info|2026-01-23 06:58:48.092079|[g:1][NodeTimeMaintenance]updateTimeInfo: update median time offset,updatedMedianTimeOffset=-4,peer=146986ac...,peerTime=1769180328088,peerOffset=-4,utcTime=1769180328092
info|2026-01-23 06:58:48.092216|[g:1][g:1][STORAGE][CachedStorage]Start commit block: 0 to backend storage
info|2026-01-23 06:58:48.094561|[g:1][GossipBlockStatus]start GossipBlockStatus succ
info|2026-01-23 06:58:48.094580|[g:1][CONSENSUS][ConsensusEngine][Start ConsensusEngineBase]
info|2026-01-23 06:58:48.095045|[g:1][CONSENSUS][PBFT]^^^^^^^^Report,num=0,sealerIdx=0,hash=0d8e5b5d...,next=1,tx=0,nodeIdx=2
info|2026-01-23 06:58:48.095207|[g:1][ROCKSDB]open rocksDB handler,path=data//group1/pbftMsgBackup/RocksDB
info|2026-01-23 06:58:48.096694|[g:1][g:1][STORAGE][CachedStorage]
---------------------------------------------------------------------
Commit block: 0 to backend storage finished, current cached block: 0
Flush elapsed time: 0.0045s
---------------------------------------------------------------------

info|2026-01-23 06:58:48.110299|[g:1][NodeTimeMaintenance]updateTimeInfo: update median time offset,updatedMedianTimeOffset=-4,peer=2dc926ce...,peerTime=1769180328110,peerOffset=0,utcTime=1769180328110
info|2026-01-23 06:58:48.114917|[g:1][CONSENSUS][PBFT][PBFT init env successfully]
info|2026-01-23 06:58:48.114931|[g:1][CONSENSUS][PBFT][Start PBFTEngine...]
info|2026-01-23 06:58:48.114933|[g:1][CONSENSUS][SEALER][Start sealer module]
info|2026-01-23 06:58:48.115141|[g:1][CONSENSUS][PBFT]^^^^^^^^Report,num=0,sealerIdx=0,hash=0d8e5b5d...,next=1,tx=0,nodeIdx=2
info|2026-01-23 06:58:48.115602|[g:1][EVENT][EventLogFilterManager]start,m_maxBlockRange=0,m_maxBlockPerLoopFilter=3
info|2026-01-23 06:58:49.116675|[g:1][CONSENSUS]addRawPrepare,height=1,reqIdx=0,hash=9d66d3e4...,time=0
info|2026-01-23 06:58:49.118223|[g:1][CONSENSUS][PBFT]checkTimeout Succ,view=0,toView=1,nodeIdx=2,changeCycle=1,myNode=6b879aa0...,timecost=2
info|2026-01-23 06:58:49.119118|[g:1][CONSENSUS][PBFT]checkAndChangeView: Reach consensus,org_view=0,cur_changeCycle=1,curView=0,view=1
info|2026-01-23 06:58:50.128471|[g:1][CONSENSUS]addRawPrepare,height=1,reqIdx=1,hash=e33b66a4...,time=0
info|2026-01-23 06:58:50.128759|[g:1][CONSENSUS][PBFT]checkTimeout Succ,view=1,toView=2,nodeIdx=2,changeCycle=1,myNode=6b879aa0...,timecost=0
info|2026-01-23 06:58:50.129433|[g:1][CONSENSUS][PBFT]checkAndChangeView: Reach consensus,org_view=1,cur_changeCycle=1,curView=1,view=2
info|2026-01-23 06:58:51.130752|[g:1][CONSENSUS][SEALER]++++++++++++++++ Generating seal on,blkNum=1,tx=0,nodeIdx=2,hash=a20bd827...
info|2026-01-23 06:58:51.131464|[g:1][CONSENSUS][PBFT]checkTimeout Succ,view=2,toView=3,nodeIdx=2,changeCycle=1,myNode=6b879aa0...,timecost=0
info|2026-01-23 06:58:51.133088|[g:1][CONSENSUS][PBFT]checkAndChangeView: Reach consensus,org_view=2,cur_changeCycle=1,curView=2,view=3
info|2026-01-23 06:58:52.134763|[g:1][CONSENSUS]addRawPrepare,height=1,reqIdx=3,hash=d6abf8e3...,time=0
info|2026-01-23 06:58:52.135021|[g:1][CONSENSUS][PBFT]checkTimeout Succ,view=3,toView=4,nodeIdx=2,changeCycle=1,myNode=6b879aa0...,timecost=1
info|2026-01-23 06:58:52.136117|[g:1][CONSENSUS][PBFT]checkAndChangeView: Reach consensus,org_view=3,cur_changeCycle=1,curView=3,view=4
info|2026-01-23 06:58:53.139701|[g:1][CONSENSUS]addRawPrepare,height=1,reqIdx=0,hash=b25087d7...,time=0
info|2026-01-23 06:58:53.140021|[g:1][CONSENSUS][PBFT]checkTimeout Succ,view=4,toView=5,nodeIdx=2,changeCycle=1,myNode=6b879aa0...,timecost=1
info|2026-01-23 06:58:53.140995|[g:1][CONSENSUS][PBFT]checkAndChangeView: Reach consensus,org_view=4,cur_changeCycle=1,curView=4,view=5
info|2026-01-23 06:58:54.142736|[g:1][CONSENSUS]addRawPrepare,height=1,reqIdx=1,hash=d9dc96ed...,time=0
info|2026-01-23 06:58:54.143319|[g:1][CONSENSUS][PBFT]checkTimeout Succ,view=5,toView=6,nodeIdx=2,changeCycle=1,myNode=6b879aa0...,timecost=1
info|2026-01-23 06:58:54.160817|[g:1][CONSENSUS][PBFT]checkAndChangeView: Reach consensus,org_view=5,cur_changeCycle=1,curView=5,view=6
info|2026-01-23 06:58:55.161283|[g:1][CONSENSUS][SEALER]++++++++++++++++ Generating seal on,blkNum=1,tx=0,nodeIdx=2,hash=9d112f65...
info|2026-01-23 06:58:55.163534|[g:1][CONSENSUS][PBFT]checkTimeout Succ,view=6,toView=7,nodeIdx=2,changeCycle=1,myNode=6b879aa0...,timecost=0
info|2026-01-23 06:58:55.163989|[g:1][CONSENSUS][PBFT]checkAndChangeView: Reach consensus,org_view=6,cur_changeCycle=1,curView=6,view=7
info|2026-01-23 06:58:56.166639|[g:1][CONSENSUS]addRawPrepare,height=1,reqIdx=3,hash=7f7ed22a...,time=0
info|2026-01-23 06:58:56.166884|[g:1][CONSENSUS][PBFT]checkTimeout Succ,view=7,toView=8,nodeIdx=2,changeCycle=1,myNode=6b879aa0...,timecost=0
info|2026-01-23 06:58:56.168078|[g:1][CONSENSUS][PBFT]checkAndChangeView: Reach consensus,org_view=7,cur_changeCycle=1,curView=7,view=8
info|2026-01-23 06:58:57.170630|[g:1][CONSENSUS]addRawPrepare,height=1,reqIdx=0,hash=e2b010b6...,time=0
info|2026-01-23 06:58:57.171037|[g:1][CONSENSUS][PBFT]checkTimeout Succ,view=8,toView=9,nodeIdx=2,changeCycle=1,myNode=6b879aa0...,timecost=1
info|2026-01-23 06:58:57.171729|[g:1][CONSENSUS][PBFT]checkAndChangeView: Reach consensus,org_view=8,cur_changeCycle=1,curView=8,view=9
info|2026-01-23 06:58:58.061113|[NETWORK][Host]Connecting to node,endpoint=127.0.0.1:30301
info|2026-01-23 06:58:58.061229|[P2P][Service] heartBeat,connected count=3
info|2026-01-23 06:58:58.061432|[NETWORK][ASIO]asyncResolveConnect,endpoint=127.0.0.1:30301
error|2026-01-23 06:58:58.064084|[NETWORK][Host]Get ca basic failed
info|2026-01-23 06:58:58.073544|[NETWORK][Host]handshakeClient succ,local endpoint=127.0.0.1:54888
info|2026-01-23 06:58:58.073611|[NETWORK][Host]startPeerSession, Remote=127.0.0.1:30301,local endpoint=127.0.0.1:54888,nodeID=2dc926ce...
info|2026-01-23 06:58:58.175308|[g:1][CONSENSUS]addRawPrepare,height=1,reqIdx=1,hash=a2b20598...,time=0
info|2026-01-23 06:58:58.175779|[g:1][CONSENSUS][PBFT]checkTimeout Succ,view=9,toView=10,nodeIdx=2,changeCycle=1,myNode=6b879aa0...,timecost=0
info|2026-01-23 06:58:58.176535|[g:1][CONSENSUS][PBFT]checkAndChangeView: Reach consensus,org_view=9,cur_changeCycle=1,curView=9,view=10
info|2026-01-23 06:58:59.177074|[g:1][CONSENSUS][SEALER]++++++++++++++++ Generating seal on,blkNum=1,tx=0,nodeIdx=2,hash=759f8a5b...
info|2026-01-23 06:58:59.177819|[g:1][CONSENSUS][PBFT]checkTimeout Succ,view=10,toView=11,nodeIdx=2,changeCycle=1,myNode=6b879aa0...,timecost=0
info|2026-01-23 06:58:59.180298|[g:1][CONSENSUS][PBFT]checkAndChangeView: Reach consensus,org_view=10,cur_changeCycle=1,curView=10,view=11
info|2026-01-23 06:59:00.182374|[g:1][CONSENSUS]addRawPrepare,height=1,reqIdx=3,hash=6e7c54ea...,time=0
info|2026-01-23 06:59:00.182721|[g:1][CONSENSUS][PBFT]checkTimeout Succ,view=11,toView=12,nodeIdx=2,changeCycle=1,myNode=6b879aa0...,timecost=0
info|2026-01-23 06:59:00.183601|[g:1][CONSENSUS][PBFT]checkAndChangeView: Reach consensus,org_view=11,cur_changeCycle=1,curView=11,view=12
info|2026-01-23 06:59:01.186586|[g:1][CONSENSUS]addRawPrepare,height=1,reqIdx=0,hash=544ddcfa...,time=0
info|2026-01-23 06:59:01.187039|[g:1][CONSENSUS][PBFT]checkTimeout Succ,view=12,toView=13,nodeIdx=2,changeCycle=1,myNode=6b879aa0...,timecost=1
info|2026-01-23 06:59:01.187844|[g:1][CONSENSUS][PBFT]checkAndChangeView: Reach consensus,org_view=12,cur_changeCycle=1,curView=12,view=13
info|2026-01-23 06:59:02.189991|[g:1][CONSENSUS]addRawPrepare,height=1,reqIdx=1,hash=4d89519c...,time=0
info|2026-01-23 06:59:02.190293|[g:1][CONSENSUS][PBFT]checkTimeout Succ,view=13,toView=14,nodeIdx=2,changeCycle=1,myNode=6b879aa0...,timecost=0
info|2026-01-23 06:59:02.191302|[g:1][CONSENSUS][PBFT]checkAndChangeView: Reach consensus,org_view=13,cur_changeCycle=1,curView=13,view=14
info|2026-01-23 06:59:03.191432|[g:1][CONSENSUS][SEALER]++++++++++++++++ Generating seal on,blkNum=1,tx=0,nodeIdx=2,hash=9567265a...
info|2026-01-23 06:59:03.196220|[g:1][CONSENSUS][PBFT]checkTimeout Succ,view=14,toView=15,nodeIdx=2,changeCycle=1,myNode=6b879aa0...,timecost=1
info|2026-01-23 06:59:03.196671|[g:1][CONSENSUS][PBFT]checkAndChangeView: Reach consensus,org_view=14,cur_changeCycle=1,curView=14,view=15
info|2026-01-23 06:59:04.198551|[g:1][CONSENSUS]addRawPrepare,height=1,reqIdx=3,hash=34b112ab...,time=0
info|2026-01-23 06:59:04.198851|[g:1][CONSENSUS][PBFT]checkTimeout Succ,view=15,toView=16,nodeIdx=2,changeCycle=1,myNode=6b879aa0...,timecost=0
info|2026-01-23 06:59:04.199870|[g:1][CONSENSUS][PBFT]checkAndChangeView: Reach consensus,org_view=15,cur_changeCycle=1,curView=15,view=16
info|2026-01-23 06:59:05.202242|[g:1][CONSENSUS]addRawPrepare,height=1,reqIdx=0,hash=be267ccf...,time=0
info|2026-01-23 06:59:05.202543|[g:1][CONSENSUS][PBFT]checkTimeout Succ,view=16,toView=17,nodeIdx=2,changeCycle=1,myNode=6b879aa0...,timecost=0
info|2026-01-23 06:59:05.203570|[g:1][CONSENSUS][PBFT]checkAndChangeView: Reach consensus,org_view=16,cur_changeCycle=1,curView=16,view=17
info|2026-01-23 06:59:06.204949|[g:1][CONSENSUS]addRawPrepare,height=1,reqIdx=1,hash=b9377130...,time=0
info|2026-01-23 06:59:06.205373|[g:1][CONSENSUS][PBFT]checkTimeout Succ,view=17,toView=18,nodeIdx=2,changeCycle=1,myNode=6b879aa0...,timecost=0
info|2026-01-23 06:59:06.206009|[g:1][CONSENSUS][PBFT]checkAndChangeView: Reach consensus,org_view=17,cur_changeCycle=1,curView=17,view=18
info|2026-01-23 06:59:07.206325|[g:1][CONSENSUS][SEALER]++++++++++++++++ Generating seal on,blkNum=1,tx=0,nodeIdx=2,hash=216a70a9...
info|2026-01-23 06:59:07.206968|[g:1][CONSENSUS][PBFT]checkTimeout Succ,view=18,toView=19,nodeIdx=2,changeCycle=1,myNode=6b879aa0...,timecost=0
info|2026-01-23 06:59:07.208905|[g:1][CONSENSUS][PBFT]checkAndChangeView: Reach consensus,org_view=18,cur_changeCycle=1,curView=18,view=19
info|2026-01-23 06:59:08.061851|[P2P][Service] heartBeat,connected count=3
info|2026-01-23 06:59:08.213698|[g:1][CONSENSUS]addRawPrepare,height=1,reqIdx=3,hash=6fc542f1...,time=0
info|2026-01-23 06:59:08.213963|[g:1][CONSENSUS][PBFT]checkTimeout Succ,view=19,toView=20,nodeIdx=2,changeCycle=1,myNode=6b879aa0...,timecost=0
info|2026-01-23 06:59:08.214321|[g:1][CONSENSUS][PBFT]checkAndChangeView: Reach consensus,org_view=19,cur_changeCycle=1,curView=19,view=20
info|2026-01-23 06:59:09.216239|[g:1][CONSENSUS]addRawPrepare,height=1,reqIdx=0,hash=5300a672...,time=0
info|2026-01-23 06:59:09.216953|[g:1][CONSENSUS][PBFT]checkTimeout Succ,view=20,toView=21,nodeIdx=2,changeCycle=1,myNode=6b879aa0...,timecost=0
info|2026-01-23 06:59:09.217578|[g:1][CONSENSUS][PBFT]checkAndChangeView: Reach consensus,org_view=20,cur_changeCycle=1,curView=20,view=21
info|2026-01-23 06:59:10.220225|[g:1][CONSENSUS]addRawPrepare,height=1,reqIdx=1,hash=e4ef40a9...,time=0
info|2026-01-23 06:59:10.220518|[g:1][CONSENSUS][PBFT]checkTimeout Succ,view=21,toView=22,nodeIdx=2,changeCycle=1,myNode=6b879aa0...,timecost=0
info|2026-01-23 06:59:10.221238|[g:1][CONSENSUS][PBFT]checkAndChangeView: Reach consensus,org_view=21,cur_changeCycle=1,curView=21,view=22
info|2026-01-23 06:59:11.221431|[g:1][CONSENSUS][SEALER]++++++++++++++++ Generating seal on,blkNum=1,tx=0,nodeIdx=2,hash=6d34724a...
info|2026-01-23 06:59:11.223874|[g:1][CONSENSUS][PBFT]checkTimeout Succ,view=22,toView=23,nodeIdx=2,changeCycle=1,myNode=6b879aa0...,timecost=0
info|2026-01-23 06:59:11.224335|[g:1][CONSENSUS][PBFT]checkAndChangeView: Reach consensus,org_view=22,cur_changeCycle=1,curView=22,view=23
info|2026-01-23 06:59:12.225485|[g:1][CONSENSUS]addRawPrepare,height=1,reqIdx=3,hash=2a6b16f3...,time=0
info|2026-01-23 06:59:12.226229|[g:1][CONSENSUS][PBFT]checkTimeout Succ,view=23,toView=24,nodeIdx=2,changeCycle=1,myNode=6b879aa0...,timecost=1
info|2026-01-23 06:59:12.226800|[g:1][CONSENSUS][PBFT]checkAndChangeView: Reach consensus,org_view=23,cur_changeCycle=1,curView=23,view=24
info|2026-01-23 06:59:13.228582|[g:1][CONSENSUS]addRawPrepare,height=1,reqIdx=0,hash=05d2f39a...,time=0
info|2026-01-23 06:59:13.228967|[g:1][CONSENSUS][PBFT]checkTimeout Succ,view=24,toView=25,nodeIdx=2,changeCycle=1,myNode=6b879aa0...,timecost=0
info|2026-01-23 06:59:13.230320|[g:1][CONSENSUS][PBFT]checkAndChangeView: Reach consensus,org_view=24,cur_changeCycle=1,curView=24,view=25
info|2026-01-23 06:59:14.235040|[g:1][CONSENSUS]addRawPrepare,height=1,reqIdx=1,hash=191f76f6...,time=0
info|2026-01-23 06:59:14.236388|[g:1][CONSENSUS][PBFT]checkTimeout Succ,view=25,toView=26,nodeIdx=2,changeCycle=1,myNode=6b879aa0...,timecost=1
info|2026-01-23 06:59:14.239060|[g:1][CONSENSUS][PBFT]checkAndChangeView: Reach consensus,org_view=25,cur_changeCycle=1,curView=25,view=26
info|2026-01-23 06:59:15.239103|[g:1][CONSENSUS][SEALER]++++++++++++++++ Generating seal on,blkNum=1,tx=0,nodeIdx=2,hash=e0574ee1...
info|2026-01-23 06:59:15.241349|[g:1][CONSENSUS][PBFT]checkTimeout Succ,view=26,toView=27,nodeIdx=2,changeCycle=1,myNode=6b879aa0...,timecost=0
info|2026-01-23 06:59:15.241773|[g:1][CONSENSUS][PBFT]checkAndChangeView: Reach consensus,org_view=26,cur_changeCycle=1,curView=26,view=27
info|2026-01-23 06:59:16.241909|[g:1][CONSENSUS]addRawPrepare,height=1,reqIdx=3,hash=2b99d6a8...,time=0
info|2026-01-23 06:59:16.242284|[g:1][CONSENSUS][PBFT]checkTimeout Succ,view=27,toView=28,nodeIdx=2,changeCycle=1,myNode=6b879aa0...,timecost=1
info|2026-01-23 06:59:16.243151|[g:1][CONSENSUS][PBFT]checkAndChangeView: Reach consensus,org_view=27,cur_changeCycle=1,curView=27,view=28
info|2026-01-23 06:59:17.245572|[g:1][CONSENSUS]addRawPrepare,height=1,reqIdx=0,hash=de0a9c25...,time=0
info|2026-01-23 06:59:17.245906|[g:1][CONSENSUS][PBFT]checkTimeout Succ,view=28,toView=29,nodeIdx=2,changeCycle=1,myNode=6b879aa0...,timecost=0
info|2026-01-23 06:59:17.246680|[g:1][CONSENSUS][PBFT]checkAndChangeView: Reach consensus,org_view=28,cur_changeCycle=1,curView=28,view=29
info|2026-01-23 06:59:18.062582|[P2P][Service] heartBeat,connected count=3
info|2026-01-23 06:59:18.249047|[g:1][CONSENSUS]addRawPrepare,height=1,reqIdx=1,hash=02716827...,time=0
info|2026-01-23 06:59:18.249424|[g:1][CONSENSUS][PBFT]checkTimeout Succ,view=29,toView=30,nodeIdx=2,changeCycle=1,myNode=6b879aa0...,timecost=0
info|2026-01-23 06:59:18.258806|[g:1][CONSENSUS][PBFT]checkAndChangeView: Reach consensus,org_view=29,cur_changeCycle=1,curView=29,view=30
info|2026-01-23 06:59:19.259891|[g:1][CONSENSUS][SEALER]++++++++++++++++ Generating seal on,blkNum=1,tx=0,nodeIdx=2,hash=5df47d65...
info|2026-01-23 06:59:19.260724|[g:1][CONSENSUS][PBFT]checkTimeout Succ,view=30,toView=31,nodeIdx=2,changeCycle=1,myNode=6b879aa0...,timecost=0
info|2026-01-23 06:59:19.262179|[g:1][CONSENSUS][PBFT]checkAndChangeView: Reach consensus,org_view=30,cur_changeCycle=1,curView=30,view=31
info|2026-01-23 06:59:20.263811|[g:1][CONSENSUS]addRawPrepare,height=1,reqIdx=3,hash=603095b4...,time=0
info|2026-01-23 06:59:20.264095|[g:1][CONSENSUS][PBFT]checkTimeout Succ,view=31,toView=32,nodeIdx=2,changeCycle=1,myNode=6b879aa0...,timecost=1
info|2026-01-23 06:59:20.264955|[g:1][CONSENSUS][PBFT]checkAndChangeView: Reach consensus,org_view=31,cur_changeCycle=1,curView=31,view=32
info|2026-01-23 06:59:21.268358|[g:1][CONSENSUS]addRawPrepare,height=1,reqIdx=0,hash=6a628b3f...,time=0
info|2026-01-23 06:59:21.268614|[g:1][CONSENSUS][PBFT]checkTimeout Succ,view=32,toView=33,nodeIdx=2,changeCycle=1,myNode=6b879aa0...,timecost=0
info|2026-01-23 06:59:21.269459|[g:1][CONSENSUS][PBFT]checkAndChangeView: Reach consensus,org_view=32,cur_changeCycle=1,curView=32,view=33
info|2026-01-23 06:59:22.271795|[g:1][CONSENSUS]addRawPrepare,height=1,reqIdx=1,hash=a9e5cbd3...,time=0
info|2026-01-23 06:59:22.272093|[g:1][CONSENSUS][PBFT]checkTimeout Succ,view=33,toView=34,nodeIdx=2,changeCycle=1,myNode=6b879aa0...,timecost=1
info|2026-01-23 06:59:22.272717|[g:1][CONSENSUS][PBFT]checkAndChangeView: Reach consensus,org_view=33,cur_changeCycle=1,curView=33,view=34
info|2026-01-23 06:59:23.273251|[g:1][CONSENSUS][SEALER]++++++++++++++++ Generating seal on,blkNum=1,tx=0,nodeIdx=2,hash=86367af1...
info|2026-01-23 06:59:23.275614|[g:1][CONSENSUS][PBFT]checkTimeout Succ,view=34,toView=35,nodeIdx=2,changeCycle=1,myNode=6b879aa0...,timecost=0
info|2026-01-23 06:59:23.275973|[g:1][CONSENSUS][PBFT]checkAndChangeView: Reach consensus,org_view=34,cur_changeCycle=1,curView=34,view=35
info|2026-01-23 06:59:24.278396|[g:1][CONSENSUS]addRawPrepare,height=1,reqIdx=3,hash=6362df74...,time=0
info|2026-01-23 06:59:24.278786|[g:1][CONSENSUS][PBFT]checkTimeout Succ,view=35,toView=36,nodeIdx=2,changeCycle=1,myNode=6b879aa0...,timecost=0
info|2026-01-23 06:59:24.279646|[g:1][CONSENSUS][PBFT]checkAndChangeView: Reach consensus,org_view=35,cur_changeCycle=1,curView=35,view=36
info|2026-01-23 06:59:25.281736|[g:1][CONSENSUS]addRawPrepare,height=1,reqIdx=0,hash=ed3a6bd3...,time=0
info|2026-01-23 06:59:25.282017|[g:1][CONSENSUS][PBFT]checkTimeout Succ,view=36,toView=37,nodeIdx=2,changeCycle=1,myNode=6b879aa0...,timecost=1
info|2026-01-23 06:59:25.282933|[g:1][CONSENSUS][PBFT]checkAndChangeView: Reach consensus,org_view=36,cur_changeCycle=1,curView=36,view=37
info|2026-01-23 06:59:26.284460|[g:1][CONSENSUS]addRawPrepare,height=1,reqIdx=1,hash=4089806c...,time=0
info|2026-01-23 06:59:26.284728|[g:1][CONSENSUS][PBFT]checkTimeout Succ,view=37,toView=38,nodeIdx=2,changeCycle=1,myNode=6b879aa0...,timecost=0
info|2026-01-23 06:59:26.285567|[g:1][CONSENSUS][PBFT]checkAndChangeView: Reach consensus,org_view=37,cur_changeCycle=1,curView=37,view=38
info|2026-01-23 06:59:27.286722|[g:1][CONSENSUS][SEALER]++++++++++++++++ Generating seal on,blkNum=1,tx=0,nodeIdx=2,hash=9a714004...
info|2026-01-23 06:59:27.289302|[g:1][CONSENSUS][PBFT]checkTimeout Succ,view=38,toView=39,nodeIdx=2,changeCycle=1,myNode=6b879aa0...,timecost=0
info|2026-01-23 06:59:27.289731|[g:1][CONSENSUS][PBFT]checkAndChangeView: Reach consensus,org_view=38,cur_changeCycle=1,curView=38,view=39
info|2026-01-23 06:59:28.062821|[P2P][Service] heartBeat,connected count=3
info|2026-01-23 06:59:28.294214|[g:1][CONSENSUS]addRawPrepare,height=1,reqIdx=3,hash=5b22fdf8...,time=0
info|2026-01-23 06:59:28.294484|[g:1][CONSENSUS][PBFT]checkTimeout Succ,view=39,toView=40,nodeIdx=2,changeCycle=1,myNode=6b879aa0...,timecost=0
info|2026-01-23 06:59:28.295147|[g:1][CONSENSUS][PBFT]checkAndChangeView: Reach consensus,org_view=39,cur_changeCycle=1,curView=39,view=40
info|2026-01-23 06:59:29.298096|[g:1][CONSENSUS]addRawPrepare,height=1,reqIdx=0,hash=4540a3b6...,time=0
info|2026-01-23 06:59:29.298367|[g:1][CONSENSUS][PBFT]checkTimeout Succ,view=40,toView=41,nodeIdx=2,changeCycle=1,myNode=6b879aa0...,timecost=0
info|2026-01-23 06:59:29.299514|[g:1][CONSENSUS][PBFT]checkAndChangeView: Reach consensus,org_view=40,cur_changeCycle=1,curView=40,view=41
info|2026-01-23 06:59:30.301924|[g:1][CONSENSUS]addRawPrepare,height=1,reqIdx=1,hash=28d6afda...,time=0
info|2026-01-23 06:59:30.302198|[g:1][CONSENSUS][PBFT]checkTimeout Succ,view=41,toView=42,nodeIdx=2,changeCycle=1,myNode=6b879aa0...,timecost=1
info|2026-01-23 06:59:30.303216|[g:1][CONSENSUS][PBFT]checkAndChangeView: Reach consensus,org_view=41,cur_changeCycle=1,curView=41,view=42
info|2026-01-23 06:59:31.302667|[g:1][CONSENSUS][SEALER]++++++++++++++++ Generating seal on,blkNum=1,tx=0,nodeIdx=2,hash=8e738e39...
info|2026-01-23 06:59:31.303345|[g:1][CONSENSUS][PBFT]checkTimeout Succ,view=42,toView=43,nodeIdx=2,changeCycle=1,myNode=6b879aa0...,timecost=0
info|2026-01-23 06:59:31.305158|[g:1][CONSENSUS][PBFT]checkAndChangeView: Reach consensus,org_view=42,cur_changeCycle=1,curView=42,view=43
info|2026-01-23 06:59:32.307350|[g:1][CONSENSUS]addRawPrepare,height=1,reqIdx=3,hash=0b4ad790...,time=0
info|2026-01-23 06:59:32.307621|[g:1][CONSENSUS][PBFT]checkTimeout Succ,view=43,toView=44,nodeIdx=2,changeCycle=1,myNode=6b879aa0...,timecost=0
info|2026-01-23 06:59:32.308736|[g:1][CONSENSUS][PBFT]checkAndChangeView: Reach consensus,org_view=43,cur_changeCycle=1,curView=43,view=44
info|2026-01-23 06:59:33.309813|[g:1][CONSENSUS]addRawPrepare,height=1,reqIdx=0,hash=21d463f8...,time=0
info|2026-01-23 06:59:33.310102|[g:1][CONSENSUS][PBFT]checkTimeout Succ,view=44,toView=45,nodeIdx=2,changeCycle=1,myNode=6b879aa0...,timecost=1
info|2026-01-23 06:59:33.314096|[g:1][CONSENSUS][PBFT]checkAndChangeView: Reach consensus,org_view=44,cur_changeCycle=1,curView=44,view=45
info|2026-01-23 06:59:34.316179|[g:1][CONSENSUS]addRawPrepare,height=1,reqIdx=1,hash=1638df35...,time=0
info|2026-01-23 06:59:34.316464|[g:1][CONSENSUS][PBFT]checkTimeout Succ,view=45,toView=46,nodeIdx=2,changeCycle=1,myNode=6b879aa0...,timecost=0
info|2026-01-23 06:59:34.317769|[g:1][CONSENSUS][PBFT]checkAndChangeView: Reach consensus,org_view=45,cur_changeCycle=1,curView=45,view=46
info|2026-01-23 06:59:35.319326|[g:1][CONSENSUS][SEALER]++++++++++++++++ Generating seal on,blkNum=1,tx=0,nodeIdx=2,hash=cb6de373...
info|2026-01-23 06:59:35.321787|[g:1][CONSENSUS][PBFT]checkTimeout Succ,view=46,toView=47,nodeIdx=2,changeCycle=1,myNode=6b879aa0...,timecost=0
info|2026-01-23 06:59:35.322225|[g:1][CONSENSUS][PBFT]checkAndChangeView: Reach consensus,org_view=46,cur_changeCycle=1,curView=46,view=47
info|2026-01-23 06:59:36.324366|[g:1][CONSENSUS]addRawPrepare,height=1,reqIdx=3,hash=9947b683...,time=0
info|2026-01-23 06:59:36.324727|[g:1][CONSENSUS][PBFT]checkTimeout Succ,view=47,toView=48,nodeIdx=2,changeCycle=1,myNode=6b879aa0...,timecost=0
info|2026-01-23 06:59:36.325683|[g:1][CONSENSUS][PBFT]checkAndChangeView: Reach consensus,org_view=47,cur_changeCycle=1,curView=47,view=48
info|2026-01-23 06:59:37.328651|[g:1][CONSENSUS]addRawPrepare,height=1,reqIdx=0,hash=477c626f...,time=0
info|2026-01-23 06:59:37.328918|[g:1][CONSENSUS][PBFT]checkTimeout Succ,view=48,toView=49,nodeIdx=2,changeCycle=1,myNode=6b879aa0...,timecost=0
info|2026-01-23 06:59:37.330026|[g:1][CONSENSUS][PBFT]checkAndChangeView: Reach consensus,org_view=48,cur_changeCycle=1,curView=48,view=49
info|2026-01-23 06:59:38.063864|[P2P][Service] heartBeat,connected count=3
info|2026-01-23 06:59:38.331167|[g:1][CONSENSUS]addRawPrepare,height=1,reqIdx=1,hash=8b1e822b...,time=0
info|2026-01-23 06:59:38.331434|[g:1][CONSENSUS][PBFT]checkTimeout Succ,view=49,toView=50,nodeIdx=2,changeCycle=1,myNode=6b879aa0...,timecost=0
info|2026-01-23 06:59:38.332491|[g:1][CONSENSUS][PBFT]checkAndChangeView: Reach consensus,org_view=49,cur_changeCycle=1,curView=49,view=50
info|2026-01-23 06:59:39.333907|[g:1][CONSENSUS][SEALER]++++++++++++++++ Generating seal on,blkNum=1,tx=0,nodeIdx=2,hash=51a4c088...
info|2026-01-23 06:59:39.334624|[g:1][CONSENSUS][PBFT]checkTimeout Succ,view=50,toView=51,nodeIdx=2,changeCycle=1,myNode=6b879aa0...,timecost=0
info|2026-01-23 06:59:39.336576|[g:1][CONSENSUS][PBFT]checkAndChangeView: Reach consensus,org_view=50,cur_changeCycle=1,curView=50,view=51
info|2026-01-23 06:59:40.338536|[g:1][CONSENSUS]addRawPrepare,height=1,reqIdx=3,hash=c6a5503f...,time=0
info|2026-01-23 06:59:40.338847|[g:1][CONSENSUS][PBFT]checkTimeout Succ,view=51,toView=52,nodeIdx=2,changeCycle=1,myNode=6b879aa0...,timecost=0
info|2026-01-23 06:59:40.339717|[g:1][CONSENSUS][PBFT]checkAndChangeView: Reach consensus,org_view=51,cur_changeCycle=1,curView=51,view=52
info|2026-01-23 06:59:41.341579|[g:1][CONSENSUS]addRawPrepare,height=1,reqIdx=0,hash=7b05a131...,time=0
info|2026-01-23 06:59:41.341883|[g:1][CONSENSUS][PBFT]checkTimeout Succ,view=52,toView=53,nodeIdx=2,changeCycle=1,myNode=6b879aa0...,timecost=0
info|2026-01-23 06:59:41.342828|[g:1][CONSENSUS][PBFT]checkAndChangeView: Reach consensus,org_view=52,cur_changeCycle=1,curView=52,view=53
info|2026-01-23 06:59:42.344462|[g:1][CONSENSUS]addRawPrepare,height=1,reqIdx=1,hash=152e3bee...,time=0
info|2026-01-23 06:59:42.344750|[g:1][CONSENSUS][PBFT]checkTimeout Succ,view=53,toView=54,nodeIdx=2,changeCycle=1,myNode=6b879aa0...,timecost=0
info|2026-01-23 06:59:42.345529|[g:1][CONSENSUS][PBFT]checkAndChangeView: Reach consensus,org_view=53,cur_changeCycle=1,curView=53,view=54
info|2026-01-23 06:59:43.345941|[g:1][CONSENSUS][SEALER]++++++++++++++++ Generating seal on,blkNum=1,tx=0,nodeIdx=2,hash=72329b07...
info|2026-01-23 06:59:43.348354|[g:1][CONSENSUS][PBFT]checkTimeout Succ,view=54,toView=55,nodeIdx=2,changeCycle=1,myNode=6b879aa0...,timecost=0
info|2026-01-23 06:59:43.348735|[g:1][CONSENSUS][PBFT]checkAndChangeView: Reach consensus,org_view=54,cur_changeCycle=1,curView=54,view=55
info|2026-01-23 06:59:44.351036|[g:1][CONSENSUS]addRawPrepare,height=1,reqIdx=3,hash=383d8341...,time=0
info|2026-01-23 06:59:44.351379|[g:1][CONSENSUS][PBFT]checkTimeout Succ,view=55,toView=56,nodeIdx=2,changeCycle=1,myNode=6b879aa0...,timecost=0
info|2026-01-23 06:59:44.352371|[g:1][CONSENSUS][PBFT]checkAndChangeView: Reach consensus,org_view=55,cur_changeCycle=1,curView=55,view=56
info|2026-01-23 06:59:45.354099|[g:1][CONSENSUS]addRawPrepare,height=1,reqIdx=0,hash=4d4b96c2...,time=0
info|2026-01-23 06:59:45.354423|[g:1][CONSENSUS][PBFT]checkTimeout Succ,view=56,toView=57,nodeIdx=2,changeCycle=1,myNode=6b879aa0...,timecost=0
info|2026-01-23 06:59:45.355368|[g:1][CONSENSUS][PBFT]checkAndChangeView: Reach consensus,org_view=56,cur_changeCycle=1,curView=56,view=57
info|2026-01-23 06:59:46.358683|[g:1][CONSENSUS]addRawPrepare,height=1,reqIdx=1,hash=9a08c235...,time=0
info|2026-01-23 06:59:46.358964|[g:1][CONSENSUS][PBFT]checkTimeout Succ,view=57,toView=58,nodeIdx=2,changeCycle=1,myNode=6b879aa0...,timecost=0
info|2026-01-23 06:59:46.359383|[g:1][CONSENSUS][PBFT]checkAndChangeView: Reach consensus,org_view=57,cur_changeCycle=1,curView=57,view=58
info|2026-01-23 06:59:47.361078|[g:1][CONSENSUS][SEALER]++++++++++++++++ Generating seal on,blkNum=1,tx=0,nodeIdx=2,hash=568105dc...
info|2026-01-23 06:59:47.363623|[g:1][CONSENSUS][PBFT]checkTimeout Succ,view=58,toView=59,nodeIdx=2,changeCycle=1,myNode=6b879aa0...,timecost=0
info|2026-01-23 06:59:47.364115|[g:1][CONSENSUS][PBFT]checkAndChangeView: Reach consensus,org_view=58,cur_changeCycle=1,curView=58,view=59
info|2026-01-23 06:59:48.064913|[P2P][Service] heartBeat,connected count=3
info|2026-01-23 06:59:48.368239|[g:1][CONSENSUS]addRawPrepare,height=1,reqIdx=3,hash=28790558...,time=0
info|2026-01-23 06:59:48.368555|[g:1][CONSENSUS][PBFT]checkTimeout Succ,view=59,toView=60,nodeIdx=2,changeCycle=1,myNode=6b879aa0...,timecost=0
info|2026-01-23 06:59:48.369579|[g:1][CONSENSUS][PBFT]checkAndChangeView: Reach consensus,org_view=59,cur_changeCycle=1,curView=59,view=60
info|2026-01-23 06:59:49.373242|[g:1][CONSENSUS]addRawPrepare,height=1,reqIdx=0,hash=1987ccd2...,time=0
info|2026-01-23 06:59:49.373614|[g:1][CONSENSUS][PBFT]checkTimeout Succ,view=60,toView=61,nodeIdx=2,changeCycle=1,myNode=6b879aa0...,timecost=0
info|2026-01-23 06:59:49.374268|[g:1][CONSENSUS][PBFT]checkAndChangeView: Reach consensus,org_view=60,cur_changeCycle=1,curView=60,view=61
info|2026-01-23 06:59:50.376718|[g:1][CONSENSUS]addRawPrepare,height=1,reqIdx=1,hash=c2758ed7...,time=0
info|2026-01-23 06:59:50.377047|[g:1][CONSENSUS][PBFT]checkTimeout Succ,view=61,toView=62,nodeIdx=2,changeCycle=1,myNode=6b879aa0...,timecost=1
info|2026-01-23 06:59:50.377942|[g:1][CONSENSUS][PBFT]checkAndChangeView: Reach consensus,org_view=61,cur_changeCycle=1,curView=61,view=62
info|2026-01-23 06:59:51.377891|[g:1][CONSENSUS][SEALER]++++++++++++++++ Generating seal on,blkNum=1,tx=0,nodeIdx=2,hash=046e8b0e...
info|2026-01-23 06:59:51.380403|[g:1][CONSENSUS][PBFT]checkTimeout Succ,view=62,toView=63,nodeIdx=2,changeCycle=1,myNode=6b879aa0...,timecost=0
info|2026-01-23 06:59:51.380759|[g:1][CONSENSUS][PBFT]checkAndChangeView: Reach consensus,org_view=62,cur_changeCycle=1,curView=62,view=63
info|2026-01-23 06:59:52.382078|[g:1][CONSENSUS]addRawPrepare,height=1,reqIdx=3,hash=6464c447...,time=0
info|2026-01-23 06:59:52.382330|[g:1][CONSENSUS][PBFT]checkTimeout Succ,view=63,toView=64,nodeIdx=2,changeCycle=1,myNode=6b879aa0...,timecost=0
info|2026-01-23 06:59:52.383370|[g:1][CONSENSUS][PBFT]checkAndChangeView: Reach consensus,org_view=63,cur_changeCycle=1,curView=63,view=64
info|2026-01-23 06:59:53.428032|[g:1][CONSENSUS]addRawPrepare,height=1,reqIdx=0,hash=f6d4303d...,time=0
info|2026-01-23 06:59:53.428392|[g:1][CONSENSUS][PBFT]checkTimeout Succ,view=64,toView=65,nodeIdx=2,changeCycle=1,myNode=6b879aa0...,timecost=0
info|2026-01-23 06:59:53.428737|[g:1][CONSENSUS][PBFT]checkAndChangeView: Reach consensus,org_view=64,cur_changeCycle=1,curView=64,view=65
info|2026-01-23 06:59:54.390524|[g:1][CONSENSUS]addRawPrepare,height=1,reqIdx=1,hash=b9061006...,time=0
info|2026-01-23 06:59:54.390820|[g:1][CONSENSUS][PBFT]checkTimeout Succ,view=65,toView=66,nodeIdx=2,changeCycle=1,myNode=6b879aa0...,timecost=0
info|2026-01-23 06:59:54.391434|[g:1][CONSENSUS][PBFT]checkAndChangeView: Reach consensus,org_view=65,cur_changeCycle=1,curView=65,view=66
info|2026-01-23 06:59:55.393648|[g:1][CONSENSUS][SEALER]++++++++++++++++ Generating seal on,blkNum=1,tx=0,nodeIdx=2,hash=69db41cb...
info|2026-01-23 06:59:55.394379|[g:1][CONSENSUS][PBFT]checkTimeout Succ,view=66,toView=67,nodeIdx=2,changeCycle=1,myNode=6b879aa0...,timecost=0
info|2026-01-23 06:59:55.396153|[g:1][CONSENSUS][PBFT]checkAndChangeView: Reach consensus,org_view=66,cur_changeCycle=1,curView=66,view=67
info|2026-01-23 06:59:56.398335|[g:1][CONSENSUS]addRawPrepare,height=1,reqIdx=3,hash=58d4399a...,time=0
info|2026-01-23 06:59:56.398604|[g:1][CONSENSUS][PBFT]checkTimeout Succ,view=67,toView=68,nodeIdx=2,changeCycle=1,myNode=6b879aa0...,timecost=0
info|2026-01-23 06:59:56.399568|[g:1][CONSENSUS][PBFT]checkAndChangeView: Reach consensus,org_view=67,cur_changeCycle=1,curView=67,view=68
info|2026-01-23 06:59:57.401237|[g:1][CONSENSUS]addRawPrepare,height=1,reqIdx=0,hash=fb5f6ff2...,time=0
info|2026-01-23 06:59:57.401495|[g:1][CONSENSUS][PBFT]checkTimeout Succ,view=68,toView=69,nodeIdx=2,changeCycle=1,myNode=6b879aa0...,timecost=0
info|2026-01-23 06:59:57.402625|[g:1][CONSENSUS][PBFT]checkAndChangeView: Reach consensus,org_view=68,cur_changeCycle=1,curView=68,view=69
info|2026-01-23 06:59:58.066024|[P2P][Service] heartBeat,connected count=3
info|2026-01-23 06:59:58.404928|[g:1][CONSENSUS]addRawPrepare,height=1,reqIdx=1,hash=2639c035...,time=0
info|2026-01-23 06:59:58.405214|[g:1][CONSENSUS][PBFT]checkTimeout Succ,view=69,toView=70,nodeIdx=2,changeCycle=1,myNode=6b879aa0...,timecost=1
info|2026-01-23 06:59:58.405955|[g:1][CONSENSUS][PBFT]checkAndChangeView: Reach consensus,org_view=69,cur_changeCycle=1,curView=69,view=70
info|2026-01-23 06:59:59.406059|[g:1][CONSENSUS][SEALER]++++++++++++++++ Generating seal on,blkNum=1,tx=0,nodeIdx=2,hash=08890336...
info|2026-01-23 06:59:59.408288|[g:1][CONSENSUS][PBFT]checkTimeout Succ,view=70,toView=71,nodeIdx=2,changeCycle=1,myNode=6b879aa0...,timecost=0
info|2026-01-23 06:59:59.408885|[g:1][CONSENSUS][PBFT]checkAndChangeView: Reach consensus,org_view=70,cur_changeCycle=1,curView=70,view=71
